#
# There is insufficient memory for the Java Runtime Environment to continue.
# Native memory allocation (malloc) failed to allocate 2097152 bytes. Error detail: AllocateHeap
# Possible reasons:
#   The system is out of physical RAM or swap space
#   This process is running with CompressedOops enabled, and the Java Heap may be blocking the growth of the native heap
# Possible solutions:
#   Reduce memory load on the system
#   Increase physical memory or swap space
#   Check if swap backing store is full
#   Decrease Java heap size (-Xmx/-Xms)
#   Decrease number of Java threads
#   Decrease Java thread stack sizes (-Xss)
#   Set larger code cache with -XX:ReservedCodeCacheSize=
#   JVM is running with Unscaled Compressed Oops mode in which the Java heap is
#     placed in the first 4GB address space. The Java Heap base address is the
#     maximum limit for the native heap growth. Please use -XX:HeapBaseMinAddress
#     to set the Java Heap base and to place the Java Heap above 4GB virtual address.
# This output file may be truncated or incomplete.
#
#  Out of Memory Error (allocation.cpp:44), pid=1880, tid=9200
#
# JRE version: OpenJDK Runtime Environment Temurin-17.0.11+9 (17.0.11+9) (build 17.0.11+9)
# Java VM: OpenJDK 64-Bit Server VM Temurin-17.0.11+9 (17.0.11+9, mixed mode, emulated-client, tiered, compressed oops, compressed class ptrs, g1 gc, windows-amd64)
# No core dump will be written. Minidumps are not enabled by default on client versions of Windows
#

---------------  S U M M A R Y ------------

Command Line: -Xmx1024m -Dsts.lsp.client=vscode -Dsts.log.file=/dev/null -XX:TieredStopAtLevel=1 -Xlog:jni+resolve=off -Dspring.config.location=file:c:\Users\sanke\.vscode\extensions\vmware.vscode-spring-boot-1.55.0\language-server\BOOT-INF\classes\application.properties org.springframework.ide.vscode.boot.app.BootLanguageServerBootApp

Host: Intel(R) Core(TM) i5-10300H CPU @ 2.50GHz, 8 cores, 7G,  Windows 11 , 64 bit Build 22621 (10.0.22621.3672)
Time: Wed Jun 19 13:54:07 2024 W. Europe Daylight Time elapsed time: 12719.095833 seconds (0d 3h 31m 59s)

---------------  T H R E A D  ---------------

Current thread (0x000002926b7962e0):  VMThread "VM Thread" [stack: 0x00000093b0c00000,0x00000093b0d00000] [id=9200]

Stack: [0x00000093b0c00000,0x00000093b0d00000]
Native frames: (J=compiled Java code, j=interpreted, Vv=VM code, C=native code)
V  [jvm.dll+0x67d429]
V  [jvm.dll+0x834b7a]
V  [jvm.dll+0x83663e]
V  [jvm.dll+0x836ca3]
V  [jvm.dll+0x247dbf]
V  [jvm.dll+0xa6cb3]
V  [jvm.dll+0x2f8b61]
V  [jvm.dll+0x2f4750]
V  [jvm.dll+0x2dcf67]
V  [jvm.dll+0x31fb67]
V  [jvm.dll+0x83b19b]
V  [jvm.dll+0x83bed2]
V  [jvm.dll+0x83c3ed]
V  [jvm.dll+0x83c7c4]
V  [jvm.dll+0x83c890]
V  [jvm.dll+0x7e410a]
V  [jvm.dll+0x67c315]
C  [ucrtbase.dll+0x29333]
C  [KERNEL32.DLL+0x1257d]
C  [ntdll.dll+0x5aa48]

VM_Operation (0x00000093b22feea0): G1CollectFull, mode: safepoint, requested by thread 0x0000029271338090


---------------  P R O C E S S  ---------------

Threads class SMR info:
_java_thread_list=0x00000292723ea900, length=42, elements={
0x000002926b7c3380, 0x000002926b79c780, 0x000002926b7aac00, 0x000002926b7ab990,
0x000002926b7ad370, 0x000002926b7adc40, 0x000002926b7ae5c0, 0x000002926b7f5030,
0x000002926ba09e90, 0x000002926ba20010, 0x00000292707a1e10, 0x0000029271338090,
0x0000029270af3860, 0x000002925e6be7e0, 0x0000029271005e00, 0x0000029271486010,
0x0000029270852ef0, 0x00000292708529e0, 0x00000292708524d0, 0x0000029270851090,
0x0000029270853e20, 0x0000029270853910, 0x0000029270854330, 0x0000029270854840,
0x00000292708515a0, 0x000002927150cb00, 0x000002927150a280, 0x000002927150c5f0,
0x0000029271508420, 0x0000029271508e40, 0x000002927150aca0, 0x0000029270853400,
0x0000029270851ab0, 0x0000029270851fc0, 0x00000292724e67c0, 0x00000292724ea480,
0x00000292724ec7f0, 0x00000292724e6cd0, 0x00000292724eaea0, 0x00000292724e8620,
0x00000292724ec2e0, 0x00000292724eb3b0
}

Java Threads: ( => current thread )
  0x000002926b7c3380 JavaThread "Reference Handler" daemon [_thread_blocked, id=15044, stack(0x00000093b0d00000,0x00000093b0e00000)]
  0x000002926b79c780 JavaThread "Finalizer" daemon [_thread_blocked, id=10200, stack(0x00000093b0e00000,0x00000093b0f00000)]
  0x000002926b7aac00 JavaThread "Signal Dispatcher" daemon [_thread_blocked, id=37512, stack(0x00000093b0f00000,0x00000093b1000000)]
  0x000002926b7ab990 JavaThread "Attach Listener" daemon [_thread_blocked, id=33876, stack(0x00000093b1000000,0x00000093b1100000)]
  0x000002926b7ad370 JavaThread "Service Thread" daemon [_thread_blocked, id=22604, stack(0x00000093b1100000,0x00000093b1200000)]
  0x000002926b7adc40 JavaThread "Monitor Deflation Thread" daemon [_thread_blocked, id=27584, stack(0x00000093b1200000,0x00000093b1300000)]
  0x000002926b7ae5c0 JavaThread "C1 CompilerThread0" daemon [_thread_blocked, id=32940, stack(0x00000093b1300000,0x00000093b1400000)]
  0x000002926b7f5030 JavaThread "Sweeper thread" daemon [_thread_blocked, id=6460, stack(0x00000093b1400000,0x00000093b1500000)]
  0x000002926ba09e90 JavaThread "Notification Thread" daemon [_thread_blocked, id=33268, stack(0x00000093b1600000,0x00000093b1700000)]
  0x000002926ba20010 JavaThread "Common-Cleaner" daemon [_thread_blocked, id=11044, stack(0x00000093b1800000,0x00000093b1900000)]
  0x00000292707a1e10 JavaThread "boundedElastic-evictor-1" daemon [_thread_blocked, id=28096, stack(0x00000093b1e00000,0x00000093b1f00000)]
  0x0000029271338090 JavaThread "pool-13-thread-1" [_thread_blocked, id=23056, stack(0x00000093b2200000,0x00000093b2300000)]
  0x0000029270af3860 JavaThread "LanguageServerApp-lifecycle" [_thread_blocked, id=20440, stack(0x00000093b2300000,0x00000093b2400000)]
  0x000002925e6be7e0 JavaThread "DestroyJavaVM" [_thread_blocked, id=308, stack(0x00000093b0600000,0x00000093b0700000)]
  0x0000029271005e00 JavaThread "pool-14-thread-1" [_thread_in_native, id=37332, stack(0x00000093b2400000,0x00000093b2500000)]
  0x0000029271486010 JavaThread "Simple-Language-Server main thread" daemon [_thread_blocked, id=22900, stack(0x00000093b2500000,0x00000093b2600000)]
  0x0000029270852ef0 JavaThread "pool-8-thread-1" [_thread_blocked, id=26296, stack(0x00000093b2800000,0x00000093b2900000)]
  0x00000292708529e0 JavaThread "parallel-1" daemon [_thread_blocked, id=23108, stack(0x00000093b2900000,0x00000093b2a00000)]
  0x00000292708524d0 JavaThread "parallel-2" daemon [_thread_blocked, id=16320, stack(0x00000093b2a00000,0x00000093b2b00000)]
  0x0000029270851090 JavaThread "parallel-3" daemon [_thread_blocked, id=37204, stack(0x00000093b2b00000,0x00000093b2c00000)]
  0x0000029270853e20 JavaThread "pool-6-thread-1" [_thread_blocked, id=17588, stack(0x00000093b2c00000,0x00000093b2d00000)]
  0x0000029270853910 JavaThread "parallel-4" daemon [_thread_blocked, id=10696, stack(0x00000093b2d00000,0x00000093b2e00000)]
  0x0000029270854330 JavaThread "parallel-5" daemon [_thread_blocked, id=33952, stack(0x00000093b2e00000,0x00000093b2f00000)]
  0x0000029270854840 JavaThread "parallel-6" daemon [_thread_blocked, id=37420, stack(0x00000093b2f00000,0x00000093b3000000)]
  0x00000292708515a0 JavaThread "parallel-7" daemon [_thread_blocked, id=23220, stack(0x00000093b3000000,0x00000093b3100000)]
  0x000002927150cb00 JavaThread "parallel-8" daemon [_thread_blocked, id=12988, stack(0x00000093b3600000,0x00000093b3700000)]
  0x000002927150a280 JavaThread "Reconciler-1" daemon [_thread_blocked, id=32760, stack(0x00000093b3900000,0x00000093b3a00000)]
  0x000002927150c5f0 JavaThread "CompletableFutureDelayScheduler" daemon [_thread_blocked, id=35880, stack(0x00000093b3c00000,0x00000093b3d00000)]
  0x0000029271508420 JavaThread "pool-7-thread-1" [_thread_blocked, id=10136, stack(0x00000093b3800000,0x00000093b3900000)]
  0x0000029271508e40 JavaThread "RMI Scheduler(0)" daemon [_thread_blocked, id=13336, stack(0x00000093b3a00000,0x00000093b3b00000)]
  0x000002927150aca0 JavaThread "RMI GC Daemon" daemon [_thread_blocked, id=25340, stack(0x00000093b3d00000,0x00000093b3e00000)]
  0x0000029270853400 JavaThread "pool-7-thread-2" [_thread_blocked, id=31808, stack(0x00000093b3f00000,0x00000093b4000000)]
  0x0000029270851ab0 JavaThread "pool-7-thread-3" [_thread_blocked, id=32368, stack(0x00000093b4000000,0x00000093b4100000)]
  0x0000029270851fc0 JavaThread "pool-7-thread-4" [_thread_blocked, id=9276, stack(0x00000093b4100000,0x00000093b4200000)]
  0x00000292724e67c0 JavaThread "pool-7-thread-5" [_thread_blocked, id=8080, stack(0x00000093b4200000,0x00000093b4300000)]
  0x00000292724ea480 JavaThread "pool-7-thread-6" [_thread_blocked, id=31608, stack(0x00000093b4300000,0x00000093b4400000)]
  0x00000292724ec7f0 JavaThread "pool-7-thread-7" [_thread_blocked, id=29932, stack(0x00000093b4400000,0x00000093b4500000)]
  0x00000292724e6cd0 JavaThread "pool-7-thread-8" [_thread_blocked, id=20544, stack(0x00000093b4700000,0x00000093b4800000)]
  0x00000292724eaea0 JavaThread "pool-7-thread-9" [_thread_blocked, id=1424, stack(0x00000093b4500000,0x00000093b4600000)]
  0x00000292724e8620 JavaThread "pool-7-thread-10" [_thread_blocked, id=37248, stack(0x00000093b3e00000,0x00000093b3f00000)]
  0x00000292724ec2e0 JavaThread "RMI RenewClean-[localhost:54336]" daemon [_thread_blocked, id=8736, stack(0x00000093b4600000,0x00000093b4700000)]
  0x00000292724eb3b0 JavaThread "JMX client heartbeat 3" daemon [_thread_blocked, id=14524, stack(0x00000093b4800000,0x00000093b4900000)]

Other Threads:
=>0x000002926b7962e0 VMThread "VM Thread" [stack: 0x00000093b0c00000,0x00000093b0d00000] [id=9200]
  0x000002926ba0ab80 WatcherThread [stack: 0x00000093b1700000,0x00000093b1800000] [id=37144]
  0x00000292609a0460 GCTaskThread "GC Thread#0" [stack: 0x00000093b0700000,0x00000093b0800000] [id=14760]
  0x00000292708fe030 GCTaskThread "GC Thread#1" [stack: 0x00000093b1900000,0x00000093b1a00000] [id=7796]
  0x00000292708fe2f0 GCTaskThread "GC Thread#2" [stack: 0x00000093b1a00000,0x00000093b1b00000] [id=33384]
  0x0000029270935180 GCTaskThread "GC Thread#3" [stack: 0x00000093b1b00000,0x00000093b1c00000] [id=4752]
  0x00000292709e7c80 GCTaskThread "GC Thread#4" [stack: 0x00000093b1c00000,0x00000093b1d00000] [id=37476]
  0x000002926b957c60 GCTaskThread "GC Thread#5" [stack: 0x00000093b1d00000,0x00000093b1e00000] [id=14184]
  0x0000029270cd1050 GCTaskThread "GC Thread#6" [stack: 0x00000093b1f00000,0x00000093b2000000] [id=20076]
  0x0000029270cd1310 GCTaskThread "GC Thread#7" [stack: 0x00000093b2000000,0x00000093b2100000] [id=5732]
  0x00000292609aa2d0 ConcurrentGCThread "G1 Main Marker" [stack: 0x00000093b0800000,0x00000093b0900000] [id=12060]
  0x00000292609aac00 ConcurrentGCThread "G1 Conc#0" [stack: 0x00000093b0900000,0x00000093b0a00000] [id=7908]
  0x00000292707a71e0 ConcurrentGCThread "G1 Conc#1" [stack: 0x00000093b2100000,0x00000093b2200000] [id=25612]
  0x00000292609ddd20 ConcurrentGCThread "G1 Refine#0" [stack: 0x00000093b0a00000,0x00000093b0b00000] [id=6576]
  0x00000292609de660 ConcurrentGCThread "G1 Service" [stack: 0x00000093b0b00000,0x00000093b0c00000] [id=36884]

Threads with active compile tasks:

VM state: at safepoint (normal execution)

VM Mutex/Monitor currently owned by a thread:  ([mutex/lock_event])
[0x000002925e623420] Threads_lock - owner thread: 0x000002926b7962e0
[0x000002925e61e0b0] Heap_lock - owner thread: 0x0000029271338090

Heap address: 0x00000000c0000000, size: 1024 MB, Compressed Oops mode: 32-bit

CDS archive(s) not mapped
Compressed class space mapped at: 0x0000000100000000-0x0000000140000000, reserved size: 1073741824
Narrow klass base: 0x0000000000000000, Narrow klass shift: 3, Narrow klass range: 0x140000000

GC Precious Log:
 CPUs: 8 total, 8 available
 Memory: 8059M
 Large Page Support: Disabled
 NUMA Support: Disabled
 Compressed Oops: Enabled (32-bit)
 Heap Region Size: 1M
 Heap Min Capacity: 8M
 Heap Initial Capacity: 126M
 Heap Max Capacity: 1G
 Pre-touch: Disabled
 Parallel Workers: 8
 Concurrent Workers: 2
 Concurrent Refinement Workers: 8
 Periodic GC: Disabled

Heap:
 garbage-first heap   total 137216K, used 41004K [0x00000000c0000000, 0x0000000100000000)
  region size 1024K, 1 young (1024K), 0 survivors (0K)
 Metaspace       used 63306K, committed 64064K, reserved 1114112K
  class space    used 7994K, committed 8320K, reserved 1048576K

Heap Regions: E=young(eden), S=young(survivor), O=old, HS=humongous(starts), HC=humongous(continues), CS=collection set, F=free, OA=open archive, CA=closed archive, TAMS=top-at-mark-start (previous, next)
|   0|0x00000000c0000000, 0x00000000c0100000, 0x00000000c0100000|100%|HS|  |TAMS 0x00000000c0100000, 0x00000000c0000000| Untracked 
|   1|0x00000000c0100000, 0x00000000c0200000, 0x00000000c0200000|100%|HC|  |TAMS 0x00000000c0200000, 0x00000000c0100000| Untracked 
|   2|0x00000000c0200000, 0x00000000c0300000, 0x00000000c0300000|100%|HC|  |TAMS 0x00000000c0300000, 0x00000000c0200000| Untracked 
|   3|0x00000000c0300000, 0x00000000c0400000, 0x00000000c0400000|100%|HC|  |TAMS 0x00000000c0400000, 0x00000000c0300000| Untracked 
|   4|0x00000000c0400000, 0x00000000c0500000, 0x00000000c0500000|100%|HS|  |TAMS 0x00000000c0500000, 0x00000000c0400000| Untracked 
|   5|0x00000000c0500000, 0x00000000c0600000, 0x00000000c0600000|100%|HC|  |TAMS 0x00000000c0600000, 0x00000000c0500000| Untracked 
|   6|0x00000000c0600000, 0x00000000c0700000, 0x00000000c0700000|100%| O|  |TAMS 0x00000000c0700000, 0x00000000c0600000| Untracked 
|   7|0x00000000c0700000, 0x00000000c0800000, 0x00000000c0800000|100%| O|  |TAMS 0x00000000c0800000, 0x00000000c0700000| Untracked 
|   8|0x00000000c0800000, 0x00000000c0900000, 0x00000000c0900000|100%| O|  |TAMS 0x00000000c0900000, 0x00000000c0800000| Untracked 
|   9|0x00000000c0900000, 0x00000000c09fffe8, 0x00000000c0a00000| 99%| O|  |TAMS 0x00000000c09fffe8, 0x00000000c0900000| Untracked 
|  10|0x00000000c0a00000, 0x00000000c0afd100, 0x00000000c0b00000| 98%| O|  |TAMS 0x00000000c0afd100, 0x00000000c0a00000| Untracked 
|  11|0x00000000c0b00000, 0x00000000c0c00000, 0x00000000c0c00000|100%| O|  |TAMS 0x00000000c0c00000, 0x00000000c0b00000| Untracked 
|  12|0x00000000c0c00000, 0x00000000c0cffff0, 0x00000000c0d00000| 99%| O|  |TAMS 0x00000000c0cffff0, 0x00000000c0c00000| Untracked 
|  13|0x00000000c0d00000, 0x00000000c0dff980, 0x00000000c0e00000| 99%| O|  |TAMS 0x00000000c0dff980, 0x00000000c0d00000| Untracked 
|  14|0x00000000c0e00000, 0x00000000c0f00000, 0x00000000c0f00000|100%| O|  |TAMS 0x00000000c0f00000, 0x00000000c0e00000| Untracked 
|  15|0x00000000c0f00000, 0x00000000c0fffff8, 0x00000000c1000000| 99%| O|  |TAMS 0x00000000c0fffff8, 0x00000000c0f00000| Untracked 
|  16|0x00000000c1000000, 0x00000000c10fffe8, 0x00000000c1100000| 99%| O|  |TAMS 0x00000000c10fffe8, 0x00000000c1000000| Untracked 
|  17|0x00000000c1100000, 0x00000000c11fffe8, 0x00000000c1200000| 99%| O|  |TAMS 0x00000000c11fffe8, 0x00000000c1100000| Untracked 
|  18|0x00000000c1200000, 0x00000000c12ffff8, 0x00000000c1300000| 99%| O|  |TAMS 0x00000000c12ffff8, 0x00000000c1200000| Untracked 
|  19|0x00000000c1300000, 0x00000000c13fffe0, 0x00000000c1400000| 99%| O|  |TAMS 0x00000000c13fffe0, 0x00000000c1300000| Untracked 
|  20|0x00000000c1400000, 0x00000000c14fffe8, 0x00000000c1500000| 99%| O|  |TAMS 0x00000000c14fffe8, 0x00000000c1400000| Untracked 
|  21|0x00000000c1500000, 0x00000000c15ffff0, 0x00000000c1600000| 99%| O|  |TAMS 0x00000000c15ffff0, 0x00000000c1500000| Untracked 
|  22|0x00000000c1600000, 0x00000000c16f44c8, 0x00000000c1700000| 95%| O|  |TAMS 0x00000000c16f44c8, 0x00000000c1600000| Untracked 
|  23|0x00000000c1700000, 0x00000000c17ffff0, 0x00000000c1800000| 99%| O|  |TAMS 0x00000000c17ffff0, 0x00000000c1700000| Untracked 
|  24|0x00000000c1800000, 0x00000000c18fffe0, 0x00000000c1900000| 99%| O|  |TAMS 0x00000000c18fffe0, 0x00000000c1800000| Untracked 
|  25|0x00000000c1900000, 0x00000000c1a00000, 0x00000000c1a00000|100%| O|  |TAMS 0x00000000c1a00000, 0x00000000c1900000| Untracked 
|  26|0x00000000c1a00000, 0x00000000c1afffb8, 0x00000000c1b00000| 99%| O|  |TAMS 0x00000000c1afffb8, 0x00000000c1a00000| Untracked 
|  27|0x00000000c1b00000, 0x00000000c1bfff98, 0x00000000c1c00000| 99%| O|  |TAMS 0x00000000c1bfff98, 0x00000000c1b00000| Untracked 
|  28|0x00000000c1c00000, 0x00000000c1cfffe8, 0x00000000c1d00000| 99%| O|  |TAMS 0x00000000c1cfffe8, 0x00000000c1c00000| Untracked 
|  29|0x00000000c1d00000, 0x00000000c1e00000, 0x00000000c1e00000|100%| O|  |TAMS 0x00000000c1e00000, 0x00000000c1d00000| Untracked 
|  30|0x00000000c1e00000, 0x00000000c1ee1200, 0x00000000c1f00000| 87%| O|  |TAMS 0x00000000c1e00000, 0x00000000c1e00000| Untracked 
|  31|0x00000000c1f00000, 0x00000000c2000000, 0x00000000c2000000|100%| O|  |TAMS 0x00000000c2000000, 0x00000000c1f00000| Untracked 
|  32|0x00000000c2000000, 0x00000000c2100000, 0x00000000c2100000|100%| O|  |TAMS 0x00000000c2100000, 0x00000000c2000000| Untracked 
|  33|0x00000000c2100000, 0x00000000c21fffe8, 0x00000000c2200000| 99%| O|  |TAMS 0x00000000c21fffe8, 0x00000000c2100000| Untracked 
|  34|0x00000000c2200000, 0x00000000c22ffff8, 0x00000000c2300000| 99%| O|  |TAMS 0x00000000c22ffff8, 0x00000000c2200000| Untracked 
|  35|0x00000000c2300000, 0x00000000c23fff90, 0x00000000c2400000| 99%| O|  |TAMS 0x00000000c23fff90, 0x00000000c2300000| Untracked 
|  36|0x00000000c2400000, 0x00000000c2439438, 0x00000000c2500000| 22%| O|  |TAMS 0x00000000c2400000, 0x00000000c2400000| Untracked 
|  37|0x00000000c2500000, 0x00000000c2500000, 0x00000000c2600000|  0%| F|  |TAMS 0x00000000c2500000, 0x00000000c2500000| Untracked 
|  38|0x00000000c2600000, 0x00000000c2600000, 0x00000000c2700000|  0%| F|  |TAMS 0x00000000c2600000, 0x00000000c2600000| Untracked 
|  39|0x00000000c2700000, 0x00000000c2700000, 0x00000000c2800000|  0%| F|  |TAMS 0x00000000c2700000, 0x00000000c2700000| Untracked 
|  40|0x00000000c2800000, 0x00000000c2800000, 0x00000000c2900000|  0%| F|  |TAMS 0x00000000c2800000, 0x00000000c2800000| Untracked 
|  41|0x00000000c2900000, 0x00000000c2900000, 0x00000000c2a00000|  0%| F|  |TAMS 0x00000000c2900000, 0x00000000c2900000| Untracked 
|  42|0x00000000c2a00000, 0x00000000c2a00000, 0x00000000c2b00000|  0%| F|  |TAMS 0x00000000c2a00000, 0x00000000c2a00000| Untracked 
|  43|0x00000000c2b00000, 0x00000000c2c00000, 0x00000000c2c00000|100%|HS|  |TAMS 0x00000000c2c00000, 0x00000000c2b00000| Untracked 
|  44|0x00000000c2c00000, 0x00000000c2c00000, 0x00000000c2d00000|  0%| F|  |TAMS 0x00000000c2c00000, 0x00000000c2c00000| Untracked 
|  45|0x00000000c2d00000, 0x00000000c2e00000, 0x00000000c2e00000|100%| O|  |TAMS 0x00000000c2e00000, 0x00000000c2d00000| Untracked 
|  46|0x00000000c2e00000, 0x00000000c2f00000, 0x00000000c2f00000|100%| O|  |TAMS 0x00000000c2f00000, 0x00000000c2e00000| Untracked 
|  47|0x00000000c2f00000, 0x00000000c3000000, 0x00000000c3000000|100%| O|  |TAMS 0x00000000c3000000, 0x00000000c2f00000| Untracked 
|  48|0x00000000c3000000, 0x00000000c3000000, 0x00000000c3100000|  0%| F|  |TAMS 0x00000000c3000000, 0x00000000c3000000| Untracked 
|  49|0x00000000c3100000, 0x00000000c3100000, 0x00000000c3200000|  0%| F|  |TAMS 0x00000000c3100000, 0x00000000c3100000| Untracked 
|  50|0x00000000c3200000, 0x00000000c3200000, 0x00000000c3300000|  0%| F|  |TAMS 0x00000000c3200000, 0x00000000c3200000| Untracked 
|  51|0x00000000c3300000, 0x00000000c3300000, 0x00000000c3400000|  0%| F|  |TAMS 0x00000000c3300000, 0x00000000c3300000| Untracked 
|  52|0x00000000c3400000, 0x00000000c3400000, 0x00000000c3500000|  0%| F|  |TAMS 0x00000000c3400000, 0x00000000c3400000| Untracked 
|  53|0x00000000c3500000, 0x00000000c3500000, 0x00000000c3600000|  0%| F|  |TAMS 0x00000000c3500000, 0x00000000c3500000| Untracked 
|  54|0x00000000c3600000, 0x00000000c3600000, 0x00000000c3700000|  0%| F|  |TAMS 0x00000000c3600000, 0x00000000c3600000| Untracked 
|  55|0x00000000c3700000, 0x00000000c3700000, 0x00000000c3800000|  0%| F|  |TAMS 0x00000000c3700000, 0x00000000c3700000| Untracked 
|  56|0x00000000c3800000, 0x00000000c3800000, 0x00000000c3900000|  0%| F|  |TAMS 0x00000000c3800000, 0x00000000c3800000| Untracked 
|  57|0x00000000c3900000, 0x00000000c3900000, 0x00000000c3a00000|  0%| F|  |TAMS 0x00000000c3900000, 0x00000000c3900000| Untracked 
|  58|0x00000000c3a00000, 0x00000000c3a00000, 0x00000000c3b00000|  0%| F|  |TAMS 0x00000000c3a00000, 0x00000000c3a00000| Untracked 
|  59|0x00000000c3b00000, 0x00000000c3b00000, 0x00000000c3c00000|  0%| F|  |TAMS 0x00000000c3b00000, 0x00000000c3b00000| Untracked 
|  60|0x00000000c3c00000, 0x00000000c3c00000, 0x00000000c3d00000|  0%| F|  |TAMS 0x00000000c3c00000, 0x00000000c3c00000| Untracked 
|  61|0x00000000c3d00000, 0x00000000c3d00000, 0x00000000c3e00000|  0%| F|  |TAMS 0x00000000c3d00000, 0x00000000c3d00000| Untracked 
|  62|0x00000000c3e00000, 0x00000000c3e00000, 0x00000000c3f00000|  0%| F|  |TAMS 0x00000000c3e00000, 0x00000000c3e00000| Untracked 
|  63|0x00000000c3f00000, 0x00000000c3f00000, 0x00000000c4000000|  0%| F|  |TAMS 0x00000000c3f00000, 0x00000000c3f00000| Untracked 
|  64|0x00000000c4000000, 0x00000000c4000000, 0x00000000c4100000|  0%| F|  |TAMS 0x00000000c4000000, 0x00000000c4000000| Untracked 
|  65|0x00000000c4100000, 0x00000000c4100000, 0x00000000c4200000|  0%| F|  |TAMS 0x00000000c4100000, 0x00000000c4100000| Untracked 
|  66|0x00000000c4200000, 0x00000000c4200000, 0x00000000c4300000|  0%| F|  |TAMS 0x00000000c4200000, 0x00000000c4200000| Untracked 
|  67|0x00000000c4300000, 0x00000000c4300000, 0x00000000c4400000|  0%| F|  |TAMS 0x00000000c4300000, 0x00000000c4300000| Untracked 
|  68|0x00000000c4400000, 0x00000000c4400000, 0x00000000c4500000|  0%| F|  |TAMS 0x00000000c4400000, 0x00000000c4400000| Untracked 
|  69|0x00000000c4500000, 0x00000000c4500000, 0x00000000c4600000|  0%| F|  |TAMS 0x00000000c4500000, 0x00000000c4500000| Untracked 
|  70|0x00000000c4600000, 0x00000000c4600000, 0x00000000c4700000|  0%| F|  |TAMS 0x00000000c4600000, 0x00000000c4600000| Untracked 
|  71|0x00000000c4700000, 0x00000000c4700000, 0x00000000c4800000|  0%| F|  |TAMS 0x00000000c4700000, 0x00000000c4700000| Untracked 
|  72|0x00000000c4800000, 0x00000000c4800000, 0x00000000c4900000|  0%| F|  |TAMS 0x00000000c4800000, 0x00000000c4800000| Untracked 
|  73|0x00000000c4900000, 0x00000000c4900000, 0x00000000c4a00000|  0%| F|  |TAMS 0x00000000c4900000, 0x00000000c4900000| Untracked 
|  74|0x00000000c4a00000, 0x00000000c4a00000, 0x00000000c4b00000|  0%| F|  |TAMS 0x00000000c4a00000, 0x00000000c4a00000| Untracked 
|  75|0x00000000c4b00000, 0x00000000c4b00000, 0x00000000c4c00000|  0%| F|  |TAMS 0x00000000c4b00000, 0x00000000c4b00000| Untracked 
|  76|0x00000000c4c00000, 0x00000000c4c00000, 0x00000000c4d00000|  0%| F|  |TAMS 0x00000000c4c00000, 0x00000000c4c00000| Untracked 
|  77|0x00000000c4d00000, 0x00000000c4d00000, 0x00000000c4e00000|  0%| F|  |TAMS 0x00000000c4d00000, 0x00000000c4d00000| Untracked 
|  78|0x00000000c4e00000, 0x00000000c4e00000, 0x00000000c4f00000|  0%| F|  |TAMS 0x00000000c4e00000, 0x00000000c4e00000| Untracked 
|  79|0x00000000c4f00000, 0x00000000c4f00000, 0x00000000c5000000|  0%| F|  |TAMS 0x00000000c4f00000, 0x00000000c4f00000| Untracked 
|  80|0x00000000c5000000, 0x00000000c5000000, 0x00000000c5100000|  0%| F|  |TAMS 0x00000000c5000000, 0x00000000c5000000| Untracked 
|  81|0x00000000c5100000, 0x00000000c5100000, 0x00000000c5200000|  0%| F|  |TAMS 0x00000000c5100000, 0x00000000c5100000| Untracked 
|  82|0x00000000c5200000, 0x00000000c5200000, 0x00000000c5300000|  0%| F|  |TAMS 0x00000000c5200000, 0x00000000c5200000| Untracked 
|  83|0x00000000c5300000, 0x00000000c5300000, 0x00000000c5400000|  0%| F|  |TAMS 0x00000000c5300000, 0x00000000c5300000| Untracked 
|  84|0x00000000c5400000, 0x00000000c5400000, 0x00000000c5500000|  0%| F|  |TAMS 0x00000000c5400000, 0x00000000c5400000| Untracked 
|  85|0x00000000c5500000, 0x00000000c5500000, 0x00000000c5600000|  0%| F|  |TAMS 0x00000000c5500000, 0x00000000c5500000| Untracked 
|  86|0x00000000c5600000, 0x00000000c5600000, 0x00000000c5700000|  0%| F|  |TAMS 0x00000000c5600000, 0x00000000c5600000| Untracked 
|  87|0x00000000c5700000, 0x00000000c5700000, 0x00000000c5800000|  0%| F|  |TAMS 0x00000000c5700000, 0x00000000c5700000| Untracked 
|  88|0x00000000c5800000, 0x00000000c5800000, 0x00000000c5900000|  0%| F|  |TAMS 0x00000000c5800000, 0x00000000c5800000| Untracked 
|  89|0x00000000c5900000, 0x00000000c5900000, 0x00000000c5a00000|  0%| F|  |TAMS 0x00000000c5900000, 0x00000000c5900000| Untracked 
|  90|0x00000000c5a00000, 0x00000000c5a00000, 0x00000000c5b00000|  0%| F|  |TAMS 0x00000000c5a00000, 0x00000000c5a00000| Untracked 
|  91|0x00000000c5b00000, 0x00000000c5b00000, 0x00000000c5c00000|  0%| F|  |TAMS 0x00000000c5b00000, 0x00000000c5b00000| Untracked 
|  92|0x00000000c5c00000, 0x00000000c5c00000, 0x00000000c5d00000|  0%| F|  |TAMS 0x00000000c5c00000, 0x00000000c5c00000| Untracked 
|  93|0x00000000c5d00000, 0x00000000c5d00000, 0x00000000c5e00000|  0%| F|  |TAMS 0x00000000c5d00000, 0x00000000c5d00000| Untracked 
|  94|0x00000000c5e00000, 0x00000000c5e00000, 0x00000000c5f00000|  0%| F|  |TAMS 0x00000000c5e00000, 0x00000000c5e00000| Untracked 
|  95|0x00000000c5f00000, 0x00000000c5f00000, 0x00000000c6000000|  0%| F|  |TAMS 0x00000000c5f00000, 0x00000000c5f00000| Untracked 
|  96|0x00000000c6000000, 0x00000000c6000000, 0x00000000c6100000|  0%| F|  |TAMS 0x00000000c6000000, 0x00000000c6000000| Untracked 
|  97|0x00000000c6100000, 0x00000000c6100000, 0x00000000c6200000|  0%| F|  |TAMS 0x00000000c6100000, 0x00000000c6100000| Untracked 
|  98|0x00000000c6200000, 0x00000000c6200000, 0x00000000c6300000|  0%| F|  |TAMS 0x00000000c6200000, 0x00000000c6200000| Untracked 
|  99|0x00000000c6300000, 0x00000000c6300000, 0x00000000c6400000|  0%| F|  |TAMS 0x00000000c6300000, 0x00000000c6300000| Untracked 
| 100|0x00000000c6400000, 0x00000000c6400000, 0x00000000c6500000|  0%| F|  |TAMS 0x00000000c6400000, 0x00000000c6400000| Untracked 
| 101|0x00000000c6500000, 0x00000000c6500000, 0x00000000c6600000|  0%| F|  |TAMS 0x00000000c6500000, 0x00000000c6500000| Untracked 
| 102|0x00000000c6600000, 0x00000000c6600000, 0x00000000c6700000|  0%| F|  |TAMS 0x00000000c6600000, 0x00000000c6600000| Untracked 
| 103|0x00000000c6700000, 0x00000000c6700000, 0x00000000c6800000|  0%| F|  |TAMS 0x00000000c6700000, 0x00000000c6700000| Untracked 
| 104|0x00000000c6800000, 0x00000000c6800000, 0x00000000c6900000|  0%| F|  |TAMS 0x00000000c6800000, 0x00000000c6800000| Untracked 
| 105|0x00000000c6900000, 0x00000000c6900000, 0x00000000c6a00000|  0%| F|  |TAMS 0x00000000c6900000, 0x00000000c6900000| Untracked 
| 106|0x00000000c6a00000, 0x00000000c6a00000, 0x00000000c6b00000|  0%| F|  |TAMS 0x00000000c6a00000, 0x00000000c6a00000| Untracked 
| 107|0x00000000c6b00000, 0x00000000c6b00000, 0x00000000c6c00000|  0%| F|  |TAMS 0x00000000c6b00000, 0x00000000c6b00000| Untracked 
| 108|0x00000000c6c00000, 0x00000000c6c00000, 0x00000000c6d00000|  0%| F|  |TAMS 0x00000000c6c00000, 0x00000000c6c00000| Untracked 
| 109|0x00000000c6d00000, 0x00000000c6d00000, 0x00000000c6e00000|  0%| F|  |TAMS 0x00000000c6d00000, 0x00000000c6d00000| Untracked 
| 110|0x00000000c6e00000, 0x00000000c6e00000, 0x00000000c6f00000|  0%| F|  |TAMS 0x00000000c6e00000, 0x00000000c6e00000| Untracked 
| 111|0x00000000c6f00000, 0x00000000c6f00000, 0x00000000c7000000|  0%| F|  |TAMS 0x00000000c6f00000, 0x00000000c6f00000| Untracked 
| 112|0x00000000c7000000, 0x00000000c7000000, 0x00000000c7100000|  0%| F|  |TAMS 0x00000000c7000000, 0x00000000c7000000| Untracked 
| 113|0x00000000c7100000, 0x00000000c7100000, 0x00000000c7200000|  0%| F|  |TAMS 0x00000000c7100000, 0x00000000c7100000| Untracked 
| 114|0x00000000c7200000, 0x00000000c7200000, 0x00000000c7300000|  0%| F|  |TAMS 0x00000000c7200000, 0x00000000c7200000| Untracked 
| 115|0x00000000c7300000, 0x00000000c7300000, 0x00000000c7400000|  0%| F|  |TAMS 0x00000000c7300000, 0x00000000c7300000| Untracked 
| 116|0x00000000c7400000, 0x00000000c7400000, 0x00000000c7500000|  0%| F|  |TAMS 0x00000000c7400000, 0x00000000c7400000| Untracked 
| 117|0x00000000c7500000, 0x00000000c7500000, 0x00000000c7600000|  0%| F|  |TAMS 0x00000000c7500000, 0x00000000c7500000| Untracked 
| 118|0x00000000c7600000, 0x00000000c7600000, 0x00000000c7700000|  0%| F|  |TAMS 0x00000000c7600000, 0x00000000c7600000| Untracked 
| 119|0x00000000c7700000, 0x00000000c7700000, 0x00000000c7800000|  0%| F|  |TAMS 0x00000000c7700000, 0x00000000c7700000| Untracked 
| 120|0x00000000c7800000, 0x00000000c7800000, 0x00000000c7900000|  0%| F|  |TAMS 0x00000000c7800000, 0x00000000c7800000| Untracked 
| 121|0x00000000c7900000, 0x00000000c7900000, 0x00000000c7a00000|  0%| F|  |TAMS 0x00000000c7900000, 0x00000000c7900000| Untracked 
| 122|0x00000000c7a00000, 0x00000000c7a00000, 0x00000000c7b00000|  0%| F|  |TAMS 0x00000000c7a00000, 0x00000000c7a00000| Untracked 
| 123|0x00000000c7b00000, 0x00000000c7b00000, 0x00000000c7c00000|  0%| F|  |TAMS 0x00000000c7b00000, 0x00000000c7b00000| Untracked 
| 124|0x00000000c7c00000, 0x00000000c7c00000, 0x00000000c7d00000|  0%| F|  |TAMS 0x00000000c7c00000, 0x00000000c7c00000| Untracked 
| 125|0x00000000c7d00000, 0x00000000c7d00000, 0x00000000c7e00000|  0%| F|  |TAMS 0x00000000c7d00000, 0x00000000c7d00000| Untracked 
| 126|0x00000000c7e00000, 0x00000000c7e00000, 0x00000000c7f00000|  0%| F|  |TAMS 0x00000000c7e00000, 0x00000000c7e00000| Untracked 
| 127|0x00000000c7f00000, 0x00000000c7f00000, 0x00000000c8000000|  0%| F|  |TAMS 0x00000000c7f00000, 0x00000000c7f00000| Untracked 
| 128|0x00000000c8000000, 0x00000000c8000000, 0x00000000c8100000|  0%| F|  |TAMS 0x00000000c8000000, 0x00000000c8000000| Untracked 
| 129|0x00000000c8100000, 0x00000000c8100000, 0x00000000c8200000|  0%| F|  |TAMS 0x00000000c8100000, 0x00000000c8100000| Untracked 
| 130|0x00000000c8200000, 0x00000000c8200000, 0x00000000c8300000|  0%| F|  |TAMS 0x00000000c8200000, 0x00000000c8200000| Untracked 
| 131|0x00000000c8300000, 0x00000000c8300000, 0x00000000c8400000|  0%| F|  |TAMS 0x00000000c8300000, 0x00000000c8300000| Untracked 
| 132|0x00000000c8400000, 0x00000000c8400000, 0x00000000c8500000|  0%| F|  |TAMS 0x00000000c8400000, 0x00000000c8400000| Untracked 
| 133|0x00000000c8500000, 0x00000000c85147b8, 0x00000000c8600000|  8%| E|  |TAMS 0x00000000c8500000, 0x00000000c8500000| Complete 

Card table byte_map: [0x00000292668d0000,0x0000029266ad0000] _byte_map_base: 0x00000292662d0000

Marking Bits (Prev, Next): (CMBitMap*) 0x00000292609a19a0, (CMBitMap*) 0x00000292609a19e0
 Prev Bits: [0x0000029266cd0000, 0x0000029267cd0000)
 Next Bits: [0x0000029267cd0000, 0x0000029268cd0000)

Polling page: 0x00000292600e0000

Metaspace:

Usage:
  Non-class:     54.02 MB used.
      Class:      7.81 MB used.
       Both:     61.82 MB used.

Virtual space:
  Non-class space:       64.00 MB reserved,      54.44 MB ( 85%) committed,  1 nodes.
      Class space:        1.00 GB reserved,       8.12 MB ( <1%) committed,  1 nodes.
             Both:        1.06 GB reserved,      62.56 MB (  6%) committed. 

Chunk freelists:
   Non-Class:  9.75 MB
       Class:  8.00 MB
        Both:  17.75 MB

MaxMetaspaceSize: unlimited
CompressedClassSpaceSize: 1.00 GB
Initial GC threshold: 21.00 MB
Current GC threshold: 104.31 MB
CDS: off
MetaspaceReclaimPolicy: balanced
 - commit_granule_bytes: 65536.
 - commit_granule_words: 8192.
 - virtual_space_node_default_size: 8388608.
 - enlarge_chunks_in_place: 1.
 - new_chunks_are_fully_committed: 0.
 - uncommit_free_chunks: 1.
 - use_allocation_guard: 0.
 - handle_deallocations: 1.


Internal statistics:

num_allocs_failed_limit: 6.
num_arena_births: 1350.
num_arena_deaths: 736.
num_vsnodes_births: 2.
num_vsnodes_deaths: 0.
num_space_committed: 1001.
num_space_uncommitted: 0.
num_chunks_returned_to_freelist: 950.
num_chunks_taken_from_freelist: 3644.
num_chunk_merges: 307.
num_chunk_splits: 2229.
num_chunks_enlarged: 1545.
num_inconsistent_stats: 0.

CodeCache: size=49152Kb used=22688Kb max_used=23665Kb free=26463Kb
 bounds [0x00000292635c0000, 0x0000029264d00000, 0x00000292665c0000]
 total_blobs=12202 nmethods=11503 adapters=623
 compilation: enabled
              stopped_count=0, restarted_count=0
 full_count=0

Compilation events (20 events):
Event: 10978.419 Thread 0x000002926b7ae5c0 11515       1       org.springframework.ide.vscode.boot.java.livehover.LiveHoverUtils::lambda$findAllDependencyBeans$2 (11 bytes)
Event: 10978.419 Thread 0x000002926b7ae5c0 nmethod 11515 0x0000029264cf3090 code [0x0000029264cf3240, 0x0000029264cf3378]
Event: 10978.519 Thread 0x000002926b7ae5c0 11516       1       org.eclipse.jdt.internal.compiler.ast.ExplicitConstructorCall::manageEnclosingInstanceAccessIfNecessary (88 bytes)
Event: 10978.520 Thread 0x000002926b7ae5c0 nmethod 11516 0x0000029264cf2890 code [0x0000029264cf2a60, 0x0000029264cf2e28]
Event: 10978.520 Thread 0x000002926b7ae5c0 11517       1       org.eclipse.jdt.internal.compiler.ast.ExplicitConstructorCall::manageSyntheticAccessIfNecessary (128 bytes)
Event: 10978.520 Thread 0x000002926b7ae5c0 nmethod 11517 0x0000029264cf1d90 code [0x0000029264cf1fa0, 0x0000029264cf2448]
Event: 10981.079 Thread 0x000002926b7ae5c0 11518       1       org.eclipse.jdt.internal.compiler.lookup.ReferenceBinding::setHierarchyCheckDone (1 bytes)
Event: 10981.079 Thread 0x000002926b7ae5c0 nmethod 11518 0x0000029264cf1a90 code [0x0000029264cf1c20, 0x0000029264cf1cd8]
Event: 11162.336 Thread 0x000002926b7ae5c0 11519       1       java.util.ArrayList$ListItr::hasPrevious (13 bytes)
Event: 11162.338 Thread 0x000002926b7ae5c0 nmethod 11519 0x0000029264cf1790 code [0x0000029264cf1920, 0x0000029264cf19f8]
Event: 11326.954 Thread 0x000002926b7ae5c0 11520       1       java.security.CodeSource::<init> (52 bytes)
Event: 11326.958 Thread 0x000002926b7ae5c0 nmethod 11520 0x0000029264cf1210 code [0x0000029264cf13c0, 0x0000029264cf16d8]
Event: 11927.032 Thread 0x000002926b7ae5c0 11521   !   1       java.io.ObjectStreamClass::getPrivateMethod (56 bytes)
Event: 11927.048 Thread 0x000002926b7ae5c0 nmethod 11521 0x0000029264cf0b90 code [0x0000029264cf0d60, 0x0000029264cf0f98]
Event: 12227.039 Thread 0x000002926b7ae5c0 11522       1       java.io.ObjectStreamField::<init> (64 bytes)
Event: 12227.044 Thread 0x000002926b7ae5c0 nmethod 11522 0x0000029264cf0410 code [0x0000029264cf0600, 0x0000029264cf09c8]
Event: 12227.044 Thread 0x000002926b7ae5c0 11523       1       java.io.ObjectStreamField::getClassSignature (27 bytes)
Event: 12227.045 Thread 0x000002926b7ae5c0 nmethod 11523 0x0000029264cefd90 code [0x0000029264ceff60, 0x0000029264cf0288]
Event: 12542.467 Thread 0x000002926b7ae5c0 11524       1       java.util.ArrayList$ListItr::previous (59 bytes)
Event: 12542.501 Thread 0x000002926b7ae5c0 nmethod 11524 0x0000029264cef710 code [0x0000029264cef8e0, 0x0000029264cefbc8]

GC Heap History (20 events):
Event: 12602.694 GC heap before
{Heap before GC invocations=1143 (full 1040):
 garbage-first heap   total 137216K, used 41016K [0x00000000c0000000, 0x0000000100000000)
  region size 1024K, 1 young (1024K), 0 survivors (0K)
 Metaspace       used 63316K, committed 64064K, reserved 1114112K
  class space    used 7995K, committed 8320K, reserved 1048576K
}
Event: 12602.757 GC heap after
{Heap after GC invocations=1144 (full 1041):
 garbage-first heap   total 137216K, used 41016K [0x00000000c0000000, 0x0000000100000000)
  region size 1024K, 0 young (0K), 0 survivors (0K)
 Metaspace       used 63316K, committed 64064K, reserved 1114112K
  class space    used 7995K, committed 8320K, reserved 1048576K
}
Event: 12613.195 GC heap before
{Heap before GC invocations=1144 (full 1041):
 garbage-first heap   total 137216K, used 41016K [0x00000000c0000000, 0x0000000100000000)
  region size 1024K, 1 young (1024K), 0 survivors (0K)
 Metaspace       used 63316K, committed 64064K, reserved 1114112K
  class space    used 7995K, committed 8320K, reserved 1048576K
}
Event: 12613.238 GC heap after
{Heap after GC invocations=1145 (full 1042):
 garbage-first heap   total 137216K, used 41016K [0x00000000c0000000, 0x0000000100000000)
  region size 1024K, 0 young (0K), 0 survivors (0K)
 Metaspace       used 63316K, committed 64064K, reserved 1114112K
  class space    used 7995K, committed 8320K, reserved 1048576K
}
Event: 12623.641 GC heap before
{Heap before GC invocations=1145 (full 1042):
 garbage-first heap   total 137216K, used 41016K [0x00000000c0000000, 0x0000000100000000)
  region size 1024K, 1 young (1024K), 0 survivors (0K)
 Metaspace       used 63316K, committed 64064K, reserved 1114112K
  class space    used 7995K, committed 8320K, reserved 1048576K
}
Event: 12624.320 GC heap after
{Heap after GC invocations=1146 (full 1043):
 garbage-first heap   total 137216K, used 41004K [0x00000000c0000000, 0x0000000100000000)
  region size 1024K, 0 young (0K), 0 survivors (0K)
 Metaspace       used 63306K, committed 64064K, reserved 1114112K
  class space    used 7994K, committed 8320K, reserved 1048576K
}
Event: 12634.752 GC heap before
{Heap before GC invocations=1146 (full 1043):
 garbage-first heap   total 137216K, used 41004K [0x00000000c0000000, 0x0000000100000000)
  region size 1024K, 1 young (1024K), 0 survivors (0K)
 Metaspace       used 63306K, committed 64064K, reserved 1114112K
  class space    used 7994K, committed 8320K, reserved 1048576K
}
Event: 12634.805 GC heap after
{Heap after GC invocations=1147 (full 1044):
 garbage-first heap   total 137216K, used 41004K [0x00000000c0000000, 0x0000000100000000)
  region size 1024K, 0 young (0K), 0 survivors (0K)
 Metaspace       used 63306K, committed 64064K, reserved 1114112K
  class space    used 7994K, committed 8320K, reserved 1048576K
}
Event: 12645.431 GC heap before
{Heap before GC invocations=1147 (full 1044):
 garbage-first heap   total 137216K, used 41004K [0x00000000c0000000, 0x0000000100000000)
  region size 1024K, 1 young (1024K), 0 survivors (0K)
 Metaspace       used 63306K, committed 64064K, reserved 1114112K
  class space    used 7994K, committed 8320K, reserved 1048576K
}
Event: 12645.504 GC heap after
{Heap after GC invocations=1148 (full 1045):
 garbage-first heap   total 137216K, used 41004K [0x00000000c0000000, 0x0000000100000000)
  region size 1024K, 0 young (0K), 0 survivors (0K)
 Metaspace       used 63306K, committed 64064K, reserved 1114112K
  class space    used 7994K, committed 8320K, reserved 1048576K
}
Event: 12656.001 GC heap before
{Heap before GC invocations=1148 (full 1045):
 garbage-first heap   total 137216K, used 41004K [0x00000000c0000000, 0x0000000100000000)
  region size 1024K, 1 young (1024K), 0 survivors (0K)
 Metaspace       used 63306K, committed 64064K, reserved 1114112K
  class space    used 7994K, committed 8320K, reserved 1048576K
}
Event: 12656.059 GC heap after
{Heap after GC invocations=1149 (full 1046):
 garbage-first heap   total 137216K, used 41004K [0x00000000c0000000, 0x0000000100000000)
  region size 1024K, 0 young (0K), 0 survivors (0K)
 Metaspace       used 63306K, committed 64064K, reserved 1114112K
  class space    used 7994K, committed 8320K, reserved 1048576K
}
Event: 12666.519 GC heap before
{Heap before GC invocations=1149 (full 1046):
 garbage-first heap   total 137216K, used 41004K [0x00000000c0000000, 0x0000000100000000)
  region size 1024K, 1 young (1024K), 0 survivors (0K)
 Metaspace       used 63306K, committed 64064K, reserved 1114112K
  class space    used 7994K, committed 8320K, reserved 1048576K
}
Event: 12666.620 GC heap after
{Heap after GC invocations=1150 (full 1047):
 garbage-first heap   total 137216K, used 41004K [0x00000000c0000000, 0x0000000100000000)
  region size 1024K, 0 young (0K), 0 survivors (0K)
 Metaspace       used 63306K, committed 64064K, reserved 1114112K
  class space    used 7994K, committed 8320K, reserved 1048576K
}
Event: 12677.126 GC heap before
{Heap before GC invocations=1150 (full 1047):
 garbage-first heap   total 137216K, used 41004K [0x00000000c0000000, 0x0000000100000000)
  region size 1024K, 1 young (1024K), 0 survivors (0K)
 Metaspace       used 63306K, committed 64064K, reserved 1114112K
  class space    used 7994K, committed 8320K, reserved 1048576K
}
Event: 12677.185 GC heap after
{Heap after GC invocations=1151 (full 1048):
 garbage-first heap   total 137216K, used 41004K [0x00000000c0000000, 0x0000000100000000)
  region size 1024K, 0 young (0K), 0 survivors (0K)
 Metaspace       used 63306K, committed 64064K, reserved 1114112K
  class space    used 7994K, committed 8320K, reserved 1048576K
}
Event: 12687.632 GC heap before
{Heap before GC invocations=1151 (full 1048):
 garbage-first heap   total 137216K, used 41004K [0x00000000c0000000, 0x0000000100000000)
  region size 1024K, 1 young (1024K), 0 survivors (0K)
 Metaspace       used 63306K, committed 64064K, reserved 1114112K
  class space    used 7994K, committed 8320K, reserved 1048576K
}
Event: 12687.750 GC heap after
{Heap after GC invocations=1152 (full 1049):
 garbage-first heap   total 137216K, used 41004K [0x00000000c0000000, 0x0000000100000000)
  region size 1024K, 0 young (0K), 0 survivors (0K)
 Metaspace       used 63306K, committed 64064K, reserved 1114112K
  class space    used 7994K, committed 8320K, reserved 1048576K
}
Event: 12708.360 GC heap before
{Heap before GC invocations=1152 (full 1049):
 garbage-first heap   total 137216K, used 41004K [0x00000000c0000000, 0x0000000100000000)
  region size 1024K, 1 young (1024K), 0 survivors (0K)
 Metaspace       used 63306K, committed 64064K, reserved 1114112K
  class space    used 7994K, committed 8320K, reserved 1048576K
}
Event: 12708.584 GC heap after
{Heap after GC invocations=1153 (full 1050):
 garbage-first heap   total 137216K, used 41004K [0x00000000c0000000, 0x0000000100000000)
  region size 1024K, 0 young (0K), 0 survivors (0K)
 Metaspace       used 63306K, committed 64064K, reserved 1114112K
  class space    used 7994K, committed 8320K, reserved 1048576K
}

Dll operation events (11 events):
Event: 0.017 Loaded shared library c:\Users\sanke\.vscode\extensions\redhat.java-1.31.0-win32-x64\jre\17.0.11-win32-x86_64\bin\java.dll
Event: 0.682 Loaded shared library C:\Users\sanke\.vscode\extensions\redhat.java-1.31.0-win32-x64\jre\17.0.11-win32-x86_64\bin\net.dll
Event: 0.688 Loaded shared library C:\Users\sanke\.vscode\extensions\redhat.java-1.31.0-win32-x64\jre\17.0.11-win32-x86_64\bin\nio.dll
Event: 1.872 Loaded shared library C:\Users\sanke\.vscode\extensions\redhat.java-1.31.0-win32-x64\jre\17.0.11-win32-x86_64\bin\zip.dll
Event: 18.745 Loaded shared library C:\Users\sanke\.vscode\extensions\redhat.java-1.31.0-win32-x64\jre\17.0.11-win32-x86_64\bin\jimage.dll
Event: 21.596 Loaded shared library c:\Users\sanke\.vscode\extensions\redhat.java-1.31.0-win32-x64\jre\17.0.11-win32-x86_64\bin\verify.dll
Event: 31.630 Loaded shared library C:\Users\sanke\.vscode\extensions\redhat.java-1.31.0-win32-x64\jre\17.0.11-win32-x86_64\bin\management.dll
Event: 31.642 Loaded shared library C:\Users\sanke\.vscode\extensions\redhat.java-1.31.0-win32-x64\jre\17.0.11-win32-x86_64\bin\management_ext.dll
Event: 33.957 Loaded shared library C:\Users\sanke\.vscode\extensions\redhat.java-1.31.0-win32-x64\jre\17.0.11-win32-x86_64\bin\sunmscapi.dll
Event: 34.679 Loaded shared library C:\Users\sanke\.vscode\extensions\redhat.java-1.31.0-win32-x64\jre\17.0.11-win32-x86_64\bin\extnet.dll
Event: 9247.472 Loaded shared library C:\Users\sanke\.vscode\extensions\redhat.java-1.31.0-win32-x64\jre\17.0.11-win32-x86_64\bin\rmi.dll

Deoptimization events (20 events):
Event: 34.964 Thread 0x000002927150c0e0 DEOPT PACKING pc=0x0000029263c1e524 sp=0x00000093b33fed30
Event: 34.964 Thread 0x0000029270851ab0 DEOPT PACKING pc=0x0000029263c1e524 sp=0x00000093b31feee0
Event: 34.964 Thread 0x000002927150c0e0 DEOPT UNPACKING pc=0x0000029263617143 sp=0x00000093b33fe218 mode 0
Event: 34.964 Thread 0x0000029270851ab0 DEOPT UNPACKING pc=0x0000029263617143 sp=0x00000093b31fe3c8 mode 0
Event: 346.117 Thread 0x0000029271005e00 DEOPT PACKING pc=0x0000029263b3fb54 sp=0x00000093b24feec0
Event: 346.118 Thread 0x0000029271005e00 DEOPT UNPACKING pc=0x0000029263617143 sp=0x00000093b24fe368 mode 0
Event: 3286.904 Thread 0x0000029271509860 DEOPT PACKING pc=0x0000029264066b44 sp=0x00000093b27fe050
Event: 3286.905 Thread 0x0000029271509860 DEOPT UNPACKING pc=0x0000029263617143 sp=0x00000093b27fd510 mode 0
Event: 3289.479 Thread 0x0000029270853e20 DEOPT PACKING pc=0x0000029263da238c sp=0x00000093b2cfe580
Event: 3289.481 Thread 0x0000029270853e20 DEOPT UNPACKING pc=0x0000029263617143 sp=0x00000093b2cfdae8 mode 0
Event: 3289.481 Thread 0x0000029270853e20 DEOPT PACKING pc=0x0000029263ddc54c sp=0x00000093b2cfe6b0
Event: 3289.481 Thread 0x0000029270853e20 DEOPT UNPACKING pc=0x0000029263617143 sp=0x00000093b2cfdb90 mode 0
Event: 3289.481 Thread 0x0000029270853e20 DEOPT PACKING pc=0x0000029263da238c sp=0x00000093b2cfe7e0
Event: 3289.481 Thread 0x0000029270853e20 DEOPT UNPACKING pc=0x0000029263617143 sp=0x00000093b2cfdd48 mode 0
Event: 3289.481 Thread 0x0000029270853e20 DEOPT PACKING pc=0x0000029263ddc54c sp=0x00000093b2cfe910
Event: 3289.481 Thread 0x0000029270853e20 DEOPT UNPACKING pc=0x0000029263617143 sp=0x00000093b2cfde08 mode 0
Event: 3289.483 Thread 0x0000029270853e20 DEOPT PACKING pc=0x0000029263da238c sp=0x00000093b2cfec80
Event: 3289.483 Thread 0x0000029270853e20 DEOPT UNPACKING pc=0x0000029263617143 sp=0x00000093b2cfe1e8 mode 0
Event: 3289.483 Thread 0x0000029270853e20 DEOPT PACKING pc=0x0000029263ddc54c sp=0x00000093b2cfedb0
Event: 3289.483 Thread 0x0000029270853e20 DEOPT UNPACKING pc=0x0000029263617143 sp=0x00000093b2cfe2a8 mode 0

Classes unloaded (20 events):
Event: 11072.089 Thread 0x000002926b7962e0 Unloading class 0x00000001007f4400 'jdk/internal/reflect/GeneratedMethodAccessor53'
Event: 11072.089 Thread 0x000002926b7962e0 Unloading class 0x00000001007f4c00 'jdk/internal/reflect/GeneratedMethodAccessor52'
Event: 11133.636 Thread 0x000002926b7962e0 Unloading class 0x00000001007fe000 'jdk/internal/reflect/GeneratedSerializationConstructorAccessor79'
Event: 11133.636 Thread 0x000002926b7962e0 Unloading class 0x00000001007e7c00 'jdk/internal/reflect/GeneratedSerializationConstructorAccessor78'
Event: 11133.636 Thread 0x000002926b7962e0 Unloading class 0x00000001007e5400 'jdk/internal/reflect/GeneratedSerializationConstructorAccessor77'
Event: 11430.593 Thread 0x000002926b7962e0 Unloading class 0x00000001007e5400 'jdk/internal/reflect/GeneratedSerializationConstructorAccessor82'
Event: 11430.593 Thread 0x000002926b7962e0 Unloading class 0x00000001007e7c00 'jdk/internal/reflect/GeneratedSerializationConstructorAccessor81'
Event: 11430.593 Thread 0x000002926b7962e0 Unloading class 0x00000001007fe000 'jdk/internal/reflect/GeneratedSerializationConstructorAccessor80'
Event: 11737.338 Thread 0x000002926b7962e0 Unloading class 0x00000001007fe000 'jdk/internal/reflect/GeneratedSerializationConstructorAccessor85'
Event: 11737.338 Thread 0x000002926b7962e0 Unloading class 0x00000001007e7c00 'jdk/internal/reflect/GeneratedSerializationConstructorAccessor84'
Event: 11737.338 Thread 0x000002926b7962e0 Unloading class 0x00000001007e5400 'jdk/internal/reflect/GeneratedSerializationConstructorAccessor83'
Event: 12033.772 Thread 0x000002926b7962e0 Unloading class 0x00000001007e5400 'jdk/internal/reflect/GeneratedSerializationConstructorAccessor88'
Event: 12033.772 Thread 0x000002926b7962e0 Unloading class 0x00000001007e7c00 'jdk/internal/reflect/GeneratedSerializationConstructorAccessor87'
Event: 12033.772 Thread 0x000002926b7962e0 Unloading class 0x00000001007fe000 'jdk/internal/reflect/GeneratedSerializationConstructorAccessor86'
Event: 12330.355 Thread 0x000002926b7962e0 Unloading class 0x00000001007fe000 'jdk/internal/reflect/GeneratedSerializationConstructorAccessor91'
Event: 12330.355 Thread 0x000002926b7962e0 Unloading class 0x00000001007e7c00 'jdk/internal/reflect/GeneratedSerializationConstructorAccessor90'
Event: 12330.355 Thread 0x000002926b7962e0 Unloading class 0x00000001007e5400 'jdk/internal/reflect/GeneratedSerializationConstructorAccessor89'
Event: 12623.677 Thread 0x000002926b7962e0 Unloading class 0x00000001007e5400 'jdk/internal/reflect/GeneratedSerializationConstructorAccessor94'
Event: 12623.679 Thread 0x000002926b7962e0 Unloading class 0x00000001007e7c00 'jdk/internal/reflect/GeneratedSerializationConstructorAccessor93'
Event: 12623.679 Thread 0x000002926b7962e0 Unloading class 0x00000001007fe000 'jdk/internal/reflect/GeneratedSerializationConstructorAccessor92'

Classes redefined (0 events):
No events

Internal exceptions (20 events):
Event: 10727.171 Thread 0x00000292724ec2e0 Exception <a 'java/lang/NoSuchMethodError'{0x00000000c826be08}: static [B.<clinit>()V> (0x00000000c826be08) 
thrown [s\src\hotspot\share\prims\jni.cpp, line 1112]
Event: 10880.753 Thread 0x00000292724ed210 Implicit null exception at 0x0000029264862b37 to 0x0000029264862c5a
Event: 10880.753 Thread 0x00000292724e9a60 Implicit null exception at 0x0000029264862b37 to 0x0000029264862c5a
Event: 10880.755 Thread 0x00000292724e9a60 Exception <a 'java/lang/NullPointerException'{0x00000000c845cad0}> (0x00000000c845cad0) 
thrown [s\src\hotspot\share\runtime\sharedRuntime.cpp, line 631]
Event: 10880.755 Thread 0x00000292724ed210 Exception <a 'java/lang/NullPointerException'{0x00000000c82b5c60}> (0x00000000c82b5c60) 
thrown [s\src\hotspot\share\runtime\sharedRuntime.cpp, line 631]
Event: 10882.841 Thread 0x0000029271509350 Exception <a 'java/net/ConnectException'{0x00000000c6f55ae0}: Connection refused: connect> (0x00000000c6f55ae0) 
thrown [s\src\hotspot\share\prims\jni.cpp, line 535]
Event: 10882.844 Thread 0x0000029271509350 Exception <a 'java/net/SocketException'{0x00000000c6f55e18}: Socket is not connected: shutdown> (0x00000000c6f55e18) 
thrown [s\src\hotspot\share\prims\jni.cpp, line 535]
Event: 11026.951 Thread 0x00000292724ec2e0 Exception <a 'java/lang/NoSuchMethodError'{0x00000000c8509f78}: static [Ljava/rmi/server/ObjID;.<clinit>()V> (0x00000000c8509f78) 
thrown [s\src\hotspot\share\prims\jni.cpp, line 1112]
Event: 11026.955 Thread 0x00000292724ec2e0 Exception <a 'java/lang/NoSuchMethodError'{0x00000000c8515aa8}: static [B.<clinit>()V> (0x00000000c8515aa8) 
thrown [s\src\hotspot\share\prims\jni.cpp, line 1112]
Event: 11326.953 Thread 0x00000292724ec2e0 Exception <a 'java/lang/NoSuchMethodError'{0x00000000c850e770}: static [Ljava/rmi/server/ObjID;.<clinit>()V> (0x00000000c850e770) 
thrown [s\src\hotspot\share\prims\jni.cpp, line 1112]
Event: 11326.962 Thread 0x00000292724ec2e0 Exception <a 'java/lang/NoSuchMethodError'{0x00000000c851a290}: static [B.<clinit>()V> (0x00000000c851a290) 
thrown [s\src\hotspot\share\prims\jni.cpp, line 1112]
Event: 11626.953 Thread 0x00000292724ec2e0 Exception <a 'java/lang/NoSuchMethodError'{0x00000000c8504ad0}: static [Ljava/rmi/server/ObjID;.<clinit>()V> (0x00000000c8504ad0) 
thrown [s\src\hotspot\share\prims\jni.cpp, line 1112]
Event: 11626.960 Thread 0x00000292724ec2e0 Exception <a 'java/lang/NoSuchMethodError'{0x00000000c85105e0}: static [B.<clinit>()V> (0x00000000c85105e0) 
thrown [s\src\hotspot\share\prims\jni.cpp, line 1112]
Event: 11926.969 Thread 0x00000292724ec2e0 Exception <a 'java/lang/NoSuchMethodError'{0x00000000c85092c0}: static [Ljava/rmi/server/ObjID;.<clinit>()V> (0x00000000c85092c0) 
thrown [s\src\hotspot\share\prims\jni.cpp, line 1112]
Event: 11927.037 Thread 0x00000292724ec2e0 Exception <a 'java/lang/NoSuchMethodError'{0x00000000c85198d0}: static [B.<clinit>()V> (0x00000000c85198d0) 
thrown [s\src\hotspot\share\prims\jni.cpp, line 1112]
Event: 12226.979 Thread 0x00000292724ec2e0 Exception <a 'java/lang/NoSuchMethodError'{0x00000000c850e770}: static [Ljava/rmi/server/ObjID;.<clinit>()V> (0x00000000c850e770) 
thrown [s\src\hotspot\share\prims\jni.cpp, line 1112]
Event: 12227.043 Thread 0x00000292724ec2e0 Exception <a 'java/lang/NoSuchMethodError'{0x00000000c851a290}: static [B.<clinit>()V> (0x00000000c851a290) 
thrown [s\src\hotspot\share\prims\jni.cpp, line 1112]
Event: 12526.988 Thread 0x00000292724ec2e0 Exception <a 'java/lang/NoSuchMethodError'{0x00000000c850e770}: static [Ljava/rmi/server/ObjID;.<clinit>()V> (0x00000000c850e770) 
thrown [s\src\hotspot\share\prims\jni.cpp, line 1112]
Event: 12527.106 Thread 0x00000292724ec2e0 Exception <a 'java/lang/NoSuchMethodError'{0x00000000c851a290}: static [B.<clinit>()V> (0x00000000c851a290) 
thrown [s\src\hotspot\share\prims\jni.cpp, line 1112]
Event: 12697.774 Thread 0x0000029271338090 Exception <a 'java/io/IOException'{0x00000000c8500628}: CreateProcess error=1455, The paging file is too small for this operation to complete> (0x00000000c8500628) 
thrown [s\src\hotspot\share\prims\jni.cpp, line 535]

VM Operations (20 events):
Event: 12613.239 Executing VM operation: G1CollectFull done
Event: 12623.641 Executing VM operation: G1CollectFull
Event: 12624.320 Executing VM operation: G1CollectFull done
Event: 12634.752 Executing VM operation: G1CollectFull
Event: 12634.806 Executing VM operation: G1CollectFull done
Event: 12645.431 Executing VM operation: G1CollectFull
Event: 12645.504 Executing VM operation: G1CollectFull done
Event: 12656.001 Executing VM operation: G1CollectFull
Event: 12656.060 Executing VM operation: G1CollectFull done
Event: 12666.519 Executing VM operation: G1CollectFull
Event: 12666.620 Executing VM operation: G1CollectFull done
Event: 12677.126 Executing VM operation: G1CollectFull
Event: 12677.185 Executing VM operation: G1CollectFull done
Event: 12687.631 Executing VM operation: G1CollectFull
Event: 12687.750 Executing VM operation: G1CollectFull done
Event: 12697.822 Executing VM operation: Cleanup
Event: 12697.822 Executing VM operation: Cleanup done
Event: 12708.355 Executing VM operation: G1CollectFull
Event: 12708.584 Executing VM operation: G1CollectFull done
Event: 12718.675 Executing VM operation: G1CollectFull

Events (20 events):
Event: 10940.429 Thread 0x0000029272242f20 Thread added: 0x0000029272242f20
Event: 10940.429 Thread 0x0000029272243470 Thread added: 0x0000029272243470
Event: 10944.772 Thread 0x00000292724ed720 Thread exited: 0x00000292724ed720
Event: 10945.201 Thread 0x00000292724e5da0 Thread exited: 0x00000292724e5da0
Event: 10945.204 Thread 0x00000292724e9a60 Thread exited: 0x00000292724e9a60
Event: 10948.365 Thread 0x0000029272243470 Thread exited: 0x0000029272243470
Event: 10948.365 Thread 0x0000029272242f20 Thread exited: 0x0000029272242f20
Event: 10985.546 Thread 0x00000292724e9f70 Thread exited: 0x00000292724e9f70
Event: 10995.211 Thread 0x00000292724e76f0 Thread exited: 0x00000292724e76f0
Event: 11040.532 Thread 0x00000292724e7c00 Thread exited: 0x00000292724e7c00
Event: 11041.029 Thread 0x00000292724e8b30 Thread exited: 0x00000292724e8b30
Event: 11041.098 Thread 0x00000292724ecd00 Thread exited: 0x00000292724ecd00
Event: 11041.098 Thread 0x00000292724ed210 Thread exited: 0x00000292724ed210
Event: 11041.100 Thread 0x00000292724ea990 Thread exited: 0x00000292724ea990
Event: 11101.029 Thread 0x00000292724e62b0 Thread exited: 0x00000292724e62b0
Event: 11161.029 Thread 0x00000292724ebdd0 Thread exited: 0x00000292724ebdd0
Event: 11221.031 Thread 0x00000292724eb8c0 Thread exited: 0x00000292724eb8c0
Event: 11281.033 Thread 0x00000292724e8110 Thread exited: 0x00000292724e8110
Event: 11341.032 Thread 0x00000292724e71e0 Thread exited: 0x00000292724e71e0
Event: 11401.034 Thread 0x00000292724e9040 Thread exited: 0x00000292724e9040


Dynamic libraries:
0x00007ff773510000 - 0x00007ff77351e000 	c:\Users\sanke\.vscode\extensions\redhat.java-1.31.0-win32-x64\jre\17.0.11-win32-x86_64\bin\java.exe
0x00007ffa7d1f0000 - 0x00007ffa7d407000 	C:\WINDOWS\SYSTEM32\ntdll.dll
0x00007ffa7cc10000 - 0x00007ffa7ccd4000 	C:\WINDOWS\System32\KERNEL32.DLL
0x00007ffa7a820000 - 0x00007ffa7abcc000 	C:\WINDOWS\System32\KERNELBASE.dll
0x00000000778b0000 - 0x0000000077be2000 	C:\Program Files\Norton Security\NortonData\22.21.8.62\Definitions\IPSDefs\20231229.064\IPSEng64.dll
0x00007ffa7cb50000 - 0x00007ffa7cc02000 	C:\WINDOWS\System32\ADVAPI32.dll
0x00007ffa7cd50000 - 0x00007ffa7cdf7000 	C:\WINDOWS\System32\msvcrt.dll
0x00007ffa7af80000 - 0x00007ffa7b028000 	C:\WINDOWS\System32\sechost.dll
0x00007ffa7acf0000 - 0x00007ffa7ad18000 	C:\WINDOWS\System32\bcrypt.dll
0x00007ffa7c020000 - 0x00007ffa7c135000 	C:\WINDOWS\System32\RPCRT4.dll
0x00007ffa7b8c0000 - 0x00007ffa7b8c8000 	C:\WINDOWS\System32\PSAPI.DLL
0x00007ffa7a5c0000 - 0x00007ffa7a6d1000 	C:\WINDOWS\System32\ucrtbase.dll
0x00007ffa72250000 - 0x00007ffa72267000 	c:\Users\sanke\.vscode\extensions\redhat.java-1.31.0-win32-x64\jre\17.0.11-win32-x86_64\bin\jli.dll
0x00007ffa701f0000 - 0x00007ffa7020b000 	c:\Users\sanke\.vscode\extensions\redhat.java-1.31.0-win32-x64\jre\17.0.11-win32-x86_64\bin\VCRUNTIME140.dll
0x00007ffa7b030000 - 0x00007ffa7b1de000 	C:\WINDOWS\System32\USER32.dll
0x00007ffa7a590000 - 0x00007ffa7a5b6000 	C:\WINDOWS\System32\win32u.dll
0x00007ffa7b8d0000 - 0x00007ffa7b8f9000 	C:\WINDOWS\System32\GDI32.dll
0x00007ffa7abd0000 - 0x00007ffa7ace9000 	C:\WINDOWS\System32\gdi32full.dll
0x00007ffa7ad20000 - 0x00007ffa7adba000 	C:\WINDOWS\System32\msvcp_win.dll
0x00007ffa605d0000 - 0x00007ffa60863000 	C:\WINDOWS\WinSxS\amd64_microsoft.windows.common-controls_6595b64144ccf1df_6.0.22621.3672_none_2713b9d173822955\COMCTL32.dll
0x00007ffa7af30000 - 0x00007ffa7af61000 	C:\WINDOWS\System32\IMM32.DLL
0x00007ffa724b0000 - 0x00007ffa724bc000 	c:\Users\sanke\.vscode\extensions\redhat.java-1.31.0-win32-x64\jre\17.0.11-win32-x86_64\bin\vcruntime140_1.dll
0x00007ffa299e0000 - 0x00007ffa29a6d000 	c:\Users\sanke\.vscode\extensions\redhat.java-1.31.0-win32-x64\jre\17.0.11-win32-x86_64\bin\msvcp140.dll
0x00007ffa0f950000 - 0x00007ffa105b2000 	c:\Users\sanke\.vscode\extensions\redhat.java-1.31.0-win32-x64\jre\17.0.11-win32-x86_64\bin\server\jvm.dll
0x00007ffa79370000 - 0x00007ffa793bd000 	C:\WINDOWS\SYSTEM32\POWRPROF.dll
0x00007ffa75ad0000 - 0x00007ffa75ada000 	C:\WINDOWS\SYSTEM32\VERSION.dll
0x00007ffa743e0000 - 0x00007ffa74414000 	C:\WINDOWS\SYSTEM32\WINMM.dll
0x00007ffa75e70000 - 0x00007ffa75e79000 	C:\WINDOWS\SYSTEM32\WSOCK32.dll
0x00007ffa7b900000 - 0x00007ffa7b971000 	C:\WINDOWS\System32\WS2_32.dll
0x00007ffa79350000 - 0x00007ffa79363000 	C:\WINDOWS\SYSTEM32\UMPDC.dll
0x00007ffa79600000 - 0x00007ffa79618000 	C:\WINDOWS\SYSTEM32\kernel.appcore.dll
0x00007ffa721c0000 - 0x00007ffa721ca000 	c:\Users\sanke\.vscode\extensions\redhat.java-1.31.0-win32-x64\jre\17.0.11-win32-x86_64\bin\jimage.dll
0x00007ffa778f0000 - 0x00007ffa77b22000 	C:\WINDOWS\SYSTEM32\DBGHELP.DLL
0x00007ffa7b2f0000 - 0x00007ffa7b678000 	C:\WINDOWS\System32\combase.dll
0x00007ffa7b680000 - 0x00007ffa7b757000 	C:\WINDOWS\System32\OLEAUT32.dll
0x00007ffa72b40000 - 0x00007ffa72b72000 	C:\WINDOWS\SYSTEM32\dbgcore.DLL
0x00007ffa7a6e0000 - 0x00007ffa7a75b000 	C:\WINDOWS\System32\bcryptPrimitives.dll
0x00007ffa65ee0000 - 0x00007ffa65f05000 	c:\Users\sanke\.vscode\extensions\redhat.java-1.31.0-win32-x64\jre\17.0.11-win32-x86_64\bin\java.dll
0x00007ffa686d0000 - 0x00007ffa686e8000 	c:\Users\sanke\.vscode\extensions\redhat.java-1.31.0-win32-x64\jre\17.0.11-win32-x86_64\bin\zip.dll
0x00007ffa7c2f0000 - 0x00007ffa7cb4c000 	C:\WINDOWS\System32\SHELL32.dll
0x00007ffa78430000 - 0x00007ffa78d27000 	C:\WINDOWS\SYSTEM32\windows.storage.dll
0x00007ffa782f0000 - 0x00007ffa7842f000 	C:\WINDOWS\SYSTEM32\wintypes.dll
0x00007ffa7b980000 - 0x00007ffa7ba74000 	C:\WINDOWS\System32\SHCORE.dll
0x00007ffa7ce20000 - 0x00007ffa7ce7e000 	C:\WINDOWS\System32\shlwapi.dll
0x00007ffa7a450000 - 0x00007ffa7a471000 	C:\WINDOWS\SYSTEM32\profapi.dll
0x00007ffa67f10000 - 0x00007ffa67f29000 	C:\Users\sanke\.vscode\extensions\redhat.java-1.31.0-win32-x64\jre\17.0.11-win32-x86_64\bin\net.dll
0x00007ffa769c0000 - 0x00007ffa76af6000 	C:\WINDOWS\SYSTEM32\WINHTTP.dll
0x00007ffa79a60000 - 0x00007ffa79ac9000 	C:\WINDOWS\system32\mswsock.dll
0x00007ffa67c00000 - 0x00007ffa67c16000 	C:\Users\sanke\.vscode\extensions\redhat.java-1.31.0-win32-x64\jre\17.0.11-win32-x86_64\bin\nio.dll
0x00007ffa719d0000 - 0x00007ffa719e0000 	c:\Users\sanke\.vscode\extensions\redhat.java-1.31.0-win32-x64\jre\17.0.11-win32-x86_64\bin\verify.dll
0x00007ffa79ca0000 - 0x00007ffa79cbb000 	C:\WINDOWS\SYSTEM32\CRYPTSP.dll
0x00007ffa79560000 - 0x00007ffa79595000 	C:\WINDOWS\system32\rsaenh.dll
0x00007ffa79b10000 - 0x00007ffa79b38000 	C:\WINDOWS\SYSTEM32\USERENV.dll
0x00007ffa79c90000 - 0x00007ffa79c9c000 	C:\WINDOWS\SYSTEM32\CRYPTBASE.dll
0x00007ffa79000000 - 0x00007ffa7902d000 	C:\WINDOWS\SYSTEM32\IPHLPAPI.DLL
0x00007ffa7c010000 - 0x00007ffa7c019000 	C:\WINDOWS\System32\NSI.dll
0x00007ffa766a0000 - 0x00007ffa766b9000 	C:\WINDOWS\SYSTEM32\dhcpcsvc6.DLL
0x00007ffa76680000 - 0x00007ffa7669f000 	C:\WINDOWS\SYSTEM32\dhcpcsvc.DLL
0x00007ffa79070000 - 0x00007ffa79168000 	C:\WINDOWS\SYSTEM32\DNSAPI.dll
0x00007ffa70150000 - 0x00007ffa70159000 	C:\Users\sanke\.vscode\extensions\redhat.java-1.31.0-win32-x64\jre\17.0.11-win32-x86_64\bin\management.dll
0x00007ffa6de30000 - 0x00007ffa6de3b000 	C:\Users\sanke\.vscode\extensions\redhat.java-1.31.0-win32-x64\jre\17.0.11-win32-x86_64\bin\management_ext.dll
0x00007ffa764d0000 - 0x00007ffa764de000 	C:\Users\sanke\.vscode\extensions\redhat.java-1.31.0-win32-x64\jre\17.0.11-win32-x86_64\bin\sunmscapi.dll
0x00007ffa7adc0000 - 0x00007ffa7af27000 	C:\WINDOWS\System32\CRYPT32.dll
0x00007ffa79eb0000 - 0x00007ffa79ede000 	C:\WINDOWS\SYSTEM32\ncrypt.dll
0x00007ffa79e70000 - 0x00007ffa79ea7000 	C:\WINDOWS\SYSTEM32\NTASN1.dll
0x00007ffa6f8c0000 - 0x00007ffa6f8ca000 	C:\Windows\System32\rasadhlp.dll
0x00007ffa75b80000 - 0x00007ffa75c03000 	C:\WINDOWS\System32\fwpuclnt.dll
0x00007ffa764e0000 - 0x00007ffa764e9000 	C:\Users\sanke\.vscode\extensions\redhat.java-1.31.0-win32-x64\jre\17.0.11-win32-x86_64\bin\extnet.dll
0x00007ffa64040000 - 0x00007ffa64057000 	C:\WINDOWS\system32\napinsp.dll
0x00007ffa63200000 - 0x00007ffa6321b000 	C:\WINDOWS\system32\pnrpnsp.dll
0x00007ffa631e0000 - 0x00007ffa631f1000 	C:\WINDOWS\System32\winrnr.dll
0x00007ffa63000000 - 0x00007ffa63015000 	C:\WINDOWS\system32\wshbth.dll
0x00007ffa62f20000 - 0x00007ffa62f47000 	C:\WINDOWS\system32\nlansp_c.dll
0x00007ffa71840000 - 0x00007ffa71847000 	C:\Users\sanke\.vscode\extensions\redhat.java-1.31.0-win32-x64\jre\17.0.11-win32-x86_64\bin\rmi.dll

dbghelp: loaded successfully - version: 4.0.5 - missing functions: none
symbol engine: initialized successfully - sym options: 0x614 - pdb path: .;c:\Users\sanke\.vscode\extensions\redhat.java-1.31.0-win32-x64\jre\17.0.11-win32-x86_64\bin;C:\WINDOWS\SYSTEM32;C:\Program Files\Norton Security\NortonData\22.21.8.62\Definitions\IPSDefs\20231229.064;C:\WINDOWS\WinSxS\amd64_microsoft.windows.common-controls_6595b64144ccf1df_6.0.22621.3672_none_2713b9d173822955;c:\Users\sanke\.vscode\extensions\redhat.java-1.31.0-win32-x64\jre\17.0.11-win32-x86_64\bin\server

VM Arguments:
jvm_args: -Xmx1024m -Dsts.lsp.client=vscode -Dsts.log.file=/dev/null -XX:TieredStopAtLevel=1 -Xlog:jni+resolve=off -Dspring.config.location=file:c:\Users\sanke\.vscode\extensions\vmware.vscode-spring-boot-1.55.0\language-server\BOOT-INF\classes\application.properties 
java_command: org.springframework.ide.vscode.boot.app.BootLanguageServerBootApp
java_class_path (initial): c:\Users\sanke\.vscode\extensions\vmware.vscode-spring-boot-1.55.0\language-server\BOOT-INF\classes;c:\Users\sanke\.vscode\extensions\vmware.vscode-spring-boot-1.55.0\language-server\BOOT-INF\lib\annotations-24.1.0.jar;c:\Users\sanke\.vscode\extensions\vmware.vscode-spring-boot-1.55.0\language-server\BOOT-INF\lib\antlr4-runtime-4.13.1.jar;c:\Users\sanke\.vscode\extensions\vmware.vscode-spring-boot-1.55.0\language-server\BOOT-INF\lib\asm-9.7.jar;c:\Users\sanke\.vscode\extensions\vmware.vscode-spring-boot-1.55.0\language-server\BOOT-INF\lib\asm-analysis-9.7.jar;c:\Users\sanke\.vscode\extensions\vmware.vscode-spring-boot-1.55.0\language-server\BOOT-INF\lib\asm-tree-9.7.jar;c:\Users\sanke\.vscode\extensions\vmware.vscode-spring-boot-1.55.0\language-server\BOOT-INF\lib\asm-util-9.7.jar;c:\Users\sanke\.vscode\extensions\vmware.vscode-spring-boot-1.55.0\language-server\BOOT-INF\lib\caffeine-3.1.8.jar;c:\Users\sanke\.vscode\extensions\vmware.vscode-spring-boot-1.55.0\language-server\BOOT-INF\lib\checker-qual-3.12.0.jar;c:\Users\sanke\.vscode\extensions\vmware.vscode-spring-boot-1.55.0\language-server\BOOT-INF\lib\classgraph-4.8.149.jar;c:\Users\sanke\.vscode\extensions\vmware.vscode-spring-boot-1.55.0\language-server\BOOT-INF\lib\commons-codec-1.16.1.jar;c:\Users\sanke\.vscode\extensions\vmware.vscode-spring-boot-1.55.0\language-server\BOOT-INF\lib\commons-compress-1.26.1.jar;c:\Users\sanke\.vscode\extensions\vmware.vscode-spring-boot-1.55.0\language-server\BOOT-INF\lib\commons-io-2.16.1.jar;c:\Users\sanke\.vscode\extensions\vmware.vscode-spring-boot-1.55.0\language-server\BOOT-INF\lib\commons-java-1.55.0-SNAPSHOT.jar;c:\Users\sanke\.vscode\extensions\vmware.vscode-spring-boot-1.55.0\language-server\BOOT-INF\lib\commons-lang3-3.14.0.jar;c:\Users\sanke\.vscode\extensions\vmware.vscode-spring-boot-1.55.0\language-server\BOOT-INF\lib\commons-language-server-1.55.0-SNAPSHOT.jar;c:\Users\sanke\.vscode\extensions\vmware.vscode-spring-boot-1.55.0\langu
Launcher Type: SUN_STANDARD

[Global flags]
     intx CICompilerCount                          = 4                                         {product} {ergonomic}
     uint ConcGCThreads                            = 2                                         {product} {ergonomic}
     uint G1ConcRefinementThreads                  = 8                                         {product} {ergonomic}
   size_t G1HeapRegionSize                         = 1048576                                   {product} {ergonomic}
    uintx GCDrainStackTargetSize                   = 64                                        {product} {ergonomic}
   size_t InitialHeapSize                          = 132120576                                 {product} {ergonomic}
   size_t MarkStackSize                            = 4194304                                   {product} {ergonomic}
   size_t MaxHeapSize                              = 1073741824                                {product} {command line}
   size_t MaxNewSize                               = 643825664                                 {product} {ergonomic}
   size_t MinHeapDeltaBytes                        = 1048576                                   {product} {ergonomic}
   size_t MinHeapSize                              = 8388608                                   {product} {ergonomic}
    uintx NonProfiledCodeHeapSize                  = 0                                      {pd product} {ergonomic}
     bool ProfileInterpreter                       = false                                  {pd product} {command line}
    uintx ProfiledCodeHeapSize                     = 0                                      {pd product} {ergonomic}
   size_t SoftMaxHeapSize                          = 1073741824                             {manageable} {ergonomic}
     intx TieredStopAtLevel                        = 1                                         {product} {command line}
     bool UseCompressedClassPointers               = true                           {product lp64_product} {ergonomic}
     bool UseCompressedOops                        = true                           {product lp64_product} {ergonomic}
     bool UseG1GC                                  = true                                      {product} {ergonomic}
     bool UseLargePagesIndividualAllocation        = false                                  {pd product} {ergonomic}

Logging:
Log output configuration:
 #0: stdout all=warning,jni+resolve=off uptime,level,tags
 #1: stderr all=off uptime,level,tags

Environment Variables:
PATH=C:\Program Files\Common Files\Oracle\Java\javapath;C:\Windows\system32;C:\Windows;C:\Windows\System32\Wbem;C:\Windows\System32\WindowsPowerShell\v1.0\;C:\Windows\System32\OpenSSH\;C:\Program Files (x86)\NVIDIA Corporation\PhysX\Common;C:\Program Files\NVIDIA Corporation\NVIDIA NvDLISR;C:\WINDOWS\system32;C:\WINDOWS;C:\WINDOWS\System32\Wbem;C:\WINDOWS\System32\WindowsPowerShell\v1.0\;C:\WINDOWS\System32\OpenSSH\;D:\New applications\Matlab\runtime\win64;D:\New applications\Matlab\bin;C:\Program Files\dotnet\;C:\Program Files\nodejs\;C:\Program Files\Git\cmd;C:\Program Files\Docker\Docker\resources\bin;C:\Program Files\MySQL\MySQL Shell 8.0\bin\;C:\Users\sanke\AppData\Local\Microsoft\WindowsApps;C:\Program Files (x86)\Brackets\;C:\Users\sanke\AppData\Local\Programs\Microsoft VS Code\bin;C:\ProgramData\sanke\atom\bin;C:\Users\sanke\AppData\Local\Programs\Hyper\resources\bin;C:\Program Files\heroku\bin;C:\Users\sanke\AppData\Local\Microsoft\WindowsApps;D:\mongosh-1.6.0-win32-x64\mongosh-1.6.0-win32-x64;C:\Users\sanke\AppData\Roaming\npm;D:\New applications\IntelliJ IDEA 2023.1.3\bin;;C:\dev\apache-maven-3.9.6\bin;
USERNAME=sanke
OS=Windows_NT
PROCESSOR_IDENTIFIER=Intel64 Family 6 Model 165 Stepping 2, GenuineIntel
TMP=C:\Users\sanke\AppData\Local\Temp
TEMP=C:\Users\sanke\AppData\Local\Temp



Periodic native trim disabled


---------------  S Y S T E M  ---------------

OS:
 Windows 11 , 64 bit Build 22621 (10.0.22621.3672)
OS uptime: 13 days 10:58 hours
Hyper-V role detected

CPU: total 8 (initial active 8) (4 cores per cpu, 2 threads per core) family 6 model 165 stepping 2 microcode 0xea, cx8, cmov, fxsr, ht, mmx, 3dnowpref, sse, sse2, sse3, ssse3, sse4.1, sse4.2, popcnt, lzcnt, tsc, tscinvbit, avx, avx2, aes, erms, clmul, bmi1, bmi2, adx, fma, vzeroupper, clflush, clflushopt, hv
Processor Information for all 8 processors :
  Max Mhz: 2496, Current Mhz: 2496, Mhz Limit: 2496

Memory: 4k page, system-wide physical 8059M (438M free)
TotalPageFile size 32635M (AvailPageFile size 13M)
current process WorkingSet (physical memory assigned to process): 85M, peak: 223M
current process commit charge ("private bytes"): 327M, peak: 475M

vm_info: OpenJDK 64-Bit Server VM (17.0.11+9) for windows-amd64 JRE (17.0.11+9), built on Apr 17 2024 06:07:48 by "admin" with MS VC++ 16.10 / 16.11 (VS2019)

END.
