#
# There is insufficient memory for the Java Runtime Environment to continue.
# Native memory allocation (malloc) failed to allocate 1019760 bytes for Chunk::new
# Possible reasons:
#   The system is out of physical RAM or swap space
#   The process is running with CompressedOops enabled, and the Java Heap may be blocking the growth of the native heap
# Possible solutions:
#   Reduce memory load on the system
#   Increase physical memory or swap space
#   Check if swap backing store is full
#   Decrease Java heap size (-Xmx/-Xms)
#   Decrease number of Java threads
#   Decrease Java thread stack sizes (-Xss)
#   Set larger code cache with -XX:ReservedCodeCacheSize=
#   JVM is running with Unscaled Compressed Oops mode in which the Java heap is
#     placed in the first 4GB address space. The Java Heap base address is the
#     maximum limit for the native heap growth. Please use -XX:HeapBaseMinAddress
#     to set the Java Heap base and to place the Java Heap above 4GB virtual address.
# This output file may be truncated or incomplete.
#
#  Out of Memory Error (arena.cpp:189), pid=9572, tid=34936
#
# JRE version: Java(TM) SE Runtime Environment (17.0.10+11) (build 17.0.10+11-LTS-240)
# Java VM: Java HotSpot(TM) 64-Bit Server VM (17.0.10+11-LTS-240, mixed mode, sharing, tiered, compressed oops, compressed class ptrs, g1 gc, windows-amd64)
# No core dump will be written. Minidumps are not enabled by default on client versions of Windows
#

---------------  S U M M A R Y ------------

Command Line: -agentlib:jdwp=transport=dt_socket,server=n,suspend=y,address=localhost:58908 -XX:+ShowCodeDetailsInExceptionMessages -Dspring.jmx.enabled=true -Dmanagement.endpoints.jmx.exposure.include=* -Dspring.application.admin.enabled=true -Dspring.boot.project.name=foodwastereductionplatform -Djava.rmi.server.hostname=localhost -Dcom.sun.management.jmxremote.port=45556 -Dcom.sun.management.jmxremote.authenticate=false -Dcom.sun.management.jmxremote.ssl=false com.webapp.foodwastereductionplatform.FoodwastereductionplatformApplication

Host: Intel(R) Core(TM) i5-10300H CPU @ 2.50GHz, 8 cores, 7G,  Windows 11 , 64 bit Build 22621 (10.0.22621.3672)
Time: Wed Jun 19 15:38:17 2024 W. Europe Daylight Time elapsed time: 293.445579 seconds (0d 0h 4m 53s)

---------------  T H R E A D  ---------------

Current thread (0x000001d0e25049c0):  JavaThread "C2 CompilerThread0" daemon [_thread_in_native, id=34936, stack(0x00000011c8b00000,0x00000011c8c00000)]


Current CompileTask:
C2: 293446 8512       4       sun.reflect.generics.parser.SignatureParser::parseTypeSignature (130 bytes)

Stack: [0x00000011c8b00000,0x00000011c8c00000]
Native frames: (J=compiled Java code, j=interpreted, Vv=VM code, C=native code)
V  [jvm.dll+0x677a5a]
V  [jvm.dll+0x7d8b2d]
V  [jvm.dll+0x7da48e]
V  [jvm.dll+0x7daaf3]
V  [jvm.dll+0x2455ff]
V  [jvm.dll+0xaaafb]
V  [jvm.dll+0xab09c]
V  [jvm.dll+0x361bae]
V  [jvm.dll+0x32c211]
V  [jvm.dll+0x32b6aa]
V  [jvm.dll+0x21794f]
V  [jvm.dll+0x216d81]
V  [jvm.dll+0x1a3410]
V  [jvm.dll+0x226aeb]
V  [jvm.dll+0x224cab]
V  [jvm.dll+0x78e45c]
V  [jvm.dll+0x78888a]
V  [jvm.dll+0x676935]
C  [ucrtbase.dll+0x29333]
C  [KERNEL32.DLL+0x1257d]
C  [ntdll.dll+0x5aa48]


---------------  P R O C E S S  ---------------

Threads class SMR info:
_java_thread_list=0x000001d0e8a2b8b0, length=38, elements={
0x000001d0e24e2350, 0x000001d0e24e31d0, 0x000001d0e24fc2b0, 0x000001d0e24fdc90,
0x000001d0e2500770, 0x000001d0e2501610, 0x000001d0e25049c0, 0x000001d0e2505ef0,
0x000001d0e250cc30, 0x000001d0e24cc840, 0x000001d0e27a1f90, 0x000001d0e288e430,
0x000001d0e27c1670, 0x000001d0e27c1d50, 0x000001d0e7438580, 0x000001d0e28d9000,
0x000001d0e7334a10, 0x000001d0e89952e0, 0x000001d0e89948c0, 0x000001d0e8993990,
0x000001d0e8993ea0, 0x000001d0e89943b0, 0x000001d0e8994dd0, 0x000001d0e95dabb0,
0x000001d0e95d8330, 0x000001d0e95d8d50, 0x000001d0e95d9260, 0x000001d0e95db0c0,
0x000001d0e8992a60, 0x000001d0ea4ccd10, 0x000001d0ea4ce660, 0x000001d0ea4d09d0,
0x000001d0ea4cd730, 0x000001d0ea4d1900, 0x000001d0ea4d2d40, 0x000001d0ea4d1e10,
0x000001d0ea4ce150, 0x000001d0ea4d2320
}

Java Threads: ( => current thread )
  0x000001d0e24e2350 JavaThread "Reference Handler" daemon [_thread_blocked, id=30100, stack(0x00000011c8500000,0x00000011c8600000)]
  0x000001d0e24e31d0 JavaThread "Finalizer" daemon [_thread_blocked, id=25140, stack(0x00000011c8600000,0x00000011c8700000)]
  0x000001d0e24fc2b0 JavaThread "Signal Dispatcher" daemon [_thread_blocked, id=4872, stack(0x00000011c8700000,0x00000011c8800000)]
  0x000001d0e24fdc90 JavaThread "Attach Listener" daemon [_thread_blocked, id=21080, stack(0x00000011c8800000,0x00000011c8900000)]
  0x000001d0e2500770 JavaThread "Service Thread" daemon [_thread_blocked, id=5832, stack(0x00000011c8900000,0x00000011c8a00000)]
  0x000001d0e2501610 JavaThread "Monitor Deflation Thread" daemon [_thread_blocked, id=32760, stack(0x00000011c8a00000,0x00000011c8b00000)]
=>0x000001d0e25049c0 JavaThread "C2 CompilerThread0" daemon [_thread_in_native, id=34936, stack(0x00000011c8b00000,0x00000011c8c00000)]
  0x000001d0e2505ef0 JavaThread "C1 CompilerThread0" daemon [_thread_blocked, id=27888, stack(0x00000011c8c00000,0x00000011c8d00000)]
  0x000001d0e250cc30 JavaThread "Sweeper thread" daemon [_thread_blocked, id=20292, stack(0x00000011c8d00000,0x00000011c8e00000)]
  0x000001d0e24cc840 JavaThread "Common-Cleaner" daemon [_thread_blocked, id=4984, stack(0x00000011c8e00000,0x00000011c8f00000)]
  0x000001d0e27a1f90 JavaThread "JDWP Transport Listener: dt_socket" daemon [_thread_blocked, id=35824, stack(0x00000011c8f00000,0x00000011c9000000)]
  0x000001d0e288e430 JavaThread "JDWP Event Helper Thread" daemon [_thread_blocked, id=1984, stack(0x00000011c9000000,0x00000011c9100000)]
  0x000001d0e27c1670 JavaThread "JDWP Command Reader" daemon [_thread_in_native, id=4352, stack(0x00000011c9100000,0x00000011c9200000)]
  0x000001d0e27c1d50 JavaThread "Notification Thread" daemon [_thread_blocked, id=34748, stack(0x00000011c9200000,0x00000011c9300000)]
  0x000001d0e7438580 JavaThread "RMI TCP Accept-0" daemon [_thread_in_native, id=32296, stack(0x00000011c9300000,0x00000011c9400000)]
  0x000001d0e28d9000 JavaThread "RMI TCP Accept-45556" daemon [_thread_in_native, id=32848, stack(0x00000011c9400000,0x00000011c9500000)]
  0x000001d0e7334a10 JavaThread "RMI TCP Accept-0" daemon [_thread_in_native, id=22948, stack(0x00000011c9500000,0x00000011c9600000)]
  0x000001d0e89952e0 JavaThread "RMI Scheduler(0)" daemon [_thread_blocked, id=20296, stack(0x00000011ca200000,0x00000011ca300000)]
  0x000001d0e89948c0 JavaThread "JMX server connection timeout 28" daemon [_thread_blocked, id=2492, stack(0x00000011ca400000,0x00000011ca500000)]
  0x000001d0e8993990 JavaThread "Catalina-utility-1" [_thread_blocked, id=14760, stack(0x00000011ca500000,0x00000011ca600000)]
  0x000001d0e8993ea0 JavaThread "Catalina-utility-2" [_thread_blocked, id=19084, stack(0x00000011ca600000,0x00000011ca700000)]
  0x000001d0e89943b0 JavaThread "container-0" [_thread_blocked, id=24564, stack(0x00000011ca700000,0x00000011ca800000)]
  0x000001d0e8994dd0 JavaThread "PostgreSQL-JDBC-Cleaner" daemon [_thread_blocked, id=13844, stack(0x00000011ca900000,0x00000011caa00000)]
  0x000001d0e95dabb0 JavaThread "HikariPool-1 housekeeper" daemon [_thread_blocked, id=10516, stack(0x00000011caa00000,0x00000011cab00000)]
  0x000001d0e95d8330 JavaThread "http-nio-8080-exec-1" daemon [_thread_blocked, id=13044, stack(0x00000011cac00000,0x00000011cad00000)]
  0x000001d0e95d8d50 JavaThread "http-nio-8080-exec-2" daemon [_thread_blocked, id=12564, stack(0x00000011cad00000,0x00000011cae00000)]
  0x000001d0e95d9260 JavaThread "http-nio-8080-exec-3" daemon [_thread_blocked, id=34932, stack(0x00000011cae00000,0x00000011caf00000)]
  0x000001d0e95db0c0 JavaThread "http-nio-8080-exec-4" daemon [_thread_blocked, id=16144, stack(0x00000011caf00000,0x00000011cb000000)]
  0x000001d0e8992a60 JavaThread "http-nio-8080-exec-5" daemon [_thread_blocked, id=18464, stack(0x00000011cb000000,0x00000011cb100000)]
  0x000001d0ea4ccd10 JavaThread "http-nio-8080-exec-6" daemon [_thread_blocked, id=27672, stack(0x00000011cb100000,0x00000011cb200000)]
  0x000001d0ea4ce660 JavaThread "http-nio-8080-exec-7" daemon [_thread_blocked, id=28968, stack(0x00000011cb200000,0x00000011cb300000)]
  0x000001d0ea4d09d0 JavaThread "http-nio-8080-exec-8" daemon [_thread_blocked, id=19124, stack(0x00000011cb300000,0x00000011cb400000)]
  0x000001d0ea4cd730 JavaThread "http-nio-8080-exec-9" daemon [_thread_blocked, id=30400, stack(0x00000011cb400000,0x00000011cb500000)]
  0x000001d0ea4d1900 JavaThread "http-nio-8080-exec-10" daemon [_thread_blocked, id=34828, stack(0x00000011cb500000,0x00000011cb600000)]
  0x000001d0ea4d2d40 JavaThread "http-nio-8080-Poller" daemon [_thread_in_native, id=14352, stack(0x00000011cb600000,0x00000011cb700000)]
  0x000001d0ea4d1e10 JavaThread "http-nio-8080-Acceptor" daemon [_thread_in_native, id=24152, stack(0x00000011cb700000,0x00000011cb800000)]
  0x000001d0ea4ce150 JavaThread "DestroyJavaVM" [_thread_blocked, id=26552, stack(0x00000011c7e00000,0x00000011c7f00000)]
  0x000001d0ea4d2320 JavaThread "RMI TCP Connection(3)-127.0.0.1" daemon [_thread_in_native, id=26984, stack(0x00000011c7a00000,0x00000011c7b00000)]

Other Threads:
  0x000001d0e24dabb0 VMThread "VM Thread" [stack: 0x00000011c8400000,0x00000011c8500000] [id=32364]
  0x000001d0c44260f0 WatcherThread [stack: 0x00000011c9600000,0x00000011c9700000] [id=32376]
  0x000001d0c4487b60 GCTaskThread "GC Thread#0" [stack: 0x00000011c7f00000,0x00000011c8000000] [id=12904]
  0x000001d0e7943cc0 GCTaskThread "GC Thread#1" [stack: 0x00000011c9700000,0x00000011c9800000] [id=11636]
  0x000001d0e7881050 GCTaskThread "GC Thread#2" [stack: 0x00000011c9800000,0x00000011c9900000] [id=10616]
  0x000001d0e78819d0 GCTaskThread "GC Thread#3" [stack: 0x00000011c9900000,0x00000011c9a00000] [id=33456]
  0x000001d0e75c8a20 GCTaskThread "GC Thread#4" [stack: 0x00000011c9a00000,0x00000011c9b00000] [id=29608]
  0x000001d0e7408200 GCTaskThread "GC Thread#5" [stack: 0x00000011c9b00000,0x00000011c9c00000] [id=31800]
  0x000001d0e76f2860 GCTaskThread "GC Thread#6" [stack: 0x00000011c9c00000,0x00000011c9d00000] [id=37664]
  0x000001d0e7941850 GCTaskThread "GC Thread#7" [stack: 0x00000011c9d00000,0x00000011c9e00000] [id=22240]
  0x000001d0c4499ac0 ConcurrentGCThread "G1 Main Marker" [stack: 0x00000011c8000000,0x00000011c8100000] [id=30060]
  0x000001d0c449a620 ConcurrentGCThread "G1 Conc#0" [stack: 0x00000011c8100000,0x00000011c8200000] [id=35736]
  0x000001d0e8990030 ConcurrentGCThread "G1 Conc#1" [stack: 0x00000011ca000000,0x00000011ca100000] [id=7728]
  0x000001d0e2394750 ConcurrentGCThread "G1 Refine#0" [stack: 0x00000011c8200000,0x00000011c8300000] [id=32644]
  0x000001d0e75a8a40 ConcurrentGCThread "G1 Refine#1" [stack: 0x00000011c9e00000,0x00000011c9f00000] [id=2756]
  0x000001d0e799c1f0 ConcurrentGCThread "G1 Refine#2" [stack: 0x00000011c9f00000,0x00000011ca000000] [id=19008]
  0x000001d0e2395180 ConcurrentGCThread "G1 Service" [stack: 0x00000011c8300000,0x00000011c8400000] [id=6220]

Threads with active compile tasks:
C2 CompilerThread0   293578 8512       4       sun.reflect.generics.parser.SignatureParser::parseTypeSignature (130 bytes)

VM state: not at safepoint (normal execution)

VM Mutex/Monitor currently owned by a thread: None

Heap address: 0x0000000082000000, size: 2016 MB, Compressed Oops mode: 32-bit

CDS archive(s) mapped at: [0x000001d080000000-0x000001d080bd0000-0x000001d080bd0000), size 12386304, SharedBaseAddress: 0x000001d080000000, ArchiveRelocationMode: 1.
Compressed class space mapped at: 0x000001d081000000-0x000001d0c1000000, reserved size: 1073741824
Narrow klass base: 0x000001d080000000, Narrow klass shift: 0, Narrow klass range: 0x100000000

GC Precious Log:
 CPUs: 8 total, 8 available
 Memory: 8059M
 Large Page Support: Disabled
 NUMA Support: Disabled
 Compressed Oops: Enabled (32-bit)
 Heap Region Size: 1M
 Heap Min Capacity: 8M
 Heap Initial Capacity: 126M
 Heap Max Capacity: 2016M
 Pre-touch: Disabled
 Parallel Workers: 8
 Concurrent Workers: 2
 Concurrent Refinement Workers: 8
 Periodic GC: Disabled

Heap:
 garbage-first heap   total 89088K, used 63387K [0x0000000082000000, 0x0000000100000000)
  region size 1024K, 25 young (25600K), 3 survivors (3072K)
 Metaspace       used 81913K, committed 82688K, reserved 1179648K
  class space    used 11232K, committed 11584K, reserved 1048576K

Heap Regions: E=young(eden), S=young(survivor), O=old, HS=humongous(starts), HC=humongous(continues), CS=collection set, F=free, OA=open archive, CA=closed archive, TAMS=top-at-mark-start (previous, next)
|   0|0x0000000082000000, 0x0000000082100000, 0x0000000082100000|100%|HS|  |TAMS 0x0000000082100000, 0x0000000082000000| Complete 
|   1|0x0000000082100000, 0x0000000082200000, 0x0000000082200000|100%| O|  |TAMS 0x0000000082200000, 0x0000000082100000| Untracked 
|   2|0x0000000082200000, 0x0000000082300000, 0x0000000082300000|100%| O|  |TAMS 0x0000000082300000, 0x0000000082200000| Untracked 
|   3|0x0000000082300000, 0x0000000082400000, 0x0000000082400000|100%| O|  |TAMS 0x0000000082400000, 0x0000000082300000| Untracked 
|   4|0x0000000082400000, 0x0000000082500000, 0x0000000082500000|100%| O|  |TAMS 0x0000000082500000, 0x0000000082400000| Untracked 
|   5|0x0000000082500000, 0x0000000082600000, 0x0000000082600000|100%| O|  |TAMS 0x0000000082600000, 0x0000000082500000| Untracked 
|   6|0x0000000082600000, 0x0000000082700000, 0x0000000082700000|100%| O|  |TAMS 0x0000000082700000, 0x0000000082600000| Untracked 
|   7|0x0000000082700000, 0x0000000082800000, 0x0000000082800000|100%| O|  |TAMS 0x0000000082800000, 0x0000000082700000| Untracked 
|   8|0x0000000082800000, 0x0000000082900000, 0x0000000082900000|100%| O|  |TAMS 0x0000000082900000, 0x0000000082800000| Untracked 
|   9|0x0000000082900000, 0x0000000082a00000, 0x0000000082a00000|100%| O|  |TAMS 0x0000000082a00000, 0x0000000082900000| Untracked 
|  10|0x0000000082a00000, 0x0000000082b00000, 0x0000000082b00000|100%| O|  |TAMS 0x0000000082b00000, 0x0000000082a00000| Untracked 
|  11|0x0000000082b00000, 0x0000000082c00000, 0x0000000082c00000|100%| O|  |TAMS 0x0000000082c00000, 0x0000000082b00000| Untracked 
|  12|0x0000000082c00000, 0x0000000082d00000, 0x0000000082d00000|100%| O|  |TAMS 0x0000000082d00000, 0x0000000082c00000| Untracked 
|  13|0x0000000082d00000, 0x0000000082e00000, 0x0000000082e00000|100%| O|  |TAMS 0x0000000082e00000, 0x0000000082d00000| Untracked 
|  14|0x0000000082e00000, 0x0000000082f00000, 0x0000000082f00000|100%| O|  |TAMS 0x0000000082f00000, 0x0000000082e00000| Untracked 
|  15|0x0000000082f00000, 0x0000000083000000, 0x0000000083000000|100%| O|  |TAMS 0x0000000083000000, 0x0000000082f00000| Untracked 
|  16|0x0000000083000000, 0x0000000083100000, 0x0000000083100000|100%| O|  |TAMS 0x0000000083100000, 0x0000000083000000| Untracked 
|  17|0x0000000083100000, 0x0000000083200000, 0x0000000083200000|100%| O|  |TAMS 0x0000000083200000, 0x0000000083100000| Complete 
|  18|0x0000000083200000, 0x0000000083300000, 0x0000000083300000|100%| O|  |TAMS 0x0000000083300000, 0x0000000083200000| Untracked 
|  19|0x0000000083300000, 0x0000000083400000, 0x0000000083400000|100%| O|  |TAMS 0x0000000083400000, 0x0000000083300000| Untracked 
|  20|0x0000000083400000, 0x0000000083500000, 0x0000000083500000|100%| O|  |TAMS 0x0000000083500000, 0x0000000083400000| Untracked 
|  21|0x0000000083500000, 0x0000000083600000, 0x0000000083600000|100%| O|  |TAMS 0x0000000083600000, 0x0000000083500000| Untracked 
|  22|0x0000000083600000, 0x0000000083700000, 0x0000000083700000|100%| O|  |TAMS 0x0000000083700000, 0x0000000083600000| Untracked 
|  23|0x0000000083700000, 0x0000000083800000, 0x0000000083800000|100%| O|  |TAMS 0x0000000083800000, 0x0000000083700000| Untracked 
|  24|0x0000000083800000, 0x0000000083900000, 0x0000000083900000|100%| O|  |TAMS 0x0000000083900000, 0x0000000083800000| Untracked 
|  25|0x0000000083900000, 0x0000000083a00000, 0x0000000083a00000|100%| O|  |TAMS 0x0000000083a00000, 0x0000000083900000| Untracked 
|  26|0x0000000083a00000, 0x0000000083b00000, 0x0000000083b00000|100%| O|  |TAMS 0x0000000083b00000, 0x0000000083a00000| Untracked 
|  27|0x0000000083b00000, 0x0000000083c00000, 0x0000000083c00000|100%| O|  |TAMS 0x0000000083c00000, 0x0000000083b00000| Untracked 
|  28|0x0000000083c00000, 0x0000000083d00000, 0x0000000083d00000|100%| O|  |TAMS 0x0000000083d00000, 0x0000000083c00000| Untracked 
|  29|0x0000000083d00000, 0x0000000083e00000, 0x0000000083e00000|100%| O|  |TAMS 0x0000000083e00000, 0x0000000083d00000| Untracked 
|  30|0x0000000083e00000, 0x0000000083f00000, 0x0000000083f00000|100%| O|  |TAMS 0x0000000083f00000, 0x0000000083e00000| Untracked 
|  31|0x0000000083f00000, 0x0000000084000000, 0x0000000084000000|100%| O|  |TAMS 0x0000000084000000, 0x0000000083f00000| Untracked 
|  32|0x0000000084000000, 0x0000000084100000, 0x0000000084100000|100%| O|  |TAMS 0x0000000084100000, 0x0000000084000000| Untracked 
|  33|0x0000000084100000, 0x0000000084200000, 0x0000000084200000|100%| O|  |TAMS 0x0000000084200000, 0x0000000084100000| Untracked 
|  34|0x0000000084200000, 0x0000000084300000, 0x0000000084300000|100%| O|  |TAMS 0x0000000084300000, 0x0000000084200000| Untracked 
|  35|0x0000000084300000, 0x0000000084400000, 0x0000000084400000|100%| O|  |TAMS 0x0000000084400000, 0x0000000084300000| Untracked 
|  36|0x0000000084400000, 0x0000000084500000, 0x0000000084500000|100%| O|  |TAMS 0x0000000084500000, 0x0000000084400000| Untracked 
|  37|0x0000000084500000, 0x0000000084600000, 0x0000000084600000|100%| O|  |TAMS 0x0000000084600000, 0x0000000084500000| Untracked 
|  38|0x0000000084600000, 0x0000000084700000, 0x0000000084700000|100%| O|  |TAMS 0x0000000084700000, 0x0000000084600000| Untracked 
|  39|0x0000000084700000, 0x0000000084751c00, 0x0000000084800000| 31%| O|  |TAMS 0x0000000084751c00, 0x0000000084700000| Untracked 
|  40|0x0000000084800000, 0x0000000084800000, 0x0000000084900000|  0%| F|  |TAMS 0x0000000084800000, 0x0000000084800000| Untracked 
|  41|0x0000000084900000, 0x0000000084900000, 0x0000000084a00000|  0%| F|  |TAMS 0x0000000084900000, 0x0000000084900000| Untracked 
|  42|0x0000000084a00000, 0x0000000084a00000, 0x0000000084b00000|  0%| F|  |TAMS 0x0000000084a00000, 0x0000000084a00000| Untracked 
|  43|0x0000000084b00000, 0x0000000084b00000, 0x0000000084c00000|  0%| F|  |TAMS 0x0000000084b00000, 0x0000000084b00000| Untracked 
|  44|0x0000000084c00000, 0x0000000084c00000, 0x0000000084d00000|  0%| F|  |TAMS 0x0000000084c00000, 0x0000000084c00000| Untracked 
|  45|0x0000000084d00000, 0x0000000084d00000, 0x0000000084e00000|  0%| F|  |TAMS 0x0000000084d00000, 0x0000000084d00000| Untracked 
|  46|0x0000000084e00000, 0x0000000084e00000, 0x0000000084f00000|  0%| F|  |TAMS 0x0000000084e00000, 0x0000000084e00000| Untracked 
|  47|0x0000000084f00000, 0x0000000084f00000, 0x0000000085000000|  0%| F|  |TAMS 0x0000000084f00000, 0x0000000084f00000| Untracked 
|  48|0x0000000085000000, 0x0000000085000000, 0x0000000085100000|  0%| F|  |TAMS 0x0000000085000000, 0x0000000085000000| Untracked 
|  49|0x0000000085100000, 0x00000000851950a8, 0x0000000085200000| 58%| S|CS|TAMS 0x0000000085100000, 0x0000000085100000| Complete 
|  50|0x0000000085200000, 0x0000000085300000, 0x0000000085300000|100%| S|CS|TAMS 0x0000000085200000, 0x0000000085200000| Complete 
|  51|0x0000000085300000, 0x0000000085400000, 0x0000000085400000|100%| S|CS|TAMS 0x0000000085300000, 0x0000000085300000| Complete 
|  52|0x0000000085400000, 0x0000000085400000, 0x0000000085500000|  0%| F|  |TAMS 0x0000000085400000, 0x0000000085400000| Untracked 
|  53|0x0000000085500000, 0x0000000085500000, 0x0000000085600000|  0%| F|  |TAMS 0x0000000085500000, 0x0000000085500000| Untracked 
|  54|0x0000000085600000, 0x0000000085600000, 0x0000000085700000|  0%| F|  |TAMS 0x0000000085600000, 0x0000000085600000| Untracked 
|  55|0x0000000085700000, 0x0000000085700000, 0x0000000085800000|  0%| F|  |TAMS 0x0000000085700000, 0x0000000085700000| Untracked 
|  56|0x0000000085800000, 0x0000000085800000, 0x0000000085900000|  0%| F|  |TAMS 0x0000000085800000, 0x0000000085800000| Untracked 
|  57|0x0000000085900000, 0x0000000085900000, 0x0000000085a00000|  0%| F|  |TAMS 0x0000000085900000, 0x0000000085900000| Untracked 
|  58|0x0000000085a00000, 0x0000000085a00000, 0x0000000085b00000|  0%| F|  |TAMS 0x0000000085a00000, 0x0000000085a00000| Untracked 
|  59|0x0000000085b00000, 0x0000000085b00000, 0x0000000085c00000|  0%| F|  |TAMS 0x0000000085b00000, 0x0000000085b00000| Untracked 
|  60|0x0000000085c00000, 0x0000000085c00000, 0x0000000085d00000|  0%| F|  |TAMS 0x0000000085c00000, 0x0000000085c00000| Untracked 
|  61|0x0000000085d00000, 0x0000000085d00000, 0x0000000085e00000|  0%| F|  |TAMS 0x0000000085d00000, 0x0000000085d00000| Untracked 
|  62|0x0000000085e00000, 0x0000000085e00000, 0x0000000085f00000|  0%| F|  |TAMS 0x0000000085e00000, 0x0000000085e00000| Untracked 
|  63|0x0000000085f00000, 0x0000000085f00000, 0x0000000086000000|  0%| F|  |TAMS 0x0000000085f00000, 0x0000000085f00000| Untracked 
|  64|0x0000000086000000, 0x0000000086000000, 0x0000000086100000|  0%| F|  |TAMS 0x0000000086000000, 0x0000000086000000| Untracked 
|  65|0x0000000086100000, 0x0000000086165848, 0x0000000086200000| 39%| E|  |TAMS 0x0000000086100000, 0x0000000086100000| Complete 
|  66|0x0000000086200000, 0x0000000086300000, 0x0000000086300000|100%| E|CS|TAMS 0x0000000086200000, 0x0000000086200000| Complete 
|  67|0x0000000086300000, 0x0000000086400000, 0x0000000086400000|100%| E|CS|TAMS 0x0000000086300000, 0x0000000086300000| Complete 
|  68|0x0000000086400000, 0x0000000086500000, 0x0000000086500000|100%| E|CS|TAMS 0x0000000086400000, 0x0000000086400000| Complete 
|  69|0x0000000086500000, 0x0000000086600000, 0x0000000086600000|100%| E|CS|TAMS 0x0000000086500000, 0x0000000086500000| Complete 
|  70|0x0000000086600000, 0x0000000086700000, 0x0000000086700000|100%| E|CS|TAMS 0x0000000086600000, 0x0000000086600000| Complete 
|  71|0x0000000086700000, 0x0000000086800000, 0x0000000086800000|100%| E|CS|TAMS 0x0000000086700000, 0x0000000086700000| Complete 
|  72|0x0000000086800000, 0x0000000086900000, 0x0000000086900000|100%| E|CS|TAMS 0x0000000086800000, 0x0000000086800000| Complete 
|  73|0x0000000086900000, 0x0000000086a00000, 0x0000000086a00000|100%| E|CS|TAMS 0x0000000086900000, 0x0000000086900000| Complete 
|  74|0x0000000086a00000, 0x0000000086b00000, 0x0000000086b00000|100%| E|CS|TAMS 0x0000000086a00000, 0x0000000086a00000| Complete 
|  75|0x0000000086b00000, 0x0000000086c00000, 0x0000000086c00000|100%| E|CS|TAMS 0x0000000086b00000, 0x0000000086b00000| Complete 
|  76|0x0000000086c00000, 0x0000000086d00000, 0x0000000086d00000|100%| E|CS|TAMS 0x0000000086c00000, 0x0000000086c00000| Complete 
|  77|0x0000000086d00000, 0x0000000086e00000, 0x0000000086e00000|100%| E|CS|TAMS 0x0000000086d00000, 0x0000000086d00000| Complete 
|  78|0x0000000086e00000, 0x0000000086f00000, 0x0000000086f00000|100%| E|CS|TAMS 0x0000000086e00000, 0x0000000086e00000| Complete 
|  79|0x0000000086f00000, 0x0000000087000000, 0x0000000087000000|100%| E|CS|TAMS 0x0000000086f00000, 0x0000000086f00000| Complete 
|  80|0x0000000087000000, 0x0000000087100000, 0x0000000087100000|100%| E|CS|TAMS 0x0000000087000000, 0x0000000087000000| Complete 
|  81|0x0000000087100000, 0x0000000087200000, 0x0000000087200000|100%| E|CS|TAMS 0x0000000087100000, 0x0000000087100000| Complete 
|  82|0x0000000087200000, 0x0000000087300000, 0x0000000087300000|100%| E|CS|TAMS 0x0000000087200000, 0x0000000087200000| Complete 
|  83|0x0000000087300000, 0x0000000087400000, 0x0000000087400000|100%| E|CS|TAMS 0x0000000087300000, 0x0000000087300000| Complete 
|  84|0x0000000087400000, 0x0000000087500000, 0x0000000087500000|100%| E|CS|TAMS 0x0000000087400000, 0x0000000087400000| Complete 
|  85|0x0000000087500000, 0x0000000087600000, 0x0000000087600000|100%| E|CS|TAMS 0x0000000087500000, 0x0000000087500000| Complete 
| 125|0x0000000089d00000, 0x0000000089e00000, 0x0000000089e00000|100%| E|  |TAMS 0x0000000089d00000, 0x0000000089d00000| Complete 

Card table byte_map: [0x000001d0db3c0000,0x000001d0db7b0000] _byte_map_base: 0x000001d0dafb0000

Marking Bits (Prev, Next): (CMBitMap*) 0x000001d0c4489590, (CMBitMap*) 0x000001d0c44895d0
 Prev Bits: [0x000001d0dbba0000, 0x000001d0ddb20000)
 Next Bits: [0x000001d0ddb20000, 0x000001d0dfaa0000)

Polling page: 0x000001d0c3bc0000

Metaspace:

Usage:
  Non-class:     69.03 MB used.
      Class:     10.97 MB used.
       Both:     79.99 MB used.

Virtual space:
  Non-class space:      128.00 MB reserved,      69.44 MB ( 54%) committed,  2 nodes.
      Class space:        1.00 GB reserved,      11.31 MB (  1%) committed,  1 nodes.
             Both:        1.12 GB reserved,      80.75 MB (  7%) committed. 

Chunk freelists:
   Non-Class:  10.62 MB
       Class:  4.75 MB
        Both:  15.37 MB

MaxMetaspaceSize: unlimited
CompressedClassSpaceSize: 1.00 GB
Initial GC threshold: 21.00 MB
Current GC threshold: 129.06 MB
CDS: on
MetaspaceReclaimPolicy: balanced
 - commit_granule_bytes: 65536.
 - commit_granule_words: 8192.
 - virtual_space_node_default_size: 8388608.
 - enlarge_chunks_in_place: 1.
 - new_chunks_are_fully_committed: 0.
 - uncommit_free_chunks: 1.
 - use_allocation_guard: 0.
 - handle_deallocations: 1.


Internal statistics:

num_allocs_failed_limit: 9.
num_arena_births: 1020.
num_arena_deaths: 0.
num_vsnodes_births: 3.
num_vsnodes_deaths: 0.
num_space_committed: 1292.
num_space_uncommitted: 0.
num_chunks_returned_to_freelist: 9.
num_chunks_taken_from_freelist: 4005.
num_chunk_merges: 9.
num_chunk_splits: 2894.
num_chunks_enlarged: 2233.
num_inconsistent_stats: 0.

CodeHeap 'non-profiled nmethods': size=120000Kb used=4244Kb max_used=4244Kb free=115755Kb
 bounds [0x000001d0d3770000, 0x000001d0d3ba0000, 0x000001d0daca0000]
CodeHeap 'profiled nmethods': size=120000Kb used=14760Kb max_used=14760Kb free=105239Kb
 bounds [0x000001d0cbca0000, 0x000001d0ccb10000, 0x000001d0d31d0000]
CodeHeap 'non-nmethods': size=5760Kb used=1425Kb max_used=1508Kb free=4334Kb
 bounds [0x000001d0d31d0000, 0x000001d0d3440000, 0x000001d0d3770000]
 total_blobs=8424 nmethods=7727 adapters=608
 compilation: enabled
              stopped_count=0, restarted_count=0
 full_count=0

Compilation events (20 events):
Event: 293.355 Thread 0x000001d0e2505ef0 8577       1       org.springframework.security.web.ObservationFilterChainDecorator$FilterChainObservationContext::setChainSize (6 bytes)
Event: 293.355 Thread 0x000001d0e2505ef0 nmethod 8577 0x000001d0d3b94590 code [0x000001d0d3b94720, 0x000001d0d3b947f8]
Event: 293.355 Thread 0x000001d0e2505ef0 8578       1       org.springframework.security.web.ObservationFilterChainDecorator$FilterChainObservationContext::setFilterName (6 bytes)
Event: 293.355 Thread 0x000001d0e2505ef0 nmethod 8578 0x000001d0d3b94890 code [0x000001d0d3b94a20, 0x000001d0d3b94b38]
Event: 293.355 Thread 0x000001d0e2505ef0 8579       1       org.springframework.security.web.ObservationFilterChainDecorator$FilterChainObservationContext::setChainPosition (6 bytes)
Event: 293.355 Thread 0x000001d0e2505ef0 nmethod 8579 0x000001d0d3b94b90 code [0x000001d0d3b94d20, 0x000001d0d3b94df8]
Event: 293.355 Thread 0x000001d0e2505ef0 8580       1       io.micrometer.observation.SimpleEvent::getName (5 bytes)
Event: 293.356 Thread 0x000001d0e2505ef0 nmethod 8580 0x000001d0d3b94e90 code [0x000001d0d3b95020, 0x000001d0d3b950f8]
Event: 293.358 Thread 0x000001d0e2505ef0 8582       3       org.apache.tomcat.util.buf.AbstractChunk::recycle (21 bytes)
Event: 293.358 Thread 0x000001d0e2505ef0 nmethod 8582 0x000001d0ccb07a10 code [0x000001d0ccb07ba0, 0x000001d0ccb07cb8]
Event: 293.359 Thread 0x000001d0e2505ef0 8583       3       org.apache.catalina.core.StandardContext::getApplicationEventListeners (10 bytes)
Event: 293.360 Thread 0x000001d0e2505ef0 nmethod 8583 0x000001d0ccb07d90 code [0x000001d0ccb07f40, 0x000001d0ccb08128]
Event: 293.360 Thread 0x000001d0e2505ef0 8584       3       java.util.concurrent.CopyOnWriteArrayList::toArray (11 bytes)
Event: 293.360 Thread 0x000001d0e2505ef0 nmethod 8584 0x000001d0ccb08210 code [0x000001d0ccb083c0, 0x000001d0ccb086a8]
Event: 293.360 Thread 0x000001d0e2505ef0 8585       3       java.util.concurrent.atomic.AtomicReference::compareAndSet (10 bytes)
Event: 293.361 Thread 0x000001d0e2505ef0 nmethod 8585 0x000001d0ccb08790 code [0x000001d0ccb08a40, 0x000001d0ccb09698]
Event: 293.364 Thread 0x000001d0e2505ef0 8586       3       org.apache.tomcat.util.buf.MessageBytes::recycle (35 bytes)
Event: 293.364 Thread 0x000001d0e2505ef0 nmethod 8586 0x000001d0ccb09b90 code [0x000001d0ccb09d40, 0x000001d0ccb0a098]
Event: 293.364 Thread 0x000001d0e2505ef0 8587       3       org.apache.tomcat.util.buf.ByteChunk::recycle (10 bytes)
Event: 293.365 Thread 0x000001d0e2505ef0 nmethod 8587 0x000001d0ccb0a210 code [0x000001d0ccb0a3a0, 0x000001d0ccb0a558]

GC Heap History (20 events):
Event: 10.252 GC heap before
{Heap before GC invocations=19 (full 0):
 garbage-first heap   total 61440K, used 50327K [0x0000000082000000, 0x0000000100000000)
  region size 1024K, 23 young (23552K), 3 survivors (3072K)
 Metaspace       used 66844K, committed 67392K, reserved 1114112K
  class space    used 9118K, committed 9408K, reserved 1048576K
}
Event: 10.257 GC heap after
{Heap after GC invocations=20 (full 0):
 garbage-first heap   total 61440K, used 31710K [0x0000000082000000, 0x0000000100000000)
  region size 1024K, 2 young (2048K), 2 survivors (2048K)
 Metaspace       used 66844K, committed 67392K, reserved 1114112K
  class space    used 9118K, committed 9408K, reserved 1048576K
}
Event: 10.435 GC heap before
{Heap before GC invocations=20 (full 0):
 garbage-first heap   total 61440K, used 50142K [0x0000000082000000, 0x0000000100000000)
  region size 1024K, 20 young (20480K), 2 survivors (2048K)
 Metaspace       used 68728K, committed 69312K, reserved 1114112K
  class space    used 9484K, committed 9728K, reserved 1048576K
}
Event: 10.439 GC heap after
{Heap after GC invocations=21 (full 0):
 garbage-first heap   total 61440K, used 33266K [0x0000000082000000, 0x0000000100000000)
  region size 1024K, 2 young (2048K), 2 survivors (2048K)
 Metaspace       used 68728K, committed 69312K, reserved 1114112K
  class space    used 9484K, committed 9728K, reserved 1048576K
}
Event: 10.756 GC heap before
{Heap before GC invocations=22 (full 0):
 garbage-first heap   total 65536K, used 49650K [0x0000000082000000, 0x0000000100000000)
  region size 1024K, 19 young (19456K), 2 survivors (2048K)
 Metaspace       used 70265K, committed 70784K, reserved 1114112K
  class space    used 9674K, committed 9920K, reserved 1048576K
}
Event: 10.759 GC heap after
{Heap after GC invocations=23 (full 0):
 garbage-first heap   total 65536K, used 34189K [0x0000000082000000, 0x0000000100000000)
  region size 1024K, 3 young (3072K), 3 survivors (3072K)
 Metaspace       used 70265K, committed 70784K, reserved 1114112K
  class space    used 9674K, committed 9920K, reserved 1048576K
}
Event: 10.935 GC heap before
{Heap before GC invocations=23 (full 0):
 garbage-first heap   total 65536K, used 52621K [0x0000000082000000, 0x0000000100000000)
  region size 1024K, 21 young (21504K), 3 survivors (3072K)
 Metaspace       used 71573K, committed 72192K, reserved 1114112K
  class space    used 9844K, committed 10112K, reserved 1048576K
}
Event: 10.939 GC heap after
{Heap after GC invocations=24 (full 0):
 garbage-first heap   total 65536K, used 35305K [0x0000000082000000, 0x0000000100000000)
  region size 1024K, 3 young (3072K), 3 survivors (3072K)
 Metaspace       used 71573K, committed 72192K, reserved 1114112K
  class space    used 9844K, committed 10112K, reserved 1048576K
}
Event: 11.201 GC heap before
{Heap before GC invocations=25 (full 0):
 garbage-first heap   total 65536K, used 52713K [0x0000000082000000, 0x0000000100000000)
  region size 1024K, 20 young (20480K), 3 survivors (3072K)
 Metaspace       used 73166K, committed 73728K, reserved 1114112K
  class space    used 10065K, committed 10304K, reserved 1048576K
}
Event: 11.204 GC heap after
{Heap after GC invocations=26 (full 0):
 garbage-first heap   total 65536K, used 36648K [0x0000000082000000, 0x0000000100000000)
  region size 1024K, 3 young (3072K), 3 survivors (3072K)
 Metaspace       used 73166K, committed 73728K, reserved 1114112K
  class space    used 10065K, committed 10304K, reserved 1048576K
}
Event: 11.401 GC heap before
{Heap before GC invocations=26 (full 0):
 garbage-first heap   total 65536K, used 53032K [0x0000000082000000, 0x0000000100000000)
  region size 1024K, 19 young (19456K), 3 survivors (3072K)
 Metaspace       used 73971K, committed 74496K, reserved 1114112K
  class space    used 10191K, committed 10432K, reserved 1048576K
}
Event: 11.405 GC heap after
{Heap after GC invocations=27 (full 0):
 garbage-first heap   total 65536K, used 37832K [0x0000000082000000, 0x0000000100000000)
  region size 1024K, 3 young (3072K), 3 survivors (3072K)
 Metaspace       used 73971K, committed 74496K, reserved 1114112K
  class space    used 10191K, committed 10432K, reserved 1048576K
}
Event: 11.648 GC heap before
{Heap before GC invocations=28 (full 0):
 garbage-first heap   total 70656K, used 52168K [0x0000000082000000, 0x0000000100000000)
  region size 1024K, 18 young (18432K), 3 survivors (3072K)
 Metaspace       used 74575K, committed 75200K, reserved 1114112K
  class space    used 10277K, committed 10560K, reserved 1048576K
}
Event: 11.652 GC heap after
{Heap after GC invocations=29 (full 0):
 garbage-first heap   total 70656K, used 38724K [0x0000000082000000, 0x0000000100000000)
  region size 1024K, 3 young (3072K), 3 survivors (3072K)
 Metaspace       used 74575K, committed 75200K, reserved 1114112K
  class space    used 10277K, committed 10560K, reserved 1048576K
}
Event: 11.901 GC heap before
{Heap before GC invocations=29 (full 0):
 garbage-first heap   total 70656K, used 58180K [0x0000000082000000, 0x0000000100000000)
  region size 1024K, 22 young (22528K), 3 survivors (3072K)
 Metaspace       used 75976K, committed 76544K, reserved 1179648K
  class space    used 10447K, committed 10688K, reserved 1048576K
}
Event: 11.905 GC heap after
{Heap after GC invocations=30 (full 0):
 garbage-first heap   total 70656K, used 40645K [0x0000000082000000, 0x0000000100000000)
  region size 1024K, 3 young (3072K), 3 survivors (3072K)
 Metaspace       used 75976K, committed 76544K, reserved 1179648K
  class space    used 10447K, committed 10688K, reserved 1048576K
}
Event: 12.113 GC heap before
{Heap before GC invocations=31 (full 0):
 garbage-first heap   total 73728K, used 59077K [0x0000000082000000, 0x0000000100000000)
  region size 1024K, 21 young (21504K), 3 survivors (3072K)
 Metaspace       used 76787K, committed 77376K, reserved 1179648K
  class space    used 10569K, committed 10880K, reserved 1048576K
}
Event: 12.117 GC heap after
{Heap after GC invocations=32 (full 0):
 garbage-first heap   total 73728K, used 41827K [0x0000000082000000, 0x0000000100000000)
  region size 1024K, 2 young (2048K), 2 survivors (2048K)
 Metaspace       used 76787K, committed 77376K, reserved 1179648K
  class space    used 10569K, committed 10880K, reserved 1048576K
}
Event: 13.273 GC heap before
{Heap before GC invocations=32 (full 0):
 garbage-first heap   total 73728K, used 60259K [0x0000000082000000, 0x0000000100000000)
  region size 1024K, 20 young (20480K), 2 survivors (2048K)
 Metaspace       used 78256K, committed 78912K, reserved 1179648K
  class space    used 10794K, committed 11136K, reserved 1048576K
}
Event: 13.277 GC heap after
{Heap after GC invocations=33 (full 0):
 garbage-first heap   total 89088K, used 42907K [0x0000000082000000, 0x0000000100000000)
  region size 1024K, 3 young (3072K), 3 survivors (3072K)
 Metaspace       used 78256K, committed 78912K, reserved 1179648K
  class space    used 10794K, committed 11136K, reserved 1048576K
}

Deoptimization events (20 events):
Event: 290.679 Thread 0x000001d0e95d8d50 DEOPT PACKING pc=0x000001d0cc19cf84 sp=0x00000011cadfd570
Event: 290.679 Thread 0x000001d0e95d8d50 DEOPT UNPACKING pc=0x000001d0d3222b43 sp=0x00000011cadfcbd0 mode 1
Event: 290.927 Thread 0x000001d0e95d8d50 Uncommon trap: trap_request=0xffffff45 fr.pc=0x000001d0d38750d8 relative=0x00000000000001d8
Event: 290.927 Thread 0x000001d0e95d8d50 Uncommon trap: reason=unstable_if action=reinterpret pc=0x000001d0d38750d8 method=java.lang.String.indexOf(Ljava/lang/String;)I @ 10 c2
Event: 290.927 Thread 0x000001d0e95d8d50 DEOPT PACKING pc=0x000001d0d38750d8 sp=0x00000011cadfdad0
Event: 290.927 Thread 0x000001d0e95d8d50 DEOPT UNPACKING pc=0x000001d0d32223a3 sp=0x00000011cadfda60 mode 2
Event: 292.058 Thread 0x000001d0e95d8d50 Uncommon trap: trap_request=0xffffffdc fr.pc=0x000001d0d3b72904 relative=0x0000000000000264
Event: 292.058 Thread 0x000001d0e95d8d50 Uncommon trap: reason=class_check action=make_not_entrant pc=0x000001d0d3b72904 method=java.util.ArrayList.toArray([Ljava/lang/Object;)[Ljava/lang/Object; @ 21 c2
Event: 292.058 Thread 0x000001d0e95d8d50 DEOPT PACKING pc=0x000001d0d3b72904 sp=0x00000011cadfb1e0
Event: 292.058 Thread 0x000001d0e95d8d50 DEOPT UNPACKING pc=0x000001d0d32223a3 sp=0x00000011cadfb1c0 mode 2
Event: 292.308 Thread 0x000001d0e95d8d50 Uncommon trap: trap_request=0xffffff45 fr.pc=0x000001d0d3874c38 relative=0x00000000000001b8
Event: 292.308 Thread 0x000001d0e95d8d50 Uncommon trap: reason=unstable_if action=reinterpret pc=0x000001d0d3874c38 method=java.lang.StringLatin1.indexOf([B[B)I @ 9 c2
Event: 292.308 Thread 0x000001d0e95d8d50 DEOPT PACKING pc=0x000001d0d3874c38 sp=0x00000011cadfdc90
Event: 292.308 Thread 0x000001d0e95d8d50 DEOPT UNPACKING pc=0x000001d0d32223a3 sp=0x00000011cadfdc30 mode 2
Event: 292.982 Thread 0x000001d0e95d8330 Uncommon trap: trap_request=0xffffff45 fr.pc=0x000001d0d3b303b4 relative=0x0000000000001754
Event: 292.982 Thread 0x000001d0e95d8330 Uncommon trap: reason=unstable_if action=reinterpret pc=0x000001d0d3b303b4 method=java.util.concurrent.ConcurrentHashMap.putVal(Ljava/lang/Object;Ljava/lang/Object;Z)Ljava/lang/Object; @ 97 c2
Event: 292.982 Thread 0x000001d0e95d8330 DEOPT PACKING pc=0x000001d0d3b303b4 sp=0x00000011cacf9830
Event: 292.983 Thread 0x000001d0e95d8330 DEOPT UNPACKING pc=0x000001d0d32223a3 sp=0x00000011cacf97e8 mode 2
Event: 293.363 Thread 0x000001d0e95d8d50 DEOPT PACKING pc=0x000001d0cc9afdac sp=0x00000011cadfe5d0
Event: 293.364 Thread 0x000001d0e95d8d50 DEOPT UNPACKING pc=0x000001d0d3222b43 sp=0x00000011cadfda98 mode 1

Classes unloaded (0 events):
No events

Classes redefined (0 events):
No events

Internal exceptions (20 events):
Event: 13.689 Thread 0x000001d0e8992040 Exception <a 'java/lang/ClassNotFoundException'{0x00000000870669b8}: org/springframework/boot/actuate/endpoint/jmx/EndpointMBean> (0x00000000870669b8) 
thrown [s\open\src\hotspot\share\classfile\systemDictionary.cpp, line 256]
Event: 13.689 Thread 0x000001d0e8992040 Exception <a 'java/lang/ClassNotFoundException'{0x0000000087066d68}: org/springframework/boot/actuate/endpoint/jmx/DataEndpointMBean> (0x0000000087066d68) 
thrown [s\open\src\hotspot\share\classfile\systemDictionary.cpp, line 256]
Event: 13.689 Thread 0x000001d0e8992040 Exception <a 'java/lang/ClassNotFoundException'{0x0000000087067110}: org/springframework/context/support/LiveBeansView> (0x0000000087067110) 
thrown [s\open\src\hotspot\share\classfile\systemDictionary.cpp, line 256]
Event: 13.694 Thread 0x000001d0e8992040 Exception <a 'java/lang/ClassNotFoundException'{0x00000000870b49a0}: org/springframework/boot/actuate/endpoint/jmx/EndpointMBean> (0x00000000870b49a0) 
thrown [s\open\src\hotspot\share\classfile\systemDictionary.cpp, line 256]
Event: 13.698 Thread 0x000001d0e8992040 Exception <a 'java/lang/ClassNotFoundException'{0x00000000870fecf0}: org/springframework/boot/actuate/endpoint/jmx/DataEndpointMBean> (0x00000000870fecf0) 
thrown [s\open\src\hotspot\share\classfile\systemDictionary.cpp, line 256]
Event: 13.700 Thread 0x000001d0e8992040 Exception <a 'java/lang/ClassNotFoundException'{0x0000000086f49318}: org/springframework/context/support/LiveBeansView> (0x0000000086f49318) 
thrown [s\open\src\hotspot\share\classfile\systemDictionary.cpp, line 256]
Event: 13.701 Thread 0x000001d0e8992040 Exception <a 'java/lang/ClassNotFoundException'{0x0000000086f4cb80}: org/springframework/boot/actuate/endpoint/jmx/EndpointMBean> (0x0000000086f4cb80) 
thrown [s\open\src\hotspot\share\classfile\systemDictionary.cpp, line 256]
Event: 13.701 Thread 0x000001d0e8992040 Exception <a 'java/lang/ClassNotFoundException'{0x0000000086f4cf50}: org/springframework/boot/actuate/endpoint/jmx/DataEndpointMBean> (0x0000000086f4cf50) 
thrown [s\open\src\hotspot\share\classfile\systemDictionary.cpp, line 256]
Event: 13.701 Thread 0x000001d0e8992040 Exception <a 'java/lang/ClassNotFoundException'{0x0000000086f4d318}: org/springframework/context/support/LiveBeansView> (0x0000000086f4d318) 
thrown [s\open\src\hotspot\share\classfile\systemDictionary.cpp, line 256]
Event: 13.701 Thread 0x000001d0e8992040 Exception <a 'java/lang/ClassNotFoundException'{0x0000000086f4d6d0}: org/springframework/boot/actuate/endpoint/jmx/EndpointMBean> (0x0000000086f4d6d0) 
thrown [s\open\src\hotspot\share\classfile\systemDictionary.cpp, line 256]
Event: 13.701 Thread 0x000001d0e8992040 Exception <a 'java/lang/ClassNotFoundException'{0x0000000086f4da88}: org/springframework/boot/actuate/endpoint/jmx/DataEndpointMBean> (0x0000000086f4da88) 
thrown [s\open\src\hotspot\share\classfile\systemDictionary.cpp, line 256]
Event: 13.701 Thread 0x000001d0e8992040 Exception <a 'java/lang/ClassNotFoundException'{0x0000000086f4de38}: org/springframework/context/support/LiveBeansView> (0x0000000086f4de38) 
thrown [s\open\src\hotspot\share\classfile\systemDictionary.cpp, line 256]
Event: 13.701 Thread 0x000001d0e8992040 Exception <a 'java/lang/ClassNotFoundException'{0x0000000086f4e1f0}: org/springframework/boot/actuate/endpoint/jmx/EndpointMBean> (0x0000000086f4e1f0) 
thrown [s\open\src\hotspot\share\classfile\systemDictionary.cpp, line 256]
Event: 13.701 Thread 0x000001d0e8992040 Exception <a 'java/lang/ClassNotFoundException'{0x0000000086f4e5a8}: org/springframework/boot/actuate/endpoint/jmx/DataEndpointMBean> (0x0000000086f4e5a8) 
thrown [s\open\src\hotspot\share\classfile\systemDictionary.cpp, line 256]
Event: 13.701 Thread 0x000001d0e8992040 Exception <a 'java/lang/ClassNotFoundException'{0x0000000086f4e958}: org/springframework/context/support/LiveBeansView> (0x0000000086f4e958) 
thrown [s\open\src\hotspot\share\classfile\systemDictionary.cpp, line 256]
Event: 13.710 Thread 0x000001d0e8992040 Exception <a 'java/lang/NoSuchMethodError'{0x0000000086f73dc8}: 'double java.lang.invoke.DirectMethodHandle$Holder.invokeInterface(java.lang.Object, java.lang.Object)'> (0x0000000086f73dc8) 
thrown [s\open\src\hotspot\share\interpreter\linkResolver.cpp, line 759]
Event: 289.816 Thread 0x000001d0e95d8d50 Exception <a 'java/lang/NoSuchMethodError'{0x0000000086707798}: 'java.lang.Object java.lang.invoke.DirectMethodHandle$Holder.invokeSpecial(java.lang.Object, java.lang.Object, java.lang.Object, java.lang.Object, java.lang.Object, long)'> (0x0000000086707798) 
thrown [s\open\src\hotspot\share\interpreter\linkResolver.cpp, line 759]
Event: 289.825 Thread 0x000001d0e95d8d50 Exception <a 'java/lang/NoSuchMethodError'{0x000000008670b1d8}: 'java.lang.Object java.lang.invoke.Invokers$Holder.linkToTargetMethod(java.lang.Object, java.lang.Object, java.lang.Object, long, java.lang.Object)'> (0x000000008670b1d8) 
thrown [s\open\src\hotspot\share\interpreter\linkResolver.cpp, line 759]
Event: 290.881 Thread 0x000001d0e95d8d50 Exception <a 'java/lang/NoSuchMethodError'{0x000000008652a698}: 'java.lang.Object java.lang.invoke.DirectMethodHandle$Holder.invokeStatic(java.lang.Object, int, int)'> (0x000000008652a698) 
thrown [s\open\src\hotspot\share\interpreter\linkResolver.cpp, line 759]
Event: 293.363 Thread 0x000001d0e95d8d50 Exception <a 'java/io/IOException'{0x000000008614ee10}> (0x000000008614ee10) 
thrown [s\open\src\hotspot\share\prims\jni.cpp, line 516]

VM Operations (20 events):
Event: 287.594 Executing VM operation: HandshakeAllThreads
Event: 287.598 Executing VM operation: HandshakeAllThreads done
Event: 288.601 Executing VM operation: Cleanup
Event: 288.626 Executing VM operation: Cleanup done
Event: 290.297 Executing VM operation: HandshakeAllThreads
Event: 290.297 Executing VM operation: HandshakeAllThreads done
Event: 290.297 Executing VM operation: Cleanup
Event: 290.297 Executing VM operation: Cleanup done
Event: 291.297 Executing VM operation: Cleanup
Event: 291.297 Executing VM operation: Cleanup done
Event: 291.379 Executing VM operation: HandshakeAllThreads
Event: 291.379 Executing VM operation: HandshakeAllThreads done
Event: 292.385 Executing VM operation: Cleanup
Event: 292.386 Executing VM operation: Cleanup done
Event: 292.565 Executing VM operation: HandshakeAllThreads
Event: 292.565 Executing VM operation: HandshakeAllThreads done
Event: 292.642 Executing VM operation: HandshakeAllThreads
Event: 292.642 Executing VM operation: HandshakeAllThreads done
Event: 292.979 Executing VM operation: HandshakeAllThreads
Event: 292.979 Executing VM operation: HandshakeAllThreads done

Events (20 events):
Event: 290.574 loading class java/util/concurrent/ArrayBlockingQueue$Itr
Event: 290.575 loading class java/util/concurrent/ArrayBlockingQueue$Itr done
Event: 290.893 loading class java/util/ArrayList$SubList$2
Event: 290.894 loading class java/util/ArrayList$SubList$2 done
Event: 291.145 loading class java/time/format/DateTimeFormatterBuilder$ZoneTextPrinterParser
Event: 291.146 loading class java/time/format/DateTimeFormatterBuilder$ZoneTextPrinterParser done
Event: 291.147 loading class java/time/format/DateTimeFormatterBuilder$ReducedPrinterParser
Event: 291.147 loading class java/time/format/DateTimeFormatterBuilder$ReducedPrinterParser done
Event: 291.376 loading class java/util/ArrayDeque$DescendingIterator
Event: 291.376 loading class java/util/ArrayDeque$DescendingIterator done
Event: 292.141 loading class java/util/stream/ReferencePipeline$4
Event: 292.143 loading class java/util/stream/ReferencePipeline$4 done
Event: 292.145 loading class java/util/function/IntBinaryOperator
Event: 292.150 loading class java/util/function/IntBinaryOperator done
Event: 292.190 loading class java/util/stream/ReduceOps$7
Event: 292.211 loading class java/util/stream/ReduceOps$7 done
Event: 292.211 loading class java/util/stream/ReduceOps$6ReducingSink
Event: 292.238 loading class java/util/stream/ReduceOps$6ReducingSink done
Event: 292.238 loading class java/util/stream/ReferencePipeline$4$1
Event: 292.241 loading class java/util/stream/ReferencePipeline$4$1 done


Dynamic libraries:
0x00007ff7dd9d0000 - 0x00007ff7dd9e0000 	C:\Program Files\Java\jdk-17\bin\java.exe
0x00007ffa7d1f0000 - 0x00007ffa7d407000 	C:\WINDOWS\SYSTEM32\ntdll.dll
0x00007ffa7cc10000 - 0x00007ffa7ccd4000 	C:\WINDOWS\System32\KERNEL32.DLL
0x00007ffa7a820000 - 0x00007ffa7abcc000 	C:\WINDOWS\System32\KERNELBASE.dll
0x00000000778b0000 - 0x0000000077be2000 	C:\Program Files\Norton Security\NortonData\22.21.8.62\Definitions\IPSDefs\20231229.064\IPSEng64.dll
0x00007ffa7cb50000 - 0x00007ffa7cc02000 	C:\WINDOWS\System32\ADVAPI32.dll
0x00007ffa7cd50000 - 0x00007ffa7cdf7000 	C:\WINDOWS\System32\msvcrt.dll
0x00007ffa7af80000 - 0x00007ffa7b028000 	C:\WINDOWS\System32\sechost.dll
0x00007ffa7acf0000 - 0x00007ffa7ad18000 	C:\WINDOWS\System32\bcrypt.dll
0x00007ffa7c020000 - 0x00007ffa7c135000 	C:\WINDOWS\System32\RPCRT4.dll
0x00007ffa7b8c0000 - 0x00007ffa7b8c8000 	C:\WINDOWS\System32\PSAPI.DLL
0x00007ffa7a5c0000 - 0x00007ffa7a6d1000 	C:\WINDOWS\System32\ucrtbase.dll
0x00007ffa67f10000 - 0x00007ffa67f29000 	C:\Program Files\Java\jdk-17\bin\jli.dll
0x00007ffa7b030000 - 0x00007ffa7b1de000 	C:\WINDOWS\System32\USER32.dll
0x00007ffa7a590000 - 0x00007ffa7a5b6000 	C:\WINDOWS\System32\win32u.dll
0x00007ffa605d0000 - 0x00007ffa60863000 	C:\WINDOWS\WinSxS\amd64_microsoft.windows.common-controls_6595b64144ccf1df_6.0.22621.3672_none_2713b9d173822955\COMCTL32.dll
0x00007ffa67c00000 - 0x00007ffa67c1b000 	C:\Program Files\Java\jdk-17\bin\VCRUNTIME140.dll
0x00007ffa7b8d0000 - 0x00007ffa7b8f9000 	C:\WINDOWS\System32\GDI32.dll
0x00007ffa7abd0000 - 0x00007ffa7ace9000 	C:\WINDOWS\System32\gdi32full.dll
0x00007ffa7ad20000 - 0x00007ffa7adba000 	C:\WINDOWS\System32\msvcp_win.dll
0x00007ffa75ad0000 - 0x00007ffa75ada000 	C:\WINDOWS\SYSTEM32\VERSION.dll
0x00007ffa7af30000 - 0x00007ffa7af61000 	C:\WINDOWS\System32\IMM32.DLL
0x00007ffa72260000 - 0x00007ffa7226c000 	C:\Program Files\Java\jdk-17\bin\vcruntime140_1.dll
0x00007ffa299e0000 - 0x00007ffa29a6e000 	C:\Program Files\Java\jdk-17\bin\msvcp140.dll
0x00007ffa10e10000 - 0x00007ffa119ef000 	C:\Program Files\Java\jdk-17\bin\server\jvm.dll
0x00007ffa75e70000 - 0x00007ffa75e79000 	C:\WINDOWS\SYSTEM32\WSOCK32.dll
0x00007ffa743e0000 - 0x00007ffa74414000 	C:\WINDOWS\SYSTEM32\WINMM.dll
0x00007ffa7b900000 - 0x00007ffa7b971000 	C:\WINDOWS\System32\WS2_32.dll
0x00007ffa79600000 - 0x00007ffa79618000 	C:\WINDOWS\SYSTEM32\kernel.appcore.dll
0x00007ffa71600000 - 0x00007ffa7160a000 	C:\Program Files\Java\jdk-17\bin\jimage.dll
0x00007ffa778f0000 - 0x00007ffa77b22000 	C:\WINDOWS\SYSTEM32\DBGHELP.DLL
0x00007ffa7b2f0000 - 0x00007ffa7b678000 	C:\WINDOWS\System32\combase.dll
0x00007ffa7b680000 - 0x00007ffa7b757000 	C:\WINDOWS\System32\OLEAUT32.dll
0x00007ffa72b40000 - 0x00007ffa72b72000 	C:\WINDOWS\SYSTEM32\dbgcore.DLL
0x00007ffa7a6e0000 - 0x00007ffa7a75b000 	C:\WINDOWS\System32\bcryptPrimitives.dll
0x00007ffa54d70000 - 0x00007ffa54dab000 	C:\Program Files\Java\jdk-17\bin\jdwp.dll
0x00007ffa54cf0000 - 0x00007ffa54d15000 	C:\Program Files\Java\jdk-17\bin\java.dll
0x00007ffa25410000 - 0x00007ffa254e7000 	C:\Program Files\Java\jdk-17\bin\jsvml.dll
0x00007ffa7c2f0000 - 0x00007ffa7cb4c000 	C:\WINDOWS\System32\SHELL32.dll
0x00007ffa78430000 - 0x00007ffa78d27000 	C:\WINDOWS\SYSTEM32\windows.storage.dll
0x00007ffa782f0000 - 0x00007ffa7842f000 	C:\WINDOWS\SYSTEM32\wintypes.dll
0x00007ffa7b980000 - 0x00007ffa7ba74000 	C:\WINDOWS\System32\SHCORE.dll
0x00007ffa7ce20000 - 0x00007ffa7ce7e000 	C:\WINDOWS\System32\shlwapi.dll
0x00007ffa7a450000 - 0x00007ffa7a471000 	C:\WINDOWS\SYSTEM32\profapi.dll
0x00007ffa70640000 - 0x00007ffa7064c000 	C:\Program Files\Java\jdk-17\bin\dt_socket.dll
0x00007ffa79000000 - 0x00007ffa7902d000 	C:\WINDOWS\SYSTEM32\IPHLPAPI.DLL
0x00007ffa79a60000 - 0x00007ffa79ac9000 	C:\WINDOWS\system32\mswsock.dll
0x00007ffa79070000 - 0x00007ffa79168000 	C:\WINDOWS\SYSTEM32\DNSAPI.dll
0x00007ffa7c010000 - 0x00007ffa7c019000 	C:\WINDOWS\System32\NSI.dll
0x00007ffa6f8c0000 - 0x00007ffa6f8ca000 	C:\Windows\System32\rasadhlp.dll
0x00007ffa75b80000 - 0x00007ffa75c03000 	C:\WINDOWS\System32\fwpuclnt.dll
0x00007ffa64930000 - 0x00007ffa64949000 	C:\Program Files\Java\jdk-17\bin\net.dll
0x00007ffa769c0000 - 0x00007ffa76af6000 	C:\WINDOWS\SYSTEM32\WINHTTP.dll
0x00007ffa62f90000 - 0x00007ffa62fa6000 	C:\Program Files\Java\jdk-17\bin\nio.dll
0x00007ffa5f6e0000 - 0x00007ffa5f6f8000 	C:\Program Files\Java\jdk-17\bin\zip.dll
0x00007ffa702b0000 - 0x00007ffa702ba000 	C:\Program Files\Java\jdk-17\bin\management.dll
0x00007ffa6de30000 - 0x00007ffa6de3b000 	C:\Program Files\Java\jdk-17\bin\management_ext.dll
0x00007ffa64040000 - 0x00007ffa64057000 	C:\WINDOWS\system32\napinsp.dll
0x00007ffa63200000 - 0x00007ffa6321b000 	C:\WINDOWS\system32\pnrpnsp.dll
0x00007ffa631e0000 - 0x00007ffa631f1000 	C:\WINDOWS\System32\winrnr.dll
0x00007ffa63000000 - 0x00007ffa63015000 	C:\WINDOWS\system32\wshbth.dll
0x00007ffa62f20000 - 0x00007ffa62f47000 	C:\WINDOWS\system32\nlansp_c.dll
0x00007ffa79ca0000 - 0x00007ffa79cbb000 	C:\WINDOWS\SYSTEM32\CRYPTSP.dll
0x00007ffa79560000 - 0x00007ffa79595000 	C:\WINDOWS\system32\rsaenh.dll
0x00007ffa79b10000 - 0x00007ffa79b38000 	C:\WINDOWS\SYSTEM32\USERENV.dll
0x00007ffa79c90000 - 0x00007ffa79c9c000 	C:\WINDOWS\SYSTEM32\CRYPTBASE.dll
0x00007ffa766a0000 - 0x00007ffa766b9000 	C:\WINDOWS\SYSTEM32\dhcpcsvc6.DLL
0x00007ffa76680000 - 0x00007ffa7669f000 	C:\WINDOWS\SYSTEM32\dhcpcsvc.DLL
0x00007ffa67480000 - 0x00007ffa6748e000 	C:\Program Files\Java\jdk-17\bin\sunmscapi.dll
0x00007ffa7adc0000 - 0x00007ffa7af27000 	C:\WINDOWS\System32\CRYPT32.dll
0x00007ffa79eb0000 - 0x00007ffa79ede000 	C:\WINDOWS\SYSTEM32\ncrypt.dll
0x00007ffa79e70000 - 0x00007ffa79ea7000 	C:\WINDOWS\SYSTEM32\NTASN1.dll
0x00007ffa66180000 - 0x00007ffa66190000 	C:\Program Files\Java\jdk-17\bin\verify.dll
0x00007ffa65cf0000 - 0x00007ffa65cf8000 	C:\WINDOWS\system32\wshunix.dll

dbghelp: loaded successfully - version: 4.0.5 - missing functions: none
symbol engine: initialized successfully - sym options: 0x614 - pdb path: .;C:\Program Files\Java\jdk-17\bin;C:\WINDOWS\SYSTEM32;C:\Program Files\Norton Security\NortonData\22.21.8.62\Definitions\IPSDefs\20231229.064;C:\WINDOWS\WinSxS\amd64_microsoft.windows.common-controls_6595b64144ccf1df_6.0.22621.3672_none_2713b9d173822955;C:\Program Files\Java\jdk-17\bin\server

VM Arguments:
jvm_args: -agentlib:jdwp=transport=dt_socket,server=n,suspend=y,address=localhost:58908 -XX:+ShowCodeDetailsInExceptionMessages -Dspring.jmx.enabled=true -Dmanagement.endpoints.jmx.exposure.include=* -Dspring.application.admin.enabled=true -Dspring.boot.project.name=foodwastereductionplatform -Djava.rmi.server.hostname=localhost -Dcom.sun.management.jmxremote.port=45556 -Dcom.sun.management.jmxremote.authenticate=false -Dcom.sun.management.jmxremote.ssl=false 
java_command: com.webapp.foodwastereductionplatform.FoodwastereductionplatformApplication
java_class_path (initial): D:\My Project home\foodwastereductionplatform\Backend\target\classes;C:\Users\sanke\.m2\repository\org\springframework\boot\spring-boot-starter-actuator\3.2.5\spring-boot-starter-actuator-3.2.5.jar;C:\Users\sanke\.m2\repository\org\springframework\boot\spring-boot-starter\3.2.5\spring-boot-starter-3.2.5.jar;C:\Users\sanke\.m2\repository\org\springframework\boot\spring-boot\3.2.5\spring-boot-3.2.5.jar;C:\Users\sanke\.m2\repository\org\springframework\boot\spring-boot-autoconfigure\3.2.5\spring-boot-autoconfigure-3.2.5.jar;C:\Users\sanke\.m2\repository\org\springframework\boot\spring-boot-starter-logging\3.2.5\spring-boot-starter-logging-3.2.5.jar;C:\Users\sanke\.m2\repository\ch\qos\logback\logback-classic\1.4.14\logback-classic-1.4.14.jar;C:\Users\sanke\.m2\repository\ch\qos\logback\logback-core\1.4.14\logback-core-1.4.14.jar;C:\Users\sanke\.m2\repository\org\apache\logging\log4j\log4j-to-slf4j\2.21.1\log4j-to-slf4j-2.21.1.jar;C:\Users\sanke\.m2\repository\org\apache\logging\log4j\log4j-api\2.21.1\log4j-api-2.21.1.jar;C:\Users\sanke\.m2\repository\org\slf4j\jul-to-slf4j\2.0.13\jul-to-slf4j-2.0.13.jar;C:\Users\sanke\.m2\repository\jakarta\annotation\jakarta.annotation-api\2.1.1\jakarta.annotation-api-2.1.1.jar;C:\Users\sanke\.m2\repository\org\yaml\snakeyaml\2.2\snakeyaml-2.2.jar;C:\Users\sanke\.m2\repository\org\springframework\boot\spring-boot-actuator-autoconfigure\3.2.5\spring-boot-actuator-autoconfigure-3.2.5.jar;C:\Users\sanke\.m2\repository\org\springframework\boot\spring-boot-actuator\3.2.5\spring-boot-actuator-3.2.5.jar;C:\Users\sanke\.m2\repository\com\fasterxml\jackson\datatype\jackson-datatype-jsr310\2.15.4\jackson-datatype-jsr310-2.15.4.jar;C:\Users\sanke\.m2\repository\io\micrometer\micrometer-observation\1.12.5\micrometer-observation-1.12.5.jar;C:\Users\sanke\.m2\repository\io\micrometer\micrometer-commons\1.12.5\micrometer-commons-1.12.5.jar;C:\Users\sanke\.m2\repository\io\micrometer\micrometer-jakarta9\1.12.5\micrometer-
Launcher Type: SUN_STANDARD

[Global flags]
     intx CICompilerCount                          = 4                                         {product} {ergonomic}
     uint ConcGCThreads                            = 2                                         {product} {ergonomic}
     uint G1ConcRefinementThreads                  = 8                                         {product} {ergonomic}
   size_t G1HeapRegionSize                         = 1048576                                   {product} {ergonomic}
    uintx GCDrainStackTargetSize                   = 64                                        {product} {ergonomic}
   size_t InitialHeapSize                          = 132120576                                 {product} {ergonomic}
     bool ManagementServer                         = true                                      {product} {command line}
   size_t MarkStackSize                            = 4194304                                   {product} {ergonomic}
   size_t MaxHeapSize                              = 2113929216                                {product} {ergonomic}
   size_t MaxNewSize                               = 1267728384                                {product} {ergonomic}
   size_t MinHeapDeltaBytes                        = 1048576                                   {product} {ergonomic}
   size_t MinHeapSize                              = 8388608                                   {product} {ergonomic}
    uintx NonNMethodCodeHeapSize                   = 5839372                                {pd product} {ergonomic}
    uintx NonProfiledCodeHeapSize                  = 122909434                              {pd product} {ergonomic}
    uintx ProfiledCodeHeapSize                     = 122909434                              {pd product} {ergonomic}
    uintx ReservedCodeCacheSize                    = 251658240                              {pd product} {ergonomic}
     bool SegmentedCodeCache                       = true                                      {product} {ergonomic}
     bool ShowCodeDetailsInExceptionMessages       = true                                   {manageable} {command line}
   size_t SoftMaxHeapSize                          = 2113929216                             {manageable} {ergonomic}
     bool UseCompressedClassPointers               = true                           {product lp64_product} {ergonomic}
     bool UseCompressedOops                        = true                           {product lp64_product} {ergonomic}
     bool UseG1GC                                  = true                                      {product} {ergonomic}
     bool UseLargePagesIndividualAllocation        = false                                  {pd product} {ergonomic}

Logging:
Log output configuration:
 #0: stdout all=warning uptime,level,tags
 #1: stderr all=off uptime,level,tags

Environment Variables:
PATH=C:\Program Files\Common Files\Oracle\Java\javapath;C:\Windows\system32;C:\Windows;C:\Windows\System32\Wbem;C:\Windows\System32\WindowsPowerShell\v1.0\;C:\Windows\System32\OpenSSH\;C:\Program Files (x86)\NVIDIA Corporation\PhysX\Common;C:\Program Files\NVIDIA Corporation\NVIDIA NvDLISR;C:\WINDOWS\system32;C:\WINDOWS;C:\WINDOWS\System32\Wbem;C:\WINDOWS\System32\WindowsPowerShell\v1.0\;C:\WINDOWS\System32\OpenSSH\;D:\New applications\Matlab\runtime\win64;D:\New applications\Matlab\bin;C:\Program Files\dotnet\;C:\Program Files\nodejs\;C:\Program Files\Git\cmd;C:\Program Files\Docker\Docker\resources\bin;C:\Program Files\MySQL\MySQL Shell 8.0\bin\;C:\Users\sanke\AppData\Local\Microsoft\WindowsApps;C:\Program Files (x86)\Brackets\;C:\Users\sanke\AppData\Local\Programs\Microsoft VS Code\bin;C:\ProgramData\sanke\atom\bin;C:\Users\sanke\AppData\Local\Programs\Hyper\resources\bin;C:\Program Files\heroku\bin;C:\Users\sanke\AppData\Local\Microsoft\WindowsApps;D:\mongosh-1.6.0-win32-x64\mongosh-1.6.0-win32-x64;C:\Users\sanke\AppData\Roaming\npm;D:\New applications\IntelliJ IDEA 2023.1.3\bin;;C:\dev\apache-maven-3.9.6\bin;
USERNAME=sanke
LANG=en_US.UTF-8
OS=Windows_NT
PROCESSOR_IDENTIFIER=Intel64 Family 6 Model 165 Stepping 2, GenuineIntel



---------------  S Y S T E M  ---------------

OS:
 Windows 11 , 64 bit Build 22621 (10.0.22621.3672)
OS uptime: 13 days 12:42 hours
Hyper-V role detected

CPU: total 8 (initial active 8) (4 cores per cpu, 2 threads per core) family 6 model 165 stepping 2 microcode 0xea, cx8, cmov, fxsr, ht, mmx, 3dnowpref, sse, sse2, sse3, ssse3, sse4.1, sse4.2, popcnt, lzcnt, tsc, tscinvbit, avx, avx2, aes, erms, clmul, bmi1, bmi2, adx, fma, vzeroupper, clflush, clflushopt, hv

Memory: 4k page, system-wide physical 8059M (328M free)
TotalPageFile size 32635M (AvailPageFile size 47M)
current process WorkingSet (physical memory assigned to process): 153M, peak: 295M
current process commit charge ("private bytes"): 345M, peak: 347M

vm_info: Java HotSpot(TM) 64-Bit Server VM (17.0.10+11-LTS-240) for windows-amd64 JRE (17.0.10+11-LTS-240), built on Dec 19 2023 21:47:25 by "mach5one" with MS VC++ 17.1 (VS2022)

END.
