#
# There is insufficient memory for the Java Runtime Environment to continue.
# Native memory allocation (malloc) failed to allocate 1196976 bytes. Error detail: Chunk::new
# Possible reasons:
#   The system is out of physical RAM or swap space
#   This process is running with CompressedOops enabled, and the Java Heap may be blocking the growth of the native heap
# Possible solutions:
#   Reduce memory load on the system
#   Increase physical memory or swap space
#   Check if swap backing store is full
#   Decrease Java heap size (-Xmx/-Xms)
#   Decrease number of Java threads
#   Decrease Java thread stack sizes (-Xss)
#   Set larger code cache with -XX:ReservedCodeCacheSize=
#   JVM is running with Unscaled Compressed Oops mode in which the Java heap is
#     placed in the first 4GB address space. The Java Heap base address is the
#     maximum limit for the native heap growth. Please use -XX:HeapBaseMinAddress
#     to set the Java Heap base and to place the Java Heap above 4GB virtual address.
# This output file may be truncated or incomplete.
#
#  Out of Memory Error (arena.cpp:191), pid=12596, tid=29316
#
# JRE version: OpenJDK Runtime Environment Temurin-17.0.11+9 (17.0.11+9) (build 17.0.11+9)
# Java VM: OpenJDK 64-Bit Server VM Temurin-17.0.11+9 (17.0.11+9, mixed mode, tiered, compressed oops, compressed class ptrs, parallel gc, windows-amd64)
# No core dump will be written. Minidumps are not enabled by default on client versions of Windows
#

---------------  S U M M A R Y ------------

Command Line: --add-modules=ALL-SYSTEM --add-opens=java.base/java.util=ALL-UNNAMED --add-opens=java.base/java.lang=ALL-UNNAMED --add-opens=java.base/sun.nio.fs=ALL-UNNAMED -Declipse.application=org.eclipse.jdt.ls.core.id1 -Dosgi.bundles.defaultStartLevel=4 -Declipse.product=org.eclipse.jdt.ls.core.product -Djava.import.generatesMetadataFilesAtProjectRoot=false -DDetectVMInstallationsJob.disabled=true -Dfile.encoding=utf8 -XX:+UseParallelGC -XX:GCTimeRatio=4 -XX:AdaptiveSizePolicyWeight=90 -Dsun.zip.disableMemoryMapping=true -Xmx1G -Xms100m -Xlog:disable -javaagent:c:\Users\sanke\.vscode\extensions\redhat.java-1.31.0-win32-x64\lombok\lombok-1.18.32.jar -XX:+HeapDumpOnOutOfMemoryError -XX:HeapDumpPath=c:\Users\sanke\AppData\Roaming\Code\User\workspaceStorage\26c511c313bf32a5329309c3361dd2e7\redhat.java -Daether.dependencyCollector.impl=bf c:\Users\sanke\.vscode\extensions\redhat.java-1.31.0-win32-x64\server\plugins\org.eclipse.equinox.launcher_1.6.800.v20240513-1750.jar -configuration c:\Users\sanke\AppData\Roaming\Code\User\globalStorage\redhat.java\1.31.0\config_win -data c:\Users\sanke\AppData\Roaming\Code\User\workspaceStorage\26c511c313bf32a5329309c3361dd2e7\redhat.java\jdt_ws --pipe=\\.\pipe\lsp-c004ecc5e310a92d95e33f4138c54ee1-sock

Host: Intel(R) Core(TM) i5-10300H CPU @ 2.50GHz, 8 cores, 7G,  Windows 11 , 64 bit Build 22621 (10.0.22621.3672)
Time: Mon Jun 17 08:54:01 2024 W. Europe Daylight Time elapsed time: 15.827026 seconds (0d 0h 0m 15s)

---------------  T H R E A D  ---------------

Current thread (0x000001efa964dfb0):  JavaThread "C2 CompilerThread1" daemon [_thread_in_native, id=29316, stack(0x000000a612700000,0x000000a612800000)]


Current CompileTask:
C2:  15827 3435       4       jdk.internal.org.objectweb.asm.Frame::execute (2318 bytes)

Stack: [0x000000a612700000,0x000000a612800000]
Native frames: (J=compiled Java code, j=interpreted, Vv=VM code, C=native code)
V  [jvm.dll+0x67d429]
V  [jvm.dll+0x834b7a]
V  [jvm.dll+0x83663e]
V  [jvm.dll+0x836ca3]
V  [jvm.dll+0x247dbf]
V  [jvm.dll+0xac534]
V  [jvm.dll+0xacb7c]
V  [jvm.dll+0x3665f2]
V  [jvm.dll+0x330bba]
V  [jvm.dll+0x33005a]
V  [jvm.dll+0x21a471]
V  [jvm.dll+0x2198b1]
V  [jvm.dll+0x1a534d]
V  [jvm.dll+0x2295cd]
V  [jvm.dll+0x22779c]
V  [jvm.dll+0x7e9d07]
V  [jvm.dll+0x7e410a]
V  [jvm.dll+0x67c315]
C  [ucrtbase.dll+0x29333]
C  [KERNEL32.DLL+0x1257d]
C  [ntdll.dll+0x5aa48]


---------------  P R O C E S S  ---------------

Threads class SMR info:
_java_thread_list=0x000001efa97ec870, length=22, elements={
0x000001ef8ce3ea80, 0x000001efa7b28030, 0x000001efa7b2af90, 0x000001efa7b47f20,
0x000001efa7b48ab0, 0x000001efa7b540a0, 0x000001efa7b563d0, 0x000001efa7b5b8c0,
0x000001efa7b5c1d0, 0x000001efa7b5dbf0, 0x000001efa7c2cf30, 0x000001efa7e9bb90,
0x000001efa99a21a0, 0x000001efa921ecb0, 0x000001efa9751e90, 0x000001efa7dae430,
0x000001efa91c9770, 0x000001efa945f030, 0x000001efa94a8dd0, 0x000001efa94a83b0,
0x000001efa94a7480, 0x000001efa964dfb0
}

Java Threads: ( => current thread )
  0x000001ef8ce3ea80 JavaThread "main" [_thread_blocked, id=22664, stack(0x000000a610800000,0x000000a610900000)]
  0x000001efa7b28030 JavaThread "Reference Handler" daemon [_thread_blocked, id=36172, stack(0x000000a610b00000,0x000000a610c00000)]
  0x000001efa7b2af90 JavaThread "Finalizer" daemon [_thread_blocked, id=13492, stack(0x000000a610c00000,0x000000a610d00000)]
  0x000001efa7b47f20 JavaThread "Signal Dispatcher" daemon [_thread_blocked, id=7232, stack(0x000000a610d00000,0x000000a610e00000)]
  0x000001efa7b48ab0 JavaThread "Attach Listener" daemon [_thread_blocked, id=34984, stack(0x000000a610e00000,0x000000a610f00000)]
  0x000001efa7b540a0 JavaThread "Service Thread" daemon [_thread_blocked, id=34808, stack(0x000000a610f00000,0x000000a611000000)]
  0x000001efa7b563d0 JavaThread "Monitor Deflation Thread" daemon [_thread_blocked, id=15792, stack(0x000000a611000000,0x000000a611100000)]
  0x000001efa7b5b8c0 JavaThread "C2 CompilerThread0" daemon [_thread_in_native, id=26444, stack(0x000000a611100000,0x000000a611200000)]
  0x000001efa7b5c1d0 JavaThread "C1 CompilerThread0" daemon [_thread_blocked, id=33400, stack(0x000000a611200000,0x000000a611300000)]
  0x000001efa7b5dbf0 JavaThread "Sweeper thread" daemon [_thread_blocked, id=25072, stack(0x000000a611300000,0x000000a611400000)]
  0x000001efa7c2cf30 JavaThread "Common-Cleaner" daemon [_thread_blocked, id=35656, stack(0x000000a611400000,0x000000a611500000)]
  0x000001efa7e9bb90 JavaThread "Notification Thread" daemon [_thread_blocked, id=31104, stack(0x000000a611600000,0x000000a611700000)]
  0x000001efa99a21a0 JavaThread "Active Thread: Equinox Container: ee4cd048-6103-4c6e-8576-d29439813125" [_thread_blocked, id=2480, stack(0x000000a611f00000,0x000000a612000000)]
  0x000001efa921ecb0 JavaThread "Framework Event Dispatcher: Equinox Container: ee4cd048-6103-4c6e-8576-d29439813125" daemon [_thread_blocked, id=36508, stack(0x000000a611500000,0x000000a611600000)]
  0x000001efa9751e90 JavaThread "Start Level: Equinox Container: ee4cd048-6103-4c6e-8576-d29439813125" daemon [_thread_in_Java, id=37672, stack(0x000000a611800000,0x000000a611900000)]
  0x000001efa7dae430 JavaThread "Bundle File Closer" daemon [_thread_blocked, id=35760, stack(0x000000a612100000,0x000000a612200000)]
  0x000001efa91c9770 JavaThread "SCR Component Actor" daemon [_thread_blocked, id=37200, stack(0x000000a612200000,0x000000a612300000)]
  0x000001efa945f030 JavaThread "SCR Component Registry" daemon [_thread_blocked, id=6172, stack(0x000000a612300000,0x000000a612400000)]
  0x000001efa94a8dd0 JavaThread "Worker-JM" [_thread_blocked, id=16088, stack(0x000000a612400000,0x000000a612500000)]
  0x000001efa94a83b0 JavaThread "Worker-0" [_thread_blocked, id=23096, stack(0x000000a612500000,0x000000a612600000)]
  0x000001efa94a7480 JavaThread "Worker-1" [_thread_blocked, id=6628, stack(0x000000a612600000,0x000000a612700000)]
=>0x000001efa964dfb0 JavaThread "C2 CompilerThread1" daemon [_thread_in_native, id=29316, stack(0x000000a612700000,0x000000a612800000)]

Other Threads:
  0x000001ef8cebec40 VMThread "VM Thread" [stack: 0x000000a610a00000,0x000000a610b00000] [id=33900]
  0x000001efa7eaed10 WatcherThread [stack: 0x000000a611700000,0x000000a611800000] [id=13136]
  0x000001ef8ce51ea0 GCTaskThread "GC Thread#0" [stack: 0x000000a610900000,0x000000a610a00000] [id=8384]
  0x000001efa7ea15d0 GCTaskThread "GC Thread#1" [stack: 0x000000a611900000,0x000000a611a00000] [id=13524]
  0x000001efa7ea1890 GCTaskThread "GC Thread#2" [stack: 0x000000a611a00000,0x000000a611b00000] [id=6884]
  0x000001efa96c6020 GCTaskThread "GC Thread#3" [stack: 0x000000a611b00000,0x000000a611c00000] [id=2844]
  0x000001efa96c62e0 GCTaskThread "GC Thread#4" [stack: 0x000000a611c00000,0x000000a611d00000] [id=26976]
  0x000001efa96c65a0 GCTaskThread "GC Thread#5" [stack: 0x000000a611d00000,0x000000a611e00000] [id=25512]
  0x000001efa96c6860 GCTaskThread "GC Thread#6" [stack: 0x000000a611e00000,0x000000a611f00000] [id=20576]
  0x000001efa973dea0 GCTaskThread "GC Thread#7" [stack: 0x000000a612000000,0x000000a612100000] [id=27660]

Threads with active compile tasks:
C2 CompilerThread0    15864 3636       4       java.lang.invoke.MethodType::makeImpl (109 bytes)
C2 CompilerThread1    15864 3435       4       jdk.internal.org.objectweb.asm.Frame::execute (2318 bytes)

VM state: not at safepoint (normal execution)

VM Mutex/Monitor currently owned by a thread: None

Heap address: 0x00000000c0000000, size: 1024 MB, Compressed Oops mode: 32-bit

CDS archive(s) not mapped
Compressed class space mapped at: 0x0000000100000000-0x0000000140000000, reserved size: 1073741824
Narrow klass base: 0x0000000000000000, Narrow klass shift: 3, Narrow klass range: 0x140000000

GC Precious Log:
 CPUs: 8 total, 8 available
 Memory: 8059M
 Large Page Support: Disabled
 NUMA Support: Disabled
 Compressed Oops: Enabled (32-bit)
 Alignments: Space 512K, Generation 512K, Heap 2M
 Heap Min Capacity: 100M
 Heap Initial Capacity: 100M
 Heap Max Capacity: 1G
 Pre-touch: Disabled
 Parallel Workers: 8

Heap:
 PSYoungGen      total 27648K, used 5329K [0x00000000eab00000, 0x00000000eca00000, 0x0000000100000000)
  eden space 24576K, 9% used [0x00000000eab00000,0x00000000ead3a4c8,0x00000000ec300000)
  from space 3072K, 99% used [0x00000000ec480000,0x00000000ec779f38,0x00000000ec780000)
  to   space 2560K, 0% used [0x00000000ec780000,0x00000000ec780000,0x00000000eca00000)
 ParOldGen       total 68608K, used 10682K [0x00000000c0000000, 0x00000000c4300000, 0x00000000eab00000)
  object space 68608K, 15% used [0x00000000c0000000,0x00000000c0a6eb50,0x00000000c4300000)
 Metaspace       used 27524K, committed 28224K, reserved 1114112K
  class space    used 2845K, committed 3136K, reserved 1048576K

Card table byte_map: [0x000001efa0470000,0x000001efa0680000] _byte_map_base: 0x000001ef9fe70000

Marking Bits: (ParMarkBitMap*) 0x00007ff9de59d820
 Begin Bits: [0x000001efa07e0000, 0x000001efa17e0000)
 End Bits:   [0x000001efa17e0000, 0x000001efa27e0000)

Polling page: 0x000001ef8cec0000

Metaspace:

Usage:
  Non-class:     24.10 MB used.
      Class:      2.78 MB used.
       Both:     26.88 MB used.

Virtual space:
  Non-class space:       64.00 MB reserved,      24.50 MB ( 38%) committed,  1 nodes.
      Class space:        1.00 GB reserved,       3.06 MB ( <1%) committed,  1 nodes.
             Both:        1.06 GB reserved,      27.56 MB (  3%) committed. 

Chunk freelists:
   Non-Class:  7.27 MB
       Class:  12.89 MB
        Both:  20.17 MB

MaxMetaspaceSize: unlimited
CompressedClassSpaceSize: 1.00 GB
Initial GC threshold: 21.00 MB
Current GC threshold: 35.00 MB
CDS: off
MetaspaceReclaimPolicy: balanced
 - commit_granule_bytes: 65536.
 - commit_granule_words: 8192.
 - virtual_space_node_default_size: 8388608.
 - enlarge_chunks_in_place: 1.
 - new_chunks_are_fully_committed: 0.
 - uncommit_free_chunks: 1.
 - use_allocation_guard: 0.
 - handle_deallocations: 1.


Internal statistics:

num_allocs_failed_limit: 3.
num_arena_births: 568.
num_arena_deaths: 0.
num_vsnodes_births: 2.
num_vsnodes_deaths: 0.
num_space_committed: 441.
num_space_uncommitted: 0.
num_chunks_returned_to_freelist: 3.
num_chunks_taken_from_freelist: 1391.
num_chunk_merges: 0.
num_chunk_splits: 862.
num_chunks_enlarged: 509.
num_inconsistent_stats: 0.

CodeHeap 'non-profiled nmethods': size=120000Kb used=1536Kb max_used=1536Kb free=118464Kb
 bounds [0x000001ef98d60000, 0x000001ef98fd0000, 0x000001efa0290000]
CodeHeap 'profiled nmethods': size=120000Kb used=7622Kb max_used=7622Kb free=112377Kb
 bounds [0x000001ef91290000, 0x000001ef91a10000, 0x000001ef987c0000]
CodeHeap 'non-nmethods': size=5760Kb used=1210Kb max_used=1227Kb free=4550Kb
 bounds [0x000001ef987c0000, 0x000001ef98a30000, 0x000001ef98d60000]
 total_blobs=4170 nmethods=3650 adapters=433
 compilation: enabled
              stopped_count=0, restarted_count=0
 full_count=0

Compilation events (20 events):
Event: 15.812 Thread 0x000001efa7b5c1d0 nmethod 3618 0x000001ef919ea310 code [0x000001ef919ea6a0, 0x000001ef919ec4a8]
Event: 15.812 Thread 0x000001efa7b5c1d0 3619   !   3       java.io.ObjectInputStream::readSerialData (549 bytes)
Event: 15.813 Thread 0x000001efa7b5b8c0 nmethod 3616 0x000001ef98edd510 code [0x000001ef98edd680, 0x000001ef98edd978]
Event: 15.816 Thread 0x000001efa7b5c1d0 nmethod 3619 0x000001ef919ecf90 code [0x000001ef919ed4a0, 0x000001ef919f0298]
Event: 15.816 Thread 0x000001efa7b5c1d0 3620       3       java.io.ObjectInputStream$HandleTable::setObject (54 bytes)
Event: 15.816 Thread 0x000001efa7b5c1d0 nmethod 3620 0x000001ef919f1910 code [0x000001ef919f1ae0, 0x000001ef919f1ee8]
Event: 15.816 Thread 0x000001efa7b5c1d0 3622       1       org.apache.felix.scr.impl.inject.RefPair::isFailed (5 bytes)
Event: 15.817 Thread 0x000001efa7b5c1d0 nmethod 3622 0x000001ef98edda90 code [0x000001ef98eddc20, 0x000001ef98eddcf8]
Event: 15.817 Thread 0x000001efa7b5c1d0 3621       1       org.apache.felix.scr.impl.metadata.ReferenceMetadata::isStatic (5 bytes)
Event: 15.817 Thread 0x000001efa7b5c1d0 nmethod 3621 0x000001ef98eddd90 code [0x000001ef98eddf20, 0x000001ef98eddff8]
Event: 15.818 Thread 0x000001efa7b5c1d0 3623       3       org.apache.felix.scr.impl.manager.DependencyManager::cardinalitySatisfied (14 bytes)
Event: 15.819 Thread 0x000001efa7b5c1d0 nmethod 3623 0x000001ef919f2090 code [0x000001ef919f2220, 0x000001ef919f2398]
Event: 15.819 Thread 0x000001efa7b5c1d0 3624       3       org.eclipse.osgi.internal.framework.FilterImpl$Item::compare_ObjectArray (38 bytes)
Event: 15.819 Thread 0x000001efa7b5c1d0 nmethod 3624 0x000001ef919f2410 code [0x000001ef919f25c0, 0x000001ef919f2868]
Event: 15.819 Thread 0x000001efa7b5c1d0 3625       1       org.apache.felix.scr.impl.inject.BindParameters::getRefPair (5 bytes)
Event: 15.819 Thread 0x000001efa7b5c1d0 nmethod 3625 0x000001ef98ede090 code [0x000001ef98ede220, 0x000001ef98ede2f8]
Event: 15.819 Thread 0x000001efa7b5c1d0 3626       3       java.lang.ClassLoader::getDefinedPackage (36 bytes)
Event: 15.819 Thread 0x000001efa7b5c1d0 nmethod 3626 0x000001ef919f2990 code [0x000001ef919f2b80, 0x000001ef919f3168]
Event: 15.822 Thread 0x000001efa7b5c1d0 3627       3       java.lang.ClassLoader::getClassLoadingLock (35 bytes)
Event: 15.822 Thread 0x000001efa7b5c1d0 nmethod 3627 0x000001ef919f3390 code [0x000001ef919f3540, 0x000001ef919f38a8]

GC Heap History (14 events):
Event: 0.795 GC heap before
{Heap before GC invocations=1 (full 0):
 PSYoungGen      total 29696K, used 25600K [0x00000000eab00000, 0x00000000ecc00000, 0x0000000100000000)
  eden space 25600K, 100% used [0x00000000eab00000,0x00000000ec400000,0x00000000ec400000)
  from space 4096K, 0% used [0x00000000ec800000,0x00000000ec800000,0x00000000ecc00000)
  to   space 4096K, 0% used [0x00000000ec400000,0x00000000ec400000,0x00000000ec800000)
 ParOldGen       total 68608K, used 0K [0x00000000c0000000, 0x00000000c4300000, 0x00000000eab00000)
  object space 68608K, 0% used [0x00000000c0000000,0x00000000c0000000,0x00000000c4300000)
 Metaspace       used 11020K, committed 11200K, reserved 1114112K
  class space    used 1100K, committed 1216K, reserved 1048576K
}
Event: 0.799 GC heap after
{Heap after GC invocations=1 (full 0):
 PSYoungGen      total 29696K, used 3188K [0x00000000eab00000, 0x00000000ecc00000, 0x0000000100000000)
  eden space 25600K, 0% used [0x00000000eab00000,0x00000000eab00000,0x00000000ec400000)
  from space 4096K, 77% used [0x00000000ec400000,0x00000000ec71d268,0x00000000ec800000)
  to   space 4096K, 0% used [0x00000000ec800000,0x00000000ec800000,0x00000000ecc00000)
 ParOldGen       total 68608K, used 16K [0x00000000c0000000, 0x00000000c4300000, 0x00000000eab00000)
  object space 68608K, 0% used [0x00000000c0000000,0x00000000c0004000,0x00000000c4300000)
 Metaspace       used 11020K, committed 11200K, reserved 1114112K
  class space    used 1100K, committed 1216K, reserved 1048576K
}
Event: 6.761 GC heap before
{Heap before GC invocations=2 (full 0):
 PSYoungGen      total 29696K, used 28788K [0x00000000eab00000, 0x00000000ecc00000, 0x0000000100000000)
  eden space 25600K, 100% used [0x00000000eab00000,0x00000000ec400000,0x00000000ec400000)
  from space 4096K, 77% used [0x00000000ec400000,0x00000000ec71d268,0x00000000ec800000)
  to   space 4096K, 0% used [0x00000000ec800000,0x00000000ec800000,0x00000000ecc00000)
 ParOldGen       total 68608K, used 16K [0x00000000c0000000, 0x00000000c4300000, 0x00000000eab00000)
  object space 68608K, 0% used [0x00000000c0000000,0x00000000c0004000,0x00000000c4300000)
 Metaspace       used 14630K, committed 14912K, reserved 1114112K
  class space    used 1464K, committed 1600K, reserved 1048576K
}
Event: 6.766 GC heap after
{Heap after GC invocations=2 (full 0):
 PSYoungGen      total 29696K, used 4067K [0x00000000eab00000, 0x00000000ecc00000, 0x0000000100000000)
  eden space 25600K, 0% used [0x00000000eab00000,0x00000000eab00000,0x00000000ec400000)
  from space 4096K, 99% used [0x00000000ec800000,0x00000000ecbf8f28,0x00000000ecc00000)
  to   space 4096K, 0% used [0x00000000ec400000,0x00000000ec400000,0x00000000ec800000)
 ParOldGen       total 68608K, used 1522K [0x00000000c0000000, 0x00000000c4300000, 0x00000000eab00000)
  object space 68608K, 2% used [0x00000000c0000000,0x00000000c017cbf0,0x00000000c4300000)
 Metaspace       used 14630K, committed 14912K, reserved 1114112K
  class space    used 1464K, committed 1600K, reserved 1048576K
}
Event: 14.654 GC heap before
{Heap before GC invocations=3 (full 0):
 PSYoungGen      total 29696K, used 29667K [0x00000000eab00000, 0x00000000ecc00000, 0x0000000100000000)
  eden space 25600K, 100% used [0x00000000eab00000,0x00000000ec400000,0x00000000ec400000)
  from space 4096K, 99% used [0x00000000ec800000,0x00000000ecbf8f28,0x00000000ecc00000)
  to   space 4096K, 0% used [0x00000000ec400000,0x00000000ec400000,0x00000000ec800000)
 ParOldGen       total 68608K, used 1522K [0x00000000c0000000, 0x00000000c4300000, 0x00000000eab00000)
  object space 68608K, 2% used [0x00000000c0000000,0x00000000c017cbf0,0x00000000c4300000)
 Metaspace       used 16099K, committed 16384K, reserved 1114112K
  class space    used 1616K, committed 1728K, reserved 1048576K
}
Event: 14.659 GC heap after
{Heap after GC invocations=3 (full 0):
 PSYoungGen      total 29696K, used 4068K [0x00000000eab00000, 0x00000000ecc00000, 0x0000000100000000)
  eden space 25600K, 0% used [0x00000000eab00000,0x00000000eab00000,0x00000000ec400000)
  from space 4096K, 99% used [0x00000000ec400000,0x00000000ec7f90a0,0x00000000ec800000)
  to   space 4096K, 0% used [0x00000000ec800000,0x00000000ec800000,0x00000000ecc00000)
 ParOldGen       total 68608K, used 5359K [0x00000000c0000000, 0x00000000c4300000, 0x00000000eab00000)
  object space 68608K, 7% used [0x00000000c0000000,0x00000000c053bf70,0x00000000c4300000)
 Metaspace       used 16099K, committed 16384K, reserved 1114112K
  class space    used 1616K, committed 1728K, reserved 1048576K
}
Event: 15.025 GC heap before
{Heap before GC invocations=4 (full 0):
 PSYoungGen      total 29696K, used 29668K [0x00000000eab00000, 0x00000000ecc00000, 0x0000000100000000)
  eden space 25600K, 100% used [0x00000000eab00000,0x00000000ec400000,0x00000000ec400000)
  from space 4096K, 99% used [0x00000000ec400000,0x00000000ec7f90a0,0x00000000ec800000)
  to   space 4096K, 0% used [0x00000000ec800000,0x00000000ec800000,0x00000000ecc00000)
 ParOldGen       total 68608K, used 5359K [0x00000000c0000000, 0x00000000c4300000, 0x00000000eab00000)
  object space 68608K, 7% used [0x00000000c0000000,0x00000000c053bf70,0x00000000c4300000)
 Metaspace       used 19538K, committed 19840K, reserved 1114112K
  class space    used 1976K, committed 2112K, reserved 1048576K
}
Event: 15.030 GC heap after
{Heap after GC invocations=4 (full 0):
 PSYoungGen      total 29696K, used 4090K [0x00000000eab00000, 0x00000000ecc00000, 0x0000000100000000)
  eden space 25600K, 0% used [0x00000000eab00000,0x00000000eab00000,0x00000000ec400000)
  from space 4096K, 99% used [0x00000000ec800000,0x00000000ecbfeb40,0x00000000ecc00000)
  to   space 4096K, 0% used [0x00000000ec400000,0x00000000ec400000,0x00000000ec800000)
 ParOldGen       total 68608K, used 6501K [0x00000000c0000000, 0x00000000c4300000, 0x00000000eab00000)
  object space 68608K, 9% used [0x00000000c0000000,0x00000000c0659560,0x00000000c4300000)
 Metaspace       used 19538K, committed 19840K, reserved 1114112K
  class space    used 1976K, committed 2112K, reserved 1048576K
}
Event: 15.130 GC heap before
{Heap before GC invocations=5 (full 0):
 PSYoungGen      total 29696K, used 13105K [0x00000000eab00000, 0x00000000ecc00000, 0x0000000100000000)
  eden space 25600K, 35% used [0x00000000eab00000,0x00000000eb3cdca0,0x00000000ec400000)
  from space 4096K, 99% used [0x00000000ec800000,0x00000000ecbfeb40,0x00000000ecc00000)
  to   space 4096K, 0% used [0x00000000ec400000,0x00000000ec400000,0x00000000ec800000)
 ParOldGen       total 68608K, used 6501K [0x00000000c0000000, 0x00000000c4300000, 0x00000000eab00000)
  object space 68608K, 9% used [0x00000000c0000000,0x00000000c0659560,0x00000000c4300000)
 Metaspace       used 21143K, committed 21504K, reserved 1114112K
  class space    used 2131K, committed 2304K, reserved 1048576K
}
Event: 15.132 GC heap after
{Heap after GC invocations=5 (full 0):
 PSYoungGen      total 29696K, used 4090K [0x00000000eab00000, 0x00000000ece00000, 0x0000000100000000)
  eden space 25600K, 0% used [0x00000000eab00000,0x00000000eab00000,0x00000000ec400000)
  from space 4096K, 99% used [0x00000000ec400000,0x00000000ec7feac0,0x00000000ec800000)
  to   space 5120K, 0% used [0x00000000ec900000,0x00000000ec900000,0x00000000ece00000)
 ParOldGen       total 68608K, used 6911K [0x00000000c0000000, 0x00000000c4300000, 0x00000000eab00000)
  object space 68608K, 10% used [0x00000000c0000000,0x00000000c06bfcd8,0x00000000c4300000)
 Metaspace       used 21143K, committed 21504K, reserved 1114112K
  class space    used 2131K, committed 2304K, reserved 1048576K
}
Event: 15.132 GC heap before
{Heap before GC invocations=6 (full 1):
 PSYoungGen      total 29696K, used 4090K [0x00000000eab00000, 0x00000000ece00000, 0x0000000100000000)
  eden space 25600K, 0% used [0x00000000eab00000,0x00000000eab00000,0x00000000ec400000)
  from space 4096K, 99% used [0x00000000ec400000,0x00000000ec7feac0,0x00000000ec800000)
  to   space 5120K, 0% used [0x00000000ec900000,0x00000000ec900000,0x00000000ece00000)
 ParOldGen       total 68608K, used 6911K [0x00000000c0000000, 0x00000000c4300000, 0x00000000eab00000)
  object space 68608K, 10% used [0x00000000c0000000,0x00000000c06bfcd8,0x00000000c4300000)
 Metaspace       used 21143K, committed 21504K, reserved 1114112K
  class space    used 2131K, committed 2304K, reserved 1048576K
}
Event: 15.150 GC heap after
{Heap after GC invocations=6 (full 1):
 PSYoungGen      total 29696K, used 0K [0x00000000eab00000, 0x00000000ece00000, 0x0000000100000000)
  eden space 25600K, 0% used [0x00000000eab00000,0x00000000eab00000,0x00000000ec400000)
  from space 4096K, 0% used [0x00000000ec400000,0x00000000ec400000,0x00000000ec800000)
  to   space 5120K, 0% used [0x00000000ec900000,0x00000000ec900000,0x00000000ece00000)
 ParOldGen       total 68608K, used 10658K [0x00000000c0000000, 0x00000000c4300000, 0x00000000eab00000)
  object space 68608K, 15% used [0x00000000c0000000,0x00000000c0a68b50,0x00000000c4300000)
 Metaspace       used 21143K, committed 21504K, reserved 1114112K
  class space    used 2131K, committed 2304K, reserved 1048576K
}
Event: 15.505 GC heap before
{Heap before GC invocations=7 (full 1):
 PSYoungGen      total 29696K, used 25600K [0x00000000eab00000, 0x00000000ece00000, 0x0000000100000000)
  eden space 25600K, 100% used [0x00000000eab00000,0x00000000ec400000,0x00000000ec400000)
  from space 4096K, 0% used [0x00000000ec400000,0x00000000ec400000,0x00000000ec800000)
  to   space 5120K, 0% used [0x00000000ec900000,0x00000000ec900000,0x00000000ece00000)
 ParOldGen       total 68608K, used 10658K [0x00000000c0000000, 0x00000000c4300000, 0x00000000eab00000)
  object space 68608K, 15% used [0x00000000c0000000,0x00000000c0a68b50,0x00000000c4300000)
 Metaspace       used 24481K, committed 25024K, reserved 1114112K
  class space    used 2487K, committed 2752K, reserved 1048576K
}
Event: 15.507 GC heap after
{Heap after GC invocations=7 (full 1):
 PSYoungGen      total 26624K, used 1392K [0x00000000eab00000, 0x00000000eca80000, 0x0000000100000000)
  eden space 25088K, 0% used [0x00000000eab00000,0x00000000eab00000,0x00000000ec380000)
  from space 1536K, 90% used [0x00000000ec900000,0x00000000eca5c290,0x00000000eca80000)
  to   space 3072K, 0% used [0x00000000ec480000,0x00000000ec480000,0x00000000ec780000)
 ParOldGen       total 68608K, used 10666K [0x00000000c0000000, 0x00000000c4300000, 0x00000000eab00000)
  object space 68608K, 15% used [0x00000000c0000000,0x00000000c0a6ab50,0x00000000c4300000)
 Metaspace       used 24481K, committed 25024K, reserved 1114112K
  class space    used 2487K, committed 2752K, reserved 1048576K
}

Dll operation events (9 events):
Event: 0.044 Loaded shared library c:\Users\sanke\.vscode\extensions\redhat.java-1.31.0-win32-x64\jre\17.0.11-win32-x86_64\bin\java.dll
Event: 0.139 Loaded shared library c:\Users\sanke\.vscode\extensions\redhat.java-1.31.0-win32-x64\jre\17.0.11-win32-x86_64\bin\zip.dll
Event: 0.142 Loaded shared library C:\Users\sanke\.vscode\extensions\redhat.java-1.31.0-win32-x64\jre\17.0.11-win32-x86_64\bin\instrument.dll
Event: 0.154 Loaded shared library C:\Users\sanke\.vscode\extensions\redhat.java-1.31.0-win32-x64\jre\17.0.11-win32-x86_64\bin\net.dll
Event: 0.156 Loaded shared library C:\Users\sanke\.vscode\extensions\redhat.java-1.31.0-win32-x64\jre\17.0.11-win32-x86_64\bin\nio.dll
Event: 0.162 Loaded shared library C:\Users\sanke\.vscode\extensions\redhat.java-1.31.0-win32-x64\jre\17.0.11-win32-x86_64\bin\zip.dll
Event: 0.176 Loaded shared library C:\Users\sanke\.vscode\extensions\redhat.java-1.31.0-win32-x64\jre\17.0.11-win32-x86_64\bin\jimage.dll
Event: 0.229 Loaded shared library c:\Users\sanke\.vscode\extensions\redhat.java-1.31.0-win32-x64\jre\17.0.11-win32-x86_64\bin\verify.dll
Event: 6.710 Loaded shared library C:\Users\sanke\AppData\Roaming\Code\User\globalStorage\redhat.java\1.31.0\config_win\org.eclipse.equinox.launcher\org.eclipse.equinox.launcher.win32.win32.x86_64_1.2.1000.v20240507-1834\eclipse_11902.dll

Deoptimization events (20 events):
Event: 15.651 Thread 0x000001efa9751e90 Uncommon trap: trap_request=0xffffff45 fr.pc=0x000001ef98d833b8 relative=0x0000000000000038
Event: 15.651 Thread 0x000001efa9751e90 Uncommon trap: reason=unstable_if action=reinterpret pc=0x000001ef98d833b8 method=java.lang.StringLatin1.canEncode(I)Z @ 4 c2
Event: 15.651 Thread 0x000001efa9751e90 DEOPT PACKING pc=0x000001ef98d833b8 sp=0x000000a6118f2a30
Event: 15.651 Thread 0x000001efa9751e90 DEOPT UNPACKING pc=0x000001ef988166a3 sp=0x000000a6118f29c0 mode 2
Event: 15.732 Thread 0x000001efa9751e90 Uncommon trap: trap_request=0xffffffde fr.pc=0x000001ef98e4b254 relative=0x0000000000000534
Event: 15.732 Thread 0x000001efa9751e90 Uncommon trap: reason=class_check action=maybe_recompile pc=0x000001ef98e4b254 method=java.util.ImmutableCollections$MapN.probe(Ljava/lang/Object;)I @ 1 c2
Event: 15.732 Thread 0x000001efa9751e90 DEOPT PACKING pc=0x000001ef98e4b254 sp=0x000000a6118f1880
Event: 15.732 Thread 0x000001efa9751e90 DEOPT UNPACKING pc=0x000001ef988166a3 sp=0x000000a6118f1830 mode 2
Event: 15.733 Thread 0x000001efa9751e90 Uncommon trap: trap_request=0xffffffde fr.pc=0x000001ef98e4b254 relative=0x0000000000000534
Event: 15.733 Thread 0x000001efa9751e90 Uncommon trap: reason=class_check action=maybe_recompile pc=0x000001ef98e4b254 method=java.util.ImmutableCollections$MapN.probe(Ljava/lang/Object;)I @ 1 c2
Event: 15.733 Thread 0x000001efa9751e90 DEOPT PACKING pc=0x000001ef98e4b254 sp=0x000000a6118f1880
Event: 15.733 Thread 0x000001efa9751e90 DEOPT UNPACKING pc=0x000001ef988166a3 sp=0x000000a6118f1830 mode 2
Event: 15.733 Thread 0x000001efa9751e90 Uncommon trap: trap_request=0xffffffde fr.pc=0x000001ef98e4b254 relative=0x0000000000000534
Event: 15.733 Thread 0x000001efa9751e90 Uncommon trap: reason=class_check action=maybe_recompile pc=0x000001ef98e4b254 method=java.util.ImmutableCollections$MapN.probe(Ljava/lang/Object;)I @ 1 c2
Event: 15.733 Thread 0x000001efa9751e90 DEOPT PACKING pc=0x000001ef98e4b254 sp=0x000000a6118f1880
Event: 15.733 Thread 0x000001efa9751e90 DEOPT UNPACKING pc=0x000001ef988166a3 sp=0x000000a6118f1830 mode 2
Event: 15.733 Thread 0x000001efa9751e90 Uncommon trap: trap_request=0xffffffde fr.pc=0x000001ef98e4b254 relative=0x0000000000000534
Event: 15.733 Thread 0x000001efa9751e90 Uncommon trap: reason=class_check action=maybe_recompile pc=0x000001ef98e4b254 method=java.util.ImmutableCollections$MapN.probe(Ljava/lang/Object;)I @ 1 c2
Event: 15.733 Thread 0x000001efa9751e90 DEOPT PACKING pc=0x000001ef98e4b254 sp=0x000000a6118f1880
Event: 15.733 Thread 0x000001efa9751e90 DEOPT UNPACKING pc=0x000001ef988166a3 sp=0x000000a6118f1830 mode 2

Classes unloaded (0 events):
No events

Classes redefined (0 events):
No events

Internal exceptions (20 events):
Event: 15.738 Thread 0x000001efa9751e90 Exception <a 'java/lang/NoSuchMethodError'{0x00000000ebd091e0}: 'java.lang.Object java.lang.invoke.Invokers$Holder.invoke_MT(java.lang.Object, java.lang.Object, java.lang.Object, java.lang.Object, java.lang.Object, java.lang.Object, java.lang.Object, java.lang.Object, java.lang.Object)'> (0x00000000ebd091e0) 
thrown [s\src\hotspot\share\interpreter\linkResolver.cpp, line 759]
Event: 15.741 Thread 0x000001efa9751e90 Exception <a 'java/lang/NoSuchMethodError'{0x00000000ebd446e8}: 'int java.lang.invoke.DirectMethodHandle$Holder.invokeVirtual(java.lang.Object, java.lang.Object, java.lang.Object)'> (0x00000000ebd446e8) 
thrown [s\src\hotspot\share\interpreter\linkResolver.cpp, line 759]
Event: 15.742 Thread 0x000001efa9751e90 Exception <a 'java/lang/NoSuchMethodError'{0x00000000ebd48f90}: 'int java.lang.invoke.DirectMethodHandle$Holder.invokeVirtual(java.lang.Object, java.lang.Object)'> (0x00000000ebd48f90) 
thrown [s\src\hotspot\share\interpreter\linkResolver.cpp, line 759]
Event: 15.742 Thread 0x000001efa9751e90 Exception <a 'java/lang/NoSuchMethodError'{0x00000000ebd4e198}: 'int java.lang.invoke.DirectMethodHandle$Holder.invokeStaticInit(java.lang.Object, int, int)'> (0x00000000ebd4e198) 
thrown [s\src\hotspot\share\interpreter\linkResolver.cpp, line 759]
Event: 15.743 Thread 0x000001efa9751e90 Exception <a 'java/lang/NoSuchMethodError'{0x00000000ebd56978}: 'int java.lang.invoke.DirectMethodHandle$Holder.invokeStaticInit(java.lang.Object, long, long)'> (0x00000000ebd56978) 
thrown [s\src\hotspot\share\interpreter\linkResolver.cpp, line 759]
Event: 15.743 Thread 0x000001efa9751e90 Exception <a 'java/lang/NoSuchMethodError'{0x00000000ebd5e7b8}: 'int java.lang.invoke.DirectMethodHandle$Holder.invokeStaticInit(java.lang.Object, float, float)'> (0x00000000ebd5e7b8) 
thrown [s\src\hotspot\share\interpreter\linkResolver.cpp, line 759]
Event: 15.743 Thread 0x000001efa9751e90 Exception <a 'java/lang/NoSuchMethodError'{0x00000000ebd66600}: 'int java.lang.invoke.DirectMethodHandle$Holder.invokeStaticInit(java.lang.Object, double, double)'> (0x00000000ebd66600) 
thrown [s\src\hotspot\share\interpreter\linkResolver.cpp, line 759]
Event: 15.744 Thread 0x000001efa9751e90 Exception <a 'java/lang/NoSuchMethodError'{0x00000000ebd6bbf8}: 'int java.lang.invoke.DirectMethodHandle$Holder.invokeStatic(java.lang.Object, long)'> (0x00000000ebd6bbf8) 
thrown [s\src\hotspot\share\interpreter\linkResolver.cpp, line 759]
Event: 15.747 Thread 0x000001efa9751e90 Exception <a 'java/lang/NoSuchMethodError'{0x00000000ebd94148}: 'int java.lang.invoke.Invokers$Holder.linkToTargetMethod(java.lang.Object, java.lang.Object)'> (0x00000000ebd94148) 
thrown [s\src\hotspot\share\interpreter\linkResolver.cpp, line 759]
Event: 15.768 Thread 0x000001efa9751e90 Exception <a 'java/lang/NoSuchMethodError'{0x00000000ebe886d8}: 'java.lang.Object java.lang.invoke.DirectMethodHandle$Holder.invokeSpecial(java.lang.Object, java.lang.Object, java.lang.Object, java.lang.Object, java.lang.Object, java.lang.Object, java.lang.Object, java.lang.Object, java.lang.Object, java.lang.Object, java.lang.Object)'> (0x00000000ebe886d8) 
thrown [s\src\hotspot\share\interpreter\linkResolver.cpp, line 759]
Event: 15.769 Thread 0x000001efa9751e90 Exception <a 'java/lang/NoSuchMethodError'{0x00000000ebe8dbf0}: 'java.lang.Object java.lang.invoke.Invokers$Holder.invoke_MT(java.lang.Object, java.lang.Object, java.lang.Object, java.lang.Object, java.lang.Object, java.lang.Object, java.lang.Object, java.lang.Object, java.lang.Object, java.lang.Object, java.lang.Object)'> (0x00000000ebe8dbf0) 
thrown [s\src\hotspot\share\interpreter\linkResolver.cpp, line 759]
Event: 15.777 Thread 0x000001efa9751e90 Exception <a 'java/lang/NoSuchMethodError'{0x00000000ebf1c900}: 'java.lang.Object java.lang.invoke.DirectMethodHandle$Holder.invokeSpecial(java.lang.Object, java.lang.Object, java.lang.Object, java.lang.Object, java.lang.Object, java.lang.Object, java.lang.Object, java.lang.Object, java.lang.Object, java.lang.Object)'> (0x00000000ebf1c900) 
thrown [s\src\hotspot\share\interpreter\linkResolver.cpp, line 759]
Event: 15.777 Thread 0x000001efa9751e90 Exception <a 'java/lang/NoSuchMethodError'{0x00000000ebf21b50}: 'java.lang.Object java.lang.invoke.Invokers$Holder.invoke_MT(java.lang.Object, java.lang.Object, java.lang.Object, java.lang.Object, java.lang.Object, java.lang.Object, java.lang.Object, java.lang.Object, java.lang.Object, java.lang.Object)'> (0x00000000ebf21b50) 
thrown [s\src\hotspot\share\interpreter\linkResolver.cpp, line 759]
Event: 15.787 Thread 0x000001efa9751e90 Exception <a 'java/lang/NoSuchMethodError'{0x00000000ebfcc310}: 'java.lang.Object java.lang.invoke.DirectMethodHandle$Holder.newInvokeSpecial(java.lang.Object, java.lang.Object, java.lang.Object, java.lang.Object, java.lang.Object, java.lang.Object, java.lang.Object)'> (0x00000000ebfcc310) 
thrown [s\src\hotspot\share\interpreter\linkResolver.cpp, line 759]
Event: 15.794 Thread 0x000001efa9751e90 Exception <a 'java/lang/NoSuchMethodError'{0x00000000ec039f40}: 'java.lang.Object java.lang.invoke.DirectMethodHandle$Holder.invokeSpecial(java.lang.Object, java.lang.Object, java.lang.Object, java.lang.Object, java.lang.Object, java.lang.Object, java.lang.Object, java.lang.Object, java.lang.Object, java.lang.Object, java.lang.Object, java.lang.Object, java.lang.Object)'> (0x00000000ec039f40) 
thrown [s\src\hotspot\share\interpreter\linkResolver.cpp, line 759]
Event: 15.795 Thread 0x000001efa9751e90 Exception <a 'java/lang/NoSuchMethodError'{0x00000000ec03fa70}: 'java.lang.Object java.lang.invoke.Invokers$Holder.invoker(java.lang.Object, java.lang.Object, java.lang.Object, java.lang.Object, java.lang.Object, java.lang.Object, java.lang.Object, java.lang.Object, java.lang.Object, java.lang.Object, java.lang.Object, java.lang.Object, java.lang.Object)'> (0x00000000ec03fa70) 
thrown [s\src\hotspot\share\interpreter\linkResolver.cpp, line 759]
Event: 15.795 Thread 0x000001efa9751e90 Exception <a 'java/lang/NoSuchMethodError'{0x00000000ec046770}: 'java.lang.Object java.lang.invoke.DirectMethodHandle$Holder.invokeSpecial(java.lang.Object, java.lang.Object, java.lang.Object, java.lang.Object, java.lang.Object, java.lang.Object, java.lang.Object, java.lang.Object, java.lang.Object, java.lang.Object, java.lang.Object, java.lang.Object, java.lang.Object, java.lang.Object)'> (0x00000000ec046770) 
thrown [s\src\hotspot\share\interpreter\linkResolver.cpp, line 759]
Event: 15.801 Thread 0x000001efa9751e90 Exception <a 'java/lang/NoSuchMethodError'{0x00000000ec0ad688}: static Lorg/eclipse/m2e/core/internal/lifecyclemapping/model/PluginExecutionMetadata;.<clinit>()V> (0x00000000ec0ad688) 
thrown [s\src\hotspot\share\prims\jni.cpp, line 1112]
Event: 15.807 Thread 0x000001efa9751e90 Exception <a 'java/lang/NoSuchMethodError'{0x00000000ec10c6c8}: static Lorg/eclipse/m2e/core/internal/lifecyclemapping/model/PluginExecutionFilter;.<clinit>()V> (0x00000000ec10c6c8) 
thrown [s\src\hotspot\share\prims\jni.cpp, line 1112]
Event: 15.811 Thread 0x000001efa9751e90 Exception <a 'java/lang/NoSuchMethodError'{0x00000000ec141be8}: static Lorg/eclipse/m2e/core/internal/project/registry/MavenProjectFacade$MavenProjectConfiguration;.<clinit>()V> (0x00000000ec141be8) 
thrown [s\src\hotspot\share\prims\jni.cpp, line 1112]

VM Operations (20 events):
Event: 15.153 Executing VM operation: HandshakeAllThreads
Event: 15.153 Executing VM operation: HandshakeAllThreads done
Event: 15.214 Executing VM operation: HandshakeAllThreads
Event: 15.214 Executing VM operation: HandshakeAllThreads done
Event: 15.335 Executing VM operation: HandshakeAllThreads
Event: 15.335 Executing VM operation: HandshakeAllThreads done
Event: 15.383 Executing VM operation: HandshakeAllThreads
Event: 15.383 Executing VM operation: HandshakeAllThreads done
Event: 15.415 Executing VM operation: HandshakeAllThreads
Event: 15.415 Executing VM operation: HandshakeAllThreads done
Event: 15.437 Executing VM operation: HandshakeAllThreads
Event: 15.437 Executing VM operation: HandshakeAllThreads done
Event: 15.442 Executing VM operation: HandshakeAllThreads
Event: 15.442 Executing VM operation: HandshakeAllThreads done
Event: 15.505 Executing VM operation: ParallelGCFailedAllocation
Event: 15.507 Executing VM operation: ParallelGCFailedAllocation done
Event: 15.731 Executing VM operation: HandshakeAllThreads
Event: 15.731 Executing VM operation: HandshakeAllThreads done
Event: 15.731 Executing VM operation: HandshakeAllThreads
Event: 15.731 Executing VM operation: HandshakeAllThreads done

Events (20 events):
Event: 15.800 loading class java/io/ObjectStreamClass$1
Event: 15.800 loading class java/io/ObjectStreamClass$1 done
Event: 15.800 loading class java/io/ObjectStreamClass$MemberSignature
Event: 15.800 loading class java/io/ObjectStreamClass$MemberSignature done
Event: 15.800 loading class java/io/ObjectStreamClass$3
Event: 15.801 loading class java/io/ObjectStreamClass$3 done
Event: 15.801 loading class java/io/ObjectStreamClass$4
Event: 15.801 loading class java/io/ObjectStreamClass$4 done
Event: 15.801 loading class java/io/ObjectStreamClass$5
Event: 15.801 loading class java/io/ObjectStreamClass$5 done
Event: 15.801 loading class sun/security/provider/SHA
Event: 15.801 loading class sun/security/provider/SHA done
Event: 15.811 loading class java/io/ObjectStreamClass$ExceptionInfo
Event: 15.811 loading class java/io/ObjectStreamClass$ExceptionInfo done
Event: 15.822 loading class org/w3c/dom/Node
Event: 15.822 loading class org/w3c/dom/Node done
Event: 15.822 loading class javax/xml/transform/Result
Event: 15.822 loading class javax/xml/transform/Result done
Event: 15.822 loading class javax/xml/transform/Source
Event: 15.822 loading class javax/xml/transform/Source done


Dynamic libraries:
0x00007ff6f37e0000 - 0x00007ff6f37ee000 	c:\Users\sanke\.vscode\extensions\redhat.java-1.31.0-win32-x64\jre\17.0.11-win32-x86_64\bin\java.exe
0x00007ffa7d1f0000 - 0x00007ffa7d407000 	C:\WINDOWS\SYSTEM32\ntdll.dll
0x00007ffa7cc10000 - 0x00007ffa7ccd4000 	C:\WINDOWS\System32\KERNEL32.DLL
0x00007ffa7a820000 - 0x00007ffa7abcc000 	C:\WINDOWS\System32\KERNELBASE.dll
0x00000000778b0000 - 0x0000000077be2000 	C:\Program Files\Norton Security\NortonData\22.21.8.62\Definitions\IPSDefs\20231229.064\IPSEng64.dll
0x00007ffa7cb50000 - 0x00007ffa7cc02000 	C:\WINDOWS\System32\ADVAPI32.dll
0x00007ffa7cd50000 - 0x00007ffa7cdf7000 	C:\WINDOWS\System32\msvcrt.dll
0x00007ffa7af80000 - 0x00007ffa7b028000 	C:\WINDOWS\System32\sechost.dll
0x00007ffa7acf0000 - 0x00007ffa7ad18000 	C:\WINDOWS\System32\bcrypt.dll
0x00007ffa7c020000 - 0x00007ffa7c135000 	C:\WINDOWS\System32\RPCRT4.dll
0x00007ffa7b8c0000 - 0x00007ffa7b8c8000 	C:\WINDOWS\System32\PSAPI.DLL
0x00007ffa7a5c0000 - 0x00007ffa7a6d1000 	C:\WINDOWS\System32\ucrtbase.dll
0x00007ffa4a200000 - 0x00007ffa4a217000 	c:\Users\sanke\.vscode\extensions\redhat.java-1.31.0-win32-x64\jre\17.0.11-win32-x86_64\bin\jli.dll
0x00007ffa4a1e0000 - 0x00007ffa4a1fb000 	c:\Users\sanke\.vscode\extensions\redhat.java-1.31.0-win32-x64\jre\17.0.11-win32-x86_64\bin\VCRUNTIME140.dll
0x00007ffa7b030000 - 0x00007ffa7b1de000 	C:\WINDOWS\System32\USER32.dll
0x00007ffa7a590000 - 0x00007ffa7a5b6000 	C:\WINDOWS\System32\win32u.dll
0x00007ffa605d0000 - 0x00007ffa60863000 	C:\WINDOWS\WinSxS\amd64_microsoft.windows.common-controls_6595b64144ccf1df_6.0.22621.3672_none_2713b9d173822955\COMCTL32.dll
0x00007ffa7b8d0000 - 0x00007ffa7b8f9000 	C:\WINDOWS\System32\GDI32.dll
0x00007ffa7abd0000 - 0x00007ffa7ace9000 	C:\WINDOWS\System32\gdi32full.dll
0x00007ffa7ad20000 - 0x00007ffa7adba000 	C:\WINDOWS\System32\msvcp_win.dll
0x00007ffa7af30000 - 0x00007ffa7af61000 	C:\WINDOWS\System32\IMM32.DLL
0x00007ffa76050000 - 0x00007ffa7605c000 	c:\Users\sanke\.vscode\extensions\redhat.java-1.31.0-win32-x64\jre\17.0.11-win32-x86_64\bin\vcruntime140_1.dll
0x00007ffa02600000 - 0x00007ffa0268d000 	c:\Users\sanke\.vscode\extensions\redhat.java-1.31.0-win32-x64\jre\17.0.11-win32-x86_64\bin\msvcp140.dll
0x00007ff9dda00000 - 0x00007ff9de662000 	c:\Users\sanke\.vscode\extensions\redhat.java-1.31.0-win32-x64\jre\17.0.11-win32-x86_64\bin\server\jvm.dll
0x00007ffa79370000 - 0x00007ffa793bd000 	C:\WINDOWS\SYSTEM32\POWRPROF.dll
0x00007ffa75ad0000 - 0x00007ffa75ada000 	C:\WINDOWS\SYSTEM32\VERSION.dll
0x00007ffa743e0000 - 0x00007ffa74414000 	C:\WINDOWS\SYSTEM32\WINMM.dll
0x00007ffa725a0000 - 0x00007ffa725a9000 	C:\WINDOWS\SYSTEM32\WSOCK32.dll
0x00007ffa7b900000 - 0x00007ffa7b971000 	C:\WINDOWS\System32\WS2_32.dll
0x00007ffa79350000 - 0x00007ffa79363000 	C:\WINDOWS\SYSTEM32\UMPDC.dll
0x00007ffa79600000 - 0x00007ffa79618000 	C:\WINDOWS\SYSTEM32\kernel.appcore.dll
0x00007ffa72590000 - 0x00007ffa7259a000 	c:\Users\sanke\.vscode\extensions\redhat.java-1.31.0-win32-x64\jre\17.0.11-win32-x86_64\bin\jimage.dll
0x00007ffa778f0000 - 0x00007ffa77b22000 	C:\WINDOWS\SYSTEM32\DBGHELP.DLL
0x00007ffa7b2f0000 - 0x00007ffa7b678000 	C:\WINDOWS\System32\combase.dll
0x00007ffa7b680000 - 0x00007ffa7b757000 	C:\WINDOWS\System32\OLEAUT32.dll
0x00007ffa72b40000 - 0x00007ffa72b72000 	C:\WINDOWS\SYSTEM32\dbgcore.DLL
0x00007ffa7a6e0000 - 0x00007ffa7a75b000 	C:\WINDOWS\System32\bcryptPrimitives.dll
0x00007ffa764d0000 - 0x00007ffa764de000 	c:\Users\sanke\.vscode\extensions\redhat.java-1.31.0-win32-x64\jre\17.0.11-win32-x86_64\bin\instrument.dll
0x00007ffa474c0000 - 0x00007ffa474e5000 	c:\Users\sanke\.vscode\extensions\redhat.java-1.31.0-win32-x64\jre\17.0.11-win32-x86_64\bin\java.dll
0x00007ffa474a0000 - 0x00007ffa474b8000 	c:\Users\sanke\.vscode\extensions\redhat.java-1.31.0-win32-x64\jre\17.0.11-win32-x86_64\bin\zip.dll
0x00007ffa7c2f0000 - 0x00007ffa7cb4c000 	C:\WINDOWS\System32\SHELL32.dll
0x00007ffa78430000 - 0x00007ffa78d27000 	C:\WINDOWS\SYSTEM32\windows.storage.dll
0x00007ffa782f0000 - 0x00007ffa7842f000 	C:\WINDOWS\SYSTEM32\wintypes.dll
0x00007ffa7b980000 - 0x00007ffa7ba74000 	C:\WINDOWS\System32\SHCORE.dll
0x00007ffa7ce20000 - 0x00007ffa7ce7e000 	C:\WINDOWS\System32\shlwapi.dll
0x00007ffa7a450000 - 0x00007ffa7a471000 	C:\WINDOWS\SYSTEM32\profapi.dll
0x00007ffa46d60000 - 0x00007ffa46d79000 	C:\Users\sanke\.vscode\extensions\redhat.java-1.31.0-win32-x64\jre\17.0.11-win32-x86_64\bin\net.dll
0x00007ffa769c0000 - 0x00007ffa76af6000 	C:\WINDOWS\SYSTEM32\WINHTTP.dll
0x00007ffa79a60000 - 0x00007ffa79ac9000 	C:\WINDOWS\system32\mswsock.dll
0x00007ffa46d40000 - 0x00007ffa46d56000 	C:\Users\sanke\.vscode\extensions\redhat.java-1.31.0-win32-x64\jre\17.0.11-win32-x86_64\bin\nio.dll
0x00007ffa6b4c0000 - 0x00007ffa6b4d0000 	c:\Users\sanke\.vscode\extensions\redhat.java-1.31.0-win32-x64\jre\17.0.11-win32-x86_64\bin\verify.dll
0x00007ffa70430000 - 0x00007ffa70474000 	C:\Users\sanke\AppData\Roaming\Code\User\globalStorage\redhat.java\1.31.0\config_win\org.eclipse.equinox.launcher\org.eclipse.equinox.launcher.win32.win32.x86_64_1.2.1000.v20240507-1834\eclipse_11902.dll
0x00007ffa7c140000 - 0x00007ffa7c2e5000 	C:\WINDOWS\System32\ole32.dll

dbghelp: loaded successfully - version: 4.0.5 - missing functions: none
symbol engine: initialized successfully - sym options: 0x614 - pdb path: .;c:\Users\sanke\.vscode\extensions\redhat.java-1.31.0-win32-x64\jre\17.0.11-win32-x86_64\bin;C:\WINDOWS\SYSTEM32;C:\Program Files\Norton Security\NortonData\22.21.8.62\Definitions\IPSDefs\20231229.064;C:\WINDOWS\WinSxS\amd64_microsoft.windows.common-controls_6595b64144ccf1df_6.0.22621.3672_none_2713b9d173822955;c:\Users\sanke\.vscode\extensions\redhat.java-1.31.0-win32-x64\jre\17.0.11-win32-x86_64\bin\server;C:\Users\sanke\AppData\Roaming\Code\User\globalStorage\redhat.java\1.31.0\config_win\org.eclipse.equinox.launcher\org.eclipse.equinox.launcher.win32.win32.x86_64_1.2.1000.v20240507-1834

VM Arguments:
jvm_args: --add-modules=ALL-SYSTEM --add-opens=java.base/java.util=ALL-UNNAMED --add-opens=java.base/java.lang=ALL-UNNAMED --add-opens=java.base/sun.nio.fs=ALL-UNNAMED -Declipse.application=org.eclipse.jdt.ls.core.id1 -Dosgi.bundles.defaultStartLevel=4 -Declipse.product=org.eclipse.jdt.ls.core.product -Djava.import.generatesMetadataFilesAtProjectRoot=false -DDetectVMInstallationsJob.disabled=true -Dfile.encoding=utf8 -XX:+UseParallelGC -XX:GCTimeRatio=4 -XX:AdaptiveSizePolicyWeight=90 -Dsun.zip.disableMemoryMapping=true -Xmx1G -Xms100m -Xlog:disable -javaagent:c:\Users\sanke\.vscode\extensions\redhat.java-1.31.0-win32-x64\lombok\lombok-1.18.32.jar -XX:+HeapDumpOnOutOfMemoryError -XX:HeapDumpPath=c:\Users\sanke\AppData\Roaming\Code\User\workspaceStorage\26c511c313bf32a5329309c3361dd2e7\redhat.java -Daether.dependencyCollector.impl=bf 
java_command: c:\Users\sanke\.vscode\extensions\redhat.java-1.31.0-win32-x64\server\plugins\org.eclipse.equinox.launcher_1.6.800.v20240513-1750.jar -configuration c:\Users\sanke\AppData\Roaming\Code\User\globalStorage\redhat.java\1.31.0\config_win -data c:\Users\sanke\AppData\Roaming\Code\User\workspaceStorage\26c511c313bf32a5329309c3361dd2e7\redhat.java\jdt_ws --pipe=\\.\pipe\lsp-c004ecc5e310a92d95e33f4138c54ee1-sock
java_class_path (initial): c:\Users\sanke\.vscode\extensions\redhat.java-1.31.0-win32-x64\server\plugins\org.eclipse.equinox.launcher_1.6.800.v20240513-1750.jar
Launcher Type: SUN_STANDARD

[Global flags]
    uintx AdaptiveSizePolicyWeight                 = 90                                        {product} {command line}
     intx CICompilerCount                          = 4                                         {product} {ergonomic}
    uintx GCTimeRatio                              = 4                                         {product} {command line}
     bool HeapDumpOnOutOfMemoryError               = true                                   {manageable} {command line}
    ccstr HeapDumpPath                             = c:\Users\sanke\AppData\Roaming\Code\User\workspaceStorage\26c511c313bf32a5329309c3361dd2e7\redhat.java         {manageable} {command line}
   size_t InitialHeapSize                          = 104857600                                 {product} {command line}
   size_t MaxHeapSize                              = 1073741824                                {product} {command line}
   size_t MaxNewSize                               = 357564416                                 {product} {ergonomic}
   size_t MinHeapDeltaBytes                        = 524288                                    {product} {ergonomic}
   size_t MinHeapSize                              = 104857600                                 {product} {command line}
   size_t NewSize                                  = 34603008                                  {product} {ergonomic}
    uintx NonNMethodCodeHeapSize                   = 5839372                                {pd product} {ergonomic}
    uintx NonProfiledCodeHeapSize                  = 122909434                              {pd product} {ergonomic}
   size_t OldSize                                  = 70254592                                  {product} {ergonomic}
    uintx ProfiledCodeHeapSize                     = 122909434                              {pd product} {ergonomic}
    uintx ReservedCodeCacheSize                    = 251658240                              {pd product} {ergonomic}
     bool SegmentedCodeCache                       = true                                      {product} {ergonomic}
   size_t SoftMaxHeapSize                          = 1073741824                             {manageable} {ergonomic}
     bool UseCompressedClassPointers               = true                           {product lp64_product} {ergonomic}
     bool UseCompressedOops                        = true                           {product lp64_product} {ergonomic}
     bool UseLargePagesIndividualAllocation        = false                                  {pd product} {ergonomic}
     bool UseParallelGC                            = true                                      {product} {command line}

Logging:
Log output configuration:
 #0: stdout all=off uptime,level,tags
 #1: stderr all=off uptime,level,tags

Environment Variables:
PATH=C:\Program Files\Common Files\Oracle\Java\javapath;C:\Windows\system32;C:\Windows;C:\Windows\System32\Wbem;C:\Windows\System32\WindowsPowerShell\v1.0\;C:\Windows\System32\OpenSSH\;C:\Program Files (x86)\NVIDIA Corporation\PhysX\Common;C:\Program Files\NVIDIA Corporation\NVIDIA NvDLISR;C:\WINDOWS\system32;C:\WINDOWS;C:\WINDOWS\System32\Wbem;C:\WINDOWS\System32\WindowsPowerShell\v1.0\;C:\WINDOWS\System32\OpenSSH\;D:\New applications\Matlab\runtime\win64;D:\New applications\Matlab\bin;C:\Program Files\dotnet\;C:\Program Files\nodejs\;C:\Program Files\Git\cmd;C:\Program Files\Docker\Docker\resources\bin;C:\Program Files\MySQL\MySQL Shell 8.0\bin\;C:\Users\sanke\AppData\Local\Microsoft\WindowsApps;C:\Program Files (x86)\Brackets\;C:\Users\sanke\AppData\Local\Programs\Microsoft VS Code\bin;C:\ProgramData\sanke\atom\bin;C:\Users\sanke\AppData\Local\Programs\Hyper\resources\bin;C:\Program Files\heroku\bin;C:\Users\sanke\AppData\Local\Microsoft\WindowsApps;D:\mongosh-1.6.0-win32-x64\mongosh-1.6.0-win32-x64;C:\Users\sanke\AppData\Roaming\npm;D:\New applications\IntelliJ IDEA 2023.1.3\bin;;C:\dev\apache-maven-3.9.6\bin;
USERNAME=sanke
OS=Windows_NT
PROCESSOR_IDENTIFIER=Intel64 Family 6 Model 165 Stepping 2, GenuineIntel
TMP=C:\Users\sanke\AppData\Local\Temp
TEMP=C:\Users\sanke\AppData\Local\Temp



Periodic native trim disabled


---------------  S Y S T E M  ---------------

OS:
 Windows 11 , 64 bit Build 22621 (10.0.22621.3672)
OS uptime: 11 days 5:58 hours
Hyper-V role detected

CPU: total 8 (initial active 8) (4 cores per cpu, 2 threads per core) family 6 model 165 stepping 2 microcode 0xea, cx8, cmov, fxsr, ht, mmx, 3dnowpref, sse, sse2, sse3, ssse3, sse4.1, sse4.2, popcnt, lzcnt, tsc, tscinvbit, avx, avx2, aes, erms, clmul, bmi1, bmi2, adx, fma, vzeroupper, clflush, clflushopt, hv
Processor Information for all 8 processors :
  Max Mhz: 2496, Current Mhz: 2496, Mhz Limit: 2496

Memory: 4k page, system-wide physical 8059M (441M free)
TotalPageFile size 32635M (AvailPageFile size 1M)
current process WorkingSet (physical memory assigned to process): 133M, peak: 133M
current process commit charge ("private bytes"): 236M, peak: 236M

vm_info: OpenJDK 64-Bit Server VM (17.0.11+9) for windows-amd64 JRE (17.0.11+9), built on Apr 17 2024 06:07:48 by "admin" with MS VC++ 16.10 / 16.11 (VS2019)

END.
