#
# There is insufficient memory for the Java Runtime Environment to continue.
# Native memory allocation (malloc) failed to allocate 32744 bytes. Error detail: ChunkPool::allocate
# Possible reasons:
#   The system is out of physical RAM or swap space
#   This process is running with CompressedOops enabled, and the Java Heap may be blocking the growth of the native heap
# Possible solutions:
#   Reduce memory load on the system
#   Increase physical memory or swap space
#   Check if swap backing store is full
#   Decrease Java heap size (-Xmx/-Xms)
#   Decrease number of Java threads
#   Decrease Java thread stack sizes (-Xss)
#   Set larger code cache with -XX:ReservedCodeCacheSize=
#   JVM is running with Unscaled Compressed Oops mode in which the Java heap is
#     placed in the first 4GB address space. The Java Heap base address is the
#     maximum limit for the native heap growth. Please use -XX:HeapBaseMinAddress
#     to set the Java Heap base and to place the Java Heap above 4GB virtual address.
# This output file may be truncated or incomplete.
#
#  Out of Memory Error (arena.cpp:79), pid=28164, tid=31444
#
# JRE version: OpenJDK Runtime Environment Temurin-17.0.11+9 (17.0.11+9) (build 17.0.11+9)
# Java VM: OpenJDK 64-Bit Server VM Temurin-17.0.11+9 (17.0.11+9, mixed mode, tiered, compressed oops, compressed class ptrs, parallel gc, windows-amd64)
# No core dump will be written. Minidumps are not enabled by default on client versions of Windows
#

---------------  S U M M A R Y ------------

Command Line: --add-modules=ALL-SYSTEM --add-opens=java.base/java.util=ALL-UNNAMED --add-opens=java.base/java.lang=ALL-UNNAMED --add-opens=java.base/sun.nio.fs=ALL-UNNAMED -Declipse.application=org.eclipse.jdt.ls.core.id1 -Dosgi.bundles.defaultStartLevel=4 -Declipse.product=org.eclipse.jdt.ls.core.product -Djava.import.generatesMetadataFilesAtProjectRoot=false -DDetectVMInstallationsJob.disabled=true -Dfile.encoding=utf8 -XX:+UseParallelGC -XX:GCTimeRatio=4 -XX:AdaptiveSizePolicyWeight=90 -Dsun.zip.disableMemoryMapping=true -Xmx1G -Xms100m -Xlog:disable -javaagent:c:\Users\sanke\.vscode\extensions\redhat.java-1.31.0-win32-x64\lombok\lombok-1.18.32.jar -XX:+HeapDumpOnOutOfMemoryError -XX:HeapDumpPath=c:\Users\sanke\AppData\Roaming\Code\User\workspaceStorage\26c511c313bf32a5329309c3361dd2e7\redhat.java -Daether.dependencyCollector.impl=bf c:\Users\sanke\.vscode\extensions\redhat.java-1.31.0-win32-x64\server\plugins\org.eclipse.equinox.launcher_1.6.800.v20240513-1750.jar -configuration c:\Users\sanke\AppData\Roaming\Code\User\globalStorage\redhat.java\1.31.0\config_win -data c:\Users\sanke\AppData\Roaming\Code\User\workspaceStorage\26c511c313bf32a5329309c3361dd2e7\redhat.java\jdt_ws --pipe=\\.\pipe\lsp-7d2ff1aa594a889e615f41ce1496bcee-sock

Host: Intel(R) Core(TM) i5-10300H CPU @ 2.50GHz, 8 cores, 7G,  Windows 11 , 64 bit Build 22621 (10.0.22621.3672)
Time: Thu Jun 27 08:25:55 2024 W. Europe Daylight Time elapsed time: 30.779233 seconds (0d 0h 0m 30s)

---------------  T H R E A D  ---------------

Current thread (0x0000026efb157730):  JavaThread "C2 CompilerThread0" daemon [_thread_in_native, id=31444, stack(0x000000f517900000,0x000000f517a00000)]


Current CompileTask:
C2:  30779 10870       4       java.util.regex.Pattern::atom (422 bytes)

Stack: [0x000000f517900000,0x000000f517a00000]
Native frames: (J=compiled Java code, j=interpreted, Vv=VM code, C=native code)
V  [jvm.dll+0x67d429]
V  [jvm.dll+0x834b7a]
V  [jvm.dll+0x83663e]
V  [jvm.dll+0x836ca3]
V  [jvm.dll+0x247dbf]
V  [jvm.dll+0xac731]
V  [jvm.dll+0xacb7c]
V  [jvm.dll+0x5914d1]
V  [jvm.dll+0x57a7b9]
V  [jvm.dll+0x57de07]
V  [jvm.dll+0x57d55d]
V  [jvm.dll+0x57d5c9]
V  [jvm.dll+0x57d5c9]
V  [jvm.dll+0x585194]
V  [jvm.dll+0x222d82]
V  [jvm.dll+0x22317f]
V  [jvm.dll+0x21c2a0]
V  [jvm.dll+0x2197a1]
V  [jvm.dll+0x1a534d]
V  [jvm.dll+0x2295cd]
V  [jvm.dll+0x22779c]
V  [jvm.dll+0x7e9d07]
V  [jvm.dll+0x7e410a]
V  [jvm.dll+0x67c315]
C  [ucrtbase.dll+0x29333]
C  [KERNEL32.DLL+0x1257d]
C  [ntdll.dll+0x5aa48]


---------------  P R O C E S S  ---------------

Threads class SMR info:
_java_thread_list=0x0000026e96dce710, length=54, elements={
0x0000026ef62ff3a0, 0x0000026e93e56020, 0x0000026e93e58d10, 0x0000026efb151310,
0x0000026efb153fb0, 0x0000026efb154d40, 0x0000026efb156980, 0x0000026efb157730,
0x0000026e93f0f990, 0x0000026efb158fa0, 0x0000026e93fb7250, 0x0000026e9529ff00,
0x0000026e95c1ff20, 0x0000026e95e90120, 0x0000026e95e9ac20, 0x0000026e95be06b0,
0x0000026e963e4460, 0x0000026e96633980, 0x0000026e96633470, 0x0000026e96633e90,
0x0000026e966357e0, 0x0000026e966352d0, 0x0000026e96632540, 0x0000026e96632a50,
0x0000026e966343a0, 0x0000026e966348b0, 0x0000026e96634dc0, 0x0000026e978c5780,
0x0000026e978c66b0, 0x0000026e978c4850, 0x0000026e978c2f00, 0x0000026e978c8000,
0x0000026e978c15b0, 0x0000026e978c6bc0, 0x0000026e978c70d0, 0x0000026e978c75e0,
0x0000026e978c3410, 0x0000026e978c3920, 0x0000026e978c29f0, 0x0000026e978c61a0,
0x0000026e978c5c90, 0x0000026e978c3e30, 0x0000026e978c8a20, 0x0000026e978c1ac0,
0x0000026e978495b0, 0x0000026e9784f5e0, 0x0000026e9784af00, 0x0000026e9784b410,
0x0000026e9784d270, 0x0000026e9784c850, 0x0000026e9784e6b0, 0x0000026e9784a9f0,
0x0000026e9784a4e0, 0x0000026e9784faf0
}

Java Threads: ( => current thread )
  0x0000026ef62ff3a0 JavaThread "main" [_thread_blocked, id=41280, stack(0x000000f517000000,0x000000f517100000)]
  0x0000026e93e56020 JavaThread "Reference Handler" daemon [_thread_blocked, id=32088, stack(0x000000f517300000,0x000000f517400000)]
  0x0000026e93e58d10 JavaThread "Finalizer" daemon [_thread_blocked, id=18408, stack(0x000000f517400000,0x000000f517500000)]
  0x0000026efb151310 JavaThread "Signal Dispatcher" daemon [_thread_blocked, id=2568, stack(0x000000f517500000,0x000000f517600000)]
  0x0000026efb153fb0 JavaThread "Attach Listener" daemon [_thread_blocked, id=27348, stack(0x000000f517600000,0x000000f517700000)]
  0x0000026efb154d40 JavaThread "Service Thread" daemon [_thread_blocked, id=35292, stack(0x000000f517700000,0x000000f517800000)]
  0x0000026efb156980 JavaThread "Monitor Deflation Thread" daemon [_thread_blocked, id=13628, stack(0x000000f517800000,0x000000f517900000)]
=>0x0000026efb157730 JavaThread "C2 CompilerThread0" daemon [_thread_in_native, id=31444, stack(0x000000f517900000,0x000000f517a00000)]
  0x0000026e93f0f990 JavaThread "C1 CompilerThread0" daemon [_thread_blocked, id=38920, stack(0x000000f517a00000,0x000000f517b00000)]
  0x0000026efb158fa0 JavaThread "Sweeper thread" daemon [_thread_blocked, id=24056, stack(0x000000f517b00000,0x000000f517c00000)]
  0x0000026e93fb7250 JavaThread "Common-Cleaner" daemon [_thread_blocked, id=10984, stack(0x000000f517c00000,0x000000f517d00000)]
  0x0000026e9529ff00 JavaThread "Notification Thread" daemon [_thread_blocked, id=36000, stack(0x000000f517d00000,0x000000f517e00000)]
  0x0000026e95c1ff20 JavaThread "Active Thread: Equinox Container: 9c6e10f2-fcf4-4e9d-a8f3-337b03fbcf27" [_thread_blocked, id=35420, stack(0x000000f518600000,0x000000f518700000)]
  0x0000026e95e90120 JavaThread "Framework Event Dispatcher: Equinox Container: 9c6e10f2-fcf4-4e9d-a8f3-337b03fbcf27" daemon [_thread_blocked, id=11376, stack(0x000000f518700000,0x000000f518800000)]
  0x0000026e95e9ac20 JavaThread "Start Level: Equinox Container: 9c6e10f2-fcf4-4e9d-a8f3-337b03fbcf27" daemon [_thread_blocked, id=28864, stack(0x000000f518800000,0x000000f518900000)]
  0x0000026e95be06b0 JavaThread "Bundle File Closer" daemon [_thread_blocked, id=34360, stack(0x000000f518a00000,0x000000f518b00000)]
  0x0000026e963e4460 JavaThread "SCR Component Actor" daemon [_thread_blocked, id=26160, stack(0x000000f518500000,0x000000f518600000)]
  0x0000026e96633980 JavaThread "Worker-JM" [_thread_blocked, id=41088, stack(0x000000f518c00000,0x000000f518d00000)]
  0x0000026e96633470 JavaThread "Worker-0" [_thread_blocked, id=30880, stack(0x000000f518d00000,0x000000f518e00000)]
  0x0000026e96633e90 JavaThread "Worker-1" [_thread_blocked, id=33228, stack(0x000000f518e00000,0x000000f518f00000)]
  0x0000026e966357e0 JavaThread "Java indexing" daemon [_thread_blocked, id=36520, stack(0x000000f519000000,0x000000f519100000)]
  0x0000026e966352d0 JavaThread "Worker-2" [_thread_blocked, id=32728, stack(0x000000f519100000,0x000000f519200000)]
  0x0000026e96632540 JavaThread "JNA Cleaner" daemon [_thread_blocked, id=35276, stack(0x000000f519200000,0x000000f519300000)]
  0x0000026e96632a50 JavaThread "Thread-2" daemon [_thread_in_native, id=8072, stack(0x000000f519300000,0x000000f519400000)]
  0x0000026e966343a0 JavaThread "Thread-3" daemon [_thread_in_native, id=41544, stack(0x000000f519400000,0x000000f519500000)]
  0x0000026e966348b0 JavaThread "Thread-4" daemon [_thread_in_native, id=2116, stack(0x000000f519500000,0x000000f519600000)]
  0x0000026e96634dc0 JavaThread "Thread-5" daemon [_thread_in_native, id=36276, stack(0x000000f519600000,0x000000f519700000)]
  0x0000026e978c5780 JavaThread "Thread-6" daemon [_thread_in_native, id=40268, stack(0x000000f519700000,0x000000f519800000)]
  0x0000026e978c66b0 JavaThread "Thread-7" daemon [_thread_in_native, id=39292, stack(0x000000f519800000,0x000000f519900000)]
  0x0000026e978c4850 JavaThread "Thread-8" daemon [_thread_in_native, id=2528, stack(0x000000f519900000,0x000000f519a00000)]
  0x0000026e978c2f00 JavaThread "Thread-9" daemon [_thread_in_native, id=39072, stack(0x000000f519a00000,0x000000f519b00000)]
  0x0000026e978c8000 JavaThread "Thread-10" daemon [_thread_in_native, id=6528, stack(0x000000f519b00000,0x000000f519c00000)]
  0x0000026e978c15b0 JavaThread "pool-2-thread-1" [_thread_blocked, id=37360, stack(0x000000f519c00000,0x000000f519d00000)]
  0x0000026e978c6bc0 JavaThread "WorkspaceEventsHandler" [_thread_blocked, id=26028, stack(0x000000f519d00000,0x000000f519e00000)]
  0x0000026e978c70d0 JavaThread "pool-1-thread-1" [_thread_blocked, id=20956, stack(0x000000f519e00000,0x000000f519f00000)]
  0x0000026e978c75e0 JavaThread "Worker-3" [_thread_blocked, id=17164, stack(0x000000f519f00000,0x000000f51a000000)]
  0x0000026e978c3410 JavaThread "ForkJoinPool.commonPool-worker-1" daemon [_thread_blocked, id=13224, stack(0x000000f51a000000,0x000000f51a100000)]
  0x0000026e978c3920 JavaThread "ForkJoinPool.commonPool-worker-2" daemon [_thread_blocked, id=33456, stack(0x000000f518b00000,0x000000f518c00000)]
  0x0000026e978c29f0 JavaThread "ForkJoinPool.commonPool-worker-3" daemon [_thread_blocked, id=17492, stack(0x000000f518f00000,0x000000f519000000)]
  0x0000026e978c61a0 JavaThread "ForkJoinPool.commonPool-worker-4" daemon [_thread_blocked, id=32472, stack(0x000000f51a100000,0x000000f51a200000)]
  0x0000026e978c5c90 JavaThread "ForkJoinPool.commonPool-worker-5" daemon [_thread_blocked, id=20044, stack(0x000000f51a200000,0x000000f51a300000)]
  0x0000026e978c3e30 JavaThread "ForkJoinPool.commonPool-worker-6" daemon [_thread_blocked, id=2728, stack(0x000000f51a300000,0x000000f51a400000)]
  0x0000026e978c8a20 JavaThread "ForkJoinPool.commonPool-worker-7" daemon [_thread_blocked, id=8780, stack(0x000000f51a500000,0x000000f51a600000)]
  0x0000026e978c1ac0 JavaThread "Worker-4" [_thread_blocked, id=5956, stack(0x000000f51a600000,0x000000f51a700000)]
  0x0000026e978495b0 JavaThread "Cleaner-0" daemon [_thread_blocked, id=36128, stack(0x000000f51ac00000,0x000000f51ad00000)]
  0x0000026e9784f5e0 JavaThread "Java Debug Server" daemon [_thread_in_native, id=1660, stack(0x000000f51a400000,0x000000f51a500000)]
  0x0000026e9784af00 JavaThread "pool-4-thread-1" [_thread_in_native, id=39184, stack(0x000000f51a700000,0x000000f51a800000)]
  0x0000026e9784b410 JavaThread "RxSchedulerPurge-1" daemon [_thread_blocked, id=35004, stack(0x000000f51a800000,0x000000f51a900000)]
  0x0000026e9784d270 JavaThread "RxCachedWorkerPoolEvictor-1" daemon [_thread_blocked, id=14652, stack(0x000000f51a900000,0x000000f51aa00000)]
  0x0000026e9784c850 JavaThread "RxNewThreadScheduler-1" daemon [_thread_blocked, id=24952, stack(0x000000f51aa00000,0x000000f51ab00000)]
  0x0000026e9784e6b0 JavaThread "pool-4-thread-2" [_thread_in_native, id=38832, stack(0x000000f51ad00000,0x000000f51ae00000)]
  0x0000026e9784a9f0 JavaThread "RxNewThreadScheduler-2" daemon [_thread_blocked, id=19588, stack(0x000000f51ae00000,0x000000f51af00000)]
  0x0000026e9784a4e0 JavaThread "RxNewThreadScheduler-3" daemon [_thread_in_native, id=40612, stack(0x000000f51b000000,0x000000f51b100000)]
  0x0000026e9784faf0 JavaThread "RxNewThreadScheduler-4" daemon [_thread_in_native, id=39876, stack(0x000000f51ab00000,0x000000f51ac00000)]

Other Threads:
  0x0000026efb146a60 VMThread "VM Thread" [stack: 0x000000f517200000,0x000000f517300000] [id=32352]
  0x0000026e94179030 WatcherThread [stack: 0x000000f517e00000,0x000000f517f00000] [id=12140]
  0x0000026ef6313810 GCTaskThread "GC Thread#0" [stack: 0x000000f517100000,0x000000f517200000] [id=33240]
  0x0000026e9594e440 GCTaskThread "GC Thread#1" [stack: 0x000000f517f00000,0x000000f518000000] [id=35048]
  0x0000026e956fded0 GCTaskThread "GC Thread#2" [stack: 0x000000f518000000,0x000000f518100000] [id=9080]
  0x0000026e956fe190 GCTaskThread "GC Thread#3" [stack: 0x000000f518100000,0x000000f518200000] [id=6688]
  0x0000026e956fe450 GCTaskThread "GC Thread#4" [stack: 0x000000f518200000,0x000000f518300000] [id=25528]
  0x0000026e956feb20 GCTaskThread "GC Thread#5" [stack: 0x000000f518300000,0x000000f518400000] [id=34028]
  0x0000026e956fede0 GCTaskThread "GC Thread#6" [stack: 0x000000f518400000,0x000000f518500000] [id=25260]
  0x0000026e95930ce0 GCTaskThread "GC Thread#7" [stack: 0x000000f518900000,0x000000f518a00000] [id=12368]

Threads with active compile tasks:
C2 CompilerThread0    30825 10870       4       java.util.regex.Pattern::atom (422 bytes)

VM state: not at safepoint (normal execution)

VM Mutex/Monitor currently owned by a thread: None

Heap address: 0x00000000c0000000, size: 1024 MB, Compressed Oops mode: 32-bit

CDS archive(s) not mapped
Compressed class space mapped at: 0x0000000100000000-0x0000000140000000, reserved size: 1073741824
Narrow klass base: 0x0000000000000000, Narrow klass shift: 3, Narrow klass range: 0x140000000

GC Precious Log:
 CPUs: 8 total, 8 available
 Memory: 8059M
 Large Page Support: Disabled
 NUMA Support: Disabled
 Compressed Oops: Enabled (32-bit)
 Alignments: Space 512K, Generation 512K, Heap 2M
 Heap Min Capacity: 100M
 Heap Initial Capacity: 100M
 Heap Max Capacity: 1G
 Pre-touch: Disabled
 Parallel Workers: 8

Heap:
 PSYoungGen      total 40448K, used 16450K [0x00000000eab00000, 0x00000000ed980000, 0x0000000100000000)
  eden space 39936K, 39% used [0x00000000eab00000,0x00000000eba936e8,0x00000000ed200000)
  from space 512K, 97% used [0x00000000ed900000,0x00000000ed97d220,0x00000000ed980000)
  to   space 3584K, 0% used [0x00000000ed280000,0x00000000ed280000,0x00000000ed600000)
 ParOldGen       total 158208K, used 104645K [0x00000000c0000000, 0x00000000c9a80000, 0x00000000eab00000)
  object space 158208K, 66% used [0x00000000c0000000,0x00000000c6631778,0x00000000c9a80000)
 Metaspace       used 76468K, committed 77888K, reserved 1179648K
  class space    used 8164K, committed 8768K, reserved 1048576K

Card table byte_map: [0x0000026ef5c60000,0x0000026ef5e70000] _byte_map_base: 0x0000026ef5660000

Marking Bits: (ParMarkBitMap*) 0x00007ffa1314d820
 Begin Bits: [0x0000026ef8f60000, 0x0000026ef9f60000)
 End Bits:   [0x0000026ef9f60000, 0x0000026efaf60000)

Polling page: 0x0000026ef4290000

Metaspace:

Usage:
  Non-class:     66.70 MB used.
      Class:      7.97 MB used.
       Both:     74.68 MB used.

Virtual space:
  Non-class space:      128.00 MB reserved,      67.50 MB ( 53%) committed,  2 nodes.
      Class space:        1.00 GB reserved,       8.56 MB ( <1%) committed,  1 nodes.
             Both:        1.12 GB reserved,      76.06 MB (  7%) committed. 

Chunk freelists:
   Non-Class:  12.17 MB
       Class:  7.33 MB
        Both:  19.50 MB

MaxMetaspaceSize: unlimited
CompressedClassSpaceSize: 1.00 GB
Initial GC threshold: 21.00 MB
Current GC threshold: 108.12 MB
CDS: off
MetaspaceReclaimPolicy: balanced
 - commit_granule_bytes: 65536.
 - commit_granule_words: 8192.
 - virtual_space_node_default_size: 8388608.
 - enlarge_chunks_in_place: 1.
 - new_chunks_are_fully_committed: 0.
 - uncommit_free_chunks: 1.
 - use_allocation_guard: 0.
 - handle_deallocations: 1.


Internal statistics:

num_allocs_failed_limit: 9.
num_arena_births: 984.
num_arena_deaths: 16.
num_vsnodes_births: 3.
num_vsnodes_deaths: 0.
num_space_committed: 1217.
num_space_uncommitted: 0.
num_chunks_returned_to_freelist: 25.
num_chunks_taken_from_freelist: 4235.
num_chunk_merges: 11.
num_chunk_splits: 2605.
num_chunks_enlarged: 1424.
num_inconsistent_stats: 0.

CodeHeap 'non-profiled nmethods': size=120000Kb used=4977Kb max_used=4977Kb free=115022Kb
 bounds [0x0000026e87ad0000, 0x0000026e87fb0000, 0x0000026e8f000000]
CodeHeap 'profiled nmethods': size=120000Kb used=19242Kb max_used=19242Kb free=100757Kb
 bounds [0x0000026e80000000, 0x0000026e812d0000, 0x0000026e87530000]
CodeHeap 'non-nmethods': size=5760Kb used=1398Kb max_used=1496Kb free=4361Kb
 bounds [0x0000026e87530000, 0x0000026e877a0000, 0x0000026e87ad0000]
 total_blobs=10082 nmethods=9326 adapters=670
 compilation: enabled
              stopped_count=0, restarted_count=0
 full_count=0

Compilation events (20 events):
Event: 20.891 Thread 0x0000026e93f0f990 10864       3       org.eclipse.core.internal.resources.Workspace::newResource (168 bytes)
Event: 20.893 Thread 0x0000026e93f0f990 nmethod 10864 0x0000026e812c5e10 code [0x0000026e812c6180, 0x0000026e812c74c8]
Event: 20.954 Thread 0x0000026efb157730 nmethod 10863 0x0000026e87fa2c10 code [0x0000026e87fa2fa0, 0x0000026e87fa5d98]
Event: 20.954 Thread 0x0000026efb157730 10865  s    4       org.eclipse.jdt.core.JavaConventions::scannedIdentifier (9 bytes)
Event: 20.976 Thread 0x0000026efb157730 nmethod 10865 0x0000026e87fa7f90 code [0x0000026e87fa81a0, 0x0000026e87fa9290]
Event: 20.976 Thread 0x0000026efb157730 10866  s!   4       org.eclipse.jdt.core.JavaConventions::scannedIdentifier (146 bytes)
Event: 21.005 Thread 0x0000026efb157730 nmethod 10866 0x0000026e87fa9b10 code [0x0000026e87fa9d40, 0x0000026e87fab190]
Event: 22.194 Thread 0x0000026efb157730 10867       4       java.util.ArrayList::<init> (63 bytes)
Event: 22.195 Thread 0x0000026efb157730 nmethod 10867 0x0000026e87faba90 code [0x0000026e87fabc20, 0x0000026e87fabe18]
Event: 30.633 Thread 0x0000026efb157730 10868       4       org.eclipse.core.runtime.Path::<init> (37 bytes)
Event: 30.633 Thread 0x0000026e93f0f990 10869   !   3       org.eclipse.core.internal.registry.osgi.RegistryStrategyOSGI::createExecutableExtension (147 bytes)
Event: 30.634 Thread 0x0000026efb157730 nmethod 10868 0x0000026e87fabf90 code [0x0000026e87fac100, 0x0000026e87fac1b8]
Event: 30.634 Thread 0x0000026efb157730 10870       4       java.util.regex.Pattern::atom (422 bytes)
Event: 30.634 Thread 0x0000026e93f0f990 nmethod 10869 0x0000026e812c7d10 code [0x0000026e812c8000, 0x0000026e812c8e38]
Event: 30.634 Thread 0x0000026e93f0f990 10872       3       org.eclipse.jdt.core.compiler.CharOperation::indexOf (7 bytes)
Event: 30.634 Thread 0x0000026e93f0f990 nmethod 10872 0x0000026e812c9490 code [0x0000026e812c9620, 0x0000026e812c9748]
Event: 30.634 Thread 0x0000026e93f0f990 10871   !   3       org.eclipse.core.internal.registry.osgi.RegistryStrategyOSGI::getBundle (165 bytes)
Event: 30.636 Thread 0x0000026e93f0f990 nmethod 10871 0x0000026e812c9810 code [0x0000026e812c9b80, 0x0000026e812cb598]
Event: 30.636 Thread 0x0000026e93f0f990 10873       1       org.eclipse.jdt.internal.core.BinaryMethod::getParameterTypes (5 bytes)
Event: 30.636 Thread 0x0000026e93f0f990 nmethod 10873 0x0000026e87fac290 code [0x0000026e87fac420, 0x0000026e87fac4f8]

GC Heap History (20 events):
Event: 13.495 GC heap before
{Heap before GC invocations=80 (full 6):
 PSYoungGen      total 41472K, used 41411K [0x00000000eab00000, 0x00000000ed980000, 0x0000000100000000)
  eden space 37376K, 99% used [0x00000000eab00000,0x00000000ecf70e80,0x00000000ecf80000)
  from space 4096K, 99% used [0x00000000ed580000,0x00000000ed97fec0,0x00000000ed980000)
  to   space 4608K, 0% used [0x00000000ed080000,0x00000000ed080000,0x00000000ed500000)
 ParOldGen       total 158208K, used 88629K [0x00000000c0000000, 0x00000000c9a80000, 0x00000000eab00000)
  object space 158208K, 56% used [0x00000000c0000000,0x00000000c568d6d0,0x00000000c9a80000)
 Metaspace       used 66675K, committed 67968K, reserved 1114112K
  class space    used 7125K, committed 7680K, reserved 1048576K
}
Event: 13.501 GC heap after
{Heap after GC invocations=80 (full 6):
 PSYoungGen      total 43008K, used 4587K [0x00000000eab00000, 0x00000000edd00000, 0x0000000100000000)
  eden space 38400K, 0% used [0x00000000eab00000,0x00000000eab00000,0x00000000ed080000)
  from space 4608K, 99% used [0x00000000ed080000,0x00000000ed4faf20,0x00000000ed500000)
  to   space 5632K, 0% used [0x00000000ed780000,0x00000000ed780000,0x00000000edd00000)
 ParOldGen       total 158208K, used 89261K [0x00000000c0000000, 0x00000000c9a80000, 0x00000000eab00000)
  object space 158208K, 56% used [0x00000000c0000000,0x00000000c572b4f8,0x00000000c9a80000)
 Metaspace       used 66675K, committed 67968K, reserved 1114112K
  class space    used 7125K, committed 7680K, reserved 1048576K
}
Event: 13.735 GC heap before
{Heap before GC invocations=81 (full 6):
 PSYoungGen      total 43008K, used 42987K [0x00000000eab00000, 0x00000000edd00000, 0x0000000100000000)
  eden space 38400K, 100% used [0x00000000eab00000,0x00000000ed080000,0x00000000ed080000)
  from space 4608K, 99% used [0x00000000ed080000,0x00000000ed4faf20,0x00000000ed500000)
  to   space 5632K, 0% used [0x00000000ed780000,0x00000000ed780000,0x00000000edd00000)
 ParOldGen       total 158208K, used 89261K [0x00000000c0000000, 0x00000000c9a80000, 0x00000000eab00000)
  object space 158208K, 56% used [0x00000000c0000000,0x00000000c572b4f8,0x00000000c9a80000)
 Metaspace       used 68664K, committed 70016K, reserved 1114112K
  class space    used 7314K, committed 7872K, reserved 1048576K
}
Event: 13.740 GC heap after
{Heap after GC invocations=81 (full 6):
 PSYoungGen      total 44544K, used 3225K [0x00000000eab00000, 0x00000000edb00000, 0x0000000100000000)
  eden space 40960K, 0% used [0x00000000eab00000,0x00000000eab00000,0x00000000ed300000)
  from space 3584K, 89% used [0x00000000ed780000,0x00000000edaa64a0,0x00000000edb00000)
  to   space 4096K, 0% used [0x00000000ed300000,0x00000000ed300000,0x00000000ed700000)
 ParOldGen       total 158208K, used 91930K [0x00000000c0000000, 0x00000000c9a80000, 0x00000000eab00000)
  object space 158208K, 58% used [0x00000000c0000000,0x00000000c59c6960,0x00000000c9a80000)
 Metaspace       used 68664K, committed 70016K, reserved 1114112K
  class space    used 7314K, committed 7872K, reserved 1048576K
}
Event: 13.998 GC heap before
{Heap before GC invocations=82 (full 6):
 PSYoungGen      total 44544K, used 44185K [0x00000000eab00000, 0x00000000edb00000, 0x0000000100000000)
  eden space 40960K, 100% used [0x00000000eab00000,0x00000000ed300000,0x00000000ed300000)
  from space 3584K, 89% used [0x00000000ed780000,0x00000000edaa64a0,0x00000000edb00000)
  to   space 4096K, 0% used [0x00000000ed300000,0x00000000ed300000,0x00000000ed700000)
 ParOldGen       total 158208K, used 91930K [0x00000000c0000000, 0x00000000c9a80000, 0x00000000eab00000)
  object space 158208K, 58% used [0x00000000c0000000,0x00000000c59c6960,0x00000000c9a80000)
 Metaspace       used 70030K, committed 71424K, reserved 1114112K
  class space    used 7411K, committed 8000K, reserved 1048576K
}
Event: 14.004 GC heap after
{Heap after GC invocations=82 (full 6):
 PSYoungGen      total 45056K, used 4068K [0x00000000eab00000, 0x00000000ee300000, 0x0000000100000000)
  eden space 40960K, 0% used [0x00000000eab00000,0x00000000eab00000,0x00000000ed300000)
  from space 4096K, 99% used [0x00000000ed300000,0x00000000ed6f9390,0x00000000ed700000)
  to   space 7168K, 0% used [0x00000000edc00000,0x00000000edc00000,0x00000000ee300000)
 ParOldGen       total 158208K, used 94059K [0x00000000c0000000, 0x00000000c9a80000, 0x00000000eab00000)
  object space 158208K, 59% used [0x00000000c0000000,0x00000000c5bdad88,0x00000000c9a80000)
 Metaspace       used 70030K, committed 71424K, reserved 1114112K
  class space    used 7411K, committed 8000K, reserved 1048576K
}
Event: 14.277 GC heap before
{Heap before GC invocations=83 (full 6):
 PSYoungGen      total 45056K, used 45028K [0x00000000eab00000, 0x00000000ee300000, 0x0000000100000000)
  eden space 40960K, 100% used [0x00000000eab00000,0x00000000ed300000,0x00000000ed300000)
  from space 4096K, 99% used [0x00000000ed300000,0x00000000ed6f9390,0x00000000ed700000)
  to   space 7168K, 0% used [0x00000000edc00000,0x00000000edc00000,0x00000000ee300000)
 ParOldGen       total 158208K, used 94059K [0x00000000c0000000, 0x00000000c9a80000, 0x00000000eab00000)
  object space 158208K, 59% used [0x00000000c0000000,0x00000000c5bdad88,0x00000000c9a80000)
 Metaspace       used 71318K, committed 72640K, reserved 1114112K
  class space    used 7534K, committed 8064K, reserved 1048576K
}
Event: 14.282 GC heap after
{Heap after GC invocations=83 (full 6):
 PSYoungGen      total 47616K, used 4519K [0x00000000eab00000, 0x00000000ee080000, 0x0000000100000000)
  eden space 43008K, 0% used [0x00000000eab00000,0x00000000eab00000,0x00000000ed500000)
  from space 4608K, 98% used [0x00000000edc00000,0x00000000ee069eb8,0x00000000ee080000)
  to   space 5120K, 0% used [0x00000000ed680000,0x00000000ed680000,0x00000000edb80000)
 ParOldGen       total 158208K, used 96722K [0x00000000c0000000, 0x00000000c9a80000, 0x00000000eab00000)
  object space 158208K, 61% used [0x00000000c0000000,0x00000000c5e74be8,0x00000000c9a80000)
 Metaspace       used 71318K, committed 72640K, reserved 1114112K
  class space    used 7534K, committed 8064K, reserved 1048576K
}
Event: 14.886 GC heap before
{Heap before GC invocations=84 (full 6):
 PSYoungGen      total 47616K, used 47527K [0x00000000eab00000, 0x00000000ee080000, 0x0000000100000000)
  eden space 43008K, 100% used [0x00000000eab00000,0x00000000ed500000,0x00000000ed500000)
  from space 4608K, 98% used [0x00000000edc00000,0x00000000ee069eb8,0x00000000ee080000)
  to   space 5120K, 0% used [0x00000000ed680000,0x00000000ed680000,0x00000000edb80000)
 ParOldGen       total 158208K, used 96722K [0x00000000c0000000, 0x00000000c9a80000, 0x00000000eab00000)
  object space 158208K, 61% used [0x00000000c0000000,0x00000000c5e74be8,0x00000000c9a80000)
 Metaspace       used 72094K, committed 73408K, reserved 1179648K
  class space    used 7592K, committed 8128K, reserved 1048576K
}
Event: 14.889 GC heap after
{Heap after GC invocations=84 (full 6):
 PSYoungGen      total 47616K, used 5111K [0x00000000eab00000, 0x00000000ee280000, 0x0000000100000000)
  eden space 42496K, 0% used [0x00000000eab00000,0x00000000eab00000,0x00000000ed480000)
  from space 5120K, 99% used [0x00000000ed680000,0x00000000edb7dec8,0x00000000edb80000)
  to   space 7168K, 0% used [0x00000000edb80000,0x00000000edb80000,0x00000000ee280000)
 ParOldGen       total 158208K, used 97994K [0x00000000c0000000, 0x00000000c9a80000, 0x00000000eab00000)
  object space 158208K, 61% used [0x00000000c0000000,0x00000000c5fb2be8,0x00000000c9a80000)
 Metaspace       used 72094K, committed 73408K, reserved 1179648K
  class space    used 7592K, committed 8128K, reserved 1048576K
}
Event: 15.750 GC heap before
{Heap before GC invocations=85 (full 6):
 PSYoungGen      total 47616K, used 47607K [0x00000000eab00000, 0x00000000ee280000, 0x0000000100000000)
  eden space 42496K, 100% used [0x00000000eab00000,0x00000000ed480000,0x00000000ed480000)
  from space 5120K, 99% used [0x00000000ed680000,0x00000000edb7dec8,0x00000000edb80000)
  to   space 7168K, 0% used [0x00000000edb80000,0x00000000edb80000,0x00000000ee280000)
 ParOldGen       total 158208K, used 97994K [0x00000000c0000000, 0x00000000c9a80000, 0x00000000eab00000)
  object space 158208K, 61% used [0x00000000c0000000,0x00000000c5fb2be8,0x00000000c9a80000)
 Metaspace       used 72215K, committed 73536K, reserved 1179648K
  class space    used 7595K, committed 8128K, reserved 1048576K
}
Event: 15.754 GC heap after
{Heap after GC invocations=85 (full 6):
 PSYoungGen      total 45056K, used 2699K [0x00000000eab00000, 0x00000000ede80000, 0x0000000100000000)
  eden space 41984K, 0% used [0x00000000eab00000,0x00000000eab00000,0x00000000ed400000)
  from space 3072K, 87% used [0x00000000edb80000,0x00000000ede22cb0,0x00000000ede80000)
  to   space 4096K, 0% used [0x00000000ed680000,0x00000000ed680000,0x00000000eda80000)
 ParOldGen       total 158208K, used 101490K [0x00000000c0000000, 0x00000000c9a80000, 0x00000000eab00000)
  object space 158208K, 64% used [0x00000000c0000000,0x00000000c631cbd0,0x00000000c9a80000)
 Metaspace       used 72215K, committed 73536K, reserved 1179648K
  class space    used 7595K, committed 8128K, reserved 1048576K
}
Event: 16.546 GC heap before
{Heap before GC invocations=86 (full 6):
 PSYoungGen      total 45056K, used 44683K [0x00000000eab00000, 0x00000000ede80000, 0x0000000100000000)
  eden space 41984K, 100% used [0x00000000eab00000,0x00000000ed400000,0x00000000ed400000)
  from space 3072K, 87% used [0x00000000edb80000,0x00000000ede22cb0,0x00000000ede80000)
  to   space 4096K, 0% used [0x00000000ed680000,0x00000000ed680000,0x00000000eda80000)
 ParOldGen       total 158208K, used 101490K [0x00000000c0000000, 0x00000000c9a80000, 0x00000000eab00000)
  object space 158208K, 64% used [0x00000000c0000000,0x00000000c631cbd0,0x00000000c9a80000)
 Metaspace       used 72335K, committed 73600K, reserved 1179648K
  class space    used 7604K, committed 8128K, reserved 1048576K
}
Event: 16.548 GC heap after
{Heap after GC invocations=86 (full 6):
 PSYoungGen      total 44032K, used 2224K [0x00000000eab00000, 0x00000000edc00000, 0x0000000100000000)
  eden space 41472K, 0% used [0x00000000eab00000,0x00000000eab00000,0x00000000ed380000)
  from space 2560K, 86% used [0x00000000ed680000,0x00000000ed8ac070,0x00000000ed900000)
  to   space 3072K, 0% used [0x00000000ed900000,0x00000000ed900000,0x00000000edc00000)
 ParOldGen       total 158208K, used 101498K [0x00000000c0000000, 0x00000000c9a80000, 0x00000000eab00000)
  object space 158208K, 64% used [0x00000000c0000000,0x00000000c631ebd0,0x00000000c9a80000)
 Metaspace       used 72335K, committed 73600K, reserved 1179648K
  class space    used 7604K, committed 8128K, reserved 1048576K
}
Event: 17.082 GC heap before
{Heap before GC invocations=87 (full 6):
 PSYoungGen      total 44032K, used 43583K [0x00000000eab00000, 0x00000000edc00000, 0x0000000100000000)
  eden space 41472K, 99% used [0x00000000eab00000,0x00000000ed363bb0,0x00000000ed380000)
  from space 2560K, 86% used [0x00000000ed680000,0x00000000ed8ac070,0x00000000ed900000)
  to   space 3072K, 0% used [0x00000000ed900000,0x00000000ed900000,0x00000000edc00000)
 ParOldGen       total 158208K, used 101498K [0x00000000c0000000, 0x00000000c9a80000, 0x00000000eab00000)
  object space 158208K, 64% used [0x00000000c0000000,0x00000000c631ebd0,0x00000000c9a80000)
 Metaspace       used 73040K, committed 74432K, reserved 1179648K
  class space    used 7676K, committed 8256K, reserved 1048576K
}
Event: 17.084 GC heap after
{Heap after GC invocations=87 (full 6):
 PSYoungGen      total 43520K, used 2097K [0x00000000eab00000, 0x00000000edb80000, 0x0000000100000000)
  eden space 40960K, 0% used [0x00000000eab00000,0x00000000eab00000,0x00000000ed300000)
  from space 2560K, 81% used [0x00000000ed900000,0x00000000edb0c4a0,0x00000000edb80000)
  to   space 2560K, 0% used [0x00000000ed680000,0x00000000ed680000,0x00000000ed900000)
 ParOldGen       total 158208K, used 101506K [0x00000000c0000000, 0x00000000c9a80000, 0x00000000eab00000)
  object space 158208K, 64% used [0x00000000c0000000,0x00000000c6320bd0,0x00000000c9a80000)
 Metaspace       used 73040K, committed 74432K, reserved 1179648K
  class space    used 7676K, committed 8256K, reserved 1048576K
}
Event: 17.479 GC heap before
{Heap before GC invocations=88 (full 6):
 PSYoungGen      total 43520K, used 43057K [0x00000000eab00000, 0x00000000edb80000, 0x0000000100000000)
  eden space 40960K, 100% used [0x00000000eab00000,0x00000000ed300000,0x00000000ed300000)
  from space 2560K, 81% used [0x00000000ed900000,0x00000000edb0c4a0,0x00000000edb80000)
  to   space 2560K, 0% used [0x00000000ed680000,0x00000000ed680000,0x00000000ed900000)
 ParOldGen       total 158208K, used 101506K [0x00000000c0000000, 0x00000000c9a80000, 0x00000000eab00000)
  object space 158208K, 64% used [0x00000000c0000000,0x00000000c6320bd0,0x00000000c9a80000)
 Metaspace       used 75496K, committed 76928K, reserved 1179648K
  class space    used 8048K, committed 8640K, reserved 1048576K
}
Event: 17.482 GC heap after
{Heap after GC invocations=88 (full 6):
 PSYoungGen      total 43008K, used 2549K [0x00000000eab00000, 0x00000000ed980000, 0x0000000100000000)
  eden space 40448K, 0% used [0x00000000eab00000,0x00000000eab00000,0x00000000ed280000)
  from space 2560K, 99% used [0x00000000ed680000,0x00000000ed8fd520,0x00000000ed900000)
  to   space 512K, 0% used [0x00000000ed900000,0x00000000ed900000,0x00000000ed980000)
 ParOldGen       total 158208K, used 101730K [0x00000000c0000000, 0x00000000c9a80000, 0x00000000eab00000)
  object space 158208K, 64% used [0x00000000c0000000,0x00000000c6358bd0,0x00000000c9a80000)
 Metaspace       used 75496K, committed 76928K, reserved 1179648K
  class space    used 8048K, committed 8640K, reserved 1048576K
}
Event: 19.496 GC heap before
{Heap before GC invocations=89 (full 6):
 PSYoungGen      total 43008K, used 42892K [0x00000000eab00000, 0x00000000ed980000, 0x0000000100000000)
  eden space 40448K, 99% used [0x00000000eab00000,0x00000000ed265e50,0x00000000ed280000)
  from space 2560K, 99% used [0x00000000ed680000,0x00000000ed8fd520,0x00000000ed900000)
  to   space 512K, 0% used [0x00000000ed900000,0x00000000ed900000,0x00000000ed980000)
 ParOldGen       total 158208K, used 101730K [0x00000000c0000000, 0x00000000c9a80000, 0x00000000eab00000)
  object space 158208K, 64% used [0x00000000c0000000,0x00000000c6358bd0,0x00000000c9a80000)
 Metaspace       used 76406K, committed 77824K, reserved 1179648K
  class space    used 8164K, committed 8768K, reserved 1048576K
}
Event: 19.499 GC heap after
{Heap after GC invocations=89 (full 6):
 PSYoungGen      total 40448K, used 500K [0x00000000eab00000, 0x00000000ed980000, 0x0000000100000000)
  eden space 39936K, 0% used [0x00000000eab00000,0x00000000eab00000,0x00000000ed200000)
  from space 512K, 97% used [0x00000000ed900000,0x00000000ed97d220,0x00000000ed980000)
  to   space 3584K, 0% used [0x00000000ed280000,0x00000000ed280000,0x00000000ed600000)
 ParOldGen       total 158208K, used 104645K [0x00000000c0000000, 0x00000000c9a80000, 0x00000000eab00000)
  object space 158208K, 66% used [0x00000000c0000000,0x00000000c6631778,0x00000000c9a80000)
 Metaspace       used 76406K, committed 77824K, reserved 1179648K
  class space    used 8164K, committed 8768K, reserved 1048576K
}

Dll operation events (12 events):
Event: 0.015 Loaded shared library c:\Users\sanke\.vscode\extensions\redhat.java-1.31.0-win32-x64\jre\17.0.11-win32-x86_64\bin\java.dll
Event: 0.187 Loaded shared library c:\Users\sanke\.vscode\extensions\redhat.java-1.31.0-win32-x64\jre\17.0.11-win32-x86_64\bin\zip.dll
Event: 0.191 Loaded shared library C:\Users\sanke\.vscode\extensions\redhat.java-1.31.0-win32-x64\jre\17.0.11-win32-x86_64\bin\instrument.dll
Event: 0.217 Loaded shared library C:\Users\sanke\.vscode\extensions\redhat.java-1.31.0-win32-x64\jre\17.0.11-win32-x86_64\bin\net.dll
Event: 0.220 Loaded shared library C:\Users\sanke\.vscode\extensions\redhat.java-1.31.0-win32-x64\jre\17.0.11-win32-x86_64\bin\nio.dll
Event: 0.228 Loaded shared library C:\Users\sanke\.vscode\extensions\redhat.java-1.31.0-win32-x64\jre\17.0.11-win32-x86_64\bin\zip.dll
Event: 0.250 Loaded shared library C:\Users\sanke\.vscode\extensions\redhat.java-1.31.0-win32-x64\jre\17.0.11-win32-x86_64\bin\jimage.dll
Event: 0.334 Loaded shared library c:\Users\sanke\.vscode\extensions\redhat.java-1.31.0-win32-x64\jre\17.0.11-win32-x86_64\bin\verify.dll
Event: 1.707 Loaded shared library C:\Users\sanke\AppData\Roaming\Code\User\globalStorage\redhat.java\1.31.0\config_win\org.eclipse.equinox.launcher\org.eclipse.equinox.launcher.win32.win32.x86_64_1.2.1000.v20240507-1834\eclipse_11902.dll
Event: 5.575 Loaded shared library C:\Users\sanke\AppData\Local\Temp\jna-109203770\jna8460153472121943024.dll
Event: 11.491 Loaded shared library C:\Users\sanke\.vscode\extensions\redhat.java-1.31.0-win32-x64\jre\17.0.11-win32-x86_64\bin\sunmscapi.dll
Event: 17.043 Loaded shared library C:\Users\sanke\.vscode\extensions\redhat.java-1.31.0-win32-x64\jre\17.0.11-win32-x86_64\bin\extnet.dll

Deoptimization events (20 events):
Event: 18.517 Thread 0x0000026e978c5c90 DEOPT PACKING pc=0x0000026e80c8fb51 sp=0x000000f51a2fd910
Event: 18.517 Thread 0x0000026e978c5c90 DEOPT UNPACKING pc=0x0000026e87586e43 sp=0x000000f51a2fce20 mode 0
Event: 18.559 Thread 0x0000026e978c5c90 Uncommon trap: trap_request=0xffffffde fr.pc=0x0000026e87de4dec relative=0x000000000000006c
Event: 18.559 Thread 0x0000026e978c5c90 Uncommon trap: reason=class_check action=maybe_recompile pc=0x0000026e87de4dec method=java.util.LinkedHashMap.afterNodeInsertion(Z)V @ 15 c2
Event: 18.559 Thread 0x0000026e978c5c90 DEOPT PACKING pc=0x0000026e87de4dec sp=0x000000f51a2fec40
Event: 18.559 Thread 0x0000026e978c5c90 DEOPT UNPACKING pc=0x0000026e875866a3 sp=0x000000f51a2febb8 mode 2
Event: 18.612 Thread 0x0000026e978c5c90 Uncommon trap: trap_request=0xffffffcc fr.pc=0x0000026e87f5d3f8 relative=0x0000000000001d78
Event: 18.612 Thread 0x0000026e978c5c90 Uncommon trap: reason=intrinsic_or_type_checked_inlining action=make_not_entrant pc=0x0000026e87f5d3f8 method=java.util.ArrayList$SubList.toArray([Ljava/lang/Object;)[Ljava/lang/Object; @ 58 c2
Event: 18.612 Thread 0x0000026e978c5c90 DEOPT PACKING pc=0x0000026e87f5d3f8 sp=0x000000f51a2fbab0
Event: 18.612 Thread 0x0000026e978c5c90 DEOPT UNPACKING pc=0x0000026e875866a3 sp=0x000000f51a2fb9e8 mode 2
Event: 18.737 Thread 0x0000026e978c3920 DEOPT PACKING pc=0x0000026e80c0e983 sp=0x000000f518bfe400
Event: 18.738 Thread 0x0000026e978c3920 DEOPT UNPACKING pc=0x0000026e87586e43 sp=0x000000f518bfd958 mode 0
Event: 19.644 Thread 0x0000026e978c5c90 Uncommon trap: trap_request=0xffffff45 fr.pc=0x0000026e87f73a88 relative=0x00000000000003e8
Event: 19.644 Thread 0x0000026e978c5c90 Uncommon trap: reason=unstable_if action=reinterpret pc=0x0000026e87f73a88 method=org.eclipse.jdt.core.compiler.CharOperation.concatWith([[CC)[C @ 12 c2
Event: 19.644 Thread 0x0000026e978c5c90 DEOPT PACKING pc=0x0000026e87f73a88 sp=0x000000f51a2fdff0
Event: 19.644 Thread 0x0000026e978c5c90 DEOPT UNPACKING pc=0x0000026e875866a3 sp=0x000000f51a2fdfb0 mode 2
Event: 20.891 Thread 0x0000026e978c5c90 DEOPT PACKING pc=0x0000026e80c0e983 sp=0x000000f51a2fe170
Event: 20.891 Thread 0x0000026e978c5c90 DEOPT UNPACKING pc=0x0000026e87586e43 sp=0x000000f51a2fd6c8 mode 0
Event: 30.634 Thread 0x0000026e978c5c90 DEOPT PACKING pc=0x0000026e80f34c93 sp=0x000000f51a2fe000
Event: 30.634 Thread 0x0000026e978c5c90 DEOPT UNPACKING pc=0x0000026e87586e43 sp=0x000000f51a2fd440 mode 0

Classes unloaded (8 events):
Event: 5.008 Thread 0x0000026efb146a60 Unloading class 0x000000010024a400 'java/lang/invoke/LambdaForm$MH+0x000000010024a400'
Event: 5.008 Thread 0x0000026efb146a60 Unloading class 0x000000010024a000 'java/lang/invoke/LambdaForm$MH+0x000000010024a000'
Event: 5.008 Thread 0x0000026efb146a60 Unloading class 0x0000000100249c00 'java/lang/invoke/LambdaForm$MH+0x0000000100249c00'
Event: 5.008 Thread 0x0000026efb146a60 Unloading class 0x0000000100249800 'java/lang/invoke/LambdaForm$MH+0x0000000100249800'
Event: 5.008 Thread 0x0000026efb146a60 Unloading class 0x0000000100249400 'java/lang/invoke/LambdaForm$BMH+0x0000000100249400'
Event: 5.008 Thread 0x0000026efb146a60 Unloading class 0x0000000100249000 'java/lang/invoke/LambdaForm$DMH+0x0000000100249000'
Event: 5.008 Thread 0x0000026efb146a60 Unloading class 0x0000000100244400 'java/lang/invoke/LambdaForm$DMH+0x0000000100244400'
Event: 13.121 Thread 0x0000026efb146a60 Unloading class 0x0000000100724800 'java/lang/invoke/LambdaForm$DMH+0x0000000100724800'

Classes redefined (0 events):
No events

Internal exceptions (20 events):
Event: 17.317 Thread 0x0000026e978c3920 Exception <a 'sun/nio/fs/WindowsException'{0x00000000ec519980}> (0x00000000ec519980) 
thrown [s\src\hotspot\share\prims\jni.cpp, line 516]
Event: 17.317 Thread 0x0000026e978c3920 Exception <a 'sun/nio/fs/WindowsException'{0x00000000ec51a260}> (0x00000000ec51a260) 
thrown [s\src\hotspot\share\prims\jni.cpp, line 516]
Event: 17.328 Thread 0x0000026e96633e90 Exception <a 'sun/nio/fs/WindowsException'{0x00000000ec5b19a8}> (0x00000000ec5b19a8) 
thrown [s\src\hotspot\share\prims\jni.cpp, line 516]
Event: 17.329 Thread 0x0000026e96633e90 Exception <a 'sun/nio/fs/WindowsException'{0x00000000ec5b1fe0}> (0x00000000ec5b1fe0) 
thrown [s\src\hotspot\share\prims\jni.cpp, line 516]
Event: 17.363 Thread 0x0000026e9784c850 Exception <a 'sun/nio/fs/WindowsException'{0x00000000ec819a78}> (0x00000000ec819a78) 
thrown [s\src\hotspot\share\prims\jni.cpp, line 516]
Event: 17.364 Thread 0x0000026e9784c850 Exception <a 'sun/nio/fs/WindowsException'{0x00000000ec819d58}> (0x00000000ec819d58) 
thrown [s\src\hotspot\share\prims\jni.cpp, line 516]
Event: 17.364 Thread 0x0000026e9784c850 Exception <a 'sun/nio/fs/WindowsException'{0x00000000ec81b0c8}> (0x00000000ec81b0c8) 
thrown [s\src\hotspot\share\prims\jni.cpp, line 516]
Event: 17.364 Thread 0x0000026e9784c850 Exception <a 'sun/nio/fs/WindowsException'{0x00000000ec81b398}> (0x00000000ec81b398) 
thrown [s\src\hotspot\share\prims\jni.cpp, line 516]
Event: 17.394 Thread 0x0000026e9784c850 Exception <a 'java/io/FileNotFoundException'{0x00000000ecff2a88}> (0x00000000ecff2a88) 
thrown [s\src\hotspot\share\prims\jni.cpp, line 516]
Event: 17.395 Thread 0x0000026e9784c850 Exception <a 'java/io/FileNotFoundException'{0x00000000ecff3a80}> (0x00000000ecff3a80) 
thrown [s\src\hotspot\share\prims\jni.cpp, line 516]
Event: 17.415 Thread 0x0000026e9784c850 Exception <a 'java/lang/NoSuchMethodError'{0x00000000ed1c96b8}: 'java.lang.Object java.lang.invoke.DirectMethodHandle$Holder.newInvokeSpecial(java.lang.Object, java.lang.Object, java.lang.Object, java.lang.Object, java.lang.Object, java.lang.Object, java.lang.Object, java.lang.Object, java.lang.Object)'> (0x00000000ed1c96b8) 
thrown [s\src\hotspot\share\interpreter\linkResolver.cpp, line 759]
Event: 17.416 Thread 0x0000026e9784c850 Exception <a 'java/lang/NoSuchMethodError'{0x00000000ed1ce3b0}: 'java.lang.Object java.lang.invoke.Invokers$Holder.linkToTargetMethod(java.lang.Object, java.lang.Object, java.lang.Object, java.lang.Object, java.lang.Object, java.lang.Object, java.lang.Object, java.lang.Object, java.lang.Object)'> (0x00000000ed1ce3b0) 
thrown [s\src\hotspot\share\interpreter\linkResolver.cpp, line 759]
Event: 17.924 Thread 0x0000026e96633e90 Implicit null exception at 0x0000026e87c77df5 to 0x0000026e87c78160
Event: 18.177 Thread 0x0000026e9784a9f0 Exception <a 'sun/nio/fs/WindowsException'{0x00000000ebff9350}> (0x00000000ebff9350) 
thrown [s\src\hotspot\share\prims\jni.cpp, line 516]
Event: 18.178 Thread 0x0000026e9784a9f0 Exception <a 'sun/nio/fs/WindowsException'{0x00000000ebff9650}> (0x00000000ebff9650) 
thrown [s\src\hotspot\share\prims\jni.cpp, line 516]
Event: 18.198 Thread 0x0000026e9784a9f0 Exception <a 'sun/nio/fs/WindowsException'{0x00000000ebffa4b0}> (0x00000000ebffa4b0) 
thrown [s\src\hotspot\share\prims\jni.cpp, line 516]
Event: 18.198 Thread 0x0000026e9784a9f0 Exception <a 'sun/nio/fs/WindowsException'{0x00000000ebffa790}> (0x00000000ebffa790) 
thrown [s\src\hotspot\share\prims\jni.cpp, line 516]
Event: 18.465 Thread 0x0000026e978c5c90 Implicit null exception at 0x0000026e87f5618f to 0x0000026e87f56234
Event: 18.844 Thread 0x0000026e96633470 Exception <a 'sun/nio/fs/WindowsException'{0x00000000ecfb26b0}> (0x00000000ecfb26b0) 
thrown [s\src\hotspot\share\prims\jni.cpp, line 516]
Event: 18.844 Thread 0x0000026e96633470 Exception <a 'sun/nio/fs/WindowsException'{0x00000000ecfb2ce8}> (0x00000000ecfb2ce8) 
thrown [s\src\hotspot\share\prims\jni.cpp, line 516]

VM Operations (20 events):
Event: 18.636 Executing VM operation: HandshakeAllThreads
Event: 18.636 Executing VM operation: HandshakeAllThreads done
Event: 18.639 Executing VM operation: HandshakeAllThreads
Event: 18.640 Executing VM operation: HandshakeAllThreads done
Event: 18.640 Executing VM operation: HandshakeAllThreads
Event: 18.641 Executing VM operation: HandshakeAllThreads done
Event: 18.641 Executing VM operation: HandshakeAllThreads
Event: 18.641 Executing VM operation: HandshakeAllThreads done
Event: 18.647 Executing VM operation: ICBufferFull
Event: 18.647 Executing VM operation: ICBufferFull done
Event: 19.496 Executing VM operation: ParallelGCFailedAllocation
Event: 19.500 Executing VM operation: ParallelGCFailedAllocation done
Event: 20.512 Executing VM operation: Cleanup
Event: 20.512 Executing VM operation: Cleanup done
Event: 21.523 Executing VM operation: Cleanup
Event: 21.523 Executing VM operation: Cleanup done
Event: 23.548 Executing VM operation: Cleanup
Event: 23.548 Executing VM operation: Cleanup done
Event: 30.637 Executing VM operation: Cleanup
Event: 30.637 Executing VM operation: Cleanup done

Events (20 events):
Event: 18.203 loading class java/util/concurrent/ScheduledThreadPoolExecutor$DelayedWorkQueue$Itr
Event: 18.203 loading class java/util/concurrent/ScheduledThreadPoolExecutor$DelayedWorkQueue$Itr done
Event: 18.208 Thread 0x0000026e97849ac0 Thread added: 0x0000026e97849ac0
Event: 18.659 Thread 0x0000026efb158fa0 flushing nmethod 0x0000026e80f68b10
Event: 18.659 Thread 0x0000026efb158fa0 flushing nmethod 0x0000026e80f69710
Event: 18.659 Thread 0x0000026efb158fa0 flushing nmethod 0x0000026e80f6a710
Event: 18.659 Thread 0x0000026efb158fa0 flushing nmethod 0x0000026e80f6b390
Event: 18.659 Thread 0x0000026efb158fa0 flushing nmethod 0x0000026e80f76f90
Event: 18.659 Thread 0x0000026efb158fa0 flushing nmethod 0x0000026e80f86b10
Event: 18.659 Thread 0x0000026efb158fa0 flushing nmethod 0x0000026e80f88310
Event: 18.659 Thread 0x0000026efb158fa0 flushing nmethod 0x0000026e80f88890
Event: 18.659 Thread 0x0000026efb158fa0 flushing nmethod 0x0000026e80f88d90
Event: 18.659 Thread 0x0000026efb158fa0 flushing nmethod 0x0000026e80fccb90
Event: 18.660 Thread 0x0000026efb158fa0 flushing nmethod 0x0000026e810ad610
Event: 18.908 Thread 0x0000026e9784a4e0 Thread added: 0x0000026e9784a4e0
Event: 18.909 Thread 0x0000026e978490a0 Thread exited: 0x0000026e978490a0
Event: 18.910 loading class jdk/internal/reflect/UnsafeLongFieldAccessorImpl
Event: 18.910 loading class jdk/internal/reflect/UnsafeLongFieldAccessorImpl done
Event: 19.777 Thread 0x0000026e9784faf0 Thread added: 0x0000026e9784faf0
Event: 19.778 Thread 0x0000026e97849ac0 Thread exited: 0x0000026e97849ac0


Dynamic libraries:
0x00007ff651190000 - 0x00007ff65119e000 	c:\Users\sanke\.vscode\extensions\redhat.java-1.31.0-win32-x64\jre\17.0.11-win32-x86_64\bin\java.exe
0x00007ffa7d1f0000 - 0x00007ffa7d407000 	C:\WINDOWS\SYSTEM32\ntdll.dll
0x00007ffa7cc10000 - 0x00007ffa7ccd4000 	C:\WINDOWS\System32\KERNEL32.DLL
0x00007ffa7a820000 - 0x00007ffa7abcc000 	C:\WINDOWS\System32\KERNELBASE.dll
0x00000000778b0000 - 0x0000000077be2000 	C:\Program Files\Norton Security\NortonData\22.21.8.62\Definitions\IPSDefs\20231229.064\IPSEng64.dll
0x00007ffa7cb50000 - 0x00007ffa7cc02000 	C:\WINDOWS\System32\ADVAPI32.dll
0x00007ffa7cd50000 - 0x00007ffa7cdf7000 	C:\WINDOWS\System32\msvcrt.dll
0x00007ffa7af80000 - 0x00007ffa7b028000 	C:\WINDOWS\System32\sechost.dll
0x00007ffa7acf0000 - 0x00007ffa7ad18000 	C:\WINDOWS\System32\bcrypt.dll
0x00007ffa7c020000 - 0x00007ffa7c135000 	C:\WINDOWS\System32\RPCRT4.dll
0x00007ffa7b8c0000 - 0x00007ffa7b8c8000 	C:\WINDOWS\System32\PSAPI.DLL
0x00007ffa7a5c0000 - 0x00007ffa7a6d1000 	C:\WINDOWS\System32\ucrtbase.dll
0x00007ffa71c20000 - 0x00007ffa71c37000 	c:\Users\sanke\.vscode\extensions\redhat.java-1.31.0-win32-x64\jre\17.0.11-win32-x86_64\bin\jli.dll
0x00007ffa7b030000 - 0x00007ffa7b1de000 	C:\WINDOWS\System32\USER32.dll
0x00007ffa7a590000 - 0x00007ffa7a5b6000 	C:\WINDOWS\System32\win32u.dll
0x00007ffa7b8d0000 - 0x00007ffa7b8f9000 	C:\WINDOWS\System32\GDI32.dll
0x00007ffa7abd0000 - 0x00007ffa7ace9000 	C:\WINDOWS\System32\gdi32full.dll
0x00007ffa7ad20000 - 0x00007ffa7adba000 	C:\WINDOWS\System32\msvcp_win.dll
0x00007ffa71970000 - 0x00007ffa7198b000 	c:\Users\sanke\.vscode\extensions\redhat.java-1.31.0-win32-x64\jre\17.0.11-win32-x86_64\bin\VCRUNTIME140.dll
0x00007ffa605d0000 - 0x00007ffa60863000 	C:\WINDOWS\WinSxS\amd64_microsoft.windows.common-controls_6595b64144ccf1df_6.0.22621.3672_none_2713b9d173822955\COMCTL32.dll
0x00007ffa7af30000 - 0x00007ffa7af61000 	C:\WINDOWS\System32\IMM32.DLL
0x00007ffa72560000 - 0x00007ffa7256c000 	c:\Users\sanke\.vscode\extensions\redhat.java-1.31.0-win32-x64\jre\17.0.11-win32-x86_64\bin\vcruntime140_1.dll
0x00007ffa55a30000 - 0x00007ffa55abd000 	c:\Users\sanke\.vscode\extensions\redhat.java-1.31.0-win32-x64\jre\17.0.11-win32-x86_64\bin\msvcp140.dll
0x00007ffa125b0000 - 0x00007ffa13212000 	c:\Users\sanke\.vscode\extensions\redhat.java-1.31.0-win32-x64\jre\17.0.11-win32-x86_64\bin\server\jvm.dll
0x00007ffa724d0000 - 0x00007ffa724d9000 	C:\WINDOWS\SYSTEM32\WSOCK32.dll
0x00007ffa79370000 - 0x00007ffa793bd000 	C:\WINDOWS\SYSTEM32\POWRPROF.dll
0x00007ffa7b900000 - 0x00007ffa7b971000 	C:\WINDOWS\System32\WS2_32.dll
0x00007ffa75ad0000 - 0x00007ffa75ada000 	C:\WINDOWS\SYSTEM32\VERSION.dll
0x00007ffa743e0000 - 0x00007ffa74414000 	C:\WINDOWS\SYSTEM32\WINMM.dll
0x00007ffa79350000 - 0x00007ffa79363000 	C:\WINDOWS\SYSTEM32\UMPDC.dll
0x00007ffa79600000 - 0x00007ffa79618000 	C:\WINDOWS\SYSTEM32\kernel.appcore.dll
0x00007ffa723a0000 - 0x00007ffa723aa000 	c:\Users\sanke\.vscode\extensions\redhat.java-1.31.0-win32-x64\jre\17.0.11-win32-x86_64\bin\jimage.dll
0x00007ffa778f0000 - 0x00007ffa77b22000 	C:\WINDOWS\SYSTEM32\DBGHELP.DLL
0x00007ffa7b2f0000 - 0x00007ffa7b678000 	C:\WINDOWS\System32\combase.dll
0x00007ffa7b680000 - 0x00007ffa7b757000 	C:\WINDOWS\System32\OLEAUT32.dll
0x00007ffa72b40000 - 0x00007ffa72b72000 	C:\WINDOWS\SYSTEM32\dbgcore.DLL
0x00007ffa7a6e0000 - 0x00007ffa7a75b000 	C:\WINDOWS\System32\bcryptPrimitives.dll
0x00007ffa72340000 - 0x00007ffa7234e000 	c:\Users\sanke\.vscode\extensions\redhat.java-1.31.0-win32-x64\jre\17.0.11-win32-x86_64\bin\instrument.dll
0x00007ffa678c0000 - 0x00007ffa678e5000 	c:\Users\sanke\.vscode\extensions\redhat.java-1.31.0-win32-x64\jre\17.0.11-win32-x86_64\bin\java.dll
0x00007ffa68690000 - 0x00007ffa686a8000 	c:\Users\sanke\.vscode\extensions\redhat.java-1.31.0-win32-x64\jre\17.0.11-win32-x86_64\bin\zip.dll
0x00007ffa7c2f0000 - 0x00007ffa7cb4c000 	C:\WINDOWS\System32\SHELL32.dll
0x00007ffa78430000 - 0x00007ffa78d27000 	C:\WINDOWS\SYSTEM32\windows.storage.dll
0x00007ffa782f0000 - 0x00007ffa7842f000 	C:\WINDOWS\SYSTEM32\wintypes.dll
0x00007ffa7b980000 - 0x00007ffa7ba74000 	C:\WINDOWS\System32\SHCORE.dll
0x00007ffa7ce20000 - 0x00007ffa7ce7e000 	C:\WINDOWS\System32\shlwapi.dll
0x00007ffa7a450000 - 0x00007ffa7a471000 	C:\WINDOWS\SYSTEM32\profapi.dll
0x00007ffa68600000 - 0x00007ffa68619000 	C:\Users\sanke\.vscode\extensions\redhat.java-1.31.0-win32-x64\jre\17.0.11-win32-x86_64\bin\net.dll
0x00007ffa769c0000 - 0x00007ffa76af6000 	C:\WINDOWS\SYSTEM32\WINHTTP.dll
0x00007ffa79a60000 - 0x00007ffa79ac9000 	C:\WINDOWS\system32\mswsock.dll
0x00007ffa67f10000 - 0x00007ffa67f26000 	C:\Users\sanke\.vscode\extensions\redhat.java-1.31.0-win32-x64\jre\17.0.11-win32-x86_64\bin\nio.dll
0x00007ffa721c0000 - 0x00007ffa721d0000 	c:\Users\sanke\.vscode\extensions\redhat.java-1.31.0-win32-x64\jre\17.0.11-win32-x86_64\bin\verify.dll
0x00007ffa65cf0000 - 0x00007ffa65d34000 	C:\Users\sanke\AppData\Roaming\Code\User\globalStorage\redhat.java\1.31.0\config_win\org.eclipse.equinox.launcher\org.eclipse.equinox.launcher.win32.win32.x86_64_1.2.1000.v20240507-1834\eclipse_11902.dll
0x00007ffa7c140000 - 0x00007ffa7c2e5000 	C:\WINDOWS\System32\ole32.dll
0x00007ffa79ca0000 - 0x00007ffa79cbb000 	C:\WINDOWS\SYSTEM32\CRYPTSP.dll
0x00007ffa79560000 - 0x00007ffa79595000 	C:\WINDOWS\system32\rsaenh.dll
0x00007ffa79b10000 - 0x00007ffa79b38000 	C:\WINDOWS\SYSTEM32\USERENV.dll
0x00007ffa79c90000 - 0x00007ffa79c9c000 	C:\WINDOWS\SYSTEM32\CRYPTBASE.dll
0x00007ffa79000000 - 0x00007ffa7902d000 	C:\WINDOWS\SYSTEM32\IPHLPAPI.DLL
0x00007ffa7c010000 - 0x00007ffa7c019000 	C:\WINDOWS\System32\NSI.dll
0x00007ffa766a0000 - 0x00007ffa766b9000 	C:\WINDOWS\SYSTEM32\dhcpcsvc6.DLL
0x00007ffa76680000 - 0x00007ffa7669f000 	C:\WINDOWS\SYSTEM32\dhcpcsvc.DLL
0x00007ffa79070000 - 0x00007ffa79168000 	C:\WINDOWS\SYSTEM32\DNSAPI.dll
0x00007ffa54b80000 - 0x00007ffa54bc5000 	C:\Users\sanke\AppData\Local\Temp\jna-109203770\jna8460153472121943024.dll
0x00007ffa72100000 - 0x00007ffa7210e000 	C:\Users\sanke\.vscode\extensions\redhat.java-1.31.0-win32-x64\jre\17.0.11-win32-x86_64\bin\sunmscapi.dll
0x00007ffa7adc0000 - 0x00007ffa7af27000 	C:\WINDOWS\System32\CRYPT32.dll
0x00007ffa79eb0000 - 0x00007ffa79ede000 	C:\WINDOWS\SYSTEM32\ncrypt.dll
0x00007ffa79e70000 - 0x00007ffa79ea7000 	C:\WINDOWS\SYSTEM32\NTASN1.dll
0x00007ffa71fa0000 - 0x00007ffa71fa9000 	C:\Users\sanke\.vscode\extensions\redhat.java-1.31.0-win32-x64\jre\17.0.11-win32-x86_64\bin\extnet.dll

dbghelp: loaded successfully - version: 4.0.5 - missing functions: none
symbol engine: initialized successfully - sym options: 0x614 - pdb path: .;c:\Users\sanke\.vscode\extensions\redhat.java-1.31.0-win32-x64\jre\17.0.11-win32-x86_64\bin;C:\WINDOWS\SYSTEM32;C:\Program Files\Norton Security\NortonData\22.21.8.62\Definitions\IPSDefs\20231229.064;C:\WINDOWS\WinSxS\amd64_microsoft.windows.common-controls_6595b64144ccf1df_6.0.22621.3672_none_2713b9d173822955;c:\Users\sanke\.vscode\extensions\redhat.java-1.31.0-win32-x64\jre\17.0.11-win32-x86_64\bin\server;C:\Users\sanke\AppData\Roaming\Code\User\globalStorage\redhat.java\1.31.0\config_win\org.eclipse.equinox.launcher\org.eclipse.equinox.launcher.win32.win32.x86_64_1.2.1000.v20240507-1834;C:\Users\sanke\AppData\Local\Temp\jna-109203770

VM Arguments:
jvm_args: --add-modules=ALL-SYSTEM --add-opens=java.base/java.util=ALL-UNNAMED --add-opens=java.base/java.lang=ALL-UNNAMED --add-opens=java.base/sun.nio.fs=ALL-UNNAMED -Declipse.application=org.eclipse.jdt.ls.core.id1 -Dosgi.bundles.defaultStartLevel=4 -Declipse.product=org.eclipse.jdt.ls.core.product -Djava.import.generatesMetadataFilesAtProjectRoot=false -DDetectVMInstallationsJob.disabled=true -Dfile.encoding=utf8 -XX:+UseParallelGC -XX:GCTimeRatio=4 -XX:AdaptiveSizePolicyWeight=90 -Dsun.zip.disableMemoryMapping=true -Xmx1G -Xms100m -Xlog:disable -javaagent:c:\Users\sanke\.vscode\extensions\redhat.java-1.31.0-win32-x64\lombok\lombok-1.18.32.jar -XX:+HeapDumpOnOutOfMemoryError -XX:HeapDumpPath=c:\Users\sanke\AppData\Roaming\Code\User\workspaceStorage\26c511c313bf32a5329309c3361dd2e7\redhat.java -Daether.dependencyCollector.impl=bf 
java_command: c:\Users\sanke\.vscode\extensions\redhat.java-1.31.0-win32-x64\server\plugins\org.eclipse.equinox.launcher_1.6.800.v20240513-1750.jar -configuration c:\Users\sanke\AppData\Roaming\Code\User\globalStorage\redhat.java\1.31.0\config_win -data c:\Users\sanke\AppData\Roaming\Code\User\workspaceStorage\26c511c313bf32a5329309c3361dd2e7\redhat.java\jdt_ws --pipe=\\.\pipe\lsp-7d2ff1aa594a889e615f41ce1496bcee-sock
java_class_path (initial): c:\Users\sanke\.vscode\extensions\redhat.java-1.31.0-win32-x64\server\plugins\org.eclipse.equinox.launcher_1.6.800.v20240513-1750.jar
Launcher Type: SUN_STANDARD

[Global flags]
    uintx AdaptiveSizePolicyWeight                 = 90                                        {product} {command line}
     intx CICompilerCount                          = 4                                         {product} {ergonomic}
    uintx GCTimeRatio                              = 4                                         {product} {command line}
     bool HeapDumpOnOutOfMemoryError               = true                                   {manageable} {command line}
    ccstr HeapDumpPath                             = c:\Users\sanke\AppData\Roaming\Code\User\workspaceStorage\26c511c313bf32a5329309c3361dd2e7\redhat.java         {manageable} {command line}
   size_t InitialHeapSize                          = 104857600                                 {product} {command line}
   size_t MaxHeapSize                              = 1073741824                                {product} {command line}
   size_t MaxNewSize                               = 357564416                                 {product} {ergonomic}
   size_t MinHeapDeltaBytes                        = 524288                                    {product} {ergonomic}
   size_t MinHeapSize                              = 104857600                                 {product} {command line}
   size_t NewSize                                  = 34603008                                  {product} {ergonomic}
    uintx NonNMethodCodeHeapSize                   = 5839372                                {pd product} {ergonomic}
    uintx NonProfiledCodeHeapSize                  = 122909434                              {pd product} {ergonomic}
   size_t OldSize                                  = 70254592                                  {product} {ergonomic}
    uintx ProfiledCodeHeapSize                     = 122909434                              {pd product} {ergonomic}
    uintx ReservedCodeCacheSize                    = 251658240                              {pd product} {ergonomic}
     bool SegmentedCodeCache                       = true                                      {product} {ergonomic}
   size_t SoftMaxHeapSize                          = 1073741824                             {manageable} {ergonomic}
     bool UseCompressedClassPointers               = true                           {product lp64_product} {ergonomic}
     bool UseCompressedOops                        = true                           {product lp64_product} {ergonomic}
     bool UseLargePagesIndividualAllocation        = false                                  {pd product} {ergonomic}
     bool UseParallelGC                            = true                                      {product} {command line}

Logging:
Log output configuration:
 #0: stdout all=off uptime,level,tags
 #1: stderr all=off uptime,level,tags

Environment Variables:
PATH=C:\Program Files\Common Files\Oracle\Java\javapath;C:\Windows\system32;C:\Windows;C:\Windows\System32\Wbem;C:\Windows\System32\WindowsPowerShell\v1.0\;C:\Windows\System32\OpenSSH\;C:\Program Files (x86)\NVIDIA Corporation\PhysX\Common;C:\Program Files\NVIDIA Corporation\NVIDIA NvDLISR;C:\WINDOWS\system32;C:\WINDOWS;C:\WINDOWS\System32\Wbem;C:\WINDOWS\System32\WindowsPowerShell\v1.0\;C:\WINDOWS\System32\OpenSSH\;D:\New applications\Matlab\runtime\win64;D:\New applications\Matlab\bin;C:\Program Files\dotnet\;C:\Program Files\nodejs\;C:\Program Files\Git\cmd;C:\Program Files\Docker\Docker\resources\bin;C:\Program Files\MySQL\MySQL Shell 8.0\bin\;C:\Users\sanke\AppData\Local\Microsoft\WindowsApps;C:\Program Files (x86)\Brackets\;C:\Users\sanke\AppData\Local\Programs\Microsoft VS Code\bin;C:\ProgramData\sanke\atom\bin;C:\Users\sanke\AppData\Local\Programs\Hyper\resources\bin;C:\Program Files\heroku\bin;C:\Users\sanke\AppData\Local\Microsoft\WindowsApps;D:\mongosh-1.6.0-win32-x64\mongosh-1.6.0-win32-x64;C:\Users\sanke\AppData\Roaming\npm;D:\New applications\IntelliJ IDEA 2023.1.3\bin;;C:\dev\apache-maven-3.9.6\bin;
USERNAME=sanke
OS=Windows_NT
PROCESSOR_IDENTIFIER=Intel64 Family 6 Model 165 Stepping 2, GenuineIntel
TMP=C:\Users\sanke\AppData\Local\Temp
TEMP=C:\Users\sanke\AppData\Local\Temp



Periodic native trim disabled


---------------  S Y S T E M  ---------------

OS:
 Windows 11 , 64 bit Build 22621 (10.0.22621.3672)
OS uptime: 21 days 5:30 hours
Hyper-V role detected

CPU: total 8 (initial active 8) (4 cores per cpu, 2 threads per core) family 6 model 165 stepping 2 microcode 0xea, cx8, cmov, fxsr, ht, mmx, 3dnowpref, sse, sse2, sse3, ssse3, sse4.1, sse4.2, popcnt, lzcnt, tsc, tscinvbit, avx, avx2, aes, erms, clmul, bmi1, bmi2, adx, fma, vzeroupper, clflush, clflushopt, hv
Processor Information for all 8 processors :
  Max Mhz: 2496, Current Mhz: 2496, Mhz Limit: 2496

Memory: 4k page, system-wide physical 8059M (160M free)
TotalPageFile size 32635M (AvailPageFile size 72M)
current process WorkingSet (physical memory assigned to process): 338M, peak: 374M
current process commit charge ("private bytes"): 420M, peak: 457M

vm_info: OpenJDK 64-Bit Server VM (17.0.11+9) for windows-amd64 JRE (17.0.11+9), built on Apr 17 2024 06:07:48 by "admin" with MS VC++ 16.10 / 16.11 (VS2019)

END.
