#
# There is insufficient memory for the Java Runtime Environment to continue.
# Native memory allocation (mmap) failed to map 132120576 bytes for G1 virtual space
# Possible reasons:
#   The system is out of physical RAM or swap space
#   The process is running with CompressedOops enabled, and the Java Heap may be blocking the growth of the native heap
# Possible solutions:
#   Reduce memory load on the system
#   Increase physical memory or swap space
#   Check if swap backing store is full
#   Decrease Java heap size (-Xmx/-Xms)
#   Decrease number of Java threads
#   Decrease Java thread stack sizes (-Xss)
#   Set larger code cache with -XX:ReservedCodeCacheSize=
#   JVM is running with Unscaled Compressed Oops mode in which the Java heap is
#     placed in the first 4GB address space. The Java Heap base address is the
#     maximum limit for the native heap growth. Please use -XX:HeapBaseMinAddress
#     to set the Java Heap base and to place the Java Heap above 4GB virtual address.
# This output file may be truncated or incomplete.
#
#  Out of Memory Error (os_windows.cpp:3548), pid=36328, tid=8432
#
# JRE version:  (17.0.10+11) (build )
# Java VM: Java HotSpot(TM) 64-Bit Server VM (17.0.10+11-LTS-240, mixed mode, sharing, tiered, compressed oops, compressed class ptrs, g1 gc, windows-amd64)
# No core dump will be written. Minidumps are not enabled by default on client versions of Windows
#

---------------  S U M M A R Y ------------

Command Line: -Dclassworlds.conf=C:\dev\apache-maven-3.9.6\bin\m2.conf -Dmaven.home=C:\dev\apache-maven-3.9.6 -Dlibrary.jansi.path=C:\dev\apache-maven-3.9.6\lib\jansi-native -Dmaven.multiModuleProjectDirectory=D:\My Project home\foodwastereductionplatform\Backend org.codehaus.plexus.classworlds.launcher.Launcher spring-boot:run

Host: Intel(R) Core(TM) i5-10300H CPU @ 2.50GHz, 8 cores, 7G,  Windows 11 , 64 bit Build 22621 (10.0.22621.3672)
Time: Mon Jun 17 09:20:41 2024 W. Europe Daylight Time elapsed time: 0.030375 seconds (0d 0h 0m 0s)

---------------  T H R E A D  ---------------

Current thread (0x000002540ff7aca0):  JavaThread "Unknown thread" [_thread_in_vm, id=8432, stack(0x0000009254e00000,0x0000009254f00000)]

Stack: [0x0000009254e00000,0x0000009254f00000]
Native frames: (J=compiled Java code, j=interpreted, Vv=VM code, C=native code)
V  [jvm.dll+0x677a5a]
V  [jvm.dll+0x7d8b2d]
V  [jvm.dll+0x7da48e]
V  [jvm.dll+0x7daaf3]
V  [jvm.dll+0x2455ff]
V  [jvm.dll+0x6749b9]
V  [jvm.dll+0x669382]
V  [jvm.dll+0x302e96]
V  [jvm.dll+0x30a416]
V  [jvm.dll+0x359cbe]
V  [jvm.dll+0x359eef]
V  [jvm.dll+0x2d9e88]
V  [jvm.dll+0x2dadf4]
V  [jvm.dll+0x7aa551]
V  [jvm.dll+0x367911]
V  [jvm.dll+0x789639]
V  [jvm.dll+0x3eb30f]
V  [jvm.dll+0x3ecd91]
C  [jli.dll+0x5297]
C  [ucrtbase.dll+0x29333]
C  [KERNEL32.DLL+0x1257d]
C  [ntdll.dll+0x5aa48]


---------------  P R O C E S S  ---------------

Threads class SMR info:
_java_thread_list=0x00007ff9ffda6a18, length=0, elements={
}

Java Threads: ( => current thread )

Other Threads:
  0x000002540ffd2e50 GCTaskThread "GC Thread#0" [stack: 0x0000009254f00000,0x0000009255000000] [id=31488]
  0x000002540ffe49b0 ConcurrentGCThread "G1 Main Marker" [stack: 0x0000009255000000,0x0000009255100000] [id=32292]
  0x000002540ffe5510 ConcurrentGCThread "G1 Conc#0" [stack: 0x0000009255100000,0x0000009255200000] [id=15488]

[error occurred during error reporting (printing all threads), id 0xc0000005, EXCEPTION_ACCESS_VIOLATION (0xc0000005) at pc=0x00007ff9ff5daae7]

VM state: not at safepoint (not fully initialized)

VM Mutex/Monitor currently owned by a thread:  ([mutex/lock_event])
[0x000002540ff76500] Heap_lock - owner thread: 0x000002540ff7aca0

Heap address: 0x0000000082000000, size: 2016 MB, Compressed Oops mode: 32-bit

CDS archive(s) mapped at: [0x0000000000000000-0x0000000000000000-0x0000000000000000), size 0, SharedBaseAddress: 0x0000000800000000, ArchiveRelocationMode: 1.
Narrow klass base: 0x0000000000000000, Narrow klass shift: 0, Narrow klass range: 0x0

GC Precious Log:
<Empty>

Heap:
 garbage-first heap   total 0K, used 0K [0x0000000082000000, 0x0000000100000000)
  region size 1024K, 0 young (0K), 0 survivors (0K)

[error occurred during error reporting (printing heap information), id 0xc0000005, EXCEPTION_ACCESS_VIOLATION (0xc0000005) at pc=0x00007ff9ff9c1249]

GC Heap History (0 events):
No events

Deoptimization events (0 events):
No events

Classes unloaded (0 events):
No events

Classes redefined (0 events):
No events

Internal exceptions (0 events):
No events

VM Operations (0 events):
No events

Events (1 events):
Event: 0.008 Loaded shared library C:\Program Files\Java\jdk-17\bin\java.dll


Dynamic libraries:
0x00007ff6c3750000 - 0x00007ff6c3760000 	C:\Program Files\Java\jdk-17\bin\java.exe
0x00007ffa7d1f0000 - 0x00007ffa7d407000 	C:\WINDOWS\SYSTEM32\ntdll.dll
0x00007ffa7cc10000 - 0x00007ffa7ccd4000 	C:\WINDOWS\System32\KERNEL32.DLL
0x00007ffa7a820000 - 0x00007ffa7abcc000 	C:\WINDOWS\System32\KERNELBASE.dll
0x00000000778b0000 - 0x0000000077be2000 	C:\Program Files\Norton Security\NortonData\22.21.8.62\Definitions\IPSDefs\20231229.064\IPSEng64.dll
0x00007ffa7cb50000 - 0x00007ffa7cc02000 	C:\WINDOWS\System32\ADVAPI32.dll
0x00007ffa7cd50000 - 0x00007ffa7cdf7000 	C:\WINDOWS\System32\msvcrt.dll
0x00007ffa7af80000 - 0x00007ffa7b028000 	C:\WINDOWS\System32\sechost.dll
0x00007ffa7acf0000 - 0x00007ffa7ad18000 	C:\WINDOWS\System32\bcrypt.dll
0x00007ffa7c020000 - 0x00007ffa7c135000 	C:\WINDOWS\System32\RPCRT4.dll
0x00007ffa7b8c0000 - 0x00007ffa7b8c8000 	C:\WINDOWS\System32\PSAPI.DLL
0x00007ffa7a5c0000 - 0x00007ffa7a6d1000 	C:\WINDOWS\System32\ucrtbase.dll
0x00007ffa72b90000 - 0x00007ffa72bab000 	C:\Program Files\Java\jdk-17\bin\VCRUNTIME140.dll
0x00007ffa68690000 - 0x00007ffa686a9000 	C:\Program Files\Java\jdk-17\bin\jli.dll
0x00007ffa7b030000 - 0x00007ffa7b1de000 	C:\WINDOWS\System32\USER32.dll
0x00007ffa7a590000 - 0x00007ffa7a5b6000 	C:\WINDOWS\System32\win32u.dll
0x00007ffa605d0000 - 0x00007ffa60863000 	C:\WINDOWS\WinSxS\amd64_microsoft.windows.common-controls_6595b64144ccf1df_6.0.22621.3672_none_2713b9d173822955\COMCTL32.dll
0x00007ffa7b8d0000 - 0x00007ffa7b8f9000 	C:\WINDOWS\System32\GDI32.dll
0x00007ffa7abd0000 - 0x00007ffa7ace9000 	C:\WINDOWS\System32\gdi32full.dll
0x00007ffa7ad20000 - 0x00007ffa7adba000 	C:\WINDOWS\System32\msvcp_win.dll
0x00007ffa75ad0000 - 0x00007ffa75ada000 	C:\WINDOWS\SYSTEM32\VERSION.dll
0x00007ffa7af30000 - 0x00007ffa7af61000 	C:\WINDOWS\System32\IMM32.DLL
0x00007ffa725b0000 - 0x00007ffa725bc000 	C:\Program Files\Java\jdk-17\bin\vcruntime140_1.dll
0x00007ffa54640000 - 0x00007ffa546ce000 	C:\Program Files\Java\jdk-17\bin\msvcp140.dll
0x00007ff9ff2f0000 - 0x00007ff9ffecf000 	C:\Program Files\Java\jdk-17\bin\server\jvm.dll
0x00007ffa725a0000 - 0x00007ffa725a9000 	C:\WINDOWS\SYSTEM32\WSOCK32.dll
0x00007ffa743e0000 - 0x00007ffa74414000 	C:\WINDOWS\SYSTEM32\WINMM.dll
0x00007ffa7b900000 - 0x00007ffa7b971000 	C:\WINDOWS\System32\WS2_32.dll
0x00007ffa79600000 - 0x00007ffa79618000 	C:\WINDOWS\SYSTEM32\kernel.appcore.dll
0x00007ffa71f70000 - 0x00007ffa71f7a000 	C:\Program Files\Java\jdk-17\bin\jimage.dll
0x00007ffa778f0000 - 0x00007ffa77b22000 	C:\WINDOWS\SYSTEM32\DBGHELP.DLL
0x00007ffa7b2f0000 - 0x00007ffa7b678000 	C:\WINDOWS\System32\combase.dll
0x00007ffa7b680000 - 0x00007ffa7b757000 	C:\WINDOWS\System32\OLEAUT32.dll
0x00007ffa72b40000 - 0x00007ffa72b72000 	C:\WINDOWS\SYSTEM32\dbgcore.DLL
0x00007ffa7a6e0000 - 0x00007ffa7a75b000 	C:\WINDOWS\System32\bcryptPrimitives.dll
0x00007ffa678c0000 - 0x00007ffa678e5000 	C:\Program Files\Java\jdk-17\bin\java.dll

dbghelp: loaded successfully - version: 4.0.5 - missing functions: none
symbol engine: initialized successfully - sym options: 0x614 - pdb path: .;C:\Program Files\Java\jdk-17\bin;C:\WINDOWS\SYSTEM32;C:\Program Files\Norton Security\NortonData\22.21.8.62\Definitions\IPSDefs\20231229.064;C:\WINDOWS\WinSxS\amd64_microsoft.windows.common-controls_6595b64144ccf1df_6.0.22621.3672_none_2713b9d173822955;C:\Program Files\Java\jdk-17\bin\server

VM Arguments:
jvm_args: -Dclassworlds.conf=C:\dev\apache-maven-3.9.6\bin\m2.conf -Dmaven.home=C:\dev\apache-maven-3.9.6 -Dlibrary.jansi.path=C:\dev\apache-maven-3.9.6\lib\jansi-native -Dmaven.multiModuleProjectDirectory=D:\My Project home\foodwastereductionplatform\Backend 
java_command: org.codehaus.plexus.classworlds.launcher.Launcher spring-boot:run
java_class_path (initial): C:\dev\apache-maven-3.9.6\boot\plexus-classworlds-2.7.0.jar
Launcher Type: SUN_STANDARD

[Global flags]
     intx CICompilerCount                          = 4                                         {product} {ergonomic}
     uint ConcGCThreads                            = 2                                         {product} {ergonomic}
     uint G1ConcRefinementThreads                  = 8                                         {product} {ergonomic}
   size_t G1HeapRegionSize                         = 1048576                                   {product} {ergonomic}
    uintx GCDrainStackTargetSize                   = 64                                        {product} {ergonomic}
   size_t InitialHeapSize                          = 132120576                                 {product} {ergonomic}
   size_t MarkStackSize                            = 4194304                                   {product} {ergonomic}
   size_t MaxHeapSize                              = 2113929216                                {product} {ergonomic}
   size_t MinHeapDeltaBytes                        = 1048576                                   {product} {ergonomic}
   size_t MinHeapSize                              = 8388608                                   {product} {ergonomic}
    uintx NonNMethodCodeHeapSize                   = 5839372                                {pd product} {ergonomic}
    uintx NonProfiledCodeHeapSize                  = 122909434                              {pd product} {ergonomic}
    uintx ProfiledCodeHeapSize                     = 122909434                              {pd product} {ergonomic}
    uintx ReservedCodeCacheSize                    = 251658240                              {pd product} {ergonomic}
     bool SegmentedCodeCache                       = true                                      {product} {ergonomic}
   size_t SoftMaxHeapSize                          = 2113929216                             {manageable} {ergonomic}
     bool UseCompressedClassPointers               = true                           {product lp64_product} {ergonomic}
     bool UseCompressedOops                        = true                           {product lp64_product} {ergonomic}
     bool UseG1GC                                  = true                                      {product} {ergonomic}
     bool UseLargePagesIndividualAllocation        = false                                  {pd product} {ergonomic}

Logging:
Log output configuration:
 #0: stdout all=warning uptime,level,tags
 #1: stderr all=off uptime,level,tags

Environment Variables:
PATH=C:\Program Files\Common Files\Oracle\Java\javapath;C:\Windows\system32;C:\Windows;C:\Windows\System32\Wbem;C:\Windows\System32\WindowsPowerShell\v1.0\;C:\Windows\System32\OpenSSH\;C:\Program Files (x86)\NVIDIA Corporation\PhysX\Common;C:\Program Files\NVIDIA Corporation\NVIDIA NvDLISR;C:\WINDOWS\system32;C:\WINDOWS;C:\WINDOWS\System32\Wbem;C:\WINDOWS\System32\WindowsPowerShell\v1.0\;C:\WINDOWS\System32\OpenSSH\;D:\New applications\Matlab\runtime\win64;D:\New applications\Matlab\bin;C:\Program Files\dotnet\;C:\Program Files\nodejs\;C:\Program Files\Git\cmd;C:\Program Files\Docker\Docker\resources\bin;C:\Program Files\MySQL\MySQL Shell 8.0\bin\;C:\Users\sanke\AppData\Local\Microsoft\WindowsApps;C:\Program Files (x86)\Brackets\;C:\Users\sanke\AppData\Local\Programs\Microsoft VS Code\bin;C:\ProgramData\sanke\atom\bin;C:\Users\sanke\AppData\Local\Programs\Hyper\resources\bin;C:\Program Files\heroku\bin;C:\Users\sanke\AppData\Local\Microsoft\WindowsApps;D:\mongosh-1.6.0-win32-x64\mongosh-1.6.0-win32-x64;C:\Users\sanke\AppData\Roaming\npm;D:\New applications\IntelliJ IDEA 2023.1.3\bin;;C:\dev\apache-maven-3.9.6\bin;
USERNAME=sanke
LANG=en_US.UTF-8
OS=Windows_NT
PROCESSOR_IDENTIFIER=Intel64 Family 6 Model 165 Stepping 2, GenuineIntel



---------------  S Y S T E M  ---------------

OS:
 Windows 11 , 64 bit Build 22621 (10.0.22621.3672)
OS uptime: 11 days 6:25 hours
Hyper-V role detected

CPU: total 8 (initial active 8) (4 cores per cpu, 2 threads per core) family 6 model 165 stepping 2 microcode 0xea, cx8, cmov, fxsr, ht, mmx, 3dnowpref, sse, sse2, sse3, ssse3, sse4.1, sse4.2, popcnt, lzcnt, tsc, tscinvbit, avx, avx2, aes, erms, clmul, bmi1, bmi2, adx, fma, vzeroupper, clflush, clflushopt, hv

Memory: 4k page, system-wide physical 8059M (401M free)
TotalPageFile size 32635M (AvailPageFile size 75M)
current process WorkingSet (physical memory assigned to process): 12M, peak: 12M
current process commit charge ("private bytes"): 61M, peak: 186M

vm_info: Java HotSpot(TM) 64-Bit Server VM (17.0.10+11-LTS-240) for windows-amd64 JRE (17.0.10+11-LTS-240), built on Dec 19 2023 21:47:25 by "mach5one" with MS VC++ 17.1 (VS2022)

END.
