#
# There is insufficient memory for the Java Runtime Environment to continue.
# Native memory allocation (malloc) failed to allocate 2097152 bytes. Error detail: AllocateHeap
# Possible reasons:
#   The system is out of physical RAM or swap space
#   This process is running with CompressedOops enabled, and the Java Heap may be blocking the growth of the native heap
# Possible solutions:
#   Reduce memory load on the system
#   Increase physical memory or swap space
#   Check if swap backing store is full
#   Decrease Java heap size (-Xmx/-Xms)
#   Decrease number of Java threads
#   Decrease Java thread stack sizes (-Xss)
#   Set larger code cache with -XX:ReservedCodeCacheSize=
#   JVM is running with Unscaled Compressed Oops mode in which the Java heap is
#     placed in the first 4GB address space. The Java Heap base address is the
#     maximum limit for the native heap growth. Please use -XX:HeapBaseMinAddress
#     to set the Java Heap base and to place the Java Heap above 4GB virtual address.
# This output file may be truncated or incomplete.
#
#  Out of Memory Error (allocation.cpp:44), pid=12828, tid=22260
#
# JRE version: OpenJDK Runtime Environment Temurin-17.0.11+9 (17.0.11+9) (build 17.0.11+9)
# Java VM: OpenJDK 64-Bit Server VM Temurin-17.0.11+9 (17.0.11+9, mixed mode, emulated-client, tiered, compressed oops, compressed class ptrs, g1 gc, windows-amd64)
# No core dump will be written. Minidumps are not enabled by default on client versions of Windows
#

---------------  S U M M A R Y ------------

Command Line: -Xmx1024m -Dsts.lsp.client=vscode -Dsts.log.file=/dev/null -XX:TieredStopAtLevel=1 -Xlog:jni+resolve=off -Dspring.config.location=file:c:\Users\sanke\.vscode\extensions\vmware.vscode-spring-boot-1.55.1\language-server\BOOT-INF\classes\application.properties org.springframework.ide.vscode.boot.app.BootLanguageServerBootApp

Host: Intel(R) Core(TM) i5-10300H CPU @ 2.50GHz, 8 cores, 7G,  Windows 11 , 64 bit Build 22621 (10.0.22621.3672)
Time: Thu Jun 27 17:25:49 2024 W. Europe Daylight Time elapsed time: 24036.606365 seconds (0d 6h 40m 36s)

---------------  T H R E A D  ---------------

Current thread (0x000002e32ecd7e20):  VMThread "VM Thread" [stack: 0x000000ff6be00000,0x000000ff6bf00000] [id=22260]

Stack: [0x000000ff6be00000,0x000000ff6bf00000]
Native frames: (J=compiled Java code, j=interpreted, Vv=VM code, C=native code)
V  [jvm.dll+0x67d429]
V  [jvm.dll+0x834b7a]
V  [jvm.dll+0x83663e]
V  [jvm.dll+0x836ca3]
V  [jvm.dll+0x247dbf]
V  [jvm.dll+0xa6cb3]
V  [jvm.dll+0x2f8b61]
V  [jvm.dll+0x2f4750]
V  [jvm.dll+0x2dcf67]
V  [jvm.dll+0x31fb67]
V  [jvm.dll+0x83b19b]
V  [jvm.dll+0x83bed2]
V  [jvm.dll+0x83c3ed]
V  [jvm.dll+0x83c7c4]
V  [jvm.dll+0x83c890]
V  [jvm.dll+0x7e410a]
V  [jvm.dll+0x67c315]
C  [ucrtbase.dll+0x29333]
C  [KERNEL32.DLL+0x1257d]
C  [ntdll.dll+0x5aa48]

VM_Operation (0x000000ff6d5fe900): G1CollectFull, mode: safepoint, requested by thread 0x000002e33475dba0


---------------  P R O C E S S  ---------------

Threads class SMR info:
_java_thread_list=0x000002e335bc7d10, length=42, elements={
0x000002e333013380, 0x000002e32ecde810, 0x000002e32ececa80, 0x000002e32eced700,
0x000002e32ecee0c0, 0x000002e32eceea80, 0x000002e3330425b0, 0x000002e3330706c0,
0x000002e33324d1a0, 0x000002e33325ed60, 0x000002e3348c3ee0, 0x000002e33475dba0,
0x000002e334854bc0, 0x000002e323e96380, 0x000002e3347d5180, 0x000002e33484e5f0,
0x000002e334952a00, 0x000002e334952f10, 0x000002e3349515c0, 0x000002e334953420,
0x000002e334953930, 0x000002e3349524f0, 0x000002e3333e3380, 0x000002e3333e6110,
0x000002e3333e2e70, 0x000002e3333e42b0, 0x000002e3333e47c0, 0x000002e334953e40,
0x000002e334951fe0, 0x000002e334951ad0, 0x000002e333c73a50, 0x000002e333c72b20,
0x000002e333c70cc0, 0x000002e333c74980, 0x000002e333c78640, 0x000002e333c78130,
0x000002e333c74e90, 0x000002e335a4bd80, 0x000002e335a4b870, 0x000002e333c2b230,
0x000002e333c2b740, 0x000002e335b973b0
}

Java Threads: ( => current thread )
  0x000002e333013380 JavaThread "Reference Handler" daemon [_thread_blocked, id=26704, stack(0x000000ff6bf00000,0x000000ff6c000000)]
  0x000002e32ecde810 JavaThread "Finalizer" daemon [_thread_blocked, id=18148, stack(0x000000ff6c000000,0x000000ff6c100000)]
  0x000002e32ececa80 JavaThread "Signal Dispatcher" daemon [_thread_blocked, id=31676, stack(0x000000ff6c100000,0x000000ff6c200000)]
  0x000002e32eced700 JavaThread "Attach Listener" daemon [_thread_blocked, id=31404, stack(0x000000ff6c200000,0x000000ff6c300000)]
  0x000002e32ecee0c0 JavaThread "Service Thread" daemon [_thread_blocked, id=31836, stack(0x000000ff6c300000,0x000000ff6c400000)]
  0x000002e32eceea80 JavaThread "Monitor Deflation Thread" daemon [_thread_blocked, id=39404, stack(0x000000ff6c400000,0x000000ff6c500000)]
  0x000002e3330425b0 JavaThread "C1 CompilerThread0" daemon [_thread_blocked, id=976, stack(0x000000ff6c500000,0x000000ff6c600000)]
  0x000002e3330706c0 JavaThread "Sweeper thread" daemon [_thread_blocked, id=12804, stack(0x000000ff6c600000,0x000000ff6c700000)]
  0x000002e33324d1a0 JavaThread "Notification Thread" daemon [_thread_blocked, id=18776, stack(0x000000ff6c700000,0x000000ff6c800000)]
  0x000002e33325ed60 JavaThread "Common-Cleaner" daemon [_thread_blocked, id=33068, stack(0x000000ff6c900000,0x000000ff6ca00000)]
  0x000002e3348c3ee0 JavaThread "boundedElastic-evictor-1" daemon [_thread_blocked, id=1948, stack(0x000000ff6d100000,0x000000ff6d200000)]
  0x000002e33475dba0 JavaThread "pool-13-thread-1" [_thread_blocked, id=24940, stack(0x000000ff6d500000,0x000000ff6d600000)]
  0x000002e334854bc0 JavaThread "LanguageServerApp-lifecycle" [_thread_blocked, id=35832, stack(0x000000ff6d600000,0x000000ff6d700000)]
  0x000002e323e96380 JavaThread "DestroyJavaVM" [_thread_blocked, id=28100, stack(0x000000ff6b800000,0x000000ff6b900000)]
  0x000002e3347d5180 JavaThread "pool-14-thread-1" [_thread_in_native, id=37152, stack(0x000000ff6d700000,0x000000ff6d800000)]
  0x000002e33484e5f0 JavaThread "Simple-Language-Server main thread" daemon [_thread_blocked, id=19896, stack(0x000000ff6d800000,0x000000ff6d900000)]
  0x000002e334952a00 JavaThread "pool-8-thread-1" [_thread_blocked, id=8920, stack(0x000000ff6db00000,0x000000ff6dc00000)]
  0x000002e334952f10 JavaThread "parallel-1" daemon [_thread_blocked, id=3148, stack(0x000000ff6dc00000,0x000000ff6dd00000)]
  0x000002e3349515c0 JavaThread "pool-6-thread-1" [_thread_blocked, id=13052, stack(0x000000ff6dd00000,0x000000ff6de00000)]
  0x000002e334953420 JavaThread "parallel-2" daemon [_thread_blocked, id=41276, stack(0x000000ff6de00000,0x000000ff6df00000)]
  0x000002e334953930 JavaThread "parallel-3" daemon [_thread_blocked, id=35932, stack(0x000000ff6df00000,0x000000ff6e000000)]
  0x000002e3349524f0 JavaThread "parallel-4" daemon [_thread_blocked, id=33976, stack(0x000000ff6e500000,0x000000ff6e600000)]
  0x000002e3333e3380 JavaThread "parallel-5" daemon [_thread_blocked, id=23024, stack(0x000000ff6e600000,0x000000ff6e700000)]
  0x000002e3333e6110 JavaThread "Reconciler-1" daemon [_thread_blocked, id=32416, stack(0x000000ff6e800000,0x000000ff6e900000)]
  0x000002e3333e2e70 JavaThread "CompletableFutureDelayScheduler" daemon [_thread_blocked, id=15772, stack(0x000000ff6b600000,0x000000ff6b700000)]
  0x000002e3333e42b0 JavaThread "pool-7-thread-1" [_thread_blocked, id=3744, stack(0x000000ff6d900000,0x000000ff6da00000)]
  0x000002e3333e47c0 JavaThread "pool-7-thread-2" [_thread_blocked, id=34728, stack(0x000000ff6da00000,0x000000ff6db00000)]
  0x000002e334953e40 JavaThread "RMI Scheduler(0)" daemon [_thread_blocked, id=37064, stack(0x000000ff6e000000,0x000000ff6e100000)]
  0x000002e334951fe0 JavaThread "pool-7-thread-3" [_thread_blocked, id=15244, stack(0x000000ff6e400000,0x000000ff6e500000)]
  0x000002e334951ad0 JavaThread "pool-7-thread-4" [_thread_blocked, id=27684, stack(0x000000ff6e900000,0x000000ff6ea00000)]
  0x000002e333c73a50 JavaThread "pool-7-thread-5" [_thread_blocked, id=24004, stack(0x000000ff6ea00000,0x000000ff6eb00000)]
  0x000002e333c72b20 JavaThread "pool-7-thread-6" [_thread_blocked, id=35392, stack(0x000000ff6ef00000,0x000000ff6f000000)]
  0x000002e333c70cc0 JavaThread "pool-7-thread-7" [_thread_blocked, id=31892, stack(0x000000ff6f000000,0x000000ff6f100000)]
  0x000002e333c74980 JavaThread "pool-7-thread-8" [_thread_blocked, id=26080, stack(0x000000ff6f400000,0x000000ff6f500000)]
  0x000002e333c78640 JavaThread "parallel-6" daemon [_thread_blocked, id=1088, stack(0x000000ff6ca00000,0x000000ff6cb00000)]
  0x000002e333c78130 JavaThread "parallel-7" daemon [_thread_blocked, id=32508, stack(0x000000ff6f500000,0x000000ff6f600000)]
  0x000002e333c74e90 JavaThread "parallel-8" daemon [_thread_blocked, id=12068, stack(0x000000ff6f200000,0x000000ff6f300000)]
  0x000002e335a4bd80 JavaThread "pool-7-thread-9" [_thread_blocked, id=24768, stack(0x000000ff6eb00000,0x000000ff6ec00000)]
  0x000002e335a4b870 JavaThread "pool-7-thread-10" [_thread_blocked, id=40988, stack(0x000000ff6e300000,0x000000ff6e400000)]
  0x000002e333c2b230 JavaThread "RMI RenewClean-[localhost:52871]" daemon [_thread_blocked, id=30472, stack(0x000000ff6ee00000,0x000000ff6ef00000)]
  0x000002e333c2b740 JavaThread "RMI GC Daemon" daemon [_thread_blocked, id=32512, stack(0x000000ff6f300000,0x000000ff6f400000)]
  0x000002e335b973b0 JavaThread "JMX client heartbeat 10" daemon [_thread_blocked, id=13316, stack(0x000000ff6f600000,0x000000ff6f700000)]

Other Threads:
=>0x000002e32ecd7e20 VMThread "VM Thread" [stack: 0x000000ff6be00000,0x000000ff6bf00000] [id=22260]
  0x000002e33324d680 WatcherThread [stack: 0x000000ff6c800000,0x000000ff6c900000] [id=3624]
  0x000002e323ed0fd0 GCTaskThread "GC Thread#0" [stack: 0x000000ff6b900000,0x000000ff6ba00000] [id=31724]
  0x000002e3331bef80 GCTaskThread "GC Thread#1" [stack: 0x000000ff6cb00000,0x000000ff6cc00000] [id=37364]
  0x000002e3331bf240 GCTaskThread "GC Thread#2" [stack: 0x000000ff6cc00000,0x000000ff6cd00000] [id=26300]
  0x000002e333d618d0 GCTaskThread "GC Thread#3" [stack: 0x000000ff6cd00000,0x000000ff6ce00000] [id=15068]
  0x000002e3333d21b0 GCTaskThread "GC Thread#4" [stack: 0x000000ff6ce00000,0x000000ff6cf00000] [id=35476]
  0x000002e3333d2470 GCTaskThread "GC Thread#5" [stack: 0x000000ff6cf00000,0x000000ff6d000000] [id=2568]
  0x000002e334128ef0 GCTaskThread "GC Thread#6" [stack: 0x000000ff6d200000,0x000000ff6d300000] [id=35700]
  0x000002e3341291b0 GCTaskThread "GC Thread#7" [stack: 0x000000ff6d300000,0x000000ff6d400000] [id=21808]
  0x000002e323edae30 ConcurrentGCThread "G1 Main Marker" [stack: 0x000000ff6ba00000,0x000000ff6bb00000] [id=28396]
  0x000002e323edb750 ConcurrentGCThread "G1 Conc#0" [stack: 0x000000ff6bb00000,0x000000ff6bc00000] [id=19016]
  0x000002e334182050 ConcurrentGCThread "G1 Conc#1" [stack: 0x000000ff6d400000,0x000000ff6d500000] [id=8024]
  0x000002e323f0e860 ConcurrentGCThread "G1 Refine#0" [stack: 0x000000ff6bc00000,0x000000ff6bd00000] [id=23160]
  0x000002e335571330 ConcurrentGCThread "G1 Refine#1" [stack: 0x000000ff6fd00000,0x000000ff6fe00000] [id=7176]
  0x000002e335570a60 ConcurrentGCThread "G1 Refine#2" [stack: 0x000000ff6f100000,0x000000ff6f200000] [id=35808]
  0x000002e32eb483b0 ConcurrentGCThread "G1 Service" [stack: 0x000000ff6bd00000,0x000000ff6be00000] [id=39088]

Threads with active compile tasks:

VM state: at safepoint (normal execution)

VM Mutex/Monitor currently owned by a thread:  ([mutex/lock_event])
[0x000002e323e922c0] Threads_lock - owner thread: 0x000002e32ecd7e20
[0x000002e323e91db0] Heap_lock - owner thread: 0x000002e33475dba0

Heap address: 0x00000000c0000000, size: 1024 MB, Compressed Oops mode: 32-bit

CDS archive(s) not mapped
Compressed class space mapped at: 0x0000000100000000-0x0000000140000000, reserved size: 1073741824
Narrow klass base: 0x0000000000000000, Narrow klass shift: 3, Narrow klass range: 0x140000000

GC Precious Log:
 CPUs: 8 total, 8 available
 Memory: 8059M
 Large Page Support: Disabled
 NUMA Support: Disabled
 Compressed Oops: Enabled (32-bit)
 Heap Region Size: 1M
 Heap Min Capacity: 8M
 Heap Initial Capacity: 126M
 Heap Max Capacity: 1G
 Pre-touch: Disabled
 Parallel Workers: 8
 Concurrent Workers: 2
 Concurrent Refinement Workers: 8
 Periodic GC: Disabled

Heap:
 garbage-first heap   total 140288K, used 50259K [0x00000000c0000000, 0x0000000100000000)
  region size 1024K, 1 young (1024K), 0 survivors (0K)
 Metaspace       used 64474K, committed 65024K, reserved 1114112K
  class space    used 8160K, committed 8384K, reserved 1048576K

Heap Regions: E=young(eden), S=young(survivor), O=old, HS=humongous(starts), HC=humongous(continues), CS=collection set, F=free, OA=open archive, CA=closed archive, TAMS=top-at-mark-start (previous, next)
|   0|0x00000000c0000000, 0x00000000c0100000, 0x00000000c0100000|100%|HS|  |TAMS 0x00000000c0100000, 0x00000000c0000000| Untracked 
|   1|0x00000000c0100000, 0x00000000c0200000, 0x00000000c0200000|100%|HC|  |TAMS 0x00000000c0200000, 0x00000000c0100000| Untracked 
|   2|0x00000000c0200000, 0x00000000c0300000, 0x00000000c0300000|100%|HC|  |TAMS 0x00000000c0300000, 0x00000000c0200000| Untracked 
|   3|0x00000000c0300000, 0x00000000c0400000, 0x00000000c0400000|100%|HC|  |TAMS 0x00000000c0400000, 0x00000000c0300000| Untracked 
|   4|0x00000000c0400000, 0x00000000c0500000, 0x00000000c0500000|100%|HS|  |TAMS 0x00000000c0500000, 0x00000000c0400000| Untracked 
|   5|0x00000000c0500000, 0x00000000c0600000, 0x00000000c0600000|100%|HC|  |TAMS 0x00000000c0600000, 0x00000000c0500000| Untracked 
|   6|0x00000000c0600000, 0x00000000c0700000, 0x00000000c0700000|100%| O|  |TAMS 0x00000000c0700000, 0x00000000c0600000| Untracked 
|   7|0x00000000c0700000, 0x00000000c0800000, 0x00000000c0800000|100%| O|  |TAMS 0x00000000c0800000, 0x00000000c0700000| Untracked 
|   8|0x00000000c0800000, 0x00000000c08fffc8, 0x00000000c0900000| 99%| O|  |TAMS 0x00000000c08fffc8, 0x00000000c0800000| Untracked 
|   9|0x00000000c0900000, 0x00000000c0a00000, 0x00000000c0a00000|100%| O|  |TAMS 0x00000000c0a00000, 0x00000000c0900000| Untracked 
|  10|0x00000000c0a00000, 0x00000000c0aff0e0, 0x00000000c0b00000| 99%| O|  |TAMS 0x00000000c0aff0e0, 0x00000000c0a00000| Untracked 
|  11|0x00000000c0b00000, 0x00000000c0c00000, 0x00000000c0c00000|100%| O|  |TAMS 0x00000000c0c00000, 0x00000000c0b00000| Untracked 
|  12|0x00000000c0c00000, 0x00000000c0cffff8, 0x00000000c0d00000| 99%| O|  |TAMS 0x00000000c0cffff8, 0x00000000c0c00000| Untracked 
|  13|0x00000000c0d00000, 0x00000000c0e00000, 0x00000000c0e00000|100%| O|  |TAMS 0x00000000c0e00000, 0x00000000c0d00000| Untracked 
|  14|0x00000000c0e00000, 0x00000000c0efffe8, 0x00000000c0f00000| 99%| O|  |TAMS 0x00000000c0efffe8, 0x00000000c0e00000| Untracked 
|  15|0x00000000c0f00000, 0x00000000c0ffffd0, 0x00000000c1000000| 99%| O|  |TAMS 0x00000000c0ffffd0, 0x00000000c0f00000| Untracked 
|  16|0x00000000c1000000, 0x00000000c10fffe0, 0x00000000c1100000| 99%| O|  |TAMS 0x00000000c10fffe0, 0x00000000c1000000| Untracked 
|  17|0x00000000c1100000, 0x00000000c11ffff0, 0x00000000c1200000| 99%| O|  |TAMS 0x00000000c11ffff0, 0x00000000c1100000| Untracked 
|  18|0x00000000c1200000, 0x00000000c12ffff0, 0x00000000c1300000| 99%| O|  |TAMS 0x00000000c12ffff0, 0x00000000c1200000| Untracked 
|  19|0x00000000c1300000, 0x00000000c1400000, 0x00000000c1400000|100%| O|  |TAMS 0x00000000c1400000, 0x00000000c1300000| Untracked 
|  20|0x00000000c1400000, 0x00000000c14ffff8, 0x00000000c1500000| 99%| O|  |TAMS 0x00000000c14ffff8, 0x00000000c1400000| Untracked 
|  21|0x00000000c1500000, 0x00000000c1600000, 0x00000000c1600000|100%| O|  |TAMS 0x00000000c1600000, 0x00000000c1500000| Untracked 
|  22|0x00000000c1600000, 0x00000000c1700000, 0x00000000c1700000|100%| O|  |TAMS 0x00000000c1700000, 0x00000000c1600000| Untracked 
|  23|0x00000000c1700000, 0x00000000c17f9548, 0x00000000c1800000| 97%| O|  |TAMS 0x00000000c17f9548, 0x00000000c1700000| Untracked 
|  24|0x00000000c1800000, 0x00000000c18ffff8, 0x00000000c1900000| 99%| O|  |TAMS 0x00000000c18ffff8, 0x00000000c1800000| Untracked 
|  25|0x00000000c1900000, 0x00000000c19ffff0, 0x00000000c1a00000| 99%| O|  |TAMS 0x00000000c19ffff0, 0x00000000c1900000| Untracked 
|  26|0x00000000c1a00000, 0x00000000c1afff78, 0x00000000c1b00000| 99%| O|  |TAMS 0x00000000c1afff78, 0x00000000c1a00000| Untracked 
|  27|0x00000000c1b00000, 0x00000000c1bfffe8, 0x00000000c1c00000| 99%| O|  |TAMS 0x00000000c1bfffe8, 0x00000000c1b00000| Untracked 
|  28|0x00000000c1c00000, 0x00000000c1cffff8, 0x00000000c1d00000| 99%| O|  |TAMS 0x00000000c1cffff8, 0x00000000c1c00000| Untracked 
|  29|0x00000000c1d00000, 0x00000000c1e00000, 0x00000000c1e00000|100%| O|  |TAMS 0x00000000c1e00000, 0x00000000c1d00000| Untracked 
|  30|0x00000000c1e00000, 0x00000000c1effff8, 0x00000000c1f00000| 99%| O|  |TAMS 0x00000000c1effff8, 0x00000000c1e00000| Untracked 
|  31|0x00000000c1f00000, 0x00000000c2000000, 0x00000000c2000000|100%|HS|  |TAMS 0x00000000c2000000, 0x00000000c1f00000| Untracked 
|  32|0x00000000c2000000, 0x00000000c20fffc0, 0x00000000c2100000| 99%| O|  |TAMS 0x00000000c20fffc0, 0x00000000c2000000| Untracked 
|  33|0x00000000c2100000, 0x00000000c21f5b88, 0x00000000c2200000| 95%| O|  |TAMS 0x00000000c21f5b88, 0x00000000c2100000| Untracked 
|  34|0x00000000c2200000, 0x00000000c2300000, 0x00000000c2300000|100%| O|  |TAMS 0x00000000c2300000, 0x00000000c2200000| Untracked 
|  35|0x00000000c2300000, 0x00000000c23fffd8, 0x00000000c2400000| 99%| O|  |TAMS 0x00000000c23fffd8, 0x00000000c2300000| Untracked 
|  36|0x00000000c2400000, 0x00000000c24fffe0, 0x00000000c2500000| 99%| O|  |TAMS 0x00000000c24fffe0, 0x00000000c2400000| Untracked 
|  37|0x00000000c2500000, 0x00000000c2600000, 0x00000000c2600000|100%| O|  |TAMS 0x00000000c2600000, 0x00000000c2500000| Untracked 
|  38|0x00000000c2600000, 0x00000000c2700000, 0x00000000c2700000|100%| O|  |TAMS 0x00000000c2700000, 0x00000000c2600000| Untracked 
|  39|0x00000000c2700000, 0x00000000c27f5258, 0x00000000c2800000| 95%| O|  |TAMS 0x00000000c27f5258, 0x00000000c2700000| Untracked 
|  40|0x00000000c2800000, 0x00000000c28ffff0, 0x00000000c2900000| 99%| O|  |TAMS 0x00000000c28ffff0, 0x00000000c2800000| Untracked 
|  41|0x00000000c2900000, 0x00000000c29ff6c0, 0x00000000c2a00000| 99%| O|  |TAMS 0x00000000c29ff6c0, 0x00000000c2900000| Untracked 
|  42|0x00000000c2a00000, 0x00000000c2affff8, 0x00000000c2b00000| 99%| O|  |TAMS 0x00000000c2affff8, 0x00000000c2a00000| Untracked 
|  43|0x00000000c2b00000, 0x00000000c2bffff0, 0x00000000c2c00000| 99%| O|  |TAMS 0x00000000c2bffff0, 0x00000000c2b00000| Untracked 
|  44|0x00000000c2c00000, 0x00000000c2cffff0, 0x00000000c2d00000| 99%| O|  |TAMS 0x00000000c2cffff0, 0x00000000c2c00000| Untracked 
|  45|0x00000000c2d00000, 0x00000000c2dffff0, 0x00000000c2e00000| 99%| O|  |TAMS 0x00000000c2dffff0, 0x00000000c2d00000| Untracked 
|  46|0x00000000c2e00000, 0x00000000c2efffb0, 0x00000000c2f00000| 99%| O|  |TAMS 0x00000000c2efffb0, 0x00000000c2e00000| Untracked 
|  47|0x00000000c2f00000, 0x00000000c2ffffb8, 0x00000000c3000000| 99%| O|  |TAMS 0x00000000c2ffffb8, 0x00000000c2f00000| Untracked 
|  48|0x00000000c3000000, 0x00000000c3032578, 0x00000000c3100000| 19%| O|  |TAMS 0x00000000c3000000, 0x00000000c3000000| Untracked 
|  49|0x00000000c3100000, 0x00000000c3100020, 0x00000000c3200000|  0%| O|  |TAMS 0x00000000c3100000, 0x00000000c3100000| Untracked 
|  50|0x00000000c3200000, 0x00000000c3200000, 0x00000000c3300000|  0%| F|  |TAMS 0x00000000c3200000, 0x00000000c3200000| Untracked 
|  51|0x00000000c3300000, 0x00000000c3300000, 0x00000000c3400000|  0%| F|  |TAMS 0x00000000c3300000, 0x00000000c3300000| Untracked 
|  52|0x00000000c3400000, 0x00000000c3400000, 0x00000000c3500000|  0%| F|  |TAMS 0x00000000c3400000, 0x00000000c3400000| Untracked 
|  53|0x00000000c3500000, 0x00000000c3500000, 0x00000000c3600000|  0%| F|  |TAMS 0x00000000c3500000, 0x00000000c3500000| Untracked 
|  54|0x00000000c3600000, 0x00000000c3600000, 0x00000000c3700000|  0%| F|  |TAMS 0x00000000c3600000, 0x00000000c3600000| Untracked 
|  55|0x00000000c3700000, 0x00000000c3700000, 0x00000000c3800000|  0%| F|  |TAMS 0x00000000c3700000, 0x00000000c3700000| Untracked 
|  56|0x00000000c3800000, 0x00000000c3800000, 0x00000000c3900000|  0%| F|  |TAMS 0x00000000c3800000, 0x00000000c3800000| Untracked 
|  57|0x00000000c3900000, 0x00000000c3900000, 0x00000000c3a00000|  0%| F|  |TAMS 0x00000000c3900000, 0x00000000c3900000| Untracked 
|  58|0x00000000c3a00000, 0x00000000c3a00000, 0x00000000c3b00000|  0%| F|  |TAMS 0x00000000c3a00000, 0x00000000c3a00000| Untracked 
|  59|0x00000000c3b00000, 0x00000000c3b00000, 0x00000000c3c00000|  0%| F|  |TAMS 0x00000000c3b00000, 0x00000000c3b00000| Untracked 
|  60|0x00000000c3c00000, 0x00000000c3c00000, 0x00000000c3d00000|  0%| F|  |TAMS 0x00000000c3c00000, 0x00000000c3c00000| Untracked 
|  61|0x00000000c3d00000, 0x00000000c3d00000, 0x00000000c3e00000|  0%| F|  |TAMS 0x00000000c3d00000, 0x00000000c3d00000| Untracked 
|  62|0x00000000c3e00000, 0x00000000c3e00000, 0x00000000c3f00000|  0%| F|  |TAMS 0x00000000c3e00000, 0x00000000c3e00000| Untracked 
|  63|0x00000000c3f00000, 0x00000000c3f00000, 0x00000000c4000000|  0%| F|  |TAMS 0x00000000c3f00000, 0x00000000c3f00000| Untracked 
|  64|0x00000000c4000000, 0x00000000c4000000, 0x00000000c4100000|  0%| F|  |TAMS 0x00000000c4000000, 0x00000000c4000000| Untracked 
|  65|0x00000000c4100000, 0x00000000c4100000, 0x00000000c4200000|  0%| F|  |TAMS 0x00000000c4100000, 0x00000000c4100000| Untracked 
|  66|0x00000000c4200000, 0x00000000c4200000, 0x00000000c4300000|  0%| F|  |TAMS 0x00000000c4200000, 0x00000000c4200000| Untracked 
|  67|0x00000000c4300000, 0x00000000c4300000, 0x00000000c4400000|  0%| F|  |TAMS 0x00000000c4300000, 0x00000000c4300000| Untracked 
|  68|0x00000000c4400000, 0x00000000c4400000, 0x00000000c4500000|  0%| F|  |TAMS 0x00000000c4400000, 0x00000000c4400000| Untracked 
|  69|0x00000000c4500000, 0x00000000c4500000, 0x00000000c4600000|  0%| F|  |TAMS 0x00000000c4500000, 0x00000000c4500000| Untracked 
|  70|0x00000000c4600000, 0x00000000c4600000, 0x00000000c4700000|  0%| F|  |TAMS 0x00000000c4600000, 0x00000000c4600000| Untracked 
|  71|0x00000000c4700000, 0x00000000c4700000, 0x00000000c4800000|  0%| F|  |TAMS 0x00000000c4700000, 0x00000000c4700000| Untracked 
|  72|0x00000000c4800000, 0x00000000c4800000, 0x00000000c4900000|  0%| F|  |TAMS 0x00000000c4800000, 0x00000000c4800000| Untracked 
|  73|0x00000000c4900000, 0x00000000c4900000, 0x00000000c4a00000|  0%| F|  |TAMS 0x00000000c4900000, 0x00000000c4900000| Untracked 
|  74|0x00000000c4a00000, 0x00000000c4a00000, 0x00000000c4b00000|  0%| F|  |TAMS 0x00000000c4a00000, 0x00000000c4a00000| Untracked 
|  75|0x00000000c4b00000, 0x00000000c4b00000, 0x00000000c4c00000|  0%| F|  |TAMS 0x00000000c4b00000, 0x00000000c4b00000| Untracked 
|  76|0x00000000c4c00000, 0x00000000c4c00000, 0x00000000c4d00000|  0%| F|  |TAMS 0x00000000c4c00000, 0x00000000c4c00000| Untracked 
|  77|0x00000000c4d00000, 0x00000000c4d00000, 0x00000000c4e00000|  0%| F|  |TAMS 0x00000000c4d00000, 0x00000000c4d00000| Untracked 
|  78|0x00000000c4e00000, 0x00000000c4e00000, 0x00000000c4f00000|  0%| F|  |TAMS 0x00000000c4e00000, 0x00000000c4e00000| Untracked 
|  79|0x00000000c4f00000, 0x00000000c4f00000, 0x00000000c5000000|  0%| F|  |TAMS 0x00000000c4f00000, 0x00000000c4f00000| Untracked 
|  80|0x00000000c5000000, 0x00000000c5000000, 0x00000000c5100000|  0%| F|  |TAMS 0x00000000c5000000, 0x00000000c5000000| Untracked 
|  81|0x00000000c5100000, 0x00000000c5100000, 0x00000000c5200000|  0%| F|  |TAMS 0x00000000c5100000, 0x00000000c5100000| Untracked 
|  82|0x00000000c5200000, 0x00000000c5200000, 0x00000000c5300000|  0%| F|  |TAMS 0x00000000c5200000, 0x00000000c5200000| Untracked 
|  83|0x00000000c5300000, 0x00000000c5300000, 0x00000000c5400000|  0%| F|  |TAMS 0x00000000c5300000, 0x00000000c5300000| Untracked 
|  84|0x00000000c5400000, 0x00000000c5400000, 0x00000000c5500000|  0%| F|  |TAMS 0x00000000c5400000, 0x00000000c5400000| Untracked 
|  85|0x00000000c5500000, 0x00000000c5500000, 0x00000000c5600000|  0%| F|  |TAMS 0x00000000c5500000, 0x00000000c5500000| Untracked 
|  86|0x00000000c5600000, 0x00000000c5600000, 0x00000000c5700000|  0%| F|  |TAMS 0x00000000c5600000, 0x00000000c5600000| Untracked 
|  87|0x00000000c5700000, 0x00000000c5700000, 0x00000000c5800000|  0%| F|  |TAMS 0x00000000c5700000, 0x00000000c5700000| Untracked 
|  88|0x00000000c5800000, 0x00000000c5800000, 0x00000000c5900000|  0%| F|  |TAMS 0x00000000c5800000, 0x00000000c5800000| Untracked 
|  89|0x00000000c5900000, 0x00000000c5900000, 0x00000000c5a00000|  0%| F|  |TAMS 0x00000000c5900000, 0x00000000c5900000| Untracked 
|  90|0x00000000c5a00000, 0x00000000c5a00000, 0x00000000c5b00000|  0%| F|  |TAMS 0x00000000c5a00000, 0x00000000c5a00000| Untracked 
|  91|0x00000000c5b00000, 0x00000000c5b00000, 0x00000000c5c00000|  0%| F|  |TAMS 0x00000000c5b00000, 0x00000000c5b00000| Untracked 
|  92|0x00000000c5c00000, 0x00000000c5c00000, 0x00000000c5d00000|  0%| F|  |TAMS 0x00000000c5c00000, 0x00000000c5c00000| Untracked 
|  93|0x00000000c5d00000, 0x00000000c5d00000, 0x00000000c5e00000|  0%| F|  |TAMS 0x00000000c5d00000, 0x00000000c5d00000| Untracked 
|  94|0x00000000c5e00000, 0x00000000c5e00000, 0x00000000c5f00000|  0%| F|  |TAMS 0x00000000c5e00000, 0x00000000c5e00000| Untracked 
|  95|0x00000000c5f00000, 0x00000000c5f00000, 0x00000000c6000000|  0%| F|  |TAMS 0x00000000c5f00000, 0x00000000c5f00000| Untracked 
|  96|0x00000000c6000000, 0x00000000c6000000, 0x00000000c6100000|  0%| F|  |TAMS 0x00000000c6000000, 0x00000000c6000000| Untracked 
|  97|0x00000000c6100000, 0x00000000c6100000, 0x00000000c6200000|  0%| F|  |TAMS 0x00000000c6100000, 0x00000000c6100000| Untracked 
|  98|0x00000000c6200000, 0x00000000c6200000, 0x00000000c6300000|  0%| F|  |TAMS 0x00000000c6200000, 0x00000000c6200000| Untracked 
|  99|0x00000000c6300000, 0x00000000c6300000, 0x00000000c6400000|  0%| F|  |TAMS 0x00000000c6300000, 0x00000000c6300000| Untracked 
| 100|0x00000000c6400000, 0x00000000c6400000, 0x00000000c6500000|  0%| F|  |TAMS 0x00000000c6400000, 0x00000000c6400000| Untracked 
| 101|0x00000000c6500000, 0x00000000c6500000, 0x00000000c6600000|  0%| F|  |TAMS 0x00000000c6500000, 0x00000000c6500000| Untracked 
| 102|0x00000000c6600000, 0x00000000c6600000, 0x00000000c6700000|  0%| F|  |TAMS 0x00000000c6600000, 0x00000000c6600000| Untracked 
| 103|0x00000000c6700000, 0x00000000c6700000, 0x00000000c6800000|  0%| F|  |TAMS 0x00000000c6700000, 0x00000000c6700000| Untracked 
| 104|0x00000000c6800000, 0x00000000c6800000, 0x00000000c6900000|  0%| F|  |TAMS 0x00000000c6800000, 0x00000000c6800000| Untracked 
| 105|0x00000000c6900000, 0x00000000c6900000, 0x00000000c6a00000|  0%| F|  |TAMS 0x00000000c6900000, 0x00000000c6900000| Untracked 
| 106|0x00000000c6a00000, 0x00000000c6a00000, 0x00000000c6b00000|  0%| F|  |TAMS 0x00000000c6a00000, 0x00000000c6a00000| Untracked 
| 107|0x00000000c6b00000, 0x00000000c6b00000, 0x00000000c6c00000|  0%| F|  |TAMS 0x00000000c6b00000, 0x00000000c6b00000| Untracked 
| 108|0x00000000c6c00000, 0x00000000c6c00000, 0x00000000c6d00000|  0%| F|  |TAMS 0x00000000c6c00000, 0x00000000c6c00000| Untracked 
| 109|0x00000000c6d00000, 0x00000000c6d00000, 0x00000000c6e00000|  0%| F|  |TAMS 0x00000000c6d00000, 0x00000000c6d00000| Untracked 
| 110|0x00000000c6e00000, 0x00000000c6e00000, 0x00000000c6f00000|  0%| F|  |TAMS 0x00000000c6e00000, 0x00000000c6e00000| Untracked 
| 111|0x00000000c6f00000, 0x00000000c6f00000, 0x00000000c7000000|  0%| F|  |TAMS 0x00000000c6f00000, 0x00000000c6f00000| Untracked 
| 112|0x00000000c7000000, 0x00000000c7000000, 0x00000000c7100000|  0%| F|  |TAMS 0x00000000c7000000, 0x00000000c7000000| Untracked 
| 113|0x00000000c7100000, 0x00000000c7100000, 0x00000000c7200000|  0%| F|  |TAMS 0x00000000c7100000, 0x00000000c7100000| Untracked 
| 114|0x00000000c7200000, 0x00000000c7200000, 0x00000000c7300000|  0%| F|  |TAMS 0x00000000c7200000, 0x00000000c7200000| Untracked 
| 115|0x00000000c7300000, 0x00000000c7300000, 0x00000000c7400000|  0%| F|  |TAMS 0x00000000c7300000, 0x00000000c7300000| Untracked 
| 116|0x00000000c7400000, 0x00000000c7400000, 0x00000000c7500000|  0%| F|  |TAMS 0x00000000c7400000, 0x00000000c7400000| Untracked 
| 117|0x00000000c7500000, 0x00000000c7500000, 0x00000000c7600000|  0%| F|  |TAMS 0x00000000c7500000, 0x00000000c7500000| Untracked 
| 118|0x00000000c7600000, 0x00000000c7600000, 0x00000000c7700000|  0%| F|  |TAMS 0x00000000c7600000, 0x00000000c7600000| Untracked 
| 119|0x00000000c7700000, 0x00000000c7700000, 0x00000000c7800000|  0%| F|  |TAMS 0x00000000c7700000, 0x00000000c7700000| Untracked 
| 120|0x00000000c7800000, 0x00000000c7800000, 0x00000000c7900000|  0%| F|  |TAMS 0x00000000c7800000, 0x00000000c7800000| Untracked 
| 121|0x00000000c7900000, 0x00000000c7900000, 0x00000000c7a00000|  0%| F|  |TAMS 0x00000000c7900000, 0x00000000c7900000| Untracked 
| 122|0x00000000c7a00000, 0x00000000c7a00000, 0x00000000c7b00000|  0%| F|  |TAMS 0x00000000c7a00000, 0x00000000c7a00000| Untracked 
| 123|0x00000000c7b00000, 0x00000000c7b00000, 0x00000000c7c00000|  0%| F|  |TAMS 0x00000000c7b00000, 0x00000000c7b00000| Untracked 
| 124|0x00000000c7c00000, 0x00000000c7c00000, 0x00000000c7d00000|  0%| F|  |TAMS 0x00000000c7c00000, 0x00000000c7c00000| Untracked 
| 125|0x00000000c7d00000, 0x00000000c7d00000, 0x00000000c7e00000|  0%| F|  |TAMS 0x00000000c7d00000, 0x00000000c7d00000| Untracked 
| 126|0x00000000c7e00000, 0x00000000c7e00000, 0x00000000c7f00000|  0%| F|  |TAMS 0x00000000c7e00000, 0x00000000c7e00000| Untracked 
| 127|0x00000000c7f00000, 0x00000000c7f00000, 0x00000000c8000000|  0%| F|  |TAMS 0x00000000c7f00000, 0x00000000c7f00000| Untracked 
| 128|0x00000000c8000000, 0x00000000c8000000, 0x00000000c8100000|  0%| F|  |TAMS 0x00000000c8000000, 0x00000000c8000000| Untracked 
| 129|0x00000000c8100000, 0x00000000c8100000, 0x00000000c8200000|  0%| F|  |TAMS 0x00000000c8100000, 0x00000000c8100000| Untracked 
| 130|0x00000000c8200000, 0x00000000c8200000, 0x00000000c8300000|  0%| F|  |TAMS 0x00000000c8200000, 0x00000000c8200000| Untracked 
| 131|0x00000000c8300000, 0x00000000c8300000, 0x00000000c8400000|  0%| F|  |TAMS 0x00000000c8300000, 0x00000000c8300000| Untracked 
| 132|0x00000000c8400000, 0x00000000c8400000, 0x00000000c8500000|  0%| F|  |TAMS 0x00000000c8400000, 0x00000000c8400000| Untracked 
| 133|0x00000000c8500000, 0x00000000c8500000, 0x00000000c8600000|  0%| F|  |TAMS 0x00000000c8500000, 0x00000000c8500000| Untracked 
| 134|0x00000000c8600000, 0x00000000c8600000, 0x00000000c8700000|  0%| F|  |TAMS 0x00000000c8600000, 0x00000000c8600000| Untracked 
| 135|0x00000000c8700000, 0x00000000c873e460, 0x00000000c8800000| 24%| E|  |TAMS 0x00000000c8700000, 0x00000000c8700000| Complete 
| 136|0x00000000c8800000, 0x00000000c8900000, 0x00000000c8900000|100%| O|  |TAMS 0x00000000c8900000, 0x00000000c8800000| Untracked 

Card table byte_map: [0x000002e329e00000,0x000002e32a000000] _byte_map_base: 0x000002e329800000

Marking Bits (Prev, Next): (CMBitMap*) 0x000002e323ed2500, (CMBitMap*) 0x000002e323ed2540
 Prev Bits: [0x000002e32a200000, 0x000002e32b200000)
 Next Bits: [0x000002e32b200000, 0x000002e32c200000)

Polling page: 0x000002e321e30000

Metaspace:

Usage:
  Non-class:     54.99 MB used.
      Class:      7.97 MB used.
       Both:     62.96 MB used.

Virtual space:
  Non-class space:       64.00 MB reserved,      55.31 MB ( 86%) committed,  1 nodes.
      Class space:        1.00 GB reserved,       8.19 MB ( <1%) committed,  1 nodes.
             Both:        1.06 GB reserved,      63.50 MB (  6%) committed. 

Chunk freelists:
   Non-Class:  8.75 MB
       Class:  7.83 MB
        Both:  16.57 MB

MaxMetaspaceSize: unlimited
CompressedClassSpaceSize: 1.00 GB
Initial GC threshold: 21.00 MB
Current GC threshold: 106.06 MB
CDS: off
MetaspaceReclaimPolicy: balanced
 - commit_granule_bytes: 65536.
 - commit_granule_words: 8192.
 - virtual_space_node_default_size: 8388608.
 - enlarge_chunks_in_place: 1.
 - new_chunks_are_fully_committed: 0.
 - uncommit_free_chunks: 1.
 - use_allocation_guard: 0.
 - handle_deallocations: 1.


Internal statistics:

num_allocs_failed_limit: 6.
num_arena_births: 2160.
num_arena_deaths: 1512.
num_vsnodes_births: 2.
num_vsnodes_deaths: 0.
num_space_committed: 1025.
num_space_uncommitted: 9.
num_chunks_returned_to_freelist: 2139.
num_chunks_taken_from_freelist: 5070.
num_chunk_merges: 614.
num_chunk_splits: 2635.
num_chunks_enlarged: 1625.
num_inconsistent_stats: 0.

CodeCache: size=49152Kb used=23747Kb max_used=24604Kb free=25404Kb
 bounds [0x000002e326af0000, 0x000002e328330000, 0x000002e329af0000]
 total_blobs=12966 nmethods=12269 adapters=623
 compilation: enabled
              stopped_count=0, restarted_count=0
 full_count=0

Compilation events (20 events):
Event: 22258.366 Thread 0x000002e3330425b0 12392       1       java.lang.reflect.ReflectAccess::getConstructorSignature (5 bytes)
Event: 22258.366 Thread 0x000002e3330425b0 nmethod 12392 0x000002e328232f90 code [0x000002e328233120, 0x000002e3282331f8]
Event: 22258.366 Thread 0x000002e3330425b0 12393       1       java.lang.reflect.ReflectAccess::getConstructorAnnotations (5 bytes)
Event: 22258.366 Thread 0x000002e3330425b0 nmethod 12393 0x000002e328232c90 code [0x000002e328232e20, 0x000002e328232ef8]
Event: 22258.366 Thread 0x000002e3330425b0 12394       1       java.lang.reflect.ReflectAccess::getConstructorParameterAnnotations (5 bytes)
Event: 22258.366 Thread 0x000002e3330425b0 nmethod 12394 0x000002e328232990 code [0x000002e328232b20, 0x000002e328232bf8]
Event: 22258.366 Thread 0x000002e3330425b0 12395       1       jdk.internal.reflect.ReflectionFactory::newConstructor (23 bytes)
Event: 22258.366 Thread 0x000002e3330425b0 nmethod 12395 0x000002e328232590 code [0x000002e328232720, 0x000002e328232868]
Event: 22258.366 Thread 0x000002e3330425b0 12396       1       java.lang.reflect.ReflectAccess::newConstructor (21 bytes)
Event: 22258.366 Thread 0x000002e3330425b0 nmethod 12396 0x000002e328232190 code [0x000002e328232320, 0x000002e3282324a8]
Event: 22258.366 Thread 0x000002e3330425b0 12397       1       jdk.internal.reflect.ReflectionFactory::setConstructorAccessor (12 bytes)
Event: 22258.367 Thread 0x000002e3330425b0 nmethod 12397 0x000002e328231c10 code [0x000002e328231dc0, 0x000002e328231fe8]
Event: 22258.367 Thread 0x000002e3330425b0 12398       1       java.lang.reflect.ReflectAccess::setConstructorAccessor (6 bytes)
Event: 22258.367 Thread 0x000002e3330425b0 nmethod 12398 0x000002e328231710 code [0x000002e3282318c0, 0x000002e328231aa8]
Event: 22258.367 Thread 0x000002e3330425b0 12399       1       java.io.ObjectStreamClass::getProtectionDomains (150 bytes)
Event: 22258.370 Thread 0x000002e335d4ae00 12390       1       jdk.internal.reflect.MethodAccessorGenerator::generateSerializationConstructor (22 bytes)
Event: 22258.371 Thread 0x000002e335d4ae00 nmethod 12390 0x000002e328231390 code [0x000002e328231520, 0x000002e328231668]
Event: 22258.373 Thread 0x000002e3330425b0 nmethod 12399 0x000002e328230190 code [0x000002e328230420, 0x000002e328230e48]
Event: 22258.395 Thread 0x000002e335d4ae00 12400       1       sun.rmi.transport.StreamRemoteCall::getConnection (5 bytes)
Event: 22258.395 Thread 0x000002e335d4ae00 nmethod 12400 0x000002e32822fe90 code [0x000002e328230020, 0x000002e3282300f8]

GC Heap History (20 events):
Event: 23933.520 GC heap before
{Heap before GC invocations=2082 (full 1988):
 garbage-first heap   total 140288K, used 50259K [0x00000000c0000000, 0x0000000100000000)
  region size 1024K, 1 young (1024K), 0 survivors (0K)
 Metaspace       used 64474K, committed 65024K, reserved 1114112K
  class space    used 8160K, committed 8384K, reserved 1048576K
}
Event: 23933.573 GC heap after
{Heap after GC invocations=2083 (full 1989):
 garbage-first heap   total 140288K, used 50259K [0x00000000c0000000, 0x0000000100000000)
  region size 1024K, 0 young (0K), 0 survivors (0K)
 Metaspace       used 64474K, committed 65024K, reserved 1114112K
  class space    used 8160K, committed 8384K, reserved 1048576K
}
Event: 23943.776 GC heap before
{Heap before GC invocations=2083 (full 1989):
 garbage-first heap   total 140288K, used 50259K [0x00000000c0000000, 0x0000000100000000)
  region size 1024K, 1 young (1024K), 0 survivors (0K)
 Metaspace       used 64474K, committed 65024K, reserved 1114112K
  class space    used 8160K, committed 8384K, reserved 1048576K
}
Event: 23943.813 GC heap after
{Heap after GC invocations=2084 (full 1990):
 garbage-first heap   total 140288K, used 50259K [0x00000000c0000000, 0x0000000100000000)
  region size 1024K, 0 young (0K), 0 survivors (0K)
 Metaspace       used 64474K, committed 65024K, reserved 1114112K
  class space    used 8160K, committed 8384K, reserved 1048576K
}
Event: 23954.022 GC heap before
{Heap before GC invocations=2084 (full 1990):
 garbage-first heap   total 140288K, used 50259K [0x00000000c0000000, 0x0000000100000000)
  region size 1024K, 1 young (1024K), 0 survivors (0K)
 Metaspace       used 64474K, committed 65024K, reserved 1114112K
  class space    used 8160K, committed 8384K, reserved 1048576K
}
Event: 23954.060 GC heap after
{Heap after GC invocations=2085 (full 1991):
 garbage-first heap   total 140288K, used 50259K [0x00000000c0000000, 0x0000000100000000)
  region size 1024K, 0 young (0K), 0 survivors (0K)
 Metaspace       used 64474K, committed 65024K, reserved 1114112K
  class space    used 8160K, committed 8384K, reserved 1048576K
}
Event: 23964.281 GC heap before
{Heap before GC invocations=2085 (full 1991):
 garbage-first heap   total 140288K, used 50259K [0x00000000c0000000, 0x0000000100000000)
  region size 1024K, 1 young (1024K), 0 survivors (0K)
 Metaspace       used 64474K, committed 65024K, reserved 1114112K
  class space    used 8160K, committed 8384K, reserved 1048576K
}
Event: 23964.328 GC heap after
{Heap after GC invocations=2086 (full 1992):
 garbage-first heap   total 140288K, used 50259K [0x00000000c0000000, 0x0000000100000000)
  region size 1024K, 0 young (0K), 0 survivors (0K)
 Metaspace       used 64474K, committed 65024K, reserved 1114112K
  class space    used 8160K, committed 8384K, reserved 1048576K
}
Event: 23974.532 GC heap before
{Heap before GC invocations=2086 (full 1992):
 garbage-first heap   total 140288K, used 50259K [0x00000000c0000000, 0x0000000100000000)
  region size 1024K, 1 young (1024K), 0 survivors (0K)
 Metaspace       used 64474K, committed 65024K, reserved 1114112K
  class space    used 8160K, committed 8384K, reserved 1048576K
}
Event: 23974.571 GC heap after
{Heap after GC invocations=2087 (full 1993):
 garbage-first heap   total 140288K, used 50259K [0x00000000c0000000, 0x0000000100000000)
  region size 1024K, 0 young (0K), 0 survivors (0K)
 Metaspace       used 64474K, committed 65024K, reserved 1114112K
  class space    used 8160K, committed 8384K, reserved 1048576K
}
Event: 23984.761 GC heap before
{Heap before GC invocations=2087 (full 1993):
 garbage-first heap   total 140288K, used 50259K [0x00000000c0000000, 0x0000000100000000)
  region size 1024K, 1 young (1024K), 0 survivors (0K)
 Metaspace       used 64474K, committed 65024K, reserved 1114112K
  class space    used 8160K, committed 8384K, reserved 1048576K
}
Event: 23984.797 GC heap after
{Heap after GC invocations=2088 (full 1994):
 garbage-first heap   total 140288K, used 50259K [0x00000000c0000000, 0x0000000100000000)
  region size 1024K, 0 young (0K), 0 survivors (0K)
 Metaspace       used 64474K, committed 65024K, reserved 1114112K
  class space    used 8160K, committed 8384K, reserved 1048576K
}
Event: 23995.095 GC heap before
{Heap before GC invocations=2088 (full 1994):
 garbage-first heap   total 140288K, used 50259K [0x00000000c0000000, 0x0000000100000000)
  region size 1024K, 1 young (1024K), 0 survivors (0K)
 Metaspace       used 64474K, committed 65024K, reserved 1114112K
  class space    used 8160K, committed 8384K, reserved 1048576K
}
Event: 23995.134 GC heap after
{Heap after GC invocations=2089 (full 1995):
 garbage-first heap   total 140288K, used 50259K [0x00000000c0000000, 0x0000000100000000)
  region size 1024K, 0 young (0K), 0 survivors (0K)
 Metaspace       used 64474K, committed 65024K, reserved 1114112K
  class space    used 8160K, committed 8384K, reserved 1048576K
}
Event: 24005.349 GC heap before
{Heap before GC invocations=2089 (full 1995):
 garbage-first heap   total 140288K, used 50259K [0x00000000c0000000, 0x0000000100000000)
  region size 1024K, 1 young (1024K), 0 survivors (0K)
 Metaspace       used 64474K, committed 65024K, reserved 1114112K
  class space    used 8160K, committed 8384K, reserved 1048576K
}
Event: 24005.389 GC heap after
{Heap after GC invocations=2090 (full 1996):
 garbage-first heap   total 140288K, used 50259K [0x00000000c0000000, 0x0000000100000000)
  region size 1024K, 0 young (0K), 0 survivors (0K)
 Metaspace       used 64474K, committed 65024K, reserved 1114112K
  class space    used 8160K, committed 8384K, reserved 1048576K
}
Event: 24015.867 GC heap before
{Heap before GC invocations=2090 (full 1996):
 garbage-first heap   total 140288K, used 50259K [0x00000000c0000000, 0x0000000100000000)
  region size 1024K, 1 young (1024K), 0 survivors (0K)
 Metaspace       used 64474K, committed 65024K, reserved 1114112K
  class space    used 8160K, committed 8384K, reserved 1048576K
}
Event: 24015.925 GC heap after
{Heap after GC invocations=2091 (full 1997):
 garbage-first heap   total 140288K, used 50259K [0x00000000c0000000, 0x0000000100000000)
  region size 1024K, 0 young (0K), 0 survivors (0K)
 Metaspace       used 64474K, committed 65024K, reserved 1114112K
  class space    used 8160K, committed 8384K, reserved 1048576K
}
Event: 24026.138 GC heap before
{Heap before GC invocations=2091 (full 1997):
 garbage-first heap   total 140288K, used 50259K [0x00000000c0000000, 0x0000000100000000)
  region size 1024K, 1 young (1024K), 0 survivors (0K)
 Metaspace       used 64474K, committed 65024K, reserved 1114112K
  class space    used 8160K, committed 8384K, reserved 1048576K
}
Event: 24026.175 GC heap after
{Heap after GC invocations=2092 (full 1998):
 garbage-first heap   total 140288K, used 50259K [0x00000000c0000000, 0x0000000100000000)
  region size 1024K, 0 young (0K), 0 survivors (0K)
 Metaspace       used 64474K, committed 65024K, reserved 1114112K
  class space    used 8160K, committed 8384K, reserved 1048576K
}

Dll operation events (11 events):
Event: 0.028 Loaded shared library c:\Users\sanke\.vscode\extensions\redhat.java-1.31.0-win32-x64\jre\17.0.11-win32-x86_64\bin\java.dll
Event: 1.287 Loaded shared library C:\Users\sanke\.vscode\extensions\redhat.java-1.31.0-win32-x64\jre\17.0.11-win32-x86_64\bin\net.dll
Event: 1.293 Loaded shared library C:\Users\sanke\.vscode\extensions\redhat.java-1.31.0-win32-x64\jre\17.0.11-win32-x86_64\bin\nio.dll
Event: 2.276 Loaded shared library C:\Users\sanke\.vscode\extensions\redhat.java-1.31.0-win32-x64\jre\17.0.11-win32-x86_64\bin\zip.dll
Event: 15.333 Loaded shared library C:\Users\sanke\.vscode\extensions\redhat.java-1.31.0-win32-x64\jre\17.0.11-win32-x86_64\bin\jimage.dll
Event: 17.005 Loaded shared library c:\Users\sanke\.vscode\extensions\redhat.java-1.31.0-win32-x64\jre\17.0.11-win32-x86_64\bin\verify.dll
Event: 20.799 Loaded shared library C:\Users\sanke\.vscode\extensions\redhat.java-1.31.0-win32-x64\jre\17.0.11-win32-x86_64\bin\management.dll
Event: 20.802 Loaded shared library C:\Users\sanke\.vscode\extensions\redhat.java-1.31.0-win32-x64\jre\17.0.11-win32-x86_64\bin\management_ext.dll
Event: 22.084 Loaded shared library C:\Users\sanke\.vscode\extensions\redhat.java-1.31.0-win32-x64\jre\17.0.11-win32-x86_64\bin\sunmscapi.dll
Event: 22.407 Loaded shared library C:\Users\sanke\.vscode\extensions\redhat.java-1.31.0-win32-x64\jre\17.0.11-win32-x86_64\bin\extnet.dll
Event: 102.973 Loaded shared library C:\Users\sanke\.vscode\extensions\redhat.java-1.31.0-win32-x64\jre\17.0.11-win32-x86_64\bin\rmi.dll

Deoptimization events (20 events):
Event: 7079.058 Thread 0x000002e3349515c0 DEOPT PACKING pc=0x000002e32730188c sp=0x000000ff6ddfe450
Event: 7079.059 Thread 0x000002e3349515c0 DEOPT UNPACKING pc=0x000002e326b47143 sp=0x000000ff6ddfd9b8 mode 0
Event: 7079.059 Thread 0x000002e3349515c0 DEOPT PACKING pc=0x000002e3273ed7cc sp=0x000000ff6ddfe580
Event: 7079.059 Thread 0x000002e3349515c0 DEOPT UNPACKING pc=0x000002e326b47143 sp=0x000000ff6ddfda60 mode 0
Event: 7079.059 Thread 0x000002e3349515c0 DEOPT PACKING pc=0x000002e32730188c sp=0x000000ff6ddfe6b0
Event: 7079.060 Thread 0x000002e3349515c0 DEOPT UNPACKING pc=0x000002e326b47143 sp=0x000000ff6ddfdc18 mode 0
Event: 7079.060 Thread 0x000002e3349515c0 DEOPT PACKING pc=0x000002e3273ed7cc sp=0x000000ff6ddfe7e0
Event: 7079.060 Thread 0x000002e3349515c0 DEOPT UNPACKING pc=0x000002e326b47143 sp=0x000000ff6ddfdcc0 mode 0
Event: 7079.060 Thread 0x000002e3349515c0 DEOPT PACKING pc=0x000002e3275d1aac sp=0x000000ff6ddfe880
Event: 7079.060 Thread 0x000002e3349515c0 DEOPT UNPACKING pc=0x000002e326b47143 sp=0x000000ff6ddfdd58 mode 0
Event: 7079.060 Thread 0x000002e3349515c0 DEOPT PACKING pc=0x000002e3275b07f4 sp=0x000000ff6ddfe9a0
Event: 7079.060 Thread 0x000002e3349515c0 DEOPT UNPACKING pc=0x000002e326b47143 sp=0x000000ff6ddfde70 mode 0
Event: 7079.063 Thread 0x000002e3349515c0 DEOPT PACKING pc=0x000002e32730188c sp=0x000000ff6ddfeb00
Event: 7079.063 Thread 0x000002e3349515c0 DEOPT UNPACKING pc=0x000002e326b47143 sp=0x000000ff6ddfe068 mode 0
Event: 7079.063 Thread 0x000002e3349515c0 DEOPT PACKING pc=0x000002e3273ed7cc sp=0x000000ff6ddfec30
Event: 7079.063 Thread 0x000002e3349515c0 DEOPT UNPACKING pc=0x000002e326b47143 sp=0x000000ff6ddfe128 mode 0
Event: 7116.818 Thread 0x000002e333c73030 DEOPT PACKING pc=0x000002e3277ee3b4 sp=0x000000ff6b5fe580
Event: 7116.818 Thread 0x000002e333c73030 DEOPT UNPACKING pc=0x000002e326b47143 sp=0x000000ff6b5fdad0 mode 0
Event: 7147.823 Thread 0x000002e333c758b0 DEOPT PACKING pc=0x000002e327779284 sp=0x000000ff6eefddf0
Event: 7147.823 Thread 0x000002e333c758b0 DEOPT UNPACKING pc=0x000002e326b47143 sp=0x000000ff6eefd2c0 mode 0

Classes unloaded (20 events):
Event: 22061.064 Thread 0x000002e32ecd7e20 Unloading class 0x00000001007ec000 'jdk/internal/reflect/GeneratedSerializationConstructorAccessor382'
Event: 22061.064 Thread 0x000002e32ecd7e20 Unloading class 0x000000010080c400 'jdk/internal/reflect/GeneratedSerializationConstructorAccessor381'
Event: 22351.735 Thread 0x000002e32ecd7e20 Unloading class 0x000000010080c400 'jdk/internal/reflect/GeneratedSerializationConstructorAccessor386'
Event: 22351.735 Thread 0x000002e32ecd7e20 Unloading class 0x00000001007ec000 'jdk/internal/reflect/GeneratedSerializationConstructorAccessor385'
Event: 22351.735 Thread 0x000002e32ecd7e20 Unloading class 0x00000001007d8000 'jdk/internal/reflect/GeneratedSerializationConstructorAccessor384'
Event: 22661.926 Thread 0x000002e32ecd7e20 Unloading class 0x00000001007d8000 'jdk/internal/reflect/GeneratedSerializationConstructorAccessor389'
Event: 22661.926 Thread 0x000002e32ecd7e20 Unloading class 0x00000001007ec000 'jdk/internal/reflect/GeneratedSerializationConstructorAccessor388'
Event: 22661.926 Thread 0x000002e32ecd7e20 Unloading class 0x000000010080c400 'jdk/internal/reflect/GeneratedSerializationConstructorAccessor387'
Event: 22951.979 Thread 0x000002e32ecd7e20 Unloading class 0x000000010080c400 'jdk/internal/reflect/GeneratedSerializationConstructorAccessor392'
Event: 22951.979 Thread 0x000002e32ecd7e20 Unloading class 0x00000001007ec000 'jdk/internal/reflect/GeneratedSerializationConstructorAccessor391'
Event: 22951.979 Thread 0x000002e32ecd7e20 Unloading class 0x00000001007d8000 'jdk/internal/reflect/GeneratedSerializationConstructorAccessor390'
Event: 23260.516 Thread 0x000002e32ecd7e20 Unloading class 0x00000001007d8000 'jdk/internal/reflect/GeneratedSerializationConstructorAccessor395'
Event: 23260.516 Thread 0x000002e32ecd7e20 Unloading class 0x00000001007ec000 'jdk/internal/reflect/GeneratedSerializationConstructorAccessor394'
Event: 23260.516 Thread 0x000002e32ecd7e20 Unloading class 0x000000010080c400 'jdk/internal/reflect/GeneratedSerializationConstructorAccessor393'
Event: 23560.448 Thread 0x000002e32ecd7e20 Unloading class 0x000000010080c400 'jdk/internal/reflect/GeneratedSerializationConstructorAccessor398'
Event: 23560.449 Thread 0x000002e32ecd7e20 Unloading class 0x00000001007ec000 'jdk/internal/reflect/GeneratedSerializationConstructorAccessor397'
Event: 23560.449 Thread 0x000002e32ecd7e20 Unloading class 0x00000001007d8000 'jdk/internal/reflect/GeneratedSerializationConstructorAccessor396'
Event: 23850.891 Thread 0x000002e32ecd7e20 Unloading class 0x00000001007d8000 'jdk/internal/reflect/GeneratedSerializationConstructorAccessor401'
Event: 23850.892 Thread 0x000002e32ecd7e20 Unloading class 0x00000001007ec000 'jdk/internal/reflect/GeneratedSerializationConstructorAccessor400'
Event: 23850.892 Thread 0x000002e32ecd7e20 Unloading class 0x000000010080c400 'jdk/internal/reflect/GeneratedSerializationConstructorAccessor399'

Classes redefined (0 events):
No events

Internal exceptions (20 events):
Event: 21058.297 Thread 0x000002e333c2b230 Exception <a 'java/lang/NoSuchMethodError'{0x00000000c7d92588}: static [Ljava/rmi/server/ObjID;.<clinit>()V> (0x00000000c7d92588) 
thrown [s\src\hotspot\share\prims\jni.cpp, line 1112]
Event: 21058.325 Thread 0x000002e333c2b230 Exception <a 'java/lang/NoSuchMethodError'{0x00000000c7d9e0a0}: static [B.<clinit>()V> (0x00000000c7d9e0a0) 
thrown [s\src\hotspot\share\prims\jni.cpp, line 1112]
Event: 21358.312 Thread 0x000002e333c2b230 Exception <a 'java/lang/NoSuchMethodError'{0x00000000c873a488}: static [Ljava/rmi/server/ObjID;.<clinit>()V> (0x00000000c873a488) 
thrown [s\src\hotspot\share\prims\jni.cpp, line 1112]
Event: 21358.391 Thread 0x000002e333c2b230 Exception <a 'java/lang/NoSuchMethodError'{0x00000000c8745fa0}: static [B.<clinit>()V> (0x00000000c8745fa0) 
thrown [s\src\hotspot\share\prims\jni.cpp, line 1112]
Event: 21658.300 Thread 0x000002e333c2b230 Exception <a 'java/lang/NoSuchMethodError'{0x00000000c873ecd8}: static [Ljava/rmi/server/ObjID;.<clinit>()V> (0x00000000c873ecd8) 
thrown [s\src\hotspot\share\prims\jni.cpp, line 1112]
Event: 21658.326 Thread 0x000002e333c2b230 Exception <a 'java/lang/NoSuchMethodError'{0x00000000c874a7f0}: static [B.<clinit>()V> (0x00000000c874a7f0) 
thrown [s\src\hotspot\share\prims\jni.cpp, line 1112]
Event: 21958.309 Thread 0x000002e333c2b230 Exception <a 'java/lang/NoSuchMethodError'{0x00000000c87018d8}: static [Ljava/rmi/server/ObjID;.<clinit>()V> (0x00000000c87018d8) 
thrown [s\src\hotspot\share\prims\jni.cpp, line 1112]
Event: 21958.365 Thread 0x000002e333c2b230 Exception <a 'java/lang/NoSuchMethodError'{0x00000000c870d3f0}: static [B.<clinit>()V> (0x00000000c870d3f0) 
thrown [s\src\hotspot\share\prims\jni.cpp, line 1112]
Event: 22258.320 Thread 0x000002e333c2b230 Exception <a 'java/lang/NoSuchMethodError'{0x00000000c873a488}: static [Ljava/rmi/server/ObjID;.<clinit>()V> (0x00000000c873a488) 
thrown [s\src\hotspot\share\prims\jni.cpp, line 1112]
Event: 22258.357 Thread 0x000002e333c2b230 Exception <a 'java/lang/NoSuchMethodError'{0x00000000c8745fa0}: static [B.<clinit>()V> (0x00000000c8745fa0) 
thrown [s\src\hotspot\share\prims\jni.cpp, line 1112]
Event: 22558.340 Thread 0x000002e333c2b230 Exception <a 'java/lang/NoSuchMethodError'{0x00000000c873ecd8}: static [Ljava/rmi/server/ObjID;.<clinit>()V> (0x00000000c873ecd8) 
thrown [s\src\hotspot\share\prims\jni.cpp, line 1112]
Event: 22558.525 Thread 0x000002e333c2b230 Exception <a 'java/lang/NoSuchMethodError'{0x00000000c8708720}: static [B.<clinit>()V> (0x00000000c8708720) 
thrown [s\src\hotspot\share\prims\jni.cpp, line 1112]
Event: 22858.335 Thread 0x000002e333c2b230 Exception <a 'java/lang/NoSuchMethodError'{0x00000000c873a488}: static [Ljava/rmi/server/ObjID;.<clinit>()V> (0x00000000c873a488) 
thrown [s\src\hotspot\share\prims\jni.cpp, line 1112]
Event: 22858.365 Thread 0x000002e333c2b230 Exception <a 'java/lang/NoSuchMethodError'{0x00000000c8745fa0}: static [B.<clinit>()V> (0x00000000c8745fa0) 
thrown [s\src\hotspot\share\prims\jni.cpp, line 1112]
Event: 23158.354 Thread 0x000002e333c2b230 Exception <a 'java/lang/NoSuchMethodError'{0x00000000c8739c60}: static [Ljava/rmi/server/ObjID;.<clinit>()V> (0x00000000c8739c60) 
thrown [s\src\hotspot\share\prims\jni.cpp, line 1112]
Event: 23158.381 Thread 0x000002e333c2b230 Exception <a 'java/lang/NoSuchMethodError'{0x00000000c8745778}: static [B.<clinit>()V> (0x00000000c8745778) 
thrown [s\src\hotspot\share\prims\jni.cpp, line 1112]
Event: 23458.373 Thread 0x000002e333c2b230 Exception <a 'java/lang/NoSuchMethodError'{0x00000000c8739c60}: static [Ljava/rmi/server/ObjID;.<clinit>()V> (0x00000000c8739c60) 
thrown [s\src\hotspot\share\prims\jni.cpp, line 1112]
Event: 23458.397 Thread 0x000002e333c2b230 Exception <a 'java/lang/NoSuchMethodError'{0x00000000c8745778}: static [B.<clinit>()V> (0x00000000c8745778) 
thrown [s\src\hotspot\share\prims\jni.cpp, line 1112]
Event: 23758.396 Thread 0x000002e333c2b230 Exception <a 'java/lang/NoSuchMethodError'{0x00000000c873a488}: static [Ljava/rmi/server/ObjID;.<clinit>()V> (0x00000000c873a488) 
thrown [s\src\hotspot\share\prims\jni.cpp, line 1112]
Event: 23758.495 Thread 0x000002e333c2b230 Exception <a 'java/lang/NoSuchMethodError'{0x00000000c8745fa0}: static [B.<clinit>()V> (0x00000000c8745fa0) 
thrown [s\src\hotspot\share\prims\jni.cpp, line 1112]

VM Operations (20 events):
Event: 23933.573 Executing VM operation: G1CollectFull done
Event: 23943.776 Executing VM operation: G1CollectFull
Event: 23943.813 Executing VM operation: G1CollectFull done
Event: 23954.022 Executing VM operation: G1CollectFull
Event: 23954.060 Executing VM operation: G1CollectFull done
Event: 23964.280 Executing VM operation: G1CollectFull
Event: 23964.328 Executing VM operation: G1CollectFull done
Event: 23974.531 Executing VM operation: G1CollectFull
Event: 23974.571 Executing VM operation: G1CollectFull done
Event: 23984.760 Executing VM operation: G1CollectFull
Event: 23984.797 Executing VM operation: G1CollectFull done
Event: 23995.095 Executing VM operation: G1CollectFull
Event: 23995.134 Executing VM operation: G1CollectFull done
Event: 24005.348 Executing VM operation: G1CollectFull
Event: 24005.389 Executing VM operation: G1CollectFull done
Event: 24015.866 Executing VM operation: G1CollectFull
Event: 24015.926 Executing VM operation: G1CollectFull done
Event: 24026.134 Executing VM operation: G1CollectFull
Event: 24026.175 Executing VM operation: G1CollectFull done
Event: 24036.475 Executing VM operation: G1CollectFull

Events (20 events):
Event: 20830.639 Thread 0x000002e335e109d0 Thread added: 0x000002e335e109d0
Event: 20890.641 Thread 0x000002e335e109d0 Thread exited: 0x000002e335e109d0
Event: 20890.755 Thread 0x000002e335a22df0 Thread exited: 0x000002e335a22df0
Event: 20902.764 Thread 0x000002e335a4b360 Thread added: 0x000002e335a4b360
Event: 20902.966 Thread 0x000002e3358086a0 Thread added: 0x000002e3358086a0
Event: 20903.340 Thread 0x000002e3358090c0 Thread added: 0x000002e3358090c0
Event: 20962.972 Thread 0x000002e3358086a0 Thread exited: 0x000002e3358086a0
Event: 20963.149 Thread 0x000002e335a4b360 Thread exited: 0x000002e335a4b360
Event: 20963.341 Thread 0x000002e3358090c0 Thread exited: 0x000002e3358090c0
Event: 20988.140 Thread 0x000002e335b982e0 Thread exited: 0x000002e335b982e0
Event: 21006.886 Thread 0x000002e335808190 Thread added: 0x000002e335808190
Event: 21006.891 Thread 0x000002e333c753a0 Thread added: 0x000002e333c753a0
Event: 21007.176 Thread 0x000002e335a223d0 Thread added: 0x000002e335a223d0
Event: 21007.569 Thread 0x000002e335a228e0 Thread added: 0x000002e335a228e0
Event: 21067.185 Thread 0x000002e335a223d0 Thread exited: 0x000002e335a223d0
Event: 21067.291 Thread 0x000002e333c753a0 Thread exited: 0x000002e333c753a0
Event: 21105.054 Thread 0x000002e335a228e0 Thread exited: 0x000002e335a228e0
Event: 21105.460 Thread 0x000002e335808190 Thread exited: 0x000002e335808190
Event: 22258.366 Thread 0x000002e335d4ae00 Thread added: 0x000002e335d4ae00
Event: 22263.395 Thread 0x000002e335d4ae00 Thread exited: 0x000002e335d4ae00


Dynamic libraries:
0x00007ff6e34e0000 - 0x00007ff6e34ee000 	c:\Users\sanke\.vscode\extensions\redhat.java-1.31.0-win32-x64\jre\17.0.11-win32-x86_64\bin\java.exe
0x00007ffa7d1f0000 - 0x00007ffa7d407000 	C:\WINDOWS\SYSTEM32\ntdll.dll
0x00007ffa7cc10000 - 0x00007ffa7ccd4000 	C:\WINDOWS\System32\KERNEL32.DLL
0x00007ffa7a820000 - 0x00007ffa7abcc000 	C:\WINDOWS\System32\KERNELBASE.dll
0x00000000778b0000 - 0x0000000077be2000 	C:\Program Files\Norton Security\NortonData\22.21.8.62\Definitions\IPSDefs\20231229.064\IPSEng64.dll
0x00007ffa7cb50000 - 0x00007ffa7cc02000 	C:\WINDOWS\System32\ADVAPI32.dll
0x00007ffa7cd50000 - 0x00007ffa7cdf7000 	C:\WINDOWS\System32\msvcrt.dll
0x00007ffa7af80000 - 0x00007ffa7b028000 	C:\WINDOWS\System32\sechost.dll
0x00007ffa7acf0000 - 0x00007ffa7ad18000 	C:\WINDOWS\System32\bcrypt.dll
0x00007ffa7c020000 - 0x00007ffa7c135000 	C:\WINDOWS\System32\RPCRT4.dll
0x00007ffa7b8c0000 - 0x00007ffa7b8c8000 	C:\WINDOWS\System32\PSAPI.DLL
0x00007ffa7a5c0000 - 0x00007ffa7a6d1000 	C:\WINDOWS\System32\ucrtbase.dll
0x00007ffa5f700000 - 0x00007ffa5f717000 	c:\Users\sanke\.vscode\extensions\redhat.java-1.31.0-win32-x64\jre\17.0.11-win32-x86_64\bin\jli.dll
0x00007ffa70460000 - 0x00007ffa7047b000 	c:\Users\sanke\.vscode\extensions\redhat.java-1.31.0-win32-x64\jre\17.0.11-win32-x86_64\bin\VCRUNTIME140.dll
0x00007ffa605d0000 - 0x00007ffa60863000 	C:\WINDOWS\WinSxS\amd64_microsoft.windows.common-controls_6595b64144ccf1df_6.0.22621.3672_none_2713b9d173822955\COMCTL32.dll
0x00007ffa7b8d0000 - 0x00007ffa7b8f9000 	C:\WINDOWS\System32\GDI32.dll
0x00007ffa7b030000 - 0x00007ffa7b1de000 	C:\WINDOWS\System32\USER32.dll
0x00007ffa7a590000 - 0x00007ffa7a5b6000 	C:\WINDOWS\System32\win32u.dll
0x00007ffa7abd0000 - 0x00007ffa7ace9000 	C:\WINDOWS\System32\gdi32full.dll
0x00007ffa7ad20000 - 0x00007ffa7adba000 	C:\WINDOWS\System32\msvcp_win.dll
0x00007ffa7af30000 - 0x00007ffa7af61000 	C:\WINDOWS\System32\IMM32.DLL
0x00007ffa721c0000 - 0x00007ffa721cc000 	c:\Users\sanke\.vscode\extensions\redhat.java-1.31.0-win32-x64\jre\17.0.11-win32-x86_64\bin\vcruntime140_1.dll
0x00007ffa48bf0000 - 0x00007ffa48c7d000 	c:\Users\sanke\.vscode\extensions\redhat.java-1.31.0-win32-x64\jre\17.0.11-win32-x86_64\bin\msvcp140.dll
0x00007ffa0ad10000 - 0x00007ffa0b972000 	c:\Users\sanke\.vscode\extensions\redhat.java-1.31.0-win32-x64\jre\17.0.11-win32-x86_64\bin\server\jvm.dll
0x00007ffa724d0000 - 0x00007ffa724d9000 	C:\WINDOWS\SYSTEM32\WSOCK32.dll
0x00007ffa7b900000 - 0x00007ffa7b971000 	C:\WINDOWS\System32\WS2_32.dll
0x00007ffa79370000 - 0x00007ffa793bd000 	C:\WINDOWS\SYSTEM32\POWRPROF.dll
0x00007ffa743e0000 - 0x00007ffa74414000 	C:\WINDOWS\SYSTEM32\WINMM.dll
0x00007ffa75ad0000 - 0x00007ffa75ada000 	C:\WINDOWS\SYSTEM32\VERSION.dll
0x00007ffa79350000 - 0x00007ffa79363000 	C:\WINDOWS\SYSTEM32\UMPDC.dll
0x00007ffa79600000 - 0x00007ffa79618000 	C:\WINDOWS\SYSTEM32\kernel.appcore.dll
0x00007ffa71860000 - 0x00007ffa7186a000 	c:\Users\sanke\.vscode\extensions\redhat.java-1.31.0-win32-x64\jre\17.0.11-win32-x86_64\bin\jimage.dll
0x00007ffa778f0000 - 0x00007ffa77b22000 	C:\WINDOWS\SYSTEM32\DBGHELP.DLL
0x00007ffa7b2f0000 - 0x00007ffa7b678000 	C:\WINDOWS\System32\combase.dll
0x00007ffa7b680000 - 0x00007ffa7b757000 	C:\WINDOWS\System32\OLEAUT32.dll
0x00007ffa72b40000 - 0x00007ffa72b72000 	C:\WINDOWS\SYSTEM32\dbgcore.DLL
0x00007ffa7a6e0000 - 0x00007ffa7a75b000 	C:\WINDOWS\System32\bcryptPrimitives.dll
0x00007ffa5f040000 - 0x00007ffa5f065000 	c:\Users\sanke\.vscode\extensions\redhat.java-1.31.0-win32-x64\jre\17.0.11-win32-x86_64\bin\java.dll
0x00007ffa5f440000 - 0x00007ffa5f458000 	c:\Users\sanke\.vscode\extensions\redhat.java-1.31.0-win32-x64\jre\17.0.11-win32-x86_64\bin\zip.dll
0x00007ffa7c2f0000 - 0x00007ffa7cb4c000 	C:\WINDOWS\System32\SHELL32.dll
0x00007ffa78430000 - 0x00007ffa78d27000 	C:\WINDOWS\SYSTEM32\windows.storage.dll
0x00007ffa782f0000 - 0x00007ffa7842f000 	C:\WINDOWS\SYSTEM32\wintypes.dll
0x00007ffa7b980000 - 0x00007ffa7ba74000 	C:\WINDOWS\System32\SHCORE.dll
0x00007ffa7ce20000 - 0x00007ffa7ce7e000 	C:\WINDOWS\System32\shlwapi.dll
0x00007ffa7a450000 - 0x00007ffa7a471000 	C:\WINDOWS\SYSTEM32\profapi.dll
0x00007ffa5f020000 - 0x00007ffa5f039000 	C:\Users\sanke\.vscode\extensions\redhat.java-1.31.0-win32-x64\jre\17.0.11-win32-x86_64\bin\net.dll
0x00007ffa769c0000 - 0x00007ffa76af6000 	C:\WINDOWS\SYSTEM32\WINHTTP.dll
0x00007ffa79a60000 - 0x00007ffa79ac9000 	C:\WINDOWS\system32\mswsock.dll
0x00007ffa56740000 - 0x00007ffa56756000 	C:\Users\sanke\.vscode\extensions\redhat.java-1.31.0-win32-x64\jre\17.0.11-win32-x86_64\bin\nio.dll
0x00007ffa6e140000 - 0x00007ffa6e150000 	c:\Users\sanke\.vscode\extensions\redhat.java-1.31.0-win32-x64\jre\17.0.11-win32-x86_64\bin\verify.dll
0x00007ffa79ca0000 - 0x00007ffa79cbb000 	C:\WINDOWS\SYSTEM32\CRYPTSP.dll
0x00007ffa79560000 - 0x00007ffa79595000 	C:\WINDOWS\system32\rsaenh.dll
0x00007ffa79b10000 - 0x00007ffa79b38000 	C:\WINDOWS\SYSTEM32\USERENV.dll
0x00007ffa79c90000 - 0x00007ffa79c9c000 	C:\WINDOWS\SYSTEM32\CRYPTBASE.dll
0x00007ffa79000000 - 0x00007ffa7902d000 	C:\WINDOWS\SYSTEM32\IPHLPAPI.DLL
0x00007ffa7c010000 - 0x00007ffa7c019000 	C:\WINDOWS\System32\NSI.dll
0x00007ffa766a0000 - 0x00007ffa766b9000 	C:\WINDOWS\SYSTEM32\dhcpcsvc6.DLL
0x00007ffa76680000 - 0x00007ffa7669f000 	C:\WINDOWS\SYSTEM32\dhcpcsvc.DLL
0x00007ffa79070000 - 0x00007ffa79168000 	C:\WINDOWS\SYSTEM32\DNSAPI.dll
0x00007ffa71970000 - 0x00007ffa71979000 	C:\Users\sanke\.vscode\extensions\redhat.java-1.31.0-win32-x64\jre\17.0.11-win32-x86_64\bin\management.dll
0x00007ffa6b870000 - 0x00007ffa6b87b000 	C:\Users\sanke\.vscode\extensions\redhat.java-1.31.0-win32-x64\jre\17.0.11-win32-x86_64\bin\management_ext.dll
0x00007ffa72340000 - 0x00007ffa7234e000 	C:\Users\sanke\.vscode\extensions\redhat.java-1.31.0-win32-x64\jre\17.0.11-win32-x86_64\bin\sunmscapi.dll
0x00007ffa7adc0000 - 0x00007ffa7af27000 	C:\WINDOWS\System32\CRYPT32.dll
0x00007ffa79eb0000 - 0x00007ffa79ede000 	C:\WINDOWS\SYSTEM32\ncrypt.dll
0x00007ffa79e70000 - 0x00007ffa79ea7000 	C:\WINDOWS\SYSTEM32\NTASN1.dll
0x00007ffa6f8c0000 - 0x00007ffa6f8ca000 	C:\Windows\System32\rasadhlp.dll
0x00007ffa75b80000 - 0x00007ffa75c03000 	C:\WINDOWS\System32\fwpuclnt.dll
0x00007ffa72150000 - 0x00007ffa72159000 	C:\Users\sanke\.vscode\extensions\redhat.java-1.31.0-win32-x64\jre\17.0.11-win32-x86_64\bin\extnet.dll
0x00007ffa64040000 - 0x00007ffa64057000 	C:\WINDOWS\system32\napinsp.dll
0x00007ffa63200000 - 0x00007ffa6321b000 	C:\WINDOWS\system32\pnrpnsp.dll
0x00007ffa631e0000 - 0x00007ffa631f1000 	C:\WINDOWS\System32\winrnr.dll
0x00007ffa63000000 - 0x00007ffa63015000 	C:\WINDOWS\system32\wshbth.dll
0x00007ffa62f20000 - 0x00007ffa62f47000 	C:\WINDOWS\system32\nlansp_c.dll
0x00007ffa6ea40000 - 0x00007ffa6ea47000 	C:\Users\sanke\.vscode\extensions\redhat.java-1.31.0-win32-x64\jre\17.0.11-win32-x86_64\bin\rmi.dll

dbghelp: loaded successfully - version: 4.0.5 - missing functions: none
symbol engine: initialized successfully - sym options: 0x614 - pdb path: .;c:\Users\sanke\.vscode\extensions\redhat.java-1.31.0-win32-x64\jre\17.0.11-win32-x86_64\bin;C:\WINDOWS\SYSTEM32;C:\Program Files\Norton Security\NortonData\22.21.8.62\Definitions\IPSDefs\20231229.064;C:\WINDOWS\WinSxS\amd64_microsoft.windows.common-controls_6595b64144ccf1df_6.0.22621.3672_none_2713b9d173822955;c:\Users\sanke\.vscode\extensions\redhat.java-1.31.0-win32-x64\jre\17.0.11-win32-x86_64\bin\server

VM Arguments:
jvm_args: -Xmx1024m -Dsts.lsp.client=vscode -Dsts.log.file=/dev/null -XX:TieredStopAtLevel=1 -Xlog:jni+resolve=off -Dspring.config.location=file:c:\Users\sanke\.vscode\extensions\vmware.vscode-spring-boot-1.55.1\language-server\BOOT-INF\classes\application.properties 
java_command: org.springframework.ide.vscode.boot.app.BootLanguageServerBootApp
java_class_path (initial): c:\Users\sanke\.vscode\extensions\vmware.vscode-spring-boot-1.55.1\language-server\BOOT-INF\classes;c:\Users\sanke\.vscode\extensions\vmware.vscode-spring-boot-1.55.1\language-server\BOOT-INF\lib\annotations-24.1.0.jar;c:\Users\sanke\.vscode\extensions\vmware.vscode-spring-boot-1.55.1\language-server\BOOT-INF\lib\antlr4-runtime-4.13.1.jar;c:\Users\sanke\.vscode\extensions\vmware.vscode-spring-boot-1.55.1\language-server\BOOT-INF\lib\asm-9.7.jar;c:\Users\sanke\.vscode\extensions\vmware.vscode-spring-boot-1.55.1\language-server\BOOT-INF\lib\asm-analysis-9.7.jar;c:\Users\sanke\.vscode\extensions\vmware.vscode-spring-boot-1.55.1\language-server\BOOT-INF\lib\asm-tree-9.7.jar;c:\Users\sanke\.vscode\extensions\vmware.vscode-spring-boot-1.55.1\language-server\BOOT-INF\lib\asm-util-9.7.jar;c:\Users\sanke\.vscode\extensions\vmware.vscode-spring-boot-1.55.1\language-server\BOOT-INF\lib\caffeine-3.1.8.jar;c:\Users\sanke\.vscode\extensions\vmware.vscode-spring-boot-1.55.1\language-server\BOOT-INF\lib\checker-qual-3.12.0.jar;c:\Users\sanke\.vscode\extensions\vmware.vscode-spring-boot-1.55.1\language-server\BOOT-INF\lib\classgraph-4.8.149.jar;c:\Users\sanke\.vscode\extensions\vmware.vscode-spring-boot-1.55.1\language-server\BOOT-INF\lib\commons-codec-1.16.1.jar;c:\Users\sanke\.vscode\extensions\vmware.vscode-spring-boot-1.55.1\language-server\BOOT-INF\lib\commons-compress-1.26.1.jar;c:\Users\sanke\.vscode\extensions\vmware.vscode-spring-boot-1.55.1\language-server\BOOT-INF\lib\commons-io-2.16.1.jar;c:\Users\sanke\.vscode\extensions\vmware.vscode-spring-boot-1.55.1\language-server\BOOT-INF\lib\commons-java-1.55.1-SNAPSHOT.jar;c:\Users\sanke\.vscode\extensions\vmware.vscode-spring-boot-1.55.1\language-server\BOOT-INF\lib\commons-lang3-3.14.0.jar;c:\Users\sanke\.vscode\extensions\vmware.vscode-spring-boot-1.55.1\language-server\BOOT-INF\lib\commons-language-server-1.55.1-SNAPSHOT.jar;c:\Users\sanke\.vscode\extensions\vmware.vscode-spring-boot-1.55.1\langu
Launcher Type: SUN_STANDARD

[Global flags]
     intx CICompilerCount                          = 4                                         {product} {ergonomic}
     uint ConcGCThreads                            = 2                                         {product} {ergonomic}
     uint G1ConcRefinementThreads                  = 8                                         {product} {ergonomic}
   size_t G1HeapRegionSize                         = 1048576                                   {product} {ergonomic}
    uintx GCDrainStackTargetSize                   = 64                                        {product} {ergonomic}
   size_t InitialHeapSize                          = 132120576                                 {product} {ergonomic}
   size_t MarkStackSize                            = 4194304                                   {product} {ergonomic}
   size_t MaxHeapSize                              = 1073741824                                {product} {command line}
   size_t MaxNewSize                               = 643825664                                 {product} {ergonomic}
   size_t MinHeapDeltaBytes                        = 1048576                                   {product} {ergonomic}
   size_t MinHeapSize                              = 8388608                                   {product} {ergonomic}
    uintx NonProfiledCodeHeapSize                  = 0                                      {pd product} {ergonomic}
     bool ProfileInterpreter                       = false                                  {pd product} {command line}
    uintx ProfiledCodeHeapSize                     = 0                                      {pd product} {ergonomic}
   size_t SoftMaxHeapSize                          = 1073741824                             {manageable} {ergonomic}
     intx TieredStopAtLevel                        = 1                                         {product} {command line}
     bool UseCompressedClassPointers               = true                           {product lp64_product} {ergonomic}
     bool UseCompressedOops                        = true                           {product lp64_product} {ergonomic}
     bool UseG1GC                                  = true                                      {product} {ergonomic}
     bool UseLargePagesIndividualAllocation        = false                                  {pd product} {ergonomic}

Logging:
Log output configuration:
 #0: stdout all=warning,jni+resolve=off uptime,level,tags
 #1: stderr all=off uptime,level,tags

Environment Variables:
PATH=C:\Program Files\Common Files\Oracle\Java\javapath;C:\Windows\system32;C:\Windows;C:\Windows\System32\Wbem;C:\Windows\System32\WindowsPowerShell\v1.0\;C:\Windows\System32\OpenSSH\;C:\Program Files (x86)\NVIDIA Corporation\PhysX\Common;C:\Program Files\NVIDIA Corporation\NVIDIA NvDLISR;C:\WINDOWS\system32;C:\WINDOWS;C:\WINDOWS\System32\Wbem;C:\WINDOWS\System32\WindowsPowerShell\v1.0\;C:\WINDOWS\System32\OpenSSH\;D:\New applications\Matlab\runtime\win64;D:\New applications\Matlab\bin;C:\Program Files\dotnet\;C:\Program Files\nodejs\;C:\Program Files\Git\cmd;C:\Program Files\Docker\Docker\resources\bin;C:\Program Files\MySQL\MySQL Shell 8.0\bin\;C:\Users\sanke\AppData\Local\Microsoft\WindowsApps;C:\Program Files (x86)\Brackets\;C:\Users\sanke\AppData\Local\Programs\Microsoft VS Code\bin;C:\ProgramData\sanke\atom\bin;C:\Users\sanke\AppData\Local\Programs\Hyper\resources\bin;C:\Program Files\heroku\bin;C:\Users\sanke\AppData\Local\Microsoft\WindowsApps;D:\mongosh-1.6.0-win32-x64\mongosh-1.6.0-win32-x64;C:\Users\sanke\AppData\Roaming\npm;D:\New applications\IntelliJ IDEA 2023.1.3\bin;;C:\dev\apache-maven-3.9.6\bin;
USERNAME=sanke
OS=Windows_NT
PROCESSOR_IDENTIFIER=Intel64 Family 6 Model 165 Stepping 2, GenuineIntel
TMP=C:\Users\sanke\AppData\Local\Temp
TEMP=C:\Users\sanke\AppData\Local\Temp



Periodic native trim disabled


---------------  S Y S T E M  ---------------

OS:
 Windows 11 , 64 bit Build 22621 (10.0.22621.3672)
OS uptime: 21 days 14:30 hours
Hyper-V role detected

CPU: total 8 (initial active 8) (4 cores per cpu, 2 threads per core) family 6 model 165 stepping 2 microcode 0xea, cx8, cmov, fxsr, ht, mmx, 3dnowpref, sse, sse2, sse3, ssse3, sse4.1, sse4.2, popcnt, lzcnt, tsc, tscinvbit, avx, avx2, aes, erms, clmul, bmi1, bmi2, adx, fma, vzeroupper, clflush, clflushopt, hv
Processor Information for all 8 processors :
  Max Mhz: 2496, Current Mhz: 2496, Mhz Limit: 2496

Memory: 4k page, system-wide physical 8059M (202M free)
TotalPageFile size 32635M (AvailPageFile size 11M)
current process WorkingSet (physical memory assigned to process): 96M, peak: 310M
current process commit charge ("private bytes"): 339M, peak: 400M

vm_info: OpenJDK 64-Bit Server VM (17.0.11+9) for windows-amd64 JRE (17.0.11+9), built on Apr 17 2024 06:07:48 by "admin" with MS VC++ 16.10 / 16.11 (VS2019)

END.
