#
# There is insufficient memory for the Java Runtime Environment to continue.
# Native memory allocation (malloc) failed to allocate 1121936 bytes for Chunk::new
# Possible reasons:
#   The system is out of physical RAM or swap space
#   The process is running with CompressedOops enabled, and the Java Heap may be blocking the growth of the native heap
# Possible solutions:
#   Reduce memory load on the system
#   Increase physical memory or swap space
#   Check if swap backing store is full
#   Decrease Java heap size (-Xmx/-Xms)
#   Decrease number of Java threads
#   Decrease Java thread stack sizes (-Xss)
#   Set larger code cache with -XX:ReservedCodeCacheSize=
#   JVM is running with Unscaled Compressed Oops mode in which the Java heap is
#     placed in the first 4GB address space. The Java Heap base address is the
#     maximum limit for the native heap growth. Please use -XX:HeapBaseMinAddress
#     to set the Java Heap base and to place the Java Heap above 4GB virtual address.
# This output file may be truncated or incomplete.
#
#  Out of Memory Error (arena.cpp:189), pid=37628, tid=22272
#
# JRE version: Java(TM) SE Runtime Environment (17.0.10+11) (build 17.0.10+11-LTS-240)
# Java VM: Java HotSpot(TM) 64-Bit Server VM (17.0.10+11-LTS-240, mixed mode, sharing, tiered, compressed oops, compressed class ptrs, g1 gc, windows-amd64)
# No core dump will be written. Minidumps are not enabled by default on client versions of Windows
#

---------------  S U M M A R Y ------------

Command Line: -agentlib:jdwp=transport=dt_socket,server=n,suspend=y,address=localhost:56471 -XX:+ShowCodeDetailsInExceptionMessages -Dspring.jmx.enabled=true -Dmanagement.endpoints.jmx.exposure.include=* -Dspring.application.admin.enabled=true -Dspring.boot.project.name=foodwastereductionplatform -Djava.rmi.server.hostname=localhost -Dcom.sun.management.jmxremote.port=45556 -Dcom.sun.management.jmxremote.authenticate=false -Dcom.sun.management.jmxremote.ssl=false com.webapp.foodwastereductionplatform.FoodwastereductionplatformApplication

Host: Intel(R) Core(TM) i5-10300H CPU @ 2.50GHz, 8 cores, 7G,  Windows 11 , 64 bit Build 22621 (10.0.22621.3672)
Time: Fri Jul  5 16:21:16 2024 W. Europe Daylight Time elapsed time: 26.886435 seconds (0d 0h 0m 26s)

---------------  T H R E A D  ---------------

Current thread (0x00000170e6154260):  JavaThread "C2 CompilerThread0" daemon [_thread_in_native, id=22272, stack(0x00000024a4600000,0x00000024a4700000)]


Current CompileTask:
C2:  26886 5131 % !   4       com.sun.crypto.provider.PBKDF2KeyImpl::deriveKey @ 198 (302 bytes)

Stack: [0x00000024a4600000,0x00000024a4700000]
Native frames: (J=compiled Java code, j=interpreted, Vv=VM code, C=native code)
V  [jvm.dll+0x677a5a]
V  [jvm.dll+0x7d8b2d]
V  [jvm.dll+0x7da48e]
V  [jvm.dll+0x7daaf3]
V  [jvm.dll+0x2455ff]
V  [jvm.dll+0xaaafb]
V  [jvm.dll+0xab09c]
V  [jvm.dll+0x2aafef]
V  [jvm.dll+0x57fd55]
V  [jvm.dll+0x220472]
V  [jvm.dll+0x22084f]
V  [jvm.dll+0x2197a6]
V  [jvm.dll+0x216c79]
V  [jvm.dll+0x1a3410]
V  [jvm.dll+0x226aeb]
V  [jvm.dll+0x224cab]
V  [jvm.dll+0x78e45c]
V  [jvm.dll+0x78888a]
V  [jvm.dll+0x676935]
C  [ucrtbase.dll+0x29333]
C  [KERNEL32.DLL+0x1257d]
C  [ntdll.dll+0x5aa48]


---------------  P R O C E S S  ---------------

Threads class SMR info:
_java_thread_list=0x00000170eb489f20, length=25, elements={
0x00000170c819c380, 0x00000170e6136350, 0x00000170e6136f70, 0x00000170e6149730,
0x00000170e614a000, 0x00000170e614e9f0, 0x00000170e6151a30, 0x00000170e6154260,
0x00000170e63d00d0, 0x00000170e6189fa0, 0x00000170e6482a50, 0x00000170e6519f90,
0x00000170e651b020, 0x00000170e65918e0, 0x00000170e6592fd0, 0x00000170eb35f740,
0x00000170eb3fca10, 0x00000170eb353c70, 0x00000170eb594b10, 0x00000170eb7ed460,
0x00000170eb861bc0, 0x00000170eb85e410, 0x00000170eb85f340, 0x00000170eb85f850,
0x00000170eb860780
}

Java Threads: ( => current thread )
  0x00000170c819c380 JavaThread "main" [_thread_in_native, id=14292, stack(0x00000024a3900000,0x00000024a3a00000)]
  0x00000170e6136350 JavaThread "Reference Handler" daemon [_thread_blocked, id=11124, stack(0x00000024a4000000,0x00000024a4100000)]
  0x00000170e6136f70 JavaThread "Finalizer" daemon [_thread_blocked, id=17256, stack(0x00000024a4100000,0x00000024a4200000)]
  0x00000170e6149730 JavaThread "Signal Dispatcher" daemon [_thread_blocked, id=18364, stack(0x00000024a4200000,0x00000024a4300000)]
  0x00000170e614a000 JavaThread "Attach Listener" daemon [_thread_blocked, id=18428, stack(0x00000024a4300000,0x00000024a4400000)]
  0x00000170e614e9f0 JavaThread "Service Thread" daemon [_thread_blocked, id=38280, stack(0x00000024a4400000,0x00000024a4500000)]
  0x00000170e6151a30 JavaThread "Monitor Deflation Thread" daemon [_thread_blocked, id=42740, stack(0x00000024a4500000,0x00000024a4600000)]
=>0x00000170e6154260 JavaThread "C2 CompilerThread0" daemon [_thread_in_native, id=22272, stack(0x00000024a4600000,0x00000024a4700000)]
  0x00000170e63d00d0 JavaThread "C1 CompilerThread0" daemon [_thread_blocked, id=43348, stack(0x00000024a4700000,0x00000024a4800000)]
  0x00000170e6189fa0 JavaThread "Sweeper thread" daemon [_thread_blocked, id=10612, stack(0x00000024a4800000,0x00000024a4900000)]
  0x00000170e6482a50 JavaThread "Common-Cleaner" daemon [_thread_blocked, id=40660, stack(0x00000024a4900000,0x00000024a4a00000)]
  0x00000170e6519f90 JavaThread "JDWP Transport Listener: dt_socket" daemon [_thread_blocked, id=22536, stack(0x00000024a4a00000,0x00000024a4b00000)]
  0x00000170e651b020 JavaThread "JDWP Event Helper Thread" daemon [_thread_blocked, id=18036, stack(0x00000024a4b00000,0x00000024a4c00000)]
  0x00000170e65918e0 JavaThread "JDWP Command Reader" daemon [_thread_in_native, id=23836, stack(0x00000024a4c00000,0x00000024a4d00000)]
  0x00000170e6592fd0 JavaThread "Notification Thread" daemon [_thread_blocked, id=28064, stack(0x00000024a4d00000,0x00000024a4e00000)]
  0x00000170eb35f740 JavaThread "RMI TCP Accept-0" daemon [_thread_in_native, id=20532, stack(0x00000024a4e00000,0x00000024a4f00000)]
  0x00000170eb3fca10 JavaThread "RMI TCP Accept-45556" daemon [_thread_in_native, id=18764, stack(0x00000024a4f00000,0x00000024a5000000)]
  0x00000170eb353c70 JavaThread "RMI TCP Accept-0" daemon [_thread_in_native, id=38948, stack(0x00000024a5000000,0x00000024a5100000)]
  0x00000170eb594b10 JavaThread "RMI TCP Connection(1)-127.0.0.1" daemon [_thread_in_native, id=9728, stack(0x00000024a5200000,0x00000024a5300000)]
  0x00000170eb7ed460 JavaThread "RMI Scheduler(0)" daemon [_thread_blocked, id=6268, stack(0x00000024a5300000,0x00000024a5400000)]
  0x00000170eb861bc0 JavaThread "RMI TCP Connection(2)-127.0.0.1" daemon [_thread_in_native, id=40044, stack(0x00000024a5400000,0x00000024a5500000)]
  0x00000170eb85e410 JavaThread "JMX server connection timeout 25" daemon [_thread_blocked, id=32304, stack(0x00000024a5500000,0x00000024a5600000)]
  0x00000170eb85f340 JavaThread "Catalina-utility-1" [_thread_blocked, id=34912, stack(0x00000024a6000000,0x00000024a6100000)]
  0x00000170eb85f850 JavaThread "Catalina-utility-2" [_thread_blocked, id=17536, stack(0x00000024a6100000,0x00000024a6200000)]
  0x00000170eb860780 JavaThread "container-0" [_thread_blocked, id=25924, stack(0x00000024a6200000,0x00000024a6300000)]

Other Threads:
  0x00000170e612e8c0 VMThread "VM Thread" [stack: 0x00000024a3f00000,0x00000024a4000000] [id=13188]
  0x00000170eb34af80 WatcherThread [stack: 0x00000024a5100000,0x00000024a5200000] [id=2732]
  0x00000170c81f9e60 GCTaskThread "GC Thread#0" [stack: 0x00000024a3a00000,0x00000024a3b00000] [id=39484]
  0x00000170eb63d260 GCTaskThread "GC Thread#1" [stack: 0x00000024a5600000,0x00000024a5700000] [id=13280]
  0x00000170ebac68c0 GCTaskThread "GC Thread#2" [stack: 0x00000024a5700000,0x00000024a5800000] [id=33684]
  0x00000170ebaa8980 GCTaskThread "GC Thread#3" [stack: 0x00000024a5800000,0x00000024a5900000] [id=42868]
  0x00000170ebaa9450 GCTaskThread "GC Thread#4" [stack: 0x00000024a5900000,0x00000024a5a00000] [id=24264]
  0x00000170ebaa9710 GCTaskThread "GC Thread#5" [stack: 0x00000024a5a00000,0x00000024a5b00000] [id=39744]
  0x00000170ebaa99d0 GCTaskThread "GC Thread#6" [stack: 0x00000024a5b00000,0x00000024a5c00000] [id=6688]
  0x00000170ebaabca0 GCTaskThread "GC Thread#7" [stack: 0x00000024a5c00000,0x00000024a5d00000] [id=7720]
  0x00000170c820ba20 ConcurrentGCThread "G1 Main Marker" [stack: 0x00000024a3b00000,0x00000024a3c00000] [id=43880]
  0x00000170c820eec0 ConcurrentGCThread "G1 Conc#0" [stack: 0x00000024a3c00000,0x00000024a3d00000] [id=16584]
  0x00000170eb758040 ConcurrentGCThread "G1 Conc#1" [stack: 0x00000024a5f00000,0x00000024a6000000] [id=34148]
  0x00000170c822e350 ConcurrentGCThread "G1 Refine#0" [stack: 0x00000024a3d00000,0x00000024a3e00000] [id=41548]
  0x00000170eb9139e0 ConcurrentGCThread "G1 Refine#1" [stack: 0x00000024a5d00000,0x00000024a5e00000] [id=24156]
  0x00000170eb913cd0 ConcurrentGCThread "G1 Refine#2" [stack: 0x00000024a5e00000,0x00000024a5f00000] [id=33164]
  0x00000170c822eb30 ConcurrentGCThread "G1 Service" [stack: 0x00000024a3e00000,0x00000024a3f00000] [id=15580]

Threads with active compile tasks:
C2 CompilerThread0    26957 5131 % !   4       com.sun.crypto.provider.PBKDF2KeyImpl::deriveKey @ 198 (302 bytes)

VM state: not at safepoint (normal execution)

VM Mutex/Monitor currently owned by a thread: None

Heap address: 0x0000000082000000, size: 2016 MB, Compressed Oops mode: 32-bit

CDS archive(s) mapped at: [0x0000017080000000-0x0000017080bd0000-0x0000017080bd0000), size 12386304, SharedBaseAddress: 0x0000017080000000, ArchiveRelocationMode: 1.
Compressed class space mapped at: 0x0000017081000000-0x00000170c1000000, reserved size: 1073741824
Narrow klass base: 0x0000017080000000, Narrow klass shift: 0, Narrow klass range: 0x100000000

GC Precious Log:
 CPUs: 8 total, 8 available
 Memory: 8059M
 Large Page Support: Disabled
 NUMA Support: Disabled
 Compressed Oops: Enabled (32-bit)
 Heap Region Size: 1M
 Heap Min Capacity: 8M
 Heap Initial Capacity: 126M
 Heap Max Capacity: 2016M
 Pre-touch: Disabled
 Parallel Workers: 8
 Concurrent Workers: 2
 Concurrent Refinement Workers: 8
 Periodic GC: Disabled

Heap:
 garbage-first heap   total 58368K, used 39218K [0x0000000082000000, 0x0000000100000000)
  region size 1024K, 19 young (19456K), 3 survivors (3072K)
 Metaspace       used 44922K, committed 45376K, reserved 1114112K
  class space    used 5800K, committed 6016K, reserved 1048576K

Heap Regions: E=young(eden), S=young(survivor), O=old, HS=humongous(starts), HC=humongous(continues), CS=collection set, F=free, OA=open archive, CA=closed archive, TAMS=top-at-mark-start (previous, next)
|   0|0x0000000082000000, 0x0000000082100000, 0x0000000082100000|100%|HS|  |TAMS 0x0000000082100000, 0x0000000082000000| Complete 
|   1|0x0000000082100000, 0x0000000082200000, 0x0000000082200000|100%| O|  |TAMS 0x0000000082200000, 0x0000000082100000| Untracked 
|   2|0x0000000082200000, 0x0000000082300000, 0x0000000082300000|100%| O|  |TAMS 0x0000000082300000, 0x0000000082200000| Untracked 
|   3|0x0000000082300000, 0x0000000082400000, 0x0000000082400000|100%| O|  |TAMS 0x0000000082400000, 0x0000000082300000| Untracked 
|   4|0x0000000082400000, 0x0000000082500000, 0x0000000082500000|100%| O|  |TAMS 0x0000000082500000, 0x0000000082400000| Untracked 
|   5|0x0000000082500000, 0x0000000082600000, 0x0000000082600000|100%| O|  |TAMS 0x0000000082600000, 0x0000000082500000| Untracked 
|   6|0x0000000082600000, 0x0000000082700000, 0x0000000082700000|100%| O|  |TAMS 0x0000000082700000, 0x0000000082600000| Untracked 
|   7|0x0000000082700000, 0x0000000082800000, 0x0000000082800000|100%| O|  |TAMS 0x0000000082800000, 0x0000000082700000| Untracked 
|   8|0x0000000082800000, 0x0000000082900000, 0x0000000082900000|100%| O|  |TAMS 0x0000000082900000, 0x0000000082800000| Untracked 
|   9|0x0000000082900000, 0x0000000082a00000, 0x0000000082a00000|100%| O|  |TAMS 0x0000000082a00000, 0x0000000082900000| Untracked 
|  10|0x0000000082a00000, 0x0000000082b00000, 0x0000000082b00000|100%| O|  |TAMS 0x0000000082b00000, 0x0000000082a00000| Untracked 
|  11|0x0000000082b00000, 0x0000000082c00000, 0x0000000082c00000|100%| O|  |TAMS 0x0000000082c00000, 0x0000000082b00000| Untracked 
|  12|0x0000000082c00000, 0x0000000082d00000, 0x0000000082d00000|100%| O|  |TAMS 0x0000000082c4e800, 0x0000000082c00000| Untracked 
|  13|0x0000000082d00000, 0x0000000082e00000, 0x0000000082e00000|100%| O|  |TAMS 0x0000000082d00000, 0x0000000082d00000| Untracked 
|  14|0x0000000082e00000, 0x0000000082f00000, 0x0000000082f00000|100%| O|  |TAMS 0x0000000082e00000, 0x0000000082e00000| Untracked 
|  15|0x0000000082f00000, 0x0000000083000000, 0x0000000083000000|100%| O|  |TAMS 0x0000000082f00000, 0x0000000082f00000| Untracked 
|  16|0x0000000083000000, 0x0000000083100000, 0x0000000083100000|100%| O|  |TAMS 0x0000000083000000, 0x0000000083000000| Untracked 
|  17|0x0000000083100000, 0x0000000083100000, 0x0000000083200000|  0%| F|  |TAMS 0x0000000083100000, 0x0000000083100000| Untracked 
|  18|0x0000000083200000, 0x0000000083200000, 0x0000000083300000|  0%| F|  |TAMS 0x0000000083200000, 0x0000000083200000| Untracked 
|  19|0x0000000083300000, 0x0000000083400000, 0x0000000083400000|100%| O|  |TAMS 0x0000000083400000, 0x0000000083300000| Untracked 
|  20|0x0000000083400000, 0x0000000083500000, 0x0000000083500000|100%| O|  |TAMS 0x0000000083500000, 0x0000000083400000| Untracked 
|  21|0x0000000083500000, 0x0000000083600000, 0x0000000083600000|100%| O|  |TAMS 0x0000000083600000, 0x0000000083500000| Untracked 
|  22|0x0000000083600000, 0x0000000083700000, 0x0000000083700000|100%| O|  |TAMS 0x0000000083700000, 0x0000000083600000| Untracked 
|  23|0x0000000083700000, 0x0000000083700000, 0x0000000083800000|  0%| F|  |TAMS 0x0000000083700000, 0x0000000083700000| Untracked 
|  24|0x0000000083800000, 0x0000000083800000, 0x0000000083900000|  0%| F|  |TAMS 0x0000000083800000, 0x0000000083800000| Untracked 
|  25|0x0000000083900000, 0x0000000083900000, 0x0000000083a00000|  0%| F|  |TAMS 0x0000000083900000, 0x0000000083900000| Untracked 
|  26|0x0000000083a00000, 0x0000000083a00000, 0x0000000083b00000|  0%| F|  |TAMS 0x0000000083a00000, 0x0000000083a00000| Untracked 
|  27|0x0000000083b00000, 0x0000000083b00000, 0x0000000083c00000|  0%| F|  |TAMS 0x0000000083b00000, 0x0000000083b00000| Untracked 
|  28|0x0000000083c00000, 0x0000000083c00000, 0x0000000083d00000|  0%| F|  |TAMS 0x0000000083c00000, 0x0000000083c00000| Untracked 
|  29|0x0000000083d00000, 0x0000000083d00000, 0x0000000083e00000|  0%| F|  |TAMS 0x0000000083d00000, 0x0000000083d00000| Untracked 
|  30|0x0000000083e00000, 0x0000000083e00000, 0x0000000083f00000|  0%| F|  |TAMS 0x0000000083e00000, 0x0000000083e00000| Untracked 
|  31|0x0000000083f00000, 0x0000000083f00000, 0x0000000084000000|  0%| F|  |TAMS 0x0000000083f00000, 0x0000000083f00000| Untracked 
|  32|0x0000000084000000, 0x0000000084000000, 0x0000000084100000|  0%| F|  |TAMS 0x0000000084000000, 0x0000000084000000| Untracked 
|  33|0x0000000084100000, 0x000000008414ca40, 0x0000000084200000| 29%| S|CS|TAMS 0x0000000084100000, 0x0000000084100000| Complete 
|  34|0x0000000084200000, 0x0000000084300000, 0x0000000084300000|100%| S|CS|TAMS 0x0000000084200000, 0x0000000084200000| Complete 
|  35|0x0000000084300000, 0x0000000084400000, 0x0000000084400000|100%| S|CS|TAMS 0x0000000084300000, 0x0000000084300000| Complete 
|  36|0x0000000084400000, 0x0000000084400000, 0x0000000084500000|  0%| F|  |TAMS 0x0000000084400000, 0x0000000084400000| Untracked 
|  37|0x0000000084500000, 0x0000000084500000, 0x0000000084600000|  0%| F|  |TAMS 0x0000000084500000, 0x0000000084500000| Untracked 
|  38|0x0000000084600000, 0x0000000084600000, 0x0000000084700000|  0%| F|  |TAMS 0x0000000084600000, 0x0000000084600000| Untracked 
|  39|0x0000000084700000, 0x0000000084700000, 0x0000000084800000|  0%| F|  |TAMS 0x0000000084700000, 0x0000000084700000| Untracked 
|  40|0x0000000084800000, 0x0000000084800000, 0x0000000084900000|  0%| F|  |TAMS 0x0000000084800000, 0x0000000084800000| Untracked 
|  41|0x0000000084900000, 0x0000000084939158, 0x0000000084a00000| 22%| E|  |TAMS 0x0000000084900000, 0x0000000084900000| Complete 
|  42|0x0000000084a00000, 0x0000000084b00000, 0x0000000084b00000|100%| E|CS|TAMS 0x0000000084a00000, 0x0000000084a00000| Complete 
|  43|0x0000000084b00000, 0x0000000084c00000, 0x0000000084c00000|100%| E|CS|TAMS 0x0000000084b00000, 0x0000000084b00000| Complete 
|  44|0x0000000084c00000, 0x0000000084d00000, 0x0000000084d00000|100%| E|CS|TAMS 0x0000000084c00000, 0x0000000084c00000| Complete 
|  45|0x0000000084d00000, 0x0000000084e00000, 0x0000000084e00000|100%| E|CS|TAMS 0x0000000084d00000, 0x0000000084d00000| Complete 
|  46|0x0000000084e00000, 0x0000000084f00000, 0x0000000084f00000|100%| E|CS|TAMS 0x0000000084e00000, 0x0000000084e00000| Complete 
|  47|0x0000000084f00000, 0x0000000085000000, 0x0000000085000000|100%| E|CS|TAMS 0x0000000084f00000, 0x0000000084f00000| Complete 
|  78|0x0000000086e00000, 0x0000000086f00000, 0x0000000086f00000|100%| E|CS|TAMS 0x0000000086e00000, 0x0000000086e00000| Complete 
|  79|0x0000000086f00000, 0x0000000087000000, 0x0000000087000000|100%| E|CS|TAMS 0x0000000086f00000, 0x0000000086f00000| Complete 
|  80|0x0000000087000000, 0x0000000087100000, 0x0000000087100000|100%| E|CS|TAMS 0x0000000087000000, 0x0000000087000000| Complete 
|  81|0x0000000087100000, 0x0000000087200000, 0x0000000087200000|100%| E|CS|TAMS 0x0000000087100000, 0x0000000087100000| Complete 
|  82|0x0000000087200000, 0x0000000087300000, 0x0000000087300000|100%| E|CS|TAMS 0x0000000087200000, 0x0000000087200000| Complete 
|  83|0x0000000087300000, 0x0000000087400000, 0x0000000087400000|100%| E|CS|TAMS 0x0000000087300000, 0x0000000087300000| Complete 
| 123|0x0000000089b00000, 0x0000000089c00000, 0x0000000089c00000|100%| E|CS|TAMS 0x0000000089b00000, 0x0000000089b00000| Complete 
| 124|0x0000000089c00000, 0x0000000089d00000, 0x0000000089d00000|100%| E|CS|TAMS 0x0000000089c00000, 0x0000000089c00000| Complete 
| 125|0x0000000089d00000, 0x0000000089e00000, 0x0000000089e00000|100%| E|CS|TAMS 0x0000000089d00000, 0x0000000089d00000| Complete 

Card table byte_map: [0x00000170df130000,0x00000170df520000] _byte_map_base: 0x00000170ded20000

Marking Bits (Prev, Next): (CMBitMap*) 0x00000170c81fb3a0, (CMBitMap*) 0x00000170c81fb3e0
 Prev Bits: [0x00000170df910000, 0x00000170e1890000)
 Next Bits: [0x00000170e1890000, 0x00000170e3810000)

Polling page: 0x00000170c60f0000

Metaspace:

Usage:
  Non-class:     38.21 MB used.
      Class:      5.66 MB used.
       Both:     43.87 MB used.

Virtual space:
  Non-class space:       64.00 MB reserved,      38.44 MB ( 60%) committed,  1 nodes.
      Class space:        1.00 GB reserved,       5.88 MB ( <1%) committed,  1 nodes.
             Both:        1.06 GB reserved,      44.31 MB (  4%) committed. 

Chunk freelists:
   Non-Class:  8.75 MB
       Class:  10.03 MB
        Both:  18.78 MB

MaxMetaspaceSize: unlimited
CompressedClassSpaceSize: 1.00 GB
Initial GC threshold: 21.00 MB
Current GC threshold: 58.88 MB
CDS: on
MetaspaceReclaimPolicy: balanced
 - commit_granule_bytes: 65536.
 - commit_granule_words: 8192.
 - virtual_space_node_default_size: 8388608.
 - enlarge_chunks_in_place: 1.
 - new_chunks_are_fully_committed: 0.
 - uncommit_free_chunks: 1.
 - use_allocation_guard: 0.
 - handle_deallocations: 1.


Internal statistics:

num_allocs_failed_limit: 6.
num_arena_births: 678.
num_arena_deaths: 0.
num_vsnodes_births: 2.
num_vsnodes_deaths: 0.
num_space_committed: 709.
num_space_uncommitted: 0.
num_chunks_returned_to_freelist: 6.
num_chunks_taken_from_freelist: 2268.
num_chunk_merges: 6.
num_chunk_splits: 1589.
num_chunks_enlarged: 1181.
num_inconsistent_stats: 0.

CodeHeap 'non-profiled nmethods': size=120000Kb used=2936Kb max_used=2936Kb free=117063Kb
 bounds [0x00000170d74e0000, 0x00000170d77c0000, 0x00000170dea10000]
CodeHeap 'profiled nmethods': size=120000Kb used=11394Kb max_used=11394Kb free=108606Kb
 bounds [0x00000170cfa10000, 0x00000170d0540000, 0x00000170d6f40000]
CodeHeap 'non-nmethods': size=5760Kb used=1315Kb max_used=1415Kb free=4444Kb
 bounds [0x00000170d6f40000, 0x00000170d71b0000, 0x00000170d74e0000]
 total_blobs=5671 nmethods=5115 adapters=467
 compilation: enabled
              stopped_count=0, restarted_count=0
 full_count=0

Compilation events (20 events):
Event: 26.388 Thread 0x00000170e63d00d0 5121       3       java.io.ObjectInputStream$BlockDataInputStream::readUTF (10 bytes)
Event: 26.388 Thread 0x00000170e63d00d0 nmethod 5121 0x00000170d0528c90 code [0x00000170d0528e40, 0x00000170d0528fd8]
Event: 26.388 Thread 0x00000170e63d00d0 5115       3       java.io.ObjectInputStream::readClassDesc (121 bytes)
Event: 26.390 Thread 0x00000170e63d00d0 nmethod 5115 0x00000170d0529090 code [0x00000170d0529420, 0x00000170d052a8e8]
Event: 26.390 Thread 0x00000170e63d00d0 5116       3       java.io.ObjectInputStream::readUTF (8 bytes)
Event: 26.390 Thread 0x00000170e63d00d0 nmethod 5116 0x00000170d052b110 code [0x00000170d052b2c0, 0x00000170d052b4d8]
Event: 26.410 Thread 0x00000170e6154260 nmethod 5112 0x00000170d77b6d10 code [0x00000170d77b6ec0, 0x00000170d77b7b38]
Event: 26.410 Thread 0x00000170e6154260 5096 %     4       java.util.Arrays::fill @ 5 (21 bytes)
Event: 26.415 Thread 0x00000170e63d00d0 5127 % !   3       com.sun.crypto.provider.PBKDF2KeyImpl::deriveKey @ 198 (302 bytes)
Event: 26.417 Thread 0x00000170e63d00d0 nmethod 5127% 0x00000170d052b610 code [0x00000170d052b900, 0x00000170d052dd18]
Event: 26.417 Thread 0x00000170e63d00d0 5128   !   3       com.sun.crypto.provider.PBKDF2KeyImpl::deriveKey (302 bytes)
Event: 26.419 Thread 0x00000170e63d00d0 nmethod 5128 0x00000170d052eb10 code [0x00000170d052ede0, 0x00000170d052fdf8]
Event: 26.421 Thread 0x00000170e6154260 nmethod 5096% 0x00000170d77b8010 code [0x00000170d77b81a0, 0x00000170d77b8378]
Event: 26.421 Thread 0x00000170e6154260 5126       4       sun.security.provider.ByteArrayAccess::i2bBig (33 bytes)
Event: 26.428 Thread 0x00000170e6154260 nmethod 5126 0x00000170d77b8490 code [0x00000170d77b8600, 0x00000170d77b8878]
Event: 26.428 Thread 0x00000170e6154260 5129       4       java.util.Arrays::fill (21 bytes)
Event: 26.433 Thread 0x00000170e6154260 nmethod 5129 0x00000170d77b8a10 code [0x00000170d77b8b80, 0x00000170d77b8cd8]
Event: 26.433 Thread 0x00000170e6154260 5113       4       javax.management.ImmutableDescriptor::<init> (195 bytes)
Event: 26.642 Thread 0x00000170e6154260 nmethod 5113 0x00000170d77b8e10 code [0x00000170d77b9100, 0x00000170d77bcb28]
Event: 26.642 Thread 0x00000170e6154260 5131 % !   4       com.sun.crypto.provider.PBKDF2KeyImpl::deriveKey @ 198 (302 bytes)

GC Heap History (20 events):
Event: 7.272 GC heap before
{Heap before GC invocations=0 (full 0):
 garbage-first heap   total 129024K, used 23552K [0x0000000082000000, 0x0000000100000000)
  region size 1024K, 23 young (23552K), 0 survivors (0K)
 Metaspace       used 8306K, committed 8576K, reserved 1114112K
  class space    used 958K, committed 1088K, reserved 1048576K
}
Event: 7.292 GC heap after
{Heap after GC invocations=1 (full 0):
 garbage-first heap   total 129024K, used 8341K [0x0000000082000000, 0x0000000100000000)
  region size 1024K, 3 young (3072K), 3 survivors (3072K)
 Metaspace       used 8306K, committed 8576K, reserved 1114112K
  class space    used 958K, committed 1088K, reserved 1048576K
}
Event: 8.615 GC heap before
{Heap before GC invocations=1 (full 0):
 garbage-first heap   total 129024K, used 27797K [0x0000000082000000, 0x0000000100000000)
  region size 1024K, 23 young (23552K), 3 survivors (3072K)
 Metaspace       used 13231K, committed 13440K, reserved 1114112K
  class space    used 1630K, committed 1728K, reserved 1048576K
}
Event: 8.624 GC heap after
{Heap after GC invocations=2 (full 0):
 garbage-first heap   total 129024K, used 9870K [0x0000000082000000, 0x0000000100000000)
  region size 1024K, 2 young (2048K), 2 survivors (2048K)
 Metaspace       used 13231K, committed 13440K, reserved 1114112K
  class space    used 1630K, committed 1728K, reserved 1048576K
}
Event: 11.307 GC heap before
{Heap before GC invocations=2 (full 0):
 garbage-first heap   total 129024K, used 48782K [0x0000000082000000, 0x0000000100000000)
  region size 1024K, 42 young (43008K), 2 survivors (2048K)
 Metaspace       used 21198K, committed 21504K, reserved 1114112K
  class space    used 2570K, committed 2752K, reserved 1048576K
}
Event: 11.318 GC heap after
{Heap after GC invocations=3 (full 0):
 garbage-first heap   total 129024K, used 13502K [0x0000000082000000, 0x0000000100000000)
  region size 1024K, 6 young (6144K), 6 survivors (6144K)
 Metaspace       used 21198K, committed 21504K, reserved 1114112K
  class space    used 2570K, committed 2752K, reserved 1048576K
}
Event: 13.527 GC heap before
{Heap before GC invocations=4 (full 0):
 garbage-first heap   total 58368K, used 45246K [0x0000000082000000, 0x0000000100000000)
  region size 1024K, 38 young (38912K), 6 survivors (6144K)
 Metaspace       used 23449K, committed 23808K, reserved 1114112K
  class space    used 2849K, committed 3072K, reserved 1048576K
}
Event: 13.551 GC heap after
{Heap after GC invocations=5 (full 0):
 garbage-first heap   total 58368K, used 16178K [0x0000000082000000, 0x0000000100000000)
  region size 1024K, 8 young (8192K), 8 survivors (8192K)
 Metaspace       used 23449K, committed 23808K, reserved 1114112K
  class space    used 2849K, committed 3072K, reserved 1048576K
}
Event: 15.142 GC heap before
{Heap before GC invocations=5 (full 0):
 garbage-first heap   total 58368K, used 39730K [0x0000000082000000, 0x0000000100000000)
  region size 1024K, 31 young (31744K), 8 survivors (8192K)
 Metaspace       used 26196K, committed 26560K, reserved 1114112K
  class space    used 3203K, committed 3392K, reserved 1048576K
}
Event: 15.161 GC heap after
{Heap after GC invocations=6 (full 0):
 garbage-first heap   total 58368K, used 17120K [0x0000000082000000, 0x0000000100000000)
  region size 1024K, 2 young (2048K), 2 survivors (2048K)
 Metaspace       used 26196K, committed 26560K, reserved 1114112K
  class space    used 3203K, committed 3392K, reserved 1048576K
}
Event: 16.943 GC heap before
{Heap before GC invocations=6 (full 0):
 garbage-first heap   total 58368K, used 40672K [0x0000000082000000, 0x0000000100000000)
  region size 1024K, 25 young (25600K), 2 survivors (2048K)
 Metaspace       used 29114K, committed 29504K, reserved 1114112K
  class space    used 3623K, committed 3840K, reserved 1048576K
}
Event: 16.951 GC heap after
{Heap after GC invocations=7 (full 0):
 garbage-first heap   total 58368K, used 18739K [0x0000000082000000, 0x0000000100000000)
  region size 1024K, 4 young (4096K), 4 survivors (4096K)
 Metaspace       used 29114K, committed 29504K, reserved 1114112K
  class space    used 3623K, committed 3840K, reserved 1048576K
}
Event: 18.027 GC heap before
{Heap before GC invocations=7 (full 0):
 garbage-first heap   total 58368K, used 42291K [0x0000000082000000, 0x0000000100000000)
  region size 1024K, 27 young (27648K), 4 survivors (4096K)
 Metaspace       used 33750K, committed 34176K, reserved 1114112K
  class space    used 4237K, committed 4480K, reserved 1048576K
}
Event: 18.039 GC heap after
{Heap after GC invocations=8 (full 0):
 garbage-first heap   total 58368K, used 20757K [0x0000000082000000, 0x0000000100000000)
  region size 1024K, 4 young (4096K), 4 survivors (4096K)
 Metaspace       used 33750K, committed 34176K, reserved 1114112K
  class space    used 4237K, committed 4480K, reserved 1048576K
}
Event: 18.492 GC heap before
{Heap before GC invocations=8 (full 0):
 garbage-first heap   total 58368K, used 32021K [0x0000000082000000, 0x0000000100000000)
  region size 1024K, 16 young (16384K), 4 survivors (4096K)
 Metaspace       used 35623K, committed 36096K, reserved 1114112K
  class space    used 4430K, committed 4672K, reserved 1048576K
}
Event: 18.509 GC heap after
{Heap after GC invocations=9 (full 0):
 garbage-first heap   total 58368K, used 21868K [0x0000000082000000, 0x0000000100000000)
  region size 1024K, 2 young (2048K), 2 survivors (2048K)
 Metaspace       used 35623K, committed 36096K, reserved 1114112K
  class space    used 4430K, committed 4672K, reserved 1048576K
}
Event: 20.285 GC heap before
{Heap before GC invocations=10 (full 0):
 garbage-first heap   total 58368K, used 43372K [0x0000000082000000, 0x0000000100000000)
  region size 1024K, 24 young (24576K), 2 survivors (2048K)
 Metaspace       used 37197K, committed 37632K, reserved 1114112K
  class space    used 4667K, committed 4864K, reserved 1048576K
}
Event: 20.289 GC heap after
{Heap after GC invocations=11 (full 0):
 garbage-first heap   total 58368K, used 22852K [0x0000000082000000, 0x0000000100000000)
  region size 1024K, 3 young (3072K), 3 survivors (3072K)
 Metaspace       used 37197K, committed 37632K, reserved 1114112K
  class space    used 4667K, committed 4864K, reserved 1048576K
}
Event: 21.699 GC heap before
{Heap before GC invocations=11 (full 0):
 garbage-first heap   total 58368K, used 43332K [0x0000000082000000, 0x0000000100000000)
  region size 1024K, 24 young (24576K), 3 survivors (3072K)
 Metaspace       used 41382K, committed 41856K, reserved 1114112K
  class space    used 5264K, committed 5504K, reserved 1048576K
}
Event: 21.702 GC heap after
{Heap after GC invocations=12 (full 0):
 garbage-first heap   total 58368K, used 23858K [0x0000000082000000, 0x0000000100000000)
  region size 1024K, 3 young (3072K), 3 survivors (3072K)
 Metaspace       used 41382K, committed 41856K, reserved 1114112K
  class space    used 5264K, committed 5504K, reserved 1048576K
}

Deoptimization events (20 events):
Event: 26.403 Thread 0x00000170c819c380 DEOPT PACKING pc=0x00000170d050f0dc sp=0x00000024a39fc860
Event: 26.403 Thread 0x00000170c819c380 DEOPT UNPACKING pc=0x00000170d6f92b43 sp=0x00000024a39fbcc8 mode 0
Event: 26.403 Thread 0x00000170c819c380 DEOPT PACKING pc=0x00000170d050f0dc sp=0x00000024a39fcaf0
Event: 26.403 Thread 0x00000170c819c380 DEOPT UNPACKING pc=0x00000170d6f92b43 sp=0x00000024a39fbf58 mode 0
Event: 26.407 Thread 0x00000170c819c380 DEOPT PACKING pc=0x00000170d050f0dc sp=0x00000024a39fc9b0
Event: 26.407 Thread 0x00000170c819c380 DEOPT UNPACKING pc=0x00000170d6f92b43 sp=0x00000024a39fbe18 mode 0
Event: 26.408 Thread 0x00000170c819c380 DEOPT PACKING pc=0x00000170d050f0dc sp=0x00000024a39fc860
Event: 26.408 Thread 0x00000170c819c380 DEOPT UNPACKING pc=0x00000170d6f92b43 sp=0x00000024a39fbcc8 mode 0
Event: 26.409 Thread 0x00000170c819c380 DEOPT PACKING pc=0x00000170d050f0dc sp=0x00000024a39fcaf0
Event: 26.409 Thread 0x00000170c819c380 DEOPT UNPACKING pc=0x00000170d6f92b43 sp=0x00000024a39fbf58 mode 0
Event: 26.427 Thread 0x00000170c819c380 DEOPT PACKING pc=0x00000170d050fbc3 sp=0x00000024a39fcad0
Event: 26.427 Thread 0x00000170c819c380 DEOPT UNPACKING pc=0x00000170d6f92b43 sp=0x00000024a39fbf58 mode 0
Event: 26.427 Thread 0x00000170c819c380 DEOPT PACKING pc=0x00000170d050fbc3 sp=0x00000024a39fcad0
Event: 26.427 Thread 0x00000170c819c380 DEOPT UNPACKING pc=0x00000170d6f92b43 sp=0x00000024a39fbf58 mode 0
Event: 26.428 Thread 0x00000170c819c380 DEOPT PACKING pc=0x00000170d050fbc3 sp=0x00000024a39fcad0
Event: 26.428 Thread 0x00000170c819c380 DEOPT UNPACKING pc=0x00000170d6f92b43 sp=0x00000024a39fbf58 mode 0
Event: 26.428 Thread 0x00000170c819c380 DEOPT PACKING pc=0x00000170d050fbc3 sp=0x00000024a39fcad0
Event: 26.428 Thread 0x00000170c819c380 DEOPT UNPACKING pc=0x00000170d6f92b43 sp=0x00000024a39fbf58 mode 0
Event: 26.429 Thread 0x00000170c819c380 DEOPT PACKING pc=0x00000170d050fbc3 sp=0x00000024a39fcad0
Event: 26.429 Thread 0x00000170c819c380 DEOPT UNPACKING pc=0x00000170d6f92b43 sp=0x00000024a39fbf58 mode 0

Classes unloaded (0 events):
No events

Classes redefined (0 events):
No events

Internal exceptions (20 events):
Event: 26.363 Thread 0x00000170eb861bc0 Exception <a 'java/lang/ClassNotFoundException'{0x0000000084adcd48}: org/springframework/context/support/LiveBeansView> (0x0000000084adcd48) 
thrown [s\open\src\hotspot\share\classfile\systemDictionary.cpp, line 256]
Event: 26.363 Thread 0x00000170eb861bc0 Exception <a 'java/lang/ClassNotFoundException'{0x0000000084add0f8}: org/springframework/context/support/LiveBeansView> (0x0000000084add0f8) 
thrown [s\open\src\hotspot\share\classfile\systemDictionary.cpp, line 256]
Event: 26.363 Thread 0x00000170eb861bc0 Exception <a 'java/lang/ClassNotFoundException'{0x0000000084add4a0}: org/springframework/context/support/LiveBeansView> (0x0000000084add4a0) 
thrown [s\open\src\hotspot\share\classfile\systemDictionary.cpp, line 256]
Event: 26.363 Thread 0x00000170eb861bc0 Exception <a 'java/lang/ClassNotFoundException'{0x0000000084add860}: org/springframework/context/support/LiveBeansView> (0x0000000084add860) 
thrown [s\open\src\hotspot\share\classfile\systemDictionary.cpp, line 256]
Event: 26.363 Thread 0x00000170eb861bc0 Exception <a 'java/lang/ClassNotFoundException'{0x0000000084addc08}: org/springframework/context/support/LiveBeansView> (0x0000000084addc08) 
thrown [s\open\src\hotspot\share\classfile\systemDictionary.cpp, line 256]
Event: 26.363 Thread 0x00000170eb861bc0 Exception <a 'java/lang/ClassNotFoundException'{0x0000000084addfc8}: org/springframework/context/support/LiveBeansView> (0x0000000084addfc8) 
thrown [s\open\src\hotspot\share\classfile\systemDictionary.cpp, line 256]
Event: 26.363 Thread 0x00000170eb861bc0 Exception <a 'java/lang/ClassNotFoundException'{0x0000000084ade628}: org/springframework/context/support/LiveBeansView> (0x0000000084ade628) 
thrown [s\open\src\hotspot\share\classfile\systemDictionary.cpp, line 256]
Event: 26.363 Thread 0x00000170eb861bc0 Exception <a 'java/lang/ClassNotFoundException'{0x0000000084ade9d8}: org/springframework/context/support/LiveBeansView> (0x0000000084ade9d8) 
thrown [s\open\src\hotspot\share\classfile\systemDictionary.cpp, line 256]
Event: 26.363 Thread 0x00000170eb861bc0 Exception <a 'java/lang/ClassNotFoundException'{0x0000000084adeda0}: org/springframework/context/support/LiveBeansView> (0x0000000084adeda0) 
thrown [s\open\src\hotspot\share\classfile\systemDictionary.cpp, line 256]
Event: 26.363 Thread 0x00000170eb861bc0 Exception <a 'java/lang/ClassNotFoundException'{0x0000000084adf160}: org/springframework/context/support/LiveBeansView> (0x0000000084adf160) 
thrown [s\open\src\hotspot\share\classfile\systemDictionary.cpp, line 256]
Event: 26.363 Thread 0x00000170eb861bc0 Exception <a 'java/lang/ClassNotFoundException'{0x0000000084adf520}: org/springframework/context/support/LiveBeansView> (0x0000000084adf520) 
thrown [s\open\src\hotspot\share\classfile\systemDictionary.cpp, line 256]
Event: 26.363 Thread 0x00000170eb861bc0 Exception <a 'java/lang/ClassNotFoundException'{0x0000000084adf8e0}: org/springframework/context/support/LiveBeansView> (0x0000000084adf8e0) 
thrown [s\open\src\hotspot\share\classfile\systemDictionary.cpp, line 256]
Event: 26.363 Thread 0x00000170eb861bc0 Exception <a 'java/lang/ClassNotFoundException'{0x0000000084adfc80}: org/springframework/context/support/LiveBeansView> (0x0000000084adfc80) 
thrown [s\open\src\hotspot\share\classfile\systemDictionary.cpp, line 256]
Event: 26.363 Thread 0x00000170eb861bc0 Exception <a 'java/lang/ClassNotFoundException'{0x0000000084ae0038}: org/springframework/context/support/LiveBeansView> (0x0000000084ae0038) 
thrown [s\open\src\hotspot\share\classfile\systemDictionary.cpp, line 256]
Event: 26.363 Thread 0x00000170eb861bc0 Exception <a 'java/lang/ClassNotFoundException'{0x0000000084ae03e0}: org/springframework/context/support/LiveBeansView> (0x0000000084ae03e0) 
thrown [s\open\src\hotspot\share\classfile\systemDictionary.cpp, line 256]
Event: 26.367 Thread 0x00000170eb861bc0 Exception <a 'java/lang/ClassNotFoundException'{0x000000008492b318}: org/springframework/context/support/LiveBeansView> (0x000000008492b318) 
thrown [s\open\src\hotspot\share\classfile\systemDictionary.cpp, line 256]
Event: 26.367 Thread 0x00000170eb861bc0 Exception <a 'java/lang/ClassNotFoundException'{0x000000008492b6e0}: org/springframework/context/support/LiveBeansView> (0x000000008492b6e0) 
thrown [s\open\src\hotspot\share\classfile\systemDictionary.cpp, line 256]
Event: 26.367 Thread 0x00000170eb861bc0 Exception <a 'java/lang/ClassNotFoundException'{0x000000008492ba90}: org/springframework/context/support/LiveBeansView> (0x000000008492ba90) 
thrown [s\open\src\hotspot\share\classfile\systemDictionary.cpp, line 256]
Event: 26.367 Thread 0x00000170eb861bc0 Exception <a 'java/lang/ClassNotFoundException'{0x000000008492be40}: org/springframework/context/support/LiveBeansView> (0x000000008492be40) 
thrown [s\open\src\hotspot\share\classfile\systemDictionary.cpp, line 256]
Event: 26.369 Thread 0x00000170eb861bc0 Exception <a 'java/lang/reflect/InvocationTargetException'{0x000000008492f7e0}> (0x000000008492f7e0) 
thrown [s\open\src\hotspot\share\runtime\reflection.cpp, line 1121]

VM Operations (20 events):
Event: 20.257 Executing VM operation: G1CollectForAllocation
Event: 20.290 Executing VM operation: G1CollectForAllocation done
Event: 20.406 Executing VM operation: HandshakeAllThreads
Event: 20.406 Executing VM operation: HandshakeAllThreads done
Event: 20.792 Executing VM operation: HandshakeAllThreads
Event: 20.792 Executing VM operation: HandshakeAllThreads done
Event: 21.699 Executing VM operation: G1CollectForAllocation
Event: 21.702 Executing VM operation: G1CollectForAllocation done
Event: 22.702 Executing VM operation: Cleanup
Event: 22.707 Executing VM operation: Cleanup done
Event: 24.708 Executing VM operation: Cleanup
Event: 24.709 Executing VM operation: Cleanup done
Event: 25.722 Executing VM operation: Cleanup
Event: 25.722 Executing VM operation: Cleanup done
Event: 26.250 Executing VM operation: HandshakeAllThreads
Event: 26.251 Executing VM operation: HandshakeAllThreads done
Event: 26.268 Executing VM operation: HandshakeAllThreads
Event: 26.268 Executing VM operation: HandshakeAllThreads done
Event: 26.284 Executing VM operation: HandshakeAllThreads
Event: 26.284 Executing VM operation: HandshakeAllThreads done

Events (20 events):
Event: 26.302 loading class sun/nio/cs/ThreadLocalCoders$Cache done
Event: 26.302 loading class sun/nio/cs/ThreadLocalCoders$1 done
Event: 26.302 loading class sun/nio/cs/ThreadLocalCoders$2
Event: 26.302 loading class sun/nio/cs/ThreadLocalCoders$2 done
Event: 26.303 loading class javax/crypto/Mac
Event: 26.306 loading class javax/crypto/Mac done
Event: 26.306 loading class javax/crypto/MacSpi
Event: 26.307 loading class javax/crypto/MacSpi done
Event: 26.307 loading class com/sun/crypto/provider/HmacCore$HmacSHA256
Event: 26.307 loading class com/sun/crypto/provider/HmacCore
Event: 26.308 loading class com/sun/crypto/provider/HmacCore done
Event: 26.308 loading class com/sun/crypto/provider/HmacCore$HmacSHA256 done
Event: 26.308 loading class com/sun/crypto/provider/PBKDF2KeyImpl$1
Event: 26.309 loading class com/sun/crypto/provider/PBKDF2KeyImpl$1 done
Event: 26.451 loading class javax/crypto/spec/SecretKeySpec
Event: 26.453 loading class javax/crypto/spec/SecretKeySpec done
Event: 26.453 loading class javax/crypto/spec/SecretKeySpec$1
Event: 26.453 loading class jdk/internal/access/JavaxCryptoSpecAccess
Event: 26.466 loading class jdk/internal/access/JavaxCryptoSpecAccess done
Event: 26.466 loading class javax/crypto/spec/SecretKeySpec$1 done


Dynamic libraries:
0x00007ff6c7890000 - 0x00007ff6c78a0000 	C:\Program Files\Java\jdk-17\bin\java.exe
0x00007ffa7d1f0000 - 0x00007ffa7d407000 	C:\WINDOWS\SYSTEM32\ntdll.dll
0x00007ffa7cc10000 - 0x00007ffa7ccd4000 	C:\WINDOWS\System32\KERNEL32.DLL
0x00007ffa7a820000 - 0x00007ffa7abcc000 	C:\WINDOWS\System32\KERNELBASE.dll
0x00000000778b0000 - 0x0000000077be2000 	C:\Program Files\Norton Security\NortonData\22.21.8.62\Definitions\IPSDefs\20231229.064\IPSEng64.dll
0x00007ffa7cb50000 - 0x00007ffa7cc02000 	C:\WINDOWS\System32\ADVAPI32.dll
0x00007ffa7cd50000 - 0x00007ffa7cdf7000 	C:\WINDOWS\System32\msvcrt.dll
0x00007ffa7af80000 - 0x00007ffa7b028000 	C:\WINDOWS\System32\sechost.dll
0x00007ffa7acf0000 - 0x00007ffa7ad18000 	C:\WINDOWS\System32\bcrypt.dll
0x00007ffa7c020000 - 0x00007ffa7c135000 	C:\WINDOWS\System32\RPCRT4.dll
0x00007ffa7b8c0000 - 0x00007ffa7b8c8000 	C:\WINDOWS\System32\PSAPI.DLL
0x00007ffa7a5c0000 - 0x00007ffa7a6d1000 	C:\WINDOWS\System32\ucrtbase.dll
0x00007ffa67820000 - 0x00007ffa6783b000 	C:\Program Files\Java\jdk-17\bin\VCRUNTIME140.dll
0x00007ffa673a0000 - 0x00007ffa673b9000 	C:\Program Files\Java\jdk-17\bin\jli.dll
0x00007ffa7b030000 - 0x00007ffa7b1de000 	C:\WINDOWS\System32\USER32.dll
0x00007ffa605d0000 - 0x00007ffa60863000 	C:\WINDOWS\WinSxS\amd64_microsoft.windows.common-controls_6595b64144ccf1df_6.0.22621.3672_none_2713b9d173822955\COMCTL32.dll
0x00007ffa7a590000 - 0x00007ffa7a5b6000 	C:\WINDOWS\System32\win32u.dll
0x00007ffa7b8d0000 - 0x00007ffa7b8f9000 	C:\WINDOWS\System32\GDI32.dll
0x00007ffa7abd0000 - 0x00007ffa7ace9000 	C:\WINDOWS\System32\gdi32full.dll
0x00007ffa75ad0000 - 0x00007ffa75ada000 	C:\WINDOWS\SYSTEM32\VERSION.dll
0x00007ffa7ad20000 - 0x00007ffa7adba000 	C:\WINDOWS\System32\msvcp_win.dll
0x00007ffa7af30000 - 0x00007ffa7af61000 	C:\WINDOWS\System32\IMM32.DLL
0x00007ffa71e60000 - 0x00007ffa71e6c000 	C:\Program Files\Java\jdk-17\bin\vcruntime140_1.dll
0x00007ffa38ae0000 - 0x00007ffa38b6e000 	C:\Program Files\Java\jdk-17\bin\msvcp140.dll
0x00007ffa01da0000 - 0x00007ffa0297f000 	C:\Program Files\Java\jdk-17\bin\server\jvm.dll
0x00007ffa72b80000 - 0x00007ffa72b89000 	C:\WINDOWS\SYSTEM32\WSOCK32.dll
0x00007ffa743e0000 - 0x00007ffa74414000 	C:\WINDOWS\SYSTEM32\WINMM.dll
0x00007ffa7b900000 - 0x00007ffa7b971000 	C:\WINDOWS\System32\WS2_32.dll
0x00007ffa79600000 - 0x00007ffa79618000 	C:\WINDOWS\SYSTEM32\kernel.appcore.dll
0x00007ffa71f70000 - 0x00007ffa71f7a000 	C:\Program Files\Java\jdk-17\bin\jimage.dll
0x00007ffa778f0000 - 0x00007ffa77b22000 	C:\WINDOWS\SYSTEM32\DBGHELP.DLL
0x00007ffa7b2f0000 - 0x00007ffa7b678000 	C:\WINDOWS\System32\combase.dll
0x00007ffa7b680000 - 0x00007ffa7b757000 	C:\WINDOWS\System32\OLEAUT32.dll
0x00007ffa72b40000 - 0x00007ffa72b72000 	C:\WINDOWS\SYSTEM32\dbgcore.DLL
0x00007ffa7a6e0000 - 0x00007ffa7a75b000 	C:\WINDOWS\System32\bcryptPrimitives.dll
0x00007ffa64980000 - 0x00007ffa649bb000 	C:\Program Files\Java\jdk-17\bin\jdwp.dll
0x00007ffa605a0000 - 0x00007ffa605c5000 	C:\Program Files\Java\jdk-17\bin\java.dll
0x00007ffa35040000 - 0x00007ffa35117000 	C:\Program Files\Java\jdk-17\bin\jsvml.dll
0x00007ffa7c2f0000 - 0x00007ffa7cb4c000 	C:\WINDOWS\System32\SHELL32.dll
0x00007ffa78430000 - 0x00007ffa78d27000 	C:\WINDOWS\SYSTEM32\windows.storage.dll
0x00007ffa782f0000 - 0x00007ffa7842f000 	C:\WINDOWS\SYSTEM32\wintypes.dll
0x00007ffa7b980000 - 0x00007ffa7ba74000 	C:\WINDOWS\System32\SHCORE.dll
0x00007ffa7ce20000 - 0x00007ffa7ce7e000 	C:\WINDOWS\System32\shlwapi.dll
0x00007ffa7a450000 - 0x00007ffa7a471000 	C:\WINDOWS\SYSTEM32\profapi.dll
0x00007ffa71970000 - 0x00007ffa7197c000 	C:\Program Files\Java\jdk-17\bin\dt_socket.dll
0x00007ffa79000000 - 0x00007ffa7902d000 	C:\WINDOWS\SYSTEM32\IPHLPAPI.DLL
0x00007ffa79a60000 - 0x00007ffa79ac9000 	C:\WINDOWS\system32\mswsock.dll
0x00007ffa79070000 - 0x00007ffa79168000 	C:\WINDOWS\SYSTEM32\DNSAPI.dll
0x00007ffa7c010000 - 0x00007ffa7c019000 	C:\WINDOWS\System32\NSI.dll
0x00007ffa6f8c0000 - 0x00007ffa6f8ca000 	C:\Windows\System32\rasadhlp.dll
0x00007ffa75b80000 - 0x00007ffa75c03000 	C:\WINDOWS\System32\fwpuclnt.dll
0x00007ffa66f30000 - 0x00007ffa66f49000 	C:\Program Files\Java\jdk-17\bin\net.dll
0x00007ffa769c0000 - 0x00007ffa76af6000 	C:\WINDOWS\SYSTEM32\WINHTTP.dll
0x00007ffa669c0000 - 0x00007ffa669d6000 	C:\Program Files\Java\jdk-17\bin\nio.dll
0x00007ffa66320000 - 0x00007ffa66338000 	C:\Program Files\Java\jdk-17\bin\zip.dll
0x00007ffa71840000 - 0x00007ffa7184a000 	C:\Program Files\Java\jdk-17\bin\management.dll
0x00007ffa70710000 - 0x00007ffa7071b000 	C:\Program Files\Java\jdk-17\bin\management_ext.dll
0x00007ffa64040000 - 0x00007ffa64057000 	C:\WINDOWS\system32\napinsp.dll
0x00007ffa63200000 - 0x00007ffa6321b000 	C:\WINDOWS\system32\pnrpnsp.dll
0x00007ffa631e0000 - 0x00007ffa631f1000 	C:\WINDOWS\System32\winrnr.dll
0x00007ffa63000000 - 0x00007ffa63015000 	C:\WINDOWS\system32\wshbth.dll
0x00007ffa62f20000 - 0x00007ffa62f47000 	C:\WINDOWS\system32\nlansp_c.dll
0x00007ffa79ca0000 - 0x00007ffa79cbb000 	C:\WINDOWS\SYSTEM32\CRYPTSP.dll
0x00007ffa79560000 - 0x00007ffa79595000 	C:\WINDOWS\system32\rsaenh.dll
0x00007ffa79b10000 - 0x00007ffa79b38000 	C:\WINDOWS\SYSTEM32\USERENV.dll
0x00007ffa79c90000 - 0x00007ffa79c9c000 	C:\WINDOWS\SYSTEM32\CRYPTBASE.dll
0x00007ffa766a0000 - 0x00007ffa766b9000 	C:\WINDOWS\SYSTEM32\dhcpcsvc6.DLL
0x00007ffa76680000 - 0x00007ffa7669f000 	C:\WINDOWS\SYSTEM32\dhcpcsvc.DLL
0x00007ffa70430000 - 0x00007ffa7043e000 	C:\Program Files\Java\jdk-17\bin\sunmscapi.dll
0x00007ffa7adc0000 - 0x00007ffa7af27000 	C:\WINDOWS\System32\CRYPT32.dll
0x00007ffa79eb0000 - 0x00007ffa79ede000 	C:\WINDOWS\SYSTEM32\ncrypt.dll
0x00007ffa79e70000 - 0x00007ffa79ea7000 	C:\WINDOWS\SYSTEM32\NTASN1.dll
0x00007ffa6ea40000 - 0x00007ffa6ea50000 	C:\Program Files\Java\jdk-17\bin\verify.dll

dbghelp: loaded successfully - version: 4.0.5 - missing functions: none
symbol engine: initialized successfully - sym options: 0x614 - pdb path: .;C:\Program Files\Java\jdk-17\bin;C:\WINDOWS\SYSTEM32;C:\Program Files\Norton Security\NortonData\22.21.8.62\Definitions\IPSDefs\20231229.064;C:\WINDOWS\WinSxS\amd64_microsoft.windows.common-controls_6595b64144ccf1df_6.0.22621.3672_none_2713b9d173822955;C:\Program Files\Java\jdk-17\bin\server

VM Arguments:
jvm_args: -agentlib:jdwp=transport=dt_socket,server=n,suspend=y,address=localhost:56471 -XX:+ShowCodeDetailsInExceptionMessages -Dspring.jmx.enabled=true -Dmanagement.endpoints.jmx.exposure.include=* -Dspring.application.admin.enabled=true -Dspring.boot.project.name=foodwastereductionplatform -Djava.rmi.server.hostname=localhost -Dcom.sun.management.jmxremote.port=45556 -Dcom.sun.management.jmxremote.authenticate=false -Dcom.sun.management.jmxremote.ssl=false 
java_command: com.webapp.foodwastereductionplatform.FoodwastereductionplatformApplication
java_class_path (initial): D:\My Project home\foodwastereductionplatform\Backend\target\classes;C:\Users\sanke\.m2\repository\org\springframework\boot\spring-boot-starter-actuator\3.2.5\spring-boot-starter-actuator-3.2.5.jar;C:\Users\sanke\.m2\repository\org\springframework\boot\spring-boot-starter\3.2.5\spring-boot-starter-3.2.5.jar;C:\Users\sanke\.m2\repository\org\springframework\boot\spring-boot\3.2.5\spring-boot-3.2.5.jar;C:\Users\sanke\.m2\repository\org\springframework\boot\spring-boot-autoconfigure\3.2.5\spring-boot-autoconfigure-3.2.5.jar;C:\Users\sanke\.m2\repository\org\springframework\boot\spring-boot-starter-logging\3.2.5\spring-boot-starter-logging-3.2.5.jar;C:\Users\sanke\.m2\repository\ch\qos\logback\logback-classic\1.4.14\logback-classic-1.4.14.jar;C:\Users\sanke\.m2\repository\ch\qos\logback\logback-core\1.4.14\logback-core-1.4.14.jar;C:\Users\sanke\.m2\repository\org\apache\logging\log4j\log4j-to-slf4j\2.21.1\log4j-to-slf4j-2.21.1.jar;C:\Users\sanke\.m2\repository\org\apache\logging\log4j\log4j-api\2.21.1\log4j-api-2.21.1.jar;C:\Users\sanke\.m2\repository\org\slf4j\jul-to-slf4j\2.0.13\jul-to-slf4j-2.0.13.jar;C:\Users\sanke\.m2\repository\jakarta\annotation\jakarta.annotation-api\2.1.1\jakarta.annotation-api-2.1.1.jar;C:\Users\sanke\.m2\repository\org\yaml\snakeyaml\2.2\snakeyaml-2.2.jar;C:\Users\sanke\.m2\repository\org\springframework\boot\spring-boot-actuator-autoconfigure\3.2.5\spring-boot-actuator-autoconfigure-3.2.5.jar;C:\Users\sanke\.m2\repository\org\springframework\boot\spring-boot-actuator\3.2.5\spring-boot-actuator-3.2.5.jar;C:\Users\sanke\.m2\repository\com\fasterxml\jackson\datatype\jackson-datatype-jsr310\2.15.4\jackson-datatype-jsr310-2.15.4.jar;C:\Users\sanke\.m2\repository\io\micrometer\micrometer-observation\1.12.5\micrometer-observation-1.12.5.jar;C:\Users\sanke\.m2\repository\io\micrometer\micrometer-commons\1.12.5\micrometer-commons-1.12.5.jar;C:\Users\sanke\.m2\repository\io\micrometer\micrometer-jakarta9\1.12.5\micrometer-
Launcher Type: SUN_STANDARD

[Global flags]
     intx CICompilerCount                          = 4                                         {product} {ergonomic}
     uint ConcGCThreads                            = 2                                         {product} {ergonomic}
     uint G1ConcRefinementThreads                  = 8                                         {product} {ergonomic}
   size_t G1HeapRegionSize                         = 1048576                                   {product} {ergonomic}
    uintx GCDrainStackTargetSize                   = 64                                        {product} {ergonomic}
   size_t InitialHeapSize                          = 132120576                                 {product} {ergonomic}
     bool ManagementServer                         = true                                      {product} {command line}
   size_t MarkStackSize                            = 4194304                                   {product} {ergonomic}
   size_t MaxHeapSize                              = 2113929216                                {product} {ergonomic}
   size_t MaxNewSize                               = 1267728384                                {product} {ergonomic}
   size_t MinHeapDeltaBytes                        = 1048576                                   {product} {ergonomic}
   size_t MinHeapSize                              = 8388608                                   {product} {ergonomic}
    uintx NonNMethodCodeHeapSize                   = 5839372                                {pd product} {ergonomic}
    uintx NonProfiledCodeHeapSize                  = 122909434                              {pd product} {ergonomic}
    uintx ProfiledCodeHeapSize                     = 122909434                              {pd product} {ergonomic}
    uintx ReservedCodeCacheSize                    = 251658240                              {pd product} {ergonomic}
     bool SegmentedCodeCache                       = true                                      {product} {ergonomic}
     bool ShowCodeDetailsInExceptionMessages       = true                                   {manageable} {command line}
   size_t SoftMaxHeapSize                          = 2113929216                             {manageable} {ergonomic}
     bool UseCompressedClassPointers               = true                           {product lp64_product} {ergonomic}
     bool UseCompressedOops                        = true                           {product lp64_product} {ergonomic}
     bool UseG1GC                                  = true                                      {product} {ergonomic}
     bool UseLargePagesIndividualAllocation        = false                                  {pd product} {ergonomic}

Logging:
Log output configuration:
 #0: stdout all=warning uptime,level,tags
 #1: stderr all=off uptime,level,tags

Environment Variables:
PATH=C:\Program Files\Common Files\Oracle\Java\javapath;C:\Windows\system32;C:\Windows;C:\Windows\System32\Wbem;C:\Windows\System32\WindowsPowerShell\v1.0\;C:\Windows\System32\OpenSSH\;C:\Program Files (x86)\NVIDIA Corporation\PhysX\Common;C:\Program Files\NVIDIA Corporation\NVIDIA NvDLISR;C:\WINDOWS\system32;C:\WINDOWS;C:\WINDOWS\System32\Wbem;C:\WINDOWS\System32\WindowsPowerShell\v1.0\;C:\WINDOWS\System32\OpenSSH\;D:\New applications\Matlab\runtime\win64;D:\New applications\Matlab\bin;C:\Program Files\dotnet\;C:\Program Files\nodejs\;C:\Program Files\Git\cmd;C:\Program Files\Docker\Docker\resources\bin;C:\Program Files\MySQL\MySQL Shell 8.0\bin\;C:\Users\sanke\AppData\Local\Microsoft\WindowsApps;C:\Program Files (x86)\Brackets\;C:\Users\sanke\AppData\Local\Programs\Microsoft VS Code\bin;C:\ProgramData\sanke\atom\bin;C:\Users\sanke\AppData\Local\Programs\Hyper\resources\bin;C:\Program Files\heroku\bin;C:\Users\sanke\AppData\Local\Microsoft\WindowsApps;D:\mongosh-1.6.0-win32-x64\mongosh-1.6.0-win32-x64;C:\Users\sanke\AppData\Roaming\npm;D:\New applications\IntelliJ IDEA 2023.1.3\bin;;C:\dev\apache-maven-3.9.6\bin;
USERNAME=sanke
LANG=en_US.UTF-8
OS=Windows_NT
PROCESSOR_IDENTIFIER=Intel64 Family 6 Model 165 Stepping 2, GenuineIntel



---------------  S Y S T E M  ---------------

OS:
 Windows 11 , 64 bit Build 22621 (10.0.22621.3672)
OS uptime: 29 days 13:25 hours
Hyper-V role detected

CPU: total 8 (initial active 8) (4 cores per cpu, 2 threads per core) family 6 model 165 stepping 2 microcode 0xea, cx8, cmov, fxsr, ht, mmx, 3dnowpref, sse, sse2, sse3, ssse3, sse4.1, sse4.2, popcnt, lzcnt, tsc, tscinvbit, avx, avx2, aes, erms, clmul, bmi1, bmi2, adx, fma, vzeroupper, clflush, clflushopt, hv

Memory: 4k page, system-wide physical 8059M (171M free)
TotalPageFile size 32635M (AvailPageFile size 83M)
current process WorkingSet (physical memory assigned to process): 192M, peak: 231M
current process commit charge ("private bytes"): 239M, peak: 269M

vm_info: Java HotSpot(TM) 64-Bit Server VM (17.0.10+11-LTS-240) for windows-amd64 JRE (17.0.10+11-LTS-240), built on Dec 19 2023 21:47:25 by "mach5one" with MS VC++ 17.1 (VS2022)

END.
