#
# There is insufficient memory for the Java Runtime Environment to continue.
# Native memory allocation (malloc) failed to allocate 1737312 bytes for Chunk::new
# Possible reasons:
#   The system is out of physical RAM or swap space
#   The process is running with CompressedOops enabled, and the Java Heap may be blocking the growth of the native heap
# Possible solutions:
#   Reduce memory load on the system
#   Increase physical memory or swap space
#   Check if swap backing store is full
#   Decrease Java heap size (-Xmx/-Xms)
#   Decrease number of Java threads
#   Decrease Java thread stack sizes (-Xss)
#   Set larger code cache with -XX:ReservedCodeCacheSize=
#   JVM is running with Unscaled Compressed Oops mode in which the Java heap is
#     placed in the first 4GB address space. The Java Heap base address is the
#     maximum limit for the native heap growth. Please use -XX:HeapBaseMinAddress
#     to set the Java Heap base and to place the Java Heap above 4GB virtual address.
# This output file may be truncated or incomplete.
#
#  Out of Memory Error (arena.cpp:189), pid=14180, tid=34604
#
# JRE version: Java(TM) SE Runtime Environment (17.0.10+11) (build 17.0.10+11-LTS-240)
# Java VM: Java HotSpot(TM) 64-Bit Server VM (17.0.10+11-LTS-240, mixed mode, sharing, tiered, compressed oops, compressed class ptrs, g1 gc, windows-amd64)
# No core dump will be written. Minidumps are not enabled by default on client versions of Windows
#

---------------  S U M M A R Y ------------

Command Line: -XX:+ShowCodeDetailsInExceptionMessages -Dspring.jmx.enabled=true -Dmanagement.endpoints.jmx.exposure.include=* -Dspring.application.admin.enabled=true -Dspring.boot.project.name=foodwastereductionplatform -Djava.rmi.server.hostname=localhost -Dcom.sun.management.jmxremote.port=45558 -Dcom.sun.management.jmxremote.authenticate=false -Dcom.sun.management.jmxremote.ssl=false com.webapp.foodwastereductionplatform.FoodwastereductionplatformApplication

Host: Intel(R) Core(TM) i5-10300H CPU @ 2.50GHz, 8 cores, 7G,  Windows 11 , 64 bit Build 22621 (10.0.22621.3672)
Time: Fri Jun 14 11:34:37 2024 W. Europe Daylight Time elapsed time: 7.809034 seconds (0d 0h 0m 7s)

---------------  T H R E A D  ---------------

Current thread (0x00000234b24aa470):  JavaThread "C2 CompilerThread0" daemon [_thread_in_native, id=34604, stack(0x00000052bf200000,0x00000052bf300000)]


Current CompileTask:
C2:   7809 5992   !   4       org.springframework.core.annotation.AnnotationsScanner::processMethodHierarchy (276 bytes)

Stack: [0x00000052bf200000,0x00000052bf300000]
Native frames: (J=compiled Java code, j=interpreted, Vv=VM code, C=native code)
V  [jvm.dll+0x677a5a]
V  [jvm.dll+0x7d8b2d]
V  [jvm.dll+0x7da48e]
V  [jvm.dll+0x7daaf3]
V  [jvm.dll+0x2455ff]
V  [jvm.dll+0xaaafb]
V  [jvm.dll+0xab09c]
V  [jvm.dll+0x361bae]
V  [jvm.dll+0x32c211]
V  [jvm.dll+0x32b6aa]
V  [jvm.dll+0x21794f]
V  [jvm.dll+0x216d81]
V  [jvm.dll+0x1a3410]
V  [jvm.dll+0x226aeb]
V  [jvm.dll+0x224cab]
V  [jvm.dll+0x78e45c]
V  [jvm.dll+0x78888a]
V  [jvm.dll+0x676935]
C  [ucrtbase.dll+0x29333]
C  [KERNEL32.DLL+0x1257d]
C  [ntdll.dll+0x5aa48]


---------------  P R O C E S S  ---------------

Threads class SMR info:
_java_thread_list=0x00000234fd5e6470, length=23, elements={
0x00000234943d12b0, 0x00000234b247f510, 0x00000234b2480390, 0x00000234b249cb00,
0x00000234b249d6c0, 0x00000234b24a2f50, 0x00000234b24a6500, 0x00000234b24aa470,
0x00000234b24ad940, 0x00000234b24b91d0, 0x00000234b26b4200, 0x00000234b2724750,
0x00000234f8346ea0, 0x00000234f833d080, 0x00000234f8405f10, 0x00000234fa1be5e0,
0x00000234fa1beaf0, 0x00000234fa1bf510, 0x00000234fa1bfa20, 0x00000234fa1bff30,
0x00000234fc0ca8a0, 0x00000234fbbc1000, 0x00000234fbbc1550
}

Java Threads: ( => current thread )
  0x00000234943d12b0 JavaThread "main" [_thread_in_vm, id=29860, stack(0x00000052be500000,0x00000052be600000)]
  0x00000234b247f510 JavaThread "Reference Handler" daemon [_thread_blocked, id=27596, stack(0x00000052bec00000,0x00000052bed00000)]
  0x00000234b2480390 JavaThread "Finalizer" daemon [_thread_blocked, id=32956, stack(0x00000052bed00000,0x00000052bee00000)]
  0x00000234b249cb00 JavaThread "Signal Dispatcher" daemon [_thread_blocked, id=32676, stack(0x00000052bee00000,0x00000052bef00000)]
  0x00000234b249d6c0 JavaThread "Attach Listener" daemon [_thread_blocked, id=22808, stack(0x00000052bef00000,0x00000052bf000000)]
  0x00000234b24a2f50 JavaThread "Service Thread" daemon [_thread_blocked, id=13220, stack(0x00000052bf000000,0x00000052bf100000)]
  0x00000234b24a6500 JavaThread "Monitor Deflation Thread" daemon [_thread_blocked, id=27892, stack(0x00000052bf100000,0x00000052bf200000)]
=>0x00000234b24aa470 JavaThread "C2 CompilerThread0" daemon [_thread_in_native, id=34604, stack(0x00000052bf200000,0x00000052bf300000)]
  0x00000234b24ad940 JavaThread "C1 CompilerThread0" daemon [_thread_blocked, id=26176, stack(0x00000052bf300000,0x00000052bf400000)]
  0x00000234b24b91d0 JavaThread "Sweeper thread" daemon [_thread_blocked, id=11232, stack(0x00000052bf400000,0x00000052bf500000)]
  0x00000234b26b4200 JavaThread "Common-Cleaner" daemon [_thread_blocked, id=22892, stack(0x00000052bf500000,0x00000052bf600000)]
  0x00000234b2724750 JavaThread "Notification Thread" daemon [_thread_blocked, id=24820, stack(0x00000052bf600000,0x00000052bf700000)]
  0x00000234f8346ea0 JavaThread "RMI TCP Accept-0" daemon [_thread_in_native, id=16600, stack(0x00000052bf800000,0x00000052bf900000)]
  0x00000234f833d080 JavaThread "RMI TCP Accept-45558" daemon [_thread_in_native, id=12596, stack(0x00000052bf900000,0x00000052bfa00000)]
  0x00000234f8405f10 JavaThread "RMI TCP Accept-0" daemon [_thread_in_native, id=29444, stack(0x00000052bfa00000,0x00000052bfb00000)]
  0x00000234fa1be5e0 JavaThread "Catalina-utility-1" [_thread_blocked, id=26540, stack(0x00000052c0700000,0x00000052c0800000)]
  0x00000234fa1beaf0 JavaThread "Catalina-utility-2" [_thread_blocked, id=9764, stack(0x00000052c0800000,0x00000052c0900000)]
  0x00000234fa1bf510 JavaThread "container-0" [_thread_blocked, id=32832, stack(0x00000052c0900000,0x00000052c0a00000)]
  0x00000234fa1bfa20 JavaThread "PostgreSQL-JDBC-Cleaner" daemon [_thread_blocked, id=9272, stack(0x00000052c0b00000,0x00000052c0c00000)]
  0x00000234fa1bff30 JavaThread "HikariPool-1 housekeeper" daemon [_thread_blocked, id=28684, stack(0x00000052c0c00000,0x00000052c0d00000)]
  0x00000234fc0ca8a0 JavaThread "HikariPool-1 connection adder" daemon [_thread_blocked, id=32892, stack(0x00000052c0d00000,0x00000052c0e00000)]
  0x00000234fbbc1000 JavaThread "C2 CompilerThread1" daemon [_thread_in_native, id=26500, stack(0x00000052bf700000,0x00000052bf800000)]
  0x00000234fbbc1550 JavaThread "C2 CompilerThread2" daemon [_thread_in_native, id=26320, stack(0x00000052c0600000,0x00000052c0700000)]

Other Threads:
  0x00000234b2478550 VMThread "VM Thread" [stack: 0x00000052beb00000,0x00000052bec00000] [id=9572]
  0x0000023494457170 WatcherThread [stack: 0x00000052bfb00000,0x00000052bfc00000] [id=16440]
  0x00000234944330a0 GCTaskThread "GC Thread#0" [stack: 0x00000052be600000,0x00000052be700000] [id=30684]
  0x00000234f8897ea0 GCTaskThread "GC Thread#1" [stack: 0x00000052bfc00000,0x00000052bfd00000] [id=17756]
  0x00000234f8898160 GCTaskThread "GC Thread#2" [stack: 0x00000052bfd00000,0x00000052bfe00000] [id=9388]
  0x00000234f881e3d0 GCTaskThread "GC Thread#3" [stack: 0x00000052bfe00000,0x00000052bff00000] [id=33040]
  0x00000234f8895bc0 GCTaskThread "GC Thread#4" [stack: 0x00000052bff00000,0x00000052c0000000] [id=17712]
  0x00000234f87fecc0 GCTaskThread "GC Thread#5" [stack: 0x00000052c0000000,0x00000052c0100000] [id=32888]
  0x00000234f87f90d0 GCTaskThread "GC Thread#6" [stack: 0x00000052c0100000,0x00000052c0200000] [id=11460]
  0x00000234f86f7c20 GCTaskThread "GC Thread#7" [stack: 0x00000052c0200000,0x00000052c0300000] [id=15596]
  0x0000023494444d50 ConcurrentGCThread "G1 Main Marker" [stack: 0x00000052be700000,0x00000052be800000] [id=33504]
  0x0000023494445b30 ConcurrentGCThread "G1 Conc#0" [stack: 0x00000052be800000,0x00000052be900000] [id=8200]
  0x00000234f9e19000 ConcurrentGCThread "G1 Conc#1" [stack: 0x00000052c0500000,0x00000052c0600000] [id=19596]
  0x00000234b2332160 ConcurrentGCThread "G1 Refine#0" [stack: 0x00000052be900000,0x00000052bea00000] [id=22108]
  0x00000234f85a1a40 ConcurrentGCThread "G1 Refine#1" [stack: 0x00000052c0300000,0x00000052c0400000] [id=3824]
  0x00000234f85a1d30 ConcurrentGCThread "G1 Refine#2" [stack: 0x00000052c0400000,0x00000052c0500000] [id=19908]
  0x00000234b23329a0 ConcurrentGCThread "G1 Service" [stack: 0x00000052bea00000,0x00000052beb00000] [id=24080]

Threads with active compile tasks:
C2 CompilerThread0     7856 5992   !   4       org.springframework.core.annotation.AnnotationsScanner::processMethodHierarchy (276 bytes)
C2 CompilerThread1     7856 5951       4       org.springframework.core.annotation.AnnotationsScanner::scan (21 bytes)
C2 CompilerThread2     7856 5957       4       org.springframework.core.annotation.AnnotationsScanner::process (55 bytes)

VM state: not at safepoint (normal execution)

VM Mutex/Monitor currently owned by a thread: None

Heap address: 0x0000000082000000, size: 2016 MB, Compressed Oops mode: 32-bit

CDS archive(s) mapped at: [0x00000234b3000000-0x00000234b3bd0000-0x00000234b3bd0000), size 12386304, SharedBaseAddress: 0x00000234b3000000, ArchiveRelocationMode: 1.
Compressed class space mapped at: 0x00000234b4000000-0x00000234f4000000, reserved size: 1073741824
Narrow klass base: 0x00000234b3000000, Narrow klass shift: 0, Narrow klass range: 0x100000000

GC Precious Log:
 CPUs: 8 total, 8 available
 Memory: 8059M
 Large Page Support: Disabled
 NUMA Support: Disabled
 Compressed Oops: Enabled (32-bit)
 Heap Region Size: 1M
 Heap Min Capacity: 8M
 Heap Initial Capacity: 126M
 Heap Max Capacity: 2016M
 Pre-touch: Disabled
 Parallel Workers: 8
 Concurrent Workers: 2
 Concurrent Refinement Workers: 8
 Periodic GC: Disabled

Heap:
 garbage-first heap   total 81920K, used 56284K [0x0000000082000000, 0x0000000100000000)
  region size 1024K, 32 young (32768K), 3 survivors (3072K)
 Metaspace       used 63712K, committed 64320K, reserved 1114112K
  class space    used 8663K, committed 8960K, reserved 1048576K

Heap Regions: E=young(eden), S=young(survivor), O=old, HS=humongous(starts), HC=humongous(continues), CS=collection set, F=free, OA=open archive, CA=closed archive, TAMS=top-at-mark-start (previous, next)
|   0|0x0000000082000000, 0x0000000082100000, 0x0000000082100000|100%|HS|  |TAMS 0x0000000082100000, 0x0000000082000000| Complete 
|   1|0x0000000082100000, 0x0000000082200000, 0x0000000082200000|100%| O|  |TAMS 0x0000000082200000, 0x0000000082100000| Untracked 
|   2|0x0000000082200000, 0x0000000082300000, 0x0000000082300000|100%| O|  |TAMS 0x0000000082300000, 0x0000000082200000| Untracked 
|   3|0x0000000082300000, 0x0000000082400000, 0x0000000082400000|100%| O|  |TAMS 0x0000000082400000, 0x0000000082300000| Untracked 
|   4|0x0000000082400000, 0x0000000082500000, 0x0000000082500000|100%| O|  |TAMS 0x0000000082500000, 0x0000000082400000| Untracked 
|   5|0x0000000082500000, 0x0000000082600000, 0x0000000082600000|100%| O|  |TAMS 0x0000000082600000, 0x0000000082500000| Untracked 
|   6|0x0000000082600000, 0x0000000082700000, 0x0000000082700000|100%| O|  |TAMS 0x0000000082700000, 0x0000000082600000| Untracked 
|   7|0x0000000082700000, 0x0000000082800000, 0x0000000082800000|100%| O|  |TAMS 0x0000000082800000, 0x0000000082700000| Untracked 
|   8|0x0000000082800000, 0x0000000082900000, 0x0000000082900000|100%| O|  |TAMS 0x0000000082900000, 0x0000000082800000| Untracked 
|   9|0x0000000082900000, 0x0000000082a00000, 0x0000000082a00000|100%| O|  |TAMS 0x0000000082a00000, 0x0000000082900000| Untracked 
|  10|0x0000000082a00000, 0x0000000082b00000, 0x0000000082b00000|100%| O|  |TAMS 0x0000000082b00000, 0x0000000082a00000| Untracked 
|  11|0x0000000082b00000, 0x0000000082c00000, 0x0000000082c00000|100%| O|  |TAMS 0x0000000082c00000, 0x0000000082b00000| Untracked 
|  12|0x0000000082c00000, 0x0000000082d00000, 0x0000000082d00000|100%| O|  |TAMS 0x0000000082d00000, 0x0000000082c00000| Untracked 
|  13|0x0000000082d00000, 0x0000000082e00000, 0x0000000082e00000|100%| O|  |TAMS 0x0000000082e00000, 0x0000000082d00000| Untracked 
|  14|0x0000000082e00000, 0x0000000082f00000, 0x0000000082f00000|100%| O|  |TAMS 0x0000000082f00000, 0x0000000082e00000| Untracked 
|  15|0x0000000082f00000, 0x0000000083000000, 0x0000000083000000|100%| O|  |TAMS 0x0000000083000000, 0x0000000082f00000| Complete 
|  16|0x0000000083000000, 0x0000000083100000, 0x0000000083100000|100%| O|  |TAMS 0x0000000083100000, 0x0000000083000000| Untracked 
|  17|0x0000000083100000, 0x0000000083100000, 0x0000000083200000|  0%| F|  |TAMS 0x0000000083100000, 0x0000000083100000| Untracked 
|  18|0x0000000083200000, 0x0000000083300000, 0x0000000083300000|100%| O|  |TAMS 0x0000000083300000, 0x0000000083200000| Untracked 
|  19|0x0000000083300000, 0x0000000083400000, 0x0000000083400000|100%| O|  |TAMS 0x0000000083400000, 0x0000000083300000| Untracked 
|  20|0x0000000083400000, 0x0000000083500000, 0x0000000083500000|100%| O|  |TAMS 0x0000000083500000, 0x0000000083400000| Untracked 
|  21|0x0000000083500000, 0x0000000083600000, 0x0000000083600000|100%| O|  |TAMS 0x0000000083600000, 0x0000000083500000| Untracked 
|  22|0x0000000083600000, 0x0000000083700000, 0x0000000083700000|100%| O|  |TAMS 0x0000000083700000, 0x0000000083600000| Untracked 
|  23|0x0000000083700000, 0x0000000083800000, 0x0000000083800000|100%| O|  |TAMS 0x0000000083800000, 0x0000000083700000| Untracked 
|  24|0x0000000083800000, 0x0000000083900000, 0x0000000083900000|100%| O|  |TAMS 0x0000000083900000, 0x0000000083800000| Untracked 
|  25|0x0000000083900000, 0x0000000083900000, 0x0000000083a00000|  0%| F|  |TAMS 0x0000000083900000, 0x0000000083900000| Untracked 
|  26|0x0000000083a00000, 0x0000000083a00000, 0x0000000083b00000|  0%| F|  |TAMS 0x0000000083a00000, 0x0000000083a00000| Untracked 
|  27|0x0000000083b00000, 0x0000000083b00000, 0x0000000083c00000|  0%| F|  |TAMS 0x0000000083b00000, 0x0000000083b00000| Untracked 
|  28|0x0000000083c00000, 0x0000000083c00000, 0x0000000083d00000|  0%| F|  |TAMS 0x0000000083c00000, 0x0000000083c00000| Untracked 
|  29|0x0000000083d00000, 0x0000000083d00000, 0x0000000083e00000|  0%| F|  |TAMS 0x0000000083d00000, 0x0000000083d00000| Untracked 
|  30|0x0000000083e00000, 0x0000000083e00000, 0x0000000083f00000|  0%| F|  |TAMS 0x0000000083e00000, 0x0000000083e00000| Untracked 
|  31|0x0000000083f00000, 0x0000000083f00000, 0x0000000084000000|  0%| F|  |TAMS 0x0000000083f00000, 0x0000000083f00000| Untracked 
|  32|0x0000000084000000, 0x0000000084000000, 0x0000000084100000|  0%| F|  |TAMS 0x0000000084000000, 0x0000000084000000| Untracked 
|  33|0x0000000084100000, 0x0000000084100000, 0x0000000084200000|  0%| F|  |TAMS 0x0000000084100000, 0x0000000084100000| Untracked 
|  34|0x0000000084200000, 0x0000000084200000, 0x0000000084300000|  0%| F|  |TAMS 0x0000000084200000, 0x0000000084200000| Untracked 
|  35|0x0000000084300000, 0x0000000084300000, 0x0000000084400000|  0%| F|  |TAMS 0x0000000084300000, 0x0000000084300000| Untracked 
|  36|0x0000000084400000, 0x0000000084400000, 0x0000000084500000|  0%| F|  |TAMS 0x0000000084400000, 0x0000000084400000| Untracked 
|  37|0x0000000084500000, 0x0000000084500000, 0x0000000084600000|  0%| F|  |TAMS 0x0000000084500000, 0x0000000084500000| Untracked 
|  38|0x0000000084600000, 0x0000000084600000, 0x0000000084700000|  0%| F|  |TAMS 0x0000000084600000, 0x0000000084600000| Untracked 
|  39|0x0000000084700000, 0x0000000084700000, 0x0000000084800000|  0%| F|  |TAMS 0x0000000084700000, 0x0000000084700000| Untracked 
|  40|0x0000000084800000, 0x0000000084800000, 0x0000000084900000|  0%| F|  |TAMS 0x0000000084800000, 0x0000000084800000| Untracked 
|  41|0x0000000084900000, 0x0000000084900000, 0x0000000084a00000|  0%| F|  |TAMS 0x0000000084900000, 0x0000000084900000| Untracked 
|  42|0x0000000084a00000, 0x0000000084a00000, 0x0000000084b00000|  0%| F|  |TAMS 0x0000000084a00000, 0x0000000084a00000| Untracked 
|  43|0x0000000084b00000, 0x0000000084b00000, 0x0000000084c00000|  0%| F|  |TAMS 0x0000000084b00000, 0x0000000084b00000| Untracked 
|  44|0x0000000084c00000, 0x0000000084c00000, 0x0000000084d00000|  0%| F|  |TAMS 0x0000000084c00000, 0x0000000084c00000| Untracked 
|  45|0x0000000084d00000, 0x0000000084d00000, 0x0000000084e00000|  0%| F|  |TAMS 0x0000000084d00000, 0x0000000084d00000| Untracked 
|  46|0x0000000084e00000, 0x0000000084e00000, 0x0000000084f00000|  0%| F|  |TAMS 0x0000000084e00000, 0x0000000084e00000| Untracked 
|  47|0x0000000084f00000, 0x0000000084f00000, 0x0000000085000000|  0%| F|  |TAMS 0x0000000084f00000, 0x0000000084f00000| Untracked 
|  48|0x0000000085000000, 0x0000000085100000, 0x0000000085100000|100%| E|  |TAMS 0x0000000085000000, 0x0000000085000000| Complete 
|  49|0x0000000085100000, 0x0000000085200000, 0x0000000085200000|100%| E|CS|TAMS 0x0000000085100000, 0x0000000085100000| Complete 
|  50|0x0000000085200000, 0x0000000085300000, 0x0000000085300000|100%| E|CS|TAMS 0x0000000085200000, 0x0000000085200000| Complete 
|  51|0x0000000085300000, 0x0000000085400000, 0x0000000085400000|100%| E|CS|TAMS 0x0000000085300000, 0x0000000085300000| Complete 
|  52|0x0000000085400000, 0x0000000085500000, 0x0000000085500000|100%| E|CS|TAMS 0x0000000085400000, 0x0000000085400000| Complete 
|  53|0x0000000085500000, 0x0000000085600000, 0x0000000085600000|100%| E|CS|TAMS 0x0000000085500000, 0x0000000085500000| Complete 
|  54|0x0000000085600000, 0x0000000085700000, 0x0000000085700000|100%| E|CS|TAMS 0x0000000085600000, 0x0000000085600000| Complete 
|  55|0x0000000085700000, 0x00000000857f7120, 0x0000000085800000| 96%| S|CS|TAMS 0x0000000085700000, 0x0000000085700000| Complete 
|  56|0x0000000085800000, 0x0000000085900000, 0x0000000085900000|100%| S|CS|TAMS 0x0000000085800000, 0x0000000085800000| Complete 
|  57|0x0000000085900000, 0x0000000085a00000, 0x0000000085a00000|100%| S|CS|TAMS 0x0000000085900000, 0x0000000085900000| Complete 
|  58|0x0000000085a00000, 0x0000000085b00000, 0x0000000085b00000|100%| E|CS|TAMS 0x0000000085a00000, 0x0000000085a00000| Complete 
|  59|0x0000000085b00000, 0x0000000085c00000, 0x0000000085c00000|100%| E|CS|TAMS 0x0000000085b00000, 0x0000000085b00000| Complete 
|  60|0x0000000085c00000, 0x0000000085d00000, 0x0000000085d00000|100%| E|CS|TAMS 0x0000000085c00000, 0x0000000085c00000| Complete 
|  61|0x0000000085d00000, 0x0000000085e00000, 0x0000000085e00000|100%| E|CS|TAMS 0x0000000085d00000, 0x0000000085d00000| Complete 
|  62|0x0000000085e00000, 0x0000000085f00000, 0x0000000085f00000|100%| E|CS|TAMS 0x0000000085e00000, 0x0000000085e00000| Complete 
|  63|0x0000000085f00000, 0x0000000086000000, 0x0000000086000000|100%| E|CS|TAMS 0x0000000085f00000, 0x0000000085f00000| Complete 
|  64|0x0000000086000000, 0x0000000086100000, 0x0000000086100000|100%| E|CS|TAMS 0x0000000086000000, 0x0000000086000000| Complete 
|  65|0x0000000086100000, 0x0000000086200000, 0x0000000086200000|100%| E|CS|TAMS 0x0000000086100000, 0x0000000086100000| Complete 
|  66|0x0000000086200000, 0x0000000086300000, 0x0000000086300000|100%| E|CS|TAMS 0x0000000086200000, 0x0000000086200000| Complete 
|  67|0x0000000086300000, 0x0000000086400000, 0x0000000086400000|100%| E|CS|TAMS 0x0000000086300000, 0x0000000086300000| Complete 
|  68|0x0000000086400000, 0x0000000086500000, 0x0000000086500000|100%| E|CS|TAMS 0x0000000086400000, 0x0000000086400000| Complete 
|  69|0x0000000086500000, 0x0000000086600000, 0x0000000086600000|100%| E|CS|TAMS 0x0000000086500000, 0x0000000086500000| Complete 
|  70|0x0000000086600000, 0x0000000086700000, 0x0000000086700000|100%| E|CS|TAMS 0x0000000086600000, 0x0000000086600000| Complete 
|  71|0x0000000086700000, 0x0000000086800000, 0x0000000086800000|100%| E|CS|TAMS 0x0000000086700000, 0x0000000086700000| Complete 
|  72|0x0000000086800000, 0x0000000086900000, 0x0000000086900000|100%| E|CS|TAMS 0x0000000086800000, 0x0000000086800000| Complete 
|  73|0x0000000086900000, 0x0000000086a00000, 0x0000000086a00000|100%| E|CS|TAMS 0x0000000086900000, 0x0000000086900000| Complete 
|  74|0x0000000086a00000, 0x0000000086b00000, 0x0000000086b00000|100%| E|CS|TAMS 0x0000000086a00000, 0x0000000086a00000| Complete 
|  90|0x0000000087a00000, 0x0000000087b00000, 0x0000000087b00000|100%| E|CS|TAMS 0x0000000087a00000, 0x0000000087a00000| Complete 
|  91|0x0000000087b00000, 0x0000000087c00000, 0x0000000087c00000|100%| E|CS|TAMS 0x0000000087b00000, 0x0000000087b00000| Complete 
|  92|0x0000000087c00000, 0x0000000087d00000, 0x0000000087d00000|100%| E|CS|TAMS 0x0000000087c00000, 0x0000000087c00000| Complete 
|  93|0x0000000087d00000, 0x0000000087e00000, 0x0000000087e00000|100%| E|CS|TAMS 0x0000000087d00000, 0x0000000087d00000| Complete 
| 125|0x0000000089d00000, 0x0000000089e00000, 0x0000000089e00000|100%| E|CS|TAMS 0x0000000089d00000, 0x0000000089d00000| Complete 

Card table byte_map: [0x00000234ab370000,0x00000234ab760000] _byte_map_base: 0x00000234aaf60000

Marking Bits (Prev, Next): (CMBitMap*) 0x0000023494434710, (CMBitMap*) 0x00000234944346d0
 Prev Bits: [0x00000234adad0000, 0x00000234afa50000)
 Next Bits: [0x00000234abb50000, 0x00000234adad0000)

Polling page: 0x0000023493b70000

Metaspace:

Usage:
  Non-class:     53.97 MB used.
      Class:      8.49 MB used.
       Both:     62.47 MB used.

Virtual space:
  Non-class space:       64.00 MB reserved,      54.25 MB ( 85%) committed,  1 nodes.
      Class space:        1.00 GB reserved,       8.75 MB ( <1%) committed,  1 nodes.
             Both:        1.06 GB reserved,      63.00 MB (  6%) committed. 

Chunk freelists:
   Non-Class:  9.08 MB
       Class:  7.20 MB
        Both:  16.28 MB

MaxMetaspaceSize: unlimited
CompressedClassSpaceSize: 1.00 GB
Initial GC threshold: 21.00 MB
Current GC threshold: 98.69 MB
CDS: on
MetaspaceReclaimPolicy: balanced
 - commit_granule_bytes: 65536.
 - commit_granule_words: 8192.
 - virtual_space_node_default_size: 8388608.
 - enlarge_chunks_in_place: 1.
 - new_chunks_are_fully_committed: 0.
 - uncommit_free_chunks: 1.
 - use_allocation_guard: 0.
 - handle_deallocations: 1.


Internal statistics:

num_allocs_failed_limit: 9.
num_arena_births: 760.
num_arena_deaths: 0.
num_vsnodes_births: 2.
num_vsnodes_deaths: 0.
num_space_committed: 1008.
num_space_uncommitted: 0.
num_chunks_returned_to_freelist: 9.
num_chunks_taken_from_freelist: 3079.
num_chunk_merges: 9.
num_chunk_splits: 2233.
num_chunks_enlarged: 1743.
num_inconsistent_stats: 0.

CodeHeap 'non-profiled nmethods': size=120000Kb used=3958Kb max_used=3958Kb free=116041Kb
 bounds [0x00000234a3720000, 0x00000234a3b00000, 0x00000234aac50000]
CodeHeap 'profiled nmethods': size=120000Kb used=10880Kb max_used=10880Kb free=109119Kb
 bounds [0x000002349bc50000, 0x000002349c700000, 0x00000234a3180000]
CodeHeap 'non-nmethods': size=5760Kb used=1336Kb max_used=1381Kb free=4423Kb
 bounds [0x00000234a3180000, 0x00000234a33f0000, 0x00000234a3720000]
 total_blobs=6101 nmethods=5433 adapters=580
 compilation: enabled
              stopped_count=0, restarted_count=0
 full_count=0

Compilation events (20 events):
Event: 7.645 Thread 0x00000234b24ad940 6133   !   2       jdk.proxy2.$Proxy119::annotationType (29 bytes)
Event: 7.645 Thread 0x00000234b24ad940 nmethod 6133 0x000002349c6e6590 code [0x000002349c6e6740, 0x000002349c6e69b8]
Event: 7.645 Thread 0x00000234b24ad940 6136       2       java.util.concurrent.atomic.AtomicReferenceArray::get (12 bytes)
Event: 7.646 Thread 0x00000234b24ad940 nmethod 6136 0x000002349c6e6b10 code [0x000002349c6e6d00, 0x000002349c6e7108]
Event: 7.646 Thread 0x00000234b24ad940 6137       2       java.lang.invoke.VarHandleGuards::guard_LI_L (89 bytes)
Event: 7.648 Thread 0x00000234b24ad940 nmethod 6137 0x000002349c6e7390 code [0x000002349c6e7640, 0x000002349c6e82c8]
Event: 7.648 Thread 0x00000234b24ad940 6140       2       java.lang.invoke.VarHandleGuards::guard_LI_J (78 bytes)
Event: 7.650 Thread 0x00000234b24ad940 nmethod 6140 0x000002349c6e8a10 code [0x000002349c6e8ca0, 0x000002349c6e97e8]
Event: 7.650 Thread 0x00000234b24ad940 6139       2       java.util.concurrent.atomic.AtomicLongArray::get (12 bytes)
Event: 7.650 Thread 0x00000234b24ad940 nmethod 6139 0x000002349c6e9e90 code [0x000002349c6ea040, 0x000002349c6ea1c8]
Event: 7.651 Thread 0x00000234b24ad940 6141       2       java.lang.invoke.VarHandleLongs$Array::getVolatile (42 bytes)
Event: 7.651 Thread 0x00000234b24ad940 nmethod 6141 0x000002349c6ea310 code [0x000002349c6ea4c0, 0x000002349c6ea6a8]
Event: 7.651 Thread 0x00000234b24ad940 6138       1       org.springframework.util.ConcurrentLruCache$Node::getNext (5 bytes)
Event: 7.652 Thread 0x00000234b24ad940 nmethod 6138 0x00000234a3afd210 code [0x00000234a3afd3a0, 0x00000234a3afd478]
Event: 7.652 Thread 0x00000234b24ad940 6143       2       java.util.stream.AbstractPipeline::onClose (52 bytes)
Event: 7.652 Thread 0x00000234b24ad940 nmethod 6143 0x000002349c6ea810 code [0x000002349c6ea9e0, 0x000002349c6ead68]
Event: 7.652 Thread 0x00000234b24ad940 6144       2       java.util.stream.Stream::concat (73 bytes)
Event: 7.653 Thread 0x00000234b24ad940 nmethod 6144 0x000002349c6eaf10 code [0x000002349c6eb140, 0x000002349c6eb7e8]
Event: 7.653 Thread 0x00000234b24ad940 6145       2       java.util.stream.Streams$ConcatSpliterator$OfRef::<init> (7 bytes)
Event: 7.653 Thread 0x00000234b24ad940 nmethod 6145 0x000002349c6ebb90 code [0x000002349c6ebd20, 0x000002349c6ebe48]

GC Heap History (20 events):
Event: 2.305 GC heap before
{Heap before GC invocations=5 (full 0):
 garbage-first heap   total 55296K, used 17010K [0x0000000082000000, 0x0000000100000000)
  region size 1024K, 7 young (7168K), 6 survivors (6144K)
 Metaspace       used 23424K, committed 23744K, reserved 1114112K
  class space    used 2873K, committed 3008K, reserved 1048576K
}
Event: 2.312 GC heap after
{Heap after GC invocations=6 (full 0):
 garbage-first heap   total 55296K, used 16384K [0x0000000082000000, 0x0000000100000000)
  region size 1024K, 1 young (1024K), 1 survivors (1024K)
 Metaspace       used 23424K, committed 23744K, reserved 1114112K
  class space    used 2873K, committed 3008K, reserved 1048576K
}
Event: 2.813 GC heap before
{Heap before GC invocations=6 (full 0):
 garbage-first heap   total 55296K, used 37888K [0x0000000082000000, 0x0000000100000000)
  region size 1024K, 22 young (22528K), 1 survivors (1024K)
 Metaspace       used 25887K, committed 26176K, reserved 1114112K
  class space    used 3207K, committed 3328K, reserved 1048576K
}
Event: 2.818 GC heap after
{Heap after GC invocations=7 (full 0):
 garbage-first heap   total 55296K, used 17241K [0x0000000082000000, 0x0000000100000000)
  region size 1024K, 2 young (2048K), 2 survivors (2048K)
 Metaspace       used 25887K, committed 26176K, reserved 1114112K
  class space    used 3207K, committed 3328K, reserved 1048576K
}
Event: 3.366 GC heap before
{Heap before GC invocations=7 (full 0):
 garbage-first heap   total 55296K, used 38745K [0x0000000082000000, 0x0000000100000000)
  region size 1024K, 23 young (23552K), 2 survivors (2048K)
 Metaspace       used 29014K, committed 29376K, reserved 1114112K
  class space    used 3667K, committed 3840K, reserved 1048576K
}
Event: 3.372 GC heap after
{Heap after GC invocations=8 (full 0):
 garbage-first heap   total 55296K, used 19304K [0x0000000082000000, 0x0000000100000000)
  region size 1024K, 3 young (3072K), 3 survivors (3072K)
 Metaspace       used 29014K, committed 29376K, reserved 1114112K
  class space    used 3667K, committed 3840K, reserved 1048576K
}
Event: 3.804 GC heap before
{Heap before GC invocations=8 (full 0):
 garbage-first heap   total 55296K, used 38760K [0x0000000082000000, 0x0000000100000000)
  region size 1024K, 22 young (22528K), 3 survivors (3072K)
 Metaspace       used 32791K, committed 33216K, reserved 1114112K
  class space    used 4168K, committed 4352K, reserved 1048576K
}
Event: 3.811 GC heap after
{Heap after GC invocations=9 (full 0):
 garbage-first heap   total 55296K, used 20760K [0x0000000082000000, 0x0000000100000000)
  region size 1024K, 2 young (2048K), 2 survivors (2048K)
 Metaspace       used 32791K, committed 33216K, reserved 1114112K
  class space    used 4168K, committed 4352K, reserved 1048576K
}
Event: 4.239 GC heap before
{Heap before GC invocations=9 (full 0):
 garbage-first heap   total 55296K, used 40216K [0x0000000082000000, 0x0000000100000000)
  region size 1024K, 21 young (21504K), 2 survivors (2048K)
 Metaspace       used 35326K, committed 35776K, reserved 1114112K
  class space    used 4449K, committed 4672K, reserved 1048576K
}
Event: 4.247 GC heap after
{Heap after GC invocations=10 (full 0):
 garbage-first heap   total 103424K, used 22107K [0x0000000082000000, 0x0000000100000000)
  region size 1024K, 3 young (3072K), 3 survivors (3072K)
 Metaspace       used 35326K, committed 35776K, reserved 1114112K
  class space    used 4449K, committed 4672K, reserved 1048576K
}
Event: 4.413 GC heap before
{Heap before GC invocations=10 (full 0):
 garbage-first heap   total 103424K, used 28251K [0x0000000082000000, 0x0000000100000000)
  region size 1024K, 10 young (10240K), 3 survivors (3072K)
 Metaspace       used 35654K, committed 36096K, reserved 1114112K
  class space    used 4512K, committed 4736K, reserved 1048576K
}
Event: 4.420 GC heap after
{Heap after GC invocations=11 (full 0):
 garbage-first heap   total 103424K, used 22431K [0x0000000082000000, 0x0000000100000000)
  region size 1024K, 4 young (4096K), 4 survivors (4096K)
 Metaspace       used 35654K, committed 36096K, reserved 1114112K
  class space    used 4512K, committed 4736K, reserved 1048576K
}
Event: 5.655 GC heap before
{Heap before GC invocations=12 (full 0):
 garbage-first heap   total 81920K, used 67487K [0x0000000082000000, 0x0000000100000000)
  region size 1024K, 48 young (49152K), 4 survivors (4096K)
 Metaspace       used 45356K, committed 45824K, reserved 1114112K
  class space    used 5894K, committed 6080K, reserved 1048576K
}
Event: 5.658 GC heap after
{Heap after GC invocations=13 (full 0):
 garbage-first heap   total 81920K, used 24880K [0x0000000082000000, 0x0000000100000000)
  region size 1024K, 5 young (5120K), 5 survivors (5120K)
 Metaspace       used 45356K, committed 45824K, reserved 1114112K
  class space    used 5894K, committed 6080K, reserved 1048576K
}
Event: 5.678 GC heap before
{Heap before GC invocations=13 (full 0):
 garbage-first heap   total 81920K, used 25904K [0x0000000082000000, 0x0000000100000000)
  region size 1024K, 6 young (6144K), 5 survivors (5120K)
 Metaspace       used 45525K, committed 46016K, reserved 1114112K
  class space    used 5923K, committed 6144K, reserved 1048576K
}
Event: 5.682 GC heap after
{Heap after GC invocations=14 (full 0):
 garbage-first heap   total 81920K, used 25315K [0x0000000082000000, 0x0000000100000000)
  region size 1024K, 1 young (1024K), 1 survivors (1024K)
 Metaspace       used 45525K, committed 46016K, reserved 1114112K
  class space    used 5923K, committed 6144K, reserved 1048576K
}
Event: 6.523 GC heap before
{Heap before GC invocations=14 (full 0):
 garbage-first heap   total 81920K, used 63203K [0x0000000082000000, 0x0000000100000000)
  region size 1024K, 39 young (39936K), 1 survivors (1024K)
 Metaspace       used 55546K, committed 56064K, reserved 1114112K
  class space    used 7416K, committed 7680K, reserved 1048576K
}
Event: 6.525 GC heap after
{Heap after GC invocations=15 (full 0):
 garbage-first heap   total 81920K, used 26825K [0x0000000082000000, 0x0000000100000000)
  region size 1024K, 3 young (3072K), 3 survivors (3072K)
 Metaspace       used 55546K, committed 56064K, reserved 1114112K
  class space    used 7416K, committed 7680K, reserved 1048576K
}
Event: 6.926 GC heap before
{Heap before GC invocations=15 (full 0):
 garbage-first heap   total 81920K, used 48329K [0x0000000082000000, 0x0000000100000000)
  region size 1024K, 25 young (25600K), 3 survivors (3072K)
 Metaspace       used 59888K, committed 60416K, reserved 1114112K
  class space    used 8096K, committed 8384K, reserved 1048576K
}
Event: 6.929 GC heap after
{Heap after GC invocations=16 (full 0):
 garbage-first heap   total 81920K, used 27612K [0x0000000082000000, 0x0000000100000000)
  region size 1024K, 3 young (3072K), 3 survivors (3072K)
 Metaspace       used 59888K, committed 60416K, reserved 1114112K
  class space    used 8096K, committed 8384K, reserved 1048576K
}

Deoptimization events (20 events):
Event: 7.615 Thread 0x00000234943d12b0 Uncommon trap: trap_request=0xffffffde fr.pc=0x00000234a38487cc relative=0x00000000000009ec
Event: 7.615 Thread 0x00000234943d12b0 Uncommon trap: reason=class_check action=maybe_recompile pc=0x00000234a38487cc method=org.springframework.util.ConcurrentReferenceHashMap$Segment.findInChain(Lorg/springframework/util/ConcurrentReferenceHashMap$Reference;Ljava/lang/Object;I)Lorg/springfra
Event: 7.615 Thread 0x00000234943d12b0 DEOPT PACKING pc=0x00000234a38487cc sp=0x00000052be5fcac0
Event: 7.615 Thread 0x00000234943d12b0 DEOPT UNPACKING pc=0x00000234a31d23a3 sp=0x00000052be5fc9e8 mode 2
Event: 7.615 Thread 0x00000234943d12b0 Uncommon trap: trap_request=0xffffffde fr.pc=0x00000234a38734ec relative=0x000000000000022c
Event: 7.615 Thread 0x00000234943d12b0 Uncommon trap: reason=class_check action=maybe_recompile pc=0x00000234a38734ec method=org.springframework.util.ConcurrentReferenceHashMap.get(Ljava/lang/Object;)Ljava/lang/Object; @ 14 c2
Event: 7.615 Thread 0x00000234943d12b0 DEOPT PACKING pc=0x00000234a38734ec sp=0x00000052be5fcb40
Event: 7.615 Thread 0x00000234943d12b0 DEOPT UNPACKING pc=0x00000234a31d23a3 sp=0x00000052be5fcb00 mode 2
Event: 7.616 Thread 0x00000234943d12b0 Uncommon trap: trap_request=0xffffffde fr.pc=0x00000234a38487cc relative=0x00000000000009ec
Event: 7.616 Thread 0x00000234943d12b0 Uncommon trap: reason=class_check action=maybe_recompile pc=0x00000234a38487cc method=org.springframework.util.ConcurrentReferenceHashMap$Segment.findInChain(Lorg/springframework/util/ConcurrentReferenceHashMap$Reference;Ljava/lang/Object;I)Lorg/springfra
Event: 7.616 Thread 0x00000234943d12b0 DEOPT PACKING pc=0x00000234a38487cc sp=0x00000052be5fcac0
Event: 7.616 Thread 0x00000234943d12b0 DEOPT UNPACKING pc=0x00000234a31d23a3 sp=0x00000052be5fc9e8 mode 2
Event: 7.616 Thread 0x00000234943d12b0 Uncommon trap: trap_request=0xffffffde fr.pc=0x00000234a38734ec relative=0x000000000000022c
Event: 7.616 Thread 0x00000234943d12b0 Uncommon trap: reason=class_check action=maybe_recompile pc=0x00000234a38734ec method=org.springframework.util.ConcurrentReferenceHashMap.get(Ljava/lang/Object;)Ljava/lang/Object; @ 14 c2
Event: 7.616 Thread 0x00000234943d12b0 DEOPT PACKING pc=0x00000234a38734ec sp=0x00000052be5fcb40
Event: 7.616 Thread 0x00000234943d12b0 DEOPT UNPACKING pc=0x00000234a31d23a3 sp=0x00000052be5fcb00 mode 2
Event: 7.616 Thread 0x00000234943d12b0 Uncommon trap: trap_request=0xffffffde fr.pc=0x00000234a38734ec relative=0x000000000000022c
Event: 7.616 Thread 0x00000234943d12b0 Uncommon trap: reason=class_check action=maybe_recompile pc=0x00000234a38734ec method=org.springframework.util.ConcurrentReferenceHashMap.get(Ljava/lang/Object;)Ljava/lang/Object; @ 14 c2
Event: 7.616 Thread 0x00000234943d12b0 DEOPT PACKING pc=0x00000234a38734ec sp=0x00000052be5fcb40
Event: 7.616 Thread 0x00000234943d12b0 DEOPT UNPACKING pc=0x00000234a31d23a3 sp=0x00000052be5fcb00 mode 2

Classes unloaded (0 events):
No events

Classes redefined (0 events):
No events

Internal exceptions (20 events):
Event: 6.810 Thread 0x00000234943d12b0 Exception <a 'java/lang/NoSuchMethodError'{0x0000000086008508}: 'int java.lang.invoke.DirectMethodHandle$Holder.invokeStatic(java.lang.Object, java.lang.Object, java.lang.Object, java.lang.Object, java.lang.Object)'> (0x0000000086008508) 
thrown [s\open\src\hotspot\share\interpreter\linkResolver.cpp, line 759]
Event: 6.827 Thread 0x00000234943d12b0 Exception <a 'java/lang/NoSuchMethodError'{0x00000000860ed9e8}: 'void java.lang.invoke.DirectMethodHandle$Holder.invokeInterface(java.lang.Object, java.lang.Object, int, java.lang.Object)'> (0x00000000860ed9e8) 
thrown [s\open\src\hotspot\share\interpreter\linkResolver.cpp, line 759]
Event: 6.830 Thread 0x00000234943d12b0 Exception <a 'java/lang/NoSuchMethodError'{0x0000000085f14990}: 'java.lang.Object java.lang.invoke.DirectMethodHandle$Holder.newInvokeSpecial(java.lang.Object, java.lang.Object, int, java.lang.Object)'> (0x0000000085f14990) 
thrown [s\open\src\hotspot\share\interpreter\linkResolver.cpp, line 759]
Event: 6.830 Thread 0x00000234943d12b0 Exception <a 'java/lang/NoSuchMethodError'{0x0000000085f18558}: 'java.lang.Object java.lang.invoke.Invokers$Holder.linkToTargetMethod(java.lang.Object, int, java.lang.Object, java.lang.Object)'> (0x0000000085f18558) 
thrown [s\open\src\hotspot\share\interpreter\linkResolver.cpp, line 759]
Event: 6.842 Thread 0x00000234943d12b0 Exception <a 'java/lang/NoSuchMethodError'{0x0000000085fbd410}: 'java.lang.Object java.lang.invoke.DirectMethodHandle$Holder.newInvokeSpecial(java.lang.Object, java.lang.Object, int)'> (0x0000000085fbd410) 
thrown [s\open\src\hotspot\share\interpreter\linkResolver.cpp, line 759]
Event: 6.843 Thread 0x00000234943d12b0 Exception <a 'java/lang/IncompatibleClassChangeError'{0x0000000085fc10d8}: Found class java.lang.Object, but interface was expected> (0x0000000085fc10d8) 
thrown [s\open\src\hotspot\share\interpreter\linkResolver.cpp, line 826]
Event: 6.865 Thread 0x00000234943d12b0 Exception <a 'java/lang/NoSuchMethodError'{0x0000000085d19188}: 'int java.lang.invoke.DirectMethodHandle$Holder.invokeStatic(java.lang.Object, int, java.lang.Object)'> (0x0000000085d19188) 
thrown [s\open\src\hotspot\share\interpreter\linkResolver.cpp, line 759]
Event: 6.866 Thread 0x00000234943d12b0 Exception <a 'java/lang/NoSuchMethodError'{0x0000000085d39f50}: 'java.lang.Object java.lang.invoke.DirectMethodHandle$Holder.newInvokeSpecial(java.lang.Object, java.lang.Object, java.lang.Object, java.lang.Object, java.lang.Object, int, java.lang.Object)'> (0x0000000085d39f50) 
thrown [s\open\src\hotspot\share\interpreter\linkResolver.cpp, line 759]
Event: 6.870 Thread 0x00000234943d12b0 Exception <a 'java/lang/NoSuchMethodError'{0x0000000085d75b60}: 'java.lang.Object java.lang.invoke.DirectMethodHandle$Holder.newInvokeSpecial(java.lang.Object, java.lang.Object, java.lang.Object, java.lang.Object, java.lang.Object, java.lang.Object, java.lang.Object, java.lang.Object, java.lang.Object, java.lang.Object, java.lang.Object, java.lang.Object)'> (0x0000000085d75b60) 
thrown [s\open\src\hotspot\share\interpreter\linkResolver.cpp, line 759]
Event: 6.871 Thread 0x00000234943d12b0 Exception <a 'java/lang/NoSuchMethodError'{0x0000000085d7a5f8}: 'java.lang.Object java.lang.invoke.DirectMethodHandle$Holder.invokeSpecial(java.lang.Object, java.lang.Object, java.lang.Object, java.lang.Object, java.lang.Object, java.lang.Object, java.lang.Object, java.lang.Object, java.lang.Object, java.lang.Object, java.lang.Object, java.lang.Object, java.lang.Object)'> (0x0000000085d7a5f8) 
thrown [s\open\src\hotspot\share\interpreter\linkResolver.cpp, line 759]
Event: 6.871 Thread 0x00000234943d12b0 Exception <a 'java/lang/NoSuchMethodError'{0x0000000085d7ed10}: 'java.lang.Object java.lang.invoke.Invokers$Holder.linkToTargetMethod(java.lang.Object, java.lang.Object, java.lang.Object, java.lang.Object, java.lang.Object, java.lang.Object, java.lang.Object, java.lang.Object, java.lang.Object, java.lang.Object, java.lang.Object, java.lang.Object)'> (0x0000000085d7ed10) 
thrown [s\open\src\hotspot\share\interpreter\linkResolver.cpp, line 759]
Event: 6.911 Thread 0x00000234943d12b0 Exception <a 'java/lang/NoSuchMethodError'{0x0000000085bc8948}: 'java.lang.Object java.lang.invoke.DirectMethodHandle$Holder.newInvokeSpecial(java.lang.Object, java.lang.Object, java.lang.Object, java.lang.Object, java.lang.Object, java.lang.Object, java.lang.Object, int)'> (0x0000000085bc8948) 
thrown [s\open\src\hotspot\share\interpreter\linkResolver.cpp, line 759]
Event: 6.911 Thread 0x00000234943d12b0 Exception <a 'java/lang/NoSuchMethodError'{0x0000000085bcd940}: 'java.lang.Object java.lang.invoke.DirectMethodHandle$Holder.invokeSpecial(java.lang.Object, java.lang.Object, java.lang.Object, java.lang.Object, java.lang.Object, java.lang.Object, java.lang.Object, java.lang.Object, int)'> (0x0000000085bcd940) 
thrown [s\open\src\hotspot\share\interpreter\linkResolver.cpp, line 759]
Event: 6.911 Thread 0x00000234943d12b0 Exception <a 'java/lang/NoSuchMethodError'{0x0000000085bd2408}: 'java.lang.Object java.lang.invoke.Invokers$Holder.linkToTargetMethod(java.lang.Object, java.lang.Object, java.lang.Object, java.lang.Object, java.lang.Object, java.lang.Object, int, java.lang.Object)'> (0x0000000085bd2408) 
thrown [s\open\src\hotspot\share\interpreter\linkResolver.cpp, line 759]
Event: 6.924 Thread 0x00000234943d12b0 Exception <a 'java/lang/NoSuchMethodError'{0x0000000085ac1130}: 'java.lang.Object java.lang.invoke.DirectMethodHandle$Holder.newInvokeSpecial(java.lang.Object, java.lang.Object, int, java.lang.Object, int, java.lang.Object, java.lang.Object)'> (0x0000000085ac1130) 
thrown [s\open\src\hotspot\share\interpreter\linkResolver.cpp, line 759]
Event: 6.933 Thread 0x00000234943d12b0 Exception <a 'java/lang/NoSuchMethodError'{0x0000000089d16ff0}: 'void java.lang.invoke.DirectMethodHandle$Holder.invokeInterface(java.lang.Object, java.lang.Object)'> (0x0000000089d16ff0) 
thrown [s\open\src\hotspot\share\interpreter\linkResolver.cpp, line 759]
Event: 7.448 Thread 0x00000234943d12b0 Exception <a 'java/lang/IncompatibleClassChangeError'{0x00000000864a23f8}: Found class java.lang.Object, but interface was expected> (0x00000000864a23f8) 
thrown [s\open\src\hotspot\share\interpreter\linkResolver.cpp, line 826]
Event: 7.469 Thread 0x00000234943d12b0 Implicit null exception at 0x00000234a39d4b72 to 0x00000234a39d9080
Event: 7.476 Thread 0x00000234943d12b0 Exception <a 'java/lang/IncompatibleClassChangeError'{0x00000000861420b0}: Found class java.lang.Object, but interface was expected> (0x00000000861420b0) 
thrown [s\open\src\hotspot\share\interpreter\linkResolver.cpp, line 826]
Event: 7.507 Thread 0x00000234943d12b0 Exception <a 'java/lang/IncompatibleClassChangeError'{0x0000000085f6ec00}: Found class java.lang.Object, but interface was expected> (0x0000000085f6ec00) 
thrown [s\open\src\hotspot\share\interpreter\linkResolver.cpp, line 826]

VM Operations (20 events):
Event: 5.678 Executing VM operation: G1CollectForAllocation
Event: 5.682 Executing VM operation: G1CollectForAllocation done
Event: 5.862 Executing VM operation: HandshakeAllThreads
Event: 5.862 Executing VM operation: HandshakeAllThreads done
Event: 6.454 Executing VM operation: ICBufferFull
Event: 6.454 Executing VM operation: ICBufferFull done
Event: 6.523 Executing VM operation: G1CollectForAllocation
Event: 6.525 Executing VM operation: G1CollectForAllocation done
Event: 6.714 Executing VM operation: ICBufferFull
Event: 6.714 Executing VM operation: ICBufferFull done
Event: 6.926 Executing VM operation: CollectForMetadataAllocation
Event: 6.929 Executing VM operation: CollectForMetadataAllocation done
Event: 6.949 Executing VM operation: G1Concurrent
Event: 6.952 Executing VM operation: G1Concurrent done
Event: 6.959 Executing VM operation: G1Concurrent
Event: 6.960 Executing VM operation: G1Concurrent done
Event: 7.606 Executing VM operation: ICBufferFull
Event: 7.607 Executing VM operation: ICBufferFull done
Event: 7.611 Executing VM operation: HandshakeAllThreads
Event: 7.611 Executing VM operation: HandshakeAllThreads done

Events (20 events):
Event: 7.353 loading class javax/naming/Reference
Event: 7.354 loading class javax/naming/Reference done
Event: 7.365 Thread 0x00000234fbbc1000 Thread added: 0x00000234fbbc1000
Event: 7.391 loading class java/lang/SafeVarargs
Event: 7.391 loading class java/lang/SafeVarargs done
Event: 7.392 loading class sun/reflect/generics/reflectiveObjects/GenericArrayTypeImpl
Event: 7.392 loading class sun/reflect/generics/reflectiveObjects/GenericArrayTypeImpl done
Event: 7.393 Thread 0x00000234fbbc1550 Thread added: 0x00000234fbbc1550
Event: 7.447 loading class java/util/concurrent/ConcurrentHashMap$TreeNode
Event: 7.447 loading class java/util/concurrent/ConcurrentHashMap$TreeNode done
Event: 7.447 loading class java/util/concurrent/ConcurrentHashMap$TreeBin
Event: 7.448 loading class java/util/concurrent/ConcurrentHashMap$TreeBin done
Event: 7.620 loading class java/util/WeakHashMap$KeyIterator
Event: 7.621 loading class java/util/WeakHashMap$HashIterator
Event: 7.621 loading class java/util/WeakHashMap$HashIterator done
Event: 7.621 loading class java/util/WeakHashMap$KeyIterator done
Event: 7.621 loading class java/util/WeakHashMap$EntrySet
Event: 7.621 loading class java/util/WeakHashMap$EntrySet done
Event: 7.621 loading class java/util/WeakHashMap$EntryIterator
Event: 7.621 loading class java/util/WeakHashMap$EntryIterator done


Dynamic libraries:
0x00007ff6af0d0000 - 0x00007ff6af0e0000 	C:\Program Files\Java\jdk-17\bin\java.exe
0x00007ffa7d1f0000 - 0x00007ffa7d407000 	C:\WINDOWS\SYSTEM32\ntdll.dll
0x00007ffa7cc10000 - 0x00007ffa7ccd4000 	C:\WINDOWS\System32\KERNEL32.DLL
0x00007ffa7a820000 - 0x00007ffa7abcc000 	C:\WINDOWS\System32\KERNELBASE.dll
0x00000000778b0000 - 0x0000000077be2000 	C:\Program Files\Norton Security\NortonData\22.21.8.62\Definitions\IPSDefs\20231229.064\IPSEng64.dll
0x00007ffa7cb50000 - 0x00007ffa7cc02000 	C:\WINDOWS\System32\ADVAPI32.dll
0x00007ffa7cd50000 - 0x00007ffa7cdf7000 	C:\WINDOWS\System32\msvcrt.dll
0x00007ffa7af80000 - 0x00007ffa7b028000 	C:\WINDOWS\System32\sechost.dll
0x00007ffa7acf0000 - 0x00007ffa7ad18000 	C:\WINDOWS\System32\bcrypt.dll
0x00007ffa7c020000 - 0x00007ffa7c135000 	C:\WINDOWS\System32\RPCRT4.dll
0x00007ffa7b8c0000 - 0x00007ffa7b8c8000 	C:\WINDOWS\System32\PSAPI.DLL
0x00007ffa7a5c0000 - 0x00007ffa7a6d1000 	C:\WINDOWS\System32\ucrtbase.dll
0x00007ffa5b9f0000 - 0x00007ffa5ba09000 	C:\Program Files\Java\jdk-17\bin\jli.dll
0x00007ffa56740000 - 0x00007ffa5675b000 	C:\Program Files\Java\jdk-17\bin\VCRUNTIME140.dll
0x00007ffa7b030000 - 0x00007ffa7b1de000 	C:\WINDOWS\System32\USER32.dll
0x00007ffa7a590000 - 0x00007ffa7a5b6000 	C:\WINDOWS\System32\win32u.dll
0x00007ffa605d0000 - 0x00007ffa60863000 	C:\WINDOWS\WinSxS\amd64_microsoft.windows.common-controls_6595b64144ccf1df_6.0.22621.3672_none_2713b9d173822955\COMCTL32.dll
0x00007ffa7b8d0000 - 0x00007ffa7b8f9000 	C:\WINDOWS\System32\GDI32.dll
0x00007ffa7abd0000 - 0x00007ffa7ace9000 	C:\WINDOWS\System32\gdi32full.dll
0x00007ffa7ad20000 - 0x00007ffa7adba000 	C:\WINDOWS\System32\msvcp_win.dll
0x00007ffa75ad0000 - 0x00007ffa75ada000 	C:\WINDOWS\SYSTEM32\VERSION.dll
0x00007ffa7af30000 - 0x00007ffa7af61000 	C:\WINDOWS\System32\IMM32.DLL
0x00007ffa5f420000 - 0x00007ffa5f42c000 	C:\Program Files\Java\jdk-17\bin\vcruntime140_1.dll
0x00007ffa55f70000 - 0x00007ffa55ffe000 	C:\Program Files\Java\jdk-17\bin\msvcp140.dll
0x00007ffa55390000 - 0x00007ffa55f6f000 	C:\Program Files\Java\jdk-17\bin\server\jvm.dll
0x00007ffa743e0000 - 0x00007ffa74414000 	C:\WINDOWS\SYSTEM32\WINMM.dll
0x00007ffa67db0000 - 0x00007ffa67db9000 	C:\WINDOWS\SYSTEM32\WSOCK32.dll
0x00007ffa7b900000 - 0x00007ffa7b971000 	C:\WINDOWS\System32\WS2_32.dll
0x00007ffa79600000 - 0x00007ffa79618000 	C:\WINDOWS\SYSTEM32\kernel.appcore.dll
0x00007ffa54e20000 - 0x00007ffa54e2a000 	C:\Program Files\Java\jdk-17\bin\jimage.dll
0x00007ffa778f0000 - 0x00007ffa77b22000 	C:\WINDOWS\SYSTEM32\DBGHELP.DLL
0x00007ffa7b2f0000 - 0x00007ffa7b678000 	C:\WINDOWS\System32\combase.dll
0x00007ffa7b680000 - 0x00007ffa7b757000 	C:\WINDOWS\System32\OLEAUT32.dll
0x00007ffa72b40000 - 0x00007ffa72b72000 	C:\WINDOWS\SYSTEM32\dbgcore.DLL
0x00007ffa7a6e0000 - 0x00007ffa7a75b000 	C:\WINDOWS\System32\bcryptPrimitives.dll
0x00007ffa54cf0000 - 0x00007ffa54d15000 	C:\Program Files\Java\jdk-17\bin\java.dll
0x00007ffa54b60000 - 0x00007ffa54c37000 	C:\Program Files\Java\jdk-17\bin\jsvml.dll
0x00007ffa7c2f0000 - 0x00007ffa7cb4c000 	C:\WINDOWS\System32\SHELL32.dll
0x00007ffa78430000 - 0x00007ffa78d27000 	C:\WINDOWS\SYSTEM32\windows.storage.dll
0x00007ffa782f0000 - 0x00007ffa7842f000 	C:\WINDOWS\SYSTEM32\wintypes.dll
0x00007ffa7b980000 - 0x00007ffa7ba74000 	C:\WINDOWS\System32\SHCORE.dll
0x00007ffa7ce20000 - 0x00007ffa7ce7e000 	C:\WINDOWS\System32\shlwapi.dll
0x00007ffa7a450000 - 0x00007ffa7a471000 	C:\WINDOWS\SYSTEM32\profapi.dll
0x00007ffa51c60000 - 0x00007ffa51c79000 	C:\Program Files\Java\jdk-17\bin\net.dll
0x00007ffa769c0000 - 0x00007ffa76af6000 	C:\WINDOWS\SYSTEM32\WINHTTP.dll
0x00007ffa79a60000 - 0x00007ffa79ac9000 	C:\WINDOWS\system32\mswsock.dll
0x00007ffa51c40000 - 0x00007ffa51c56000 	C:\Program Files\Java\jdk-17\bin\nio.dll
0x00007ffa51c20000 - 0x00007ffa51c38000 	C:\Program Files\Java\jdk-17\bin\zip.dll
0x00007ffa70040000 - 0x00007ffa7004a000 	C:\Program Files\Java\jdk-17\bin\management.dll
0x00007ffa70030000 - 0x00007ffa7003b000 	C:\Program Files\Java\jdk-17\bin\management_ext.dll
0x00007ffa64040000 - 0x00007ffa64057000 	C:\WINDOWS\system32\napinsp.dll
0x00007ffa63200000 - 0x00007ffa6321b000 	C:\WINDOWS\system32\pnrpnsp.dll
0x00007ffa79070000 - 0x00007ffa79168000 	C:\WINDOWS\SYSTEM32\DNSAPI.dll
0x00007ffa79000000 - 0x00007ffa7902d000 	C:\WINDOWS\SYSTEM32\IPHLPAPI.DLL
0x00007ffa7c010000 - 0x00007ffa7c019000 	C:\WINDOWS\System32\NSI.dll
0x00007ffa631e0000 - 0x00007ffa631f1000 	C:\WINDOWS\System32\winrnr.dll
0x00007ffa63000000 - 0x00007ffa63015000 	C:\WINDOWS\system32\wshbth.dll
0x00007ffa62f20000 - 0x00007ffa62f47000 	C:\WINDOWS\system32\nlansp_c.dll
0x00007ffa6f8c0000 - 0x00007ffa6f8ca000 	C:\Windows\System32\rasadhlp.dll
0x00007ffa75b80000 - 0x00007ffa75c03000 	C:\WINDOWS\System32\fwpuclnt.dll
0x00007ffa79ca0000 - 0x00007ffa79cbb000 	C:\WINDOWS\SYSTEM32\CRYPTSP.dll
0x00007ffa79560000 - 0x00007ffa79595000 	C:\WINDOWS\system32\rsaenh.dll
0x00007ffa79b10000 - 0x00007ffa79b38000 	C:\WINDOWS\SYSTEM32\USERENV.dll
0x00007ffa79c90000 - 0x00007ffa79c9c000 	C:\WINDOWS\SYSTEM32\CRYPTBASE.dll
0x00007ffa766a0000 - 0x00007ffa766b9000 	C:\WINDOWS\SYSTEM32\dhcpcsvc6.DLL
0x00007ffa76680000 - 0x00007ffa7669f000 	C:\WINDOWS\SYSTEM32\dhcpcsvc.DLL
0x00007ffa72790000 - 0x00007ffa7279e000 	C:\Program Files\Java\jdk-17\bin\sunmscapi.dll
0x00007ffa7adc0000 - 0x00007ffa7af27000 	C:\WINDOWS\System32\CRYPT32.dll
0x00007ffa79eb0000 - 0x00007ffa79ede000 	C:\WINDOWS\SYSTEM32\ncrypt.dll
0x00007ffa79e70000 - 0x00007ffa79ea7000 	C:\WINDOWS\SYSTEM32\NTASN1.dll
0x00007ffa727a0000 - 0x00007ffa727b0000 	C:\Program Files\Java\jdk-17\bin\verify.dll

dbghelp: loaded successfully - version: 4.0.5 - missing functions: none
symbol engine: initialized successfully - sym options: 0x614 - pdb path: .;C:\Program Files\Java\jdk-17\bin;C:\WINDOWS\SYSTEM32;C:\Program Files\Norton Security\NortonData\22.21.8.62\Definitions\IPSDefs\20231229.064;C:\WINDOWS\WinSxS\amd64_microsoft.windows.common-controls_6595b64144ccf1df_6.0.22621.3672_none_2713b9d173822955;C:\Program Files\Java\jdk-17\bin\server

VM Arguments:
jvm_args: -XX:+ShowCodeDetailsInExceptionMessages -Dspring.jmx.enabled=true -Dmanagement.endpoints.jmx.exposure.include=* -Dspring.application.admin.enabled=true -Dspring.boot.project.name=foodwastereductionplatform -Djava.rmi.server.hostname=localhost -Dcom.sun.management.jmxremote.port=45558 -Dcom.sun.management.jmxremote.authenticate=false -Dcom.sun.management.jmxremote.ssl=false 
java_command: com.webapp.foodwastereductionplatform.FoodwastereductionplatformApplication
java_class_path (initial): D:\My Project home\foodwastereductionplatform\Backend\target\classes;C:\Users\sanke\.m2\repository\org\springframework\boot\spring-boot-starter-actuator\3.2.5\spring-boot-starter-actuator-3.2.5.jar;C:\Users\sanke\.m2\repository\org\springframework\boot\spring-boot-starter\3.2.5\spring-boot-starter-3.2.5.jar;C:\Users\sanke\.m2\repository\org\springframework\boot\spring-boot\3.2.5\spring-boot-3.2.5.jar;C:\Users\sanke\.m2\repository\org\springframework\boot\spring-boot-autoconfigure\3.2.5\spring-boot-autoconfigure-3.2.5.jar;C:\Users\sanke\.m2\repository\org\springframework\boot\spring-boot-starter-logging\3.2.5\spring-boot-starter-logging-3.2.5.jar;C:\Users\sanke\.m2\repository\ch\qos\logback\logback-classic\1.4.14\logback-classic-1.4.14.jar;C:\Users\sanke\.m2\repository\ch\qos\logback\logback-core\1.4.14\logback-core-1.4.14.jar;C:\Users\sanke\.m2\repository\org\apache\logging\log4j\log4j-to-slf4j\2.21.1\log4j-to-slf4j-2.21.1.jar;C:\Users\sanke\.m2\repository\org\apache\logging\log4j\log4j-api\2.21.1\log4j-api-2.21.1.jar;C:\Users\sanke\.m2\repository\org\slf4j\jul-to-slf4j\2.0.13\jul-to-slf4j-2.0.13.jar;C:\Users\sanke\.m2\repository\jakarta\annotation\jakarta.annotation-api\2.1.1\jakarta.annotation-api-2.1.1.jar;C:\Users\sanke\.m2\repository\org\yaml\snakeyaml\2.2\snakeyaml-2.2.jar;C:\Users\sanke\.m2\repository\org\springframework\boot\spring-boot-actuator-autoconfigure\3.2.5\spring-boot-actuator-autoconfigure-3.2.5.jar;C:\Users\sanke\.m2\repository\org\springframework\boot\spring-boot-actuator\3.2.5\spring-boot-actuator-3.2.5.jar;C:\Users\sanke\.m2\repository\com\fasterxml\jackson\datatype\jackson-datatype-jsr310\2.15.4\jackson-datatype-jsr310-2.15.4.jar;C:\Users\sanke\.m2\repository\io\micrometer\micrometer-observation\1.12.5\micrometer-observation-1.12.5.jar;C:\Users\sanke\.m2\repository\io\micrometer\micrometer-commons\1.12.5\micrometer-commons-1.12.5.jar;C:\Users\sanke\.m2\repository\io\micrometer\micrometer-jakarta9\1.12.5\micrometer-
Launcher Type: SUN_STANDARD

[Global flags]
     intx CICompilerCount                          = 4                                         {product} {ergonomic}
     uint ConcGCThreads                            = 2                                         {product} {ergonomic}
     uint G1ConcRefinementThreads                  = 8                                         {product} {ergonomic}
   size_t G1HeapRegionSize                         = 1048576                                   {product} {ergonomic}
    uintx GCDrainStackTargetSize                   = 64                                        {product} {ergonomic}
   size_t InitialHeapSize                          = 132120576                                 {product} {ergonomic}
     bool ManagementServer                         = true                                      {product} {command line}
   size_t MarkStackSize                            = 4194304                                   {product} {ergonomic}
   size_t MaxHeapSize                              = 2113929216                                {product} {ergonomic}
   size_t MaxNewSize                               = 1267728384                                {product} {ergonomic}
   size_t MinHeapDeltaBytes                        = 1048576                                   {product} {ergonomic}
   size_t MinHeapSize                              = 8388608                                   {product} {ergonomic}
    uintx NonNMethodCodeHeapSize                   = 5839372                                {pd product} {ergonomic}
    uintx NonProfiledCodeHeapSize                  = 122909434                              {pd product} {ergonomic}
    uintx ProfiledCodeHeapSize                     = 122909434                              {pd product} {ergonomic}
    uintx ReservedCodeCacheSize                    = 251658240                              {pd product} {ergonomic}
     bool SegmentedCodeCache                       = true                                      {product} {ergonomic}
     bool ShowCodeDetailsInExceptionMessages       = true                                   {manageable} {command line}
   size_t SoftMaxHeapSize                          = 2113929216                             {manageable} {ergonomic}
     bool UseCompressedClassPointers               = true                           {product lp64_product} {ergonomic}
     bool UseCompressedOops                        = true                           {product lp64_product} {ergonomic}
     bool UseG1GC                                  = true                                      {product} {ergonomic}
     bool UseLargePagesIndividualAllocation        = false                                  {pd product} {ergonomic}

Logging:
Log output configuration:
 #0: stdout all=warning uptime,level,tags
 #1: stderr all=off uptime,level,tags

Environment Variables:
PATH=C:\Program Files\Common Files\Oracle\Java\javapath;C:\Windows\system32;C:\Windows;C:\Windows\System32\Wbem;C:\Windows\System32\WindowsPowerShell\v1.0\;C:\Windows\System32\OpenSSH\;C:\Program Files (x86)\NVIDIA Corporation\PhysX\Common;C:\Program Files\NVIDIA Corporation\NVIDIA NvDLISR;C:\WINDOWS\system32;C:\WINDOWS;C:\WINDOWS\System32\Wbem;C:\WINDOWS\System32\WindowsPowerShell\v1.0\;C:\WINDOWS\System32\OpenSSH\;D:\New applications\Matlab\runtime\win64;D:\New applications\Matlab\bin;C:\Program Files\dotnet\;C:\Program Files\nodejs\;C:\Program Files\Git\cmd;C:\Program Files\Docker\Docker\resources\bin;C:\Program Files\MySQL\MySQL Shell 8.0\bin\;C:\Users\sanke\AppData\Local\Microsoft\WindowsApps;C:\Program Files (x86)\Brackets\;C:\Users\sanke\AppData\Local\Programs\Microsoft VS Code\bin;C:\ProgramData\sanke\atom\bin;C:\Users\sanke\AppData\Local\Programs\Hyper\resources\bin;C:\Program Files\heroku\bin;C:\Users\sanke\AppData\Local\Microsoft\WindowsApps;D:\mongosh-1.6.0-win32-x64\mongosh-1.6.0-win32-x64;C:\Users\sanke\AppData\Roaming\npm;D:\New applications\IntelliJ IDEA 2023.1.3\bin;;C:\dev\apache-maven-3.9.6\bin;
USERNAME=sanke
LANG=en_US.UTF-8
OS=Windows_NT
PROCESSOR_IDENTIFIER=Intel64 Family 6 Model 165 Stepping 2, GenuineIntel



---------------  S Y S T E M  ---------------

OS:
 Windows 11 , 64 bit Build 22621 (10.0.22621.3672)
OS uptime: 8 days 8:39 hours
Hyper-V role detected

CPU: total 8 (initial active 8) (4 cores per cpu, 2 threads per core) family 6 model 165 stepping 2 microcode 0xea, cx8, cmov, fxsr, ht, mmx, 3dnowpref, sse, sse2, sse3, ssse3, sse4.1, sse4.2, popcnt, lzcnt, tsc, tscinvbit, avx, avx2, aes, erms, clmul, bmi1, bmi2, adx, fma, vzeroupper, clflush, clflushopt, hv

Memory: 4k page, system-wide physical 8059M (1288M free)
TotalPageFile size 32635M (AvailPageFile size 5M)
current process WorkingSet (physical memory assigned to process): 294M, peak: 296M
current process commit charge ("private bytes"): 336M, peak: 338M

vm_info: Java HotSpot(TM) 64-Bit Server VM (17.0.10+11-LTS-240) for windows-amd64 JRE (17.0.10+11-LTS-240), built on Dec 19 2023 21:47:25 by "mach5one" with MS VC++ 17.1 (VS2022)

END.
